 5696.65 465.991 3589.72
 5193.2 2565.95 4488.83
 5760.28 2636.64 4660.2
 6264.19 2628.53 4822.1
 6652.02 2621.08 4974.95
 6943.53 2631.64 5111.52
 7168.39 2656.19 5230.83
 7349.2 2687.88 5334.92
 7500.21 2722.11 5426.35
 7630.05 2756.41 5507.41
 7744.05 2789.63 5579.89
 7845.55 2821.41 5645.18
 7936.84 2851.71 5704.37
 8019.6 2880.56 5758.32
 8095.07 2908.1 5807.73
 8164.26 2934.4 5853.19
 8227.98 2959.58 5895.16
 8286.85 2983.77 5934.05
 8341.46 3007.01 5970.2
 8392.28 3029.39 6003.89
 8439.69 3050.97 6035.39
 8484.04 3071.83 6064.89
 8525.63 3091.99 6092.61
 8564.73 3111.5 6118.69
 8601.56 3130.39 6143.3
 8636.33 3148.72 6166.54
 8669.2 3166.5 6188.54
 8700.34 3183.78 6209.4
 8738.37 3203.43 6236.5
 8766.17 3219.49 6254.96
 8792.62 3235.16 6272.55
 8817.81 3250.44 6289.33
 8841.85 3265.37 6305.35
 8864.81 3279.95 6320.68
 8886.77 3294.18 6335.36
 8907.79 3308.09 6349.43
 8927.95 3321.69 6362.93
 8947.3 3334.98 6375.89
 8965.89 3347.98 6388.35
 8983.76 3360.7 6400.34
 9000.97 3373.15 6411.88
 9017.54 3385.33 6423.01
 9033.52 3397.26 6433.74
 9048.95 3408.95 6444.1
 9063.84 3420.4 6454.1
 9078.24 3431.62 6463.78
 9092.16 3442.62 6473.13
 9105.64 3453.41 6482.19
 9118.69 3463.99 6490.96
 9131.34 3474.37 6499.45
 9143.61 3484.55 6507.7
 9155.51 3494.55 6515.69
 9167.07 3504.37 6523.45
 9178.3 3514 6530.99
 9189.22 3523.47 6538.32
 9199.83 3532.77 6545.44
 9210.16 3541.9 6552.37
 9222.71 3550.89 6561.03
 9234.84 3559.73 6569.4
 9244.25 3568.44 6575.69
 9253.43 3577 6581.82
 9262.39 3585.43 6587.8
 9271.13 3593.71 6593.63
 9279.66 3601.86 6599.32
 9287.99 3609.89 6604.87
 9296.13 3617.78 6610.3
 9304.08 3625.55 6615.6
 9311.86 3633.2 6620.78
 9319.47 3640.74 6625.84
 9326.92 3648.16 6630.79
 9334.2 3655.46 6635.63
 9341.34 3662.66 6640.37
 9348.33 3669.75 6645.01
 9355.17 3676.73 6649.55
 9361.88 3683.61 6654
 9368.46 3690.4 6658.36
 9374.91 3697.08 6662.63
 9381.23 3703.67 6666.82
 9387.44 3710.17 6670.92
 9393.53 3716.58 6674.95
 9399.51 3722.89 6678.9
 9405.38 3729.12 6682.77
 9411.15 3735.27 6686.57
 9416.81 3741.33 6690.31
 9422.38 3747.31 6693.97
 9427.85 3753.21 6697.57
 9433.22 3759.04 6701.1
 9438.51 3764.78 6704.58
 9443.71 3770.46 6707.99
 9448.82 3776.05 6711.34
 9453.85 3781.58 6714.64
 9458.8 3787.04 6717.88
 9463.68 3792.43 6721.07
 9468.47 3797.75 6724.21
 9473.19 3803 6727.29
 9477.84 3808.19 6730.33
 9482.42 3813.32 6733.31
 9486.93 3818.38 6736.25
 9491.38 3823.38 6739.15
 9495.75 3828.33 6742
 9500.07 3833.21 6744.8
 9504.32 3838.04 6747.57
 9508.52 3842.81 6750.29
 9512.65 3847.52 6752.97
 9516.73 3852.18 6755.61
 9520.75 3856.78 6758.22
 9524.72 3861.34 6760.78
 9528.63 3865.84 6763.31
 9532.49 3870.29 6765.8
 9536.3 3874.69 6768.26
 9540.06 3879.04 6770.69
 9543.77 3883.35 6773.08
 9547.43 3887.6 6775.43
 9551.04 3891.82 6777.76
 9554.61 3895.98 6780.05
 9558.64 3900.03 6782.7
 9562.61 3904.04 6785.3
 9566.51 3908.01 6787.86
 9570.36 3911.94 6790.37
 9573.69 3915.9 6792.5
 9576.98 3919.82 6794.6
 9580.23 3923.69 6796.67
 9583.44 3927.53 6798.72
 9586.62 3931.33 6800.74
 9589.76 3935.09 6802.74
 9592.86 3938.82 6804.71
 9595.92 3942.5 6806.66
 9598.96 3946.15 6808.58
 9601.95 3949.76 6810.48
 9604.92 3953.34 6812.36
 9607.85 3956.88 6814.21
 9610.75 3960.39 6816.04
 9613.61 3963.86 6817.86
 9616.45 3967.3 6819.65
 9619.25 3970.71 6821.41
 9622.03 3974.08 6823.16
 9624.78 3977.42 6824.89
 9627.49 3980.73 6826.6
 9630.18 3984.01 6828.29
 9632.84 3987.26 6829.96
 9635.47 3990.48 6831.61
 9638.08 3993.67 6833.24
 9640.66 3996.83 6834.86
 9643.21 3999.96 6836.46
 9645.74 4003.07 6838.04
 9648.24 4006.14 6839.6
 9650.72 4009.19 6841.14
 9653.17 4012.21 6842.67
 9655.6 4015.21 6844.19
 9658 4018.17 6845.68
 9660.38 4021.12 6847.16
 9662.74 4024.03 6848.63
 9665.08 4026.92 6850.08
 9667.39 4029.79 6851.51
 9669.68 4032.63 6852.93
 9671.95 4035.45 6854.34
 9674.2 4038.24 6855.73
 9676.43 4041.01 6857.1
 9678.63 4043.76 6858.47
 9680.82 4046.48 6859.82
 9682.99 4049.18 6861.15
 9685.13 4051.86 6862.47
 9687.26 4054.51 6863.78
 9689.37 4057.15 6865.08
 9691.45 4059.76 6866.36
 9693.52 4062.35 6867.63
 9695.57 4064.93 6868.89
 9697.61 4067.48 6870.13
 9699.62 4070.01 6871.37
 9701.62 4072.52 6872.59
 9703.6 4075.01 6873.8
 9705.56 4077.48 6874.99
 9707.51 4079.93 6876.18
 9709.44 4082.36 6877.36
 9711.35 4084.78 6878.52
 9713.24 4087.17 6879.67
 9715.12 4089.55 6880.82
 9716.99 4091.91 6881.95
 9718.84 4094.25 6883.07
 9720.67 4096.57 6884.18
 9722.49 4098.88 6885.28
 9724.29 4101.17 6886.37
 9726.07 4103.44 6887.45
 9727.85 4105.69 6888.52
 9729.6 4107.93 6889.58
 9731.35 4110.15 6890.63
 9733.08 4112.36 6891.67
 9734.79 4114.55 6892.7
 9736.49 4116.72 6893.73
 9738.18 4118.88 6894.74
 9739.85 4121.03 6895.74
 9741.51 4123.15 6896.74
 9743.16 4125.27 6897.73
 9744.8 4127.36 6898.7
 9746.42 4129.45 6899.67
 9748.03 4131.52 6900.64
 9749.62 4133.57 6901.59
 9751.2 4135.61 6902.53
 9752.78 4137.64 6903.47
 9754.33 4139.65 6904.4
 9755.88 4141.65 6905.32
 9757.41 4143.63 6906.23
 9758.94 4145.6 6907.13
 9760.45 4147.56 6908.03
 9762.04 4149.48 6908.99
 9763.53 4151.42 6909.87
 9765.1 4153.31 6910.81
 9766.57 4155.22 6911.68
 9768.11 4157.1 6912.6
 9769.55 4158.98 6913.45
 9771.07 4160.83 6914.36
 9772.49 4162.69 6915.2
 9773.98 4164.51 6916.09
 9775.38 4166.35 6916.91
 9776.77 4168.17 6917.72
 9778.15 4169.99 6918.53
 9779.51 4171.79 6919.33
 9780.87 4173.57 6920.13
 9782.22 4175.35 6920.92
 9783.56 4177.12 6921.7
 9784.88 4178.87 6922.47
 9786.2 4180.62 6923.24
 9787.51 4182.35 6924
 9788.81 4184.08 6924.76
 9790.1 4185.79 6925.51
 9791.38 4187.49 6926.25
 9792.65 4189.18 6926.99
 9793.92 4190.86 6927.73
 9795.17 4192.54 6928.45
 9796.41 4194.2 6929.17
 9797.65 4195.85 6929.89
 9798.94 4197.48 6930.64
 9800.16 4199.11 6931.35
 9801.43 4200.72 6932.09
 9802.63 4202.33 6932.78
 9803.88 4203.92 6933.51
 9805.07 4205.51 6934.19
 9806.3 4207.09 6934.91
 9807.47 4208.66 6935.58
 9808.63 4210.23 6936.25
 9809.78 4211.79 6936.91
 9810.92 4213.34 6937.56
 9812.06 4214.88 6938.21
 9813.18 4216.41 6938.85
 9814.3 4217.93 6939.49
 9815.42 4219.45 6940.13
 9816.52 4220.96 6940.76
 9817.62 4222.45 6941.38
 9818.71 4223.94 6942
 9819.79 4225.42 6942.62
 9820.87 4226.9 6943.23
 9821.94 4228.36 6943.83
 9823 4229.82 6944.44
 9824.05 4231.27 6945.03
 9825.1 4232.71 6945.62
 9826.14 4234.15 6946.21
 9827.17 4235.57 6946.8
 9828.2 4236.99 6947.37
 9829.22 4238.4 6947.95
 9830.23 4239.8 6948.52
 9831.24 4241.2 6949.09
 9832.24 4242.59 6949.65
 9833.23 4243.97 6950.21
 9834.22 4245.34 6950.76
 9835.2 4246.71 6951.31
 9836.17 4248.07 6951.85
 9837.14 4249.42 6952.4
 9838.1 4250.77 6952.93
 9839.06 4252.11 6953.47
 9840.01 4253.44 6954
 9840.95 4254.76 6954.52
 9841.89 4256.08 6955.04
 9842.82 4257.39 6955.56
 9843.75 4258.7 6956.08
 9844.67 4260 6956.59
 9845.58 4261.29 6957.09
 9846.49 4262.58 6957.6
 9847.39 4263.86 6958.09
 9848.29 4265.13 6958.59
 9849.18 4266.4 6959.08
 9850.06 4267.66 6959.57
 9850.94 4268.91 6960.06
 9851.82 4270.16 6960.54
 9852.68 4271.4 6961.02
 9853.55 4272.64 6961.49
 9854.41 4273.87 6961.96
 9855.26 4275.09 6962.43
 9856.11 4276.31 6962.9
 9856.95 4277.52 6963.36
 9857.78 4278.73 6963.81
 9858.62 4279.93 6964.27
 9859.44 4281.13 6964.72
 9860.26 4282.32 6965.17
 9861.08 4283.5 6965.61
 9861.89 4284.68 6966.06
 9862.7 4285.85 6966.5
 9863.5 4287.02 6966.93
 9864.3 4288.19 6967.36
 9865.09 4289.34 6967.79
 9865.88 4290.49 6968.22
 9866.66 4291.64 6968.64
 9867.44 4292.78 6969.07
 9868.21 4293.92 6969.48
 9868.98 4295.05 6969.9
 9869.74 4296.18 6970.31
 9870.5 4297.3 6970.72
 9871.25 4298.41 6971.13
 9872.01 4299.52 6971.53
 9872.75 4300.63 6971.93
 9873.49 4301.73 6972.33
 9874.23 4302.83 6972.72
 9874.96 4303.92 6973.12
 9875.69 4305.01 6973.51
 9876.41 4306.09 6973.89
 9877.13 4307.16 6974.28
 9877.85 4308.24 6974.66
 9878.56 4309.31 6975.04
 9879.27 4310.37 6975.42
 9879.97 4311.43 6975.79
 9880.67 4312.48 6976.16
 9881.36 4313.53 6976.53
 9882.05 4314.58 6976.9
 9882.74 4315.62 6977.26
 9883.42 4316.65 6977.62
 9884.1 4317.68 6977.98
 9884.77 4318.71 6978.34
 9885.45 4319.74 6978.69
 9886.11 4320.75 6979.04
 9886.77 4321.77 6979.39
 9887.43 4322.78 6979.74
 9888.09 4323.79 6980.09
 9888.74 4324.79 6980.43
 9889.39 4325.79 6980.77
 9890.03 4326.78 6981.11
 9890.67 4327.77 6981.44
 9891.31 4328.76 6981.77
 9891.94 4329.74 6982.11
 9892.57 4330.72 6982.44
 9893.2 4331.69 6982.76
 9893.82 4332.66 6983.09
 9894.44 4333.63 6983.41
 9895.06 4334.59 6983.73
 9895.67 4335.55 6984.05
 9896.28 4336.5 6984.36
 9896.88 4337.45 6984.68
 9897.48 4338.4 6984.99
 9898.08 4339.35 6985.3
 9898.68 4340.29 6985.61
 9899.27 4341.22 6985.91
 9899.86 4342.15 6986.22
 9900.44 4343.08 6986.52
 9901.02 4344.01 6986.82
 9901.6 4344.93 6987.12
 9902.18 4345.85 6987.41
 9902.75 4346.76 6987.71
 9903.32 4347.67 6988
 9903.88 4348.58 6988.29
 9904.45 4349.49 6988.58
 9905.01 4350.39 6988.86
 9905.56 4351.28 6989.15
 9906.12 4352.18 6989.43
 9906.67 4353.07 6989.71
 9907.21 4353.96 6989.99
 9907.76 4354.84 6990.27
 9908.3 4355.72 6990.54
 9908.84 4356.6 6990.82
 9909.37 4357.47 6991.09
 9909.91 4358.34 6991.36
 9910.44 4359.21 6991.63
 9910.96 4360.07 6991.89
 9911.49 4360.94 6992.16
 9912.01 4361.79 6992.42
 9912.53 4362.65 6992.68
 9913.04 4363.5 6992.94
 9913.56 4364.35 6993.2
 9914.07 4365.2 6993.46
 9914.57 4366.04 6993.71
 9915.08 4366.88 6993.97
 9915.58 4367.72 6994.22
 9916.08 4368.55 6994.47
 9916.57 4369.38 6994.72
 9917.07 4370.21 6994.96
 9917.56 4371.03 6995.21
 9918.05 4371.85 6995.45
 9918.53 4372.67 6995.69
 9919.02 4373.49 6995.93
 9919.5 4374.3 6996.17
 9919.98 4375.11 6996.41
 9920.45 4375.92 6996.65
 9920.93 4376.73 6996.88
 9921.4 4377.53 6997.11
 9921.87 4378.33 6997.35
 9922.33 4379.12 6997.58
 9922.79 4379.92 6997.81
 9923.26 4380.71 6998.03
 9923.71 4381.5 6998.26
 9924.17 4382.28 6998.48
 9924.62 4383.07 6998.71
 9925.07 4383.85 6998.93
 9925.52 4384.62 6999.15
 9925.98 4385.4 6999.37
 9926.42 4386.17 6999.59
 9926.86 4386.94 6999.8
 9927.3 4387.71 7000.02
 9927.74 4388.47 7000.23
 9928.18 4389.23 7000.45
 9928.61 4389.99 7000.66
 9929.04 4390.75 7000.87
 9929.47 4391.51 7001.07
 9929.9 4392.26 7001.28
 9930.32 4393.01 7001.49
 9930.74 4393.75 7001.69
 9931.16 4394.5 7001.9
 9931.59 4395.24 7002.1
 9932 4395.98 7002.3
 9932.42 4396.72 7002.5
 9932.83 4397.45 7002.7
 9933.24 4398.18 7002.9
 9933.65 4398.91 7003.1
 9934.05 4399.64 7003.29
 9934.46 4400.37 7003.48
 9934.86 4401.09 7003.68
 9935.26 4401.81 7003.87
 9935.66 4402.53 7004.06
 9936.05 4403.25 7004.25
 9936.45 4403.96 7004.44
 9936.84 4404.67 7004.63
 9937.23 4405.38 7004.81
 9937.62 4406.09 7004.99
 9938 4406.79 7005.18
 9938.38 4407.5 7005.36
 9938.76 4408.2 7005.54
 9939.14 4408.9 7005.72
 9939.52 4409.59 7005.9
 9939.9 4410.29 7006.08
 9940.27 4410.98 7006.25
 9940.64 4411.67 7006.43
 9941.01 4412.36 7006.6
 9941.38 4413.04 7006.78
 9941.75 4413.73 7006.95
 9942.11 4414.41 7007.12
 9942.48 4415.09 7007.29
 9942.84 4415.76 7007.46
 9943.2 4416.44 7007.63
 9943.56 4417.11 7007.8
 9943.91 4417.78 7007.96
 9944.27 4418.45 7008.13
 9944.62 4419.12 7008.29
 9944.97 4419.79 7008.46
 9945.32 4420.45 7008.62
 9945.67 4421.11 7008.78
 9946.01 4421.77 7008.94
 9946.36 4422.43 7009.1
 9946.7 4423.08 7009.26
 9947.04 4423.74 7009.41
 9947.38 4424.39 7009.57
 9947.71 4425.04 7009.73
 9948.05 4425.69 7009.88
 9948.38 4426.33 7010.03
 9948.71 4426.98 7010.19
 9949.04 4427.62 7010.34
 9949.37 4428.26 7010.49
 9949.7 4428.9 7010.64
 9950.03 4429.53 7010.79
 9950.35 4430.17 7010.94
 9950.67 4430.8 7011.08
 9950.99 4431.43 7011.23
 9951.32 4432.06 7011.38
 9951.63 4432.69 7011.52
 9951.95 4433.31 7011.66
 9952.26 4433.94 7011.81
 9952.58 4434.56 7011.95
 9952.89 4435.18 7012.09
 9953.2 4435.8 7012.23
 9953.51 4436.41 7012.37
 9953.82 4437.03 7012.51
 9954.13 4437.64 7012.65
 9954.43 4438.25 7012.79
 9954.73 4438.86 7012.92
 9955.03 4439.47 7013.06
 9955.33 4440.08 7013.19
 9955.63 4440.68 7013.33
 9955.93 4441.29 7013.46
 9956.23 4441.89 7013.59
 9956.52 4442.49 7013.72
 9956.81 4443.09 7013.85
 9957.1 4443.68 7013.98
 9957.39 4444.28 7014.11
 9957.69 4444.87 7014.24
 9957.97 4445.46 7014.37
 9958.26 4446.05 7014.5
 9958.54 4446.64 7014.62
 9958.83 4447.23 7014.75
 9959.11 4447.81 7014.87
 9959.39 4448.39 7015
 9959.67 4448.98 7015.12
 9959.95 4449.56 7015.24
 9960.23 4450.13 7015.37
 9960.5 4450.71 7015.49
