61025.5 355543 58195.6 -103107 8189.44 -102520 -103107 8189.44 -102520 
12670.5 5168.26 1820.72 -6919.01 -1787.58 -253.569 -6919.01 -1787.58 -253.569 
6607.99 3052.85 728.041 -4020.7 -463.028 -270.648 -4020.7 -463.028 -270.648 
3960.12 2036.61 410.28 -2580.71 -80.3012 -275.741 -2580.71 -80.3012 -275.741 
2571.09 1428.91 272.871 -1751.62 41.9524 -248.652 -1751.62 41.9524 -248.652 
1761.67 1035.2 198.577 -1235.81 77.1697 -212.609 -1235.81 77.1697 -212.609 
1257.04 769.39 152.38 -899.142 81.3914 -177.905 -899.142 81.3914 -177.905 
927.015 584.929 121.009 -671.736 74.9766 -147.924 -671.736 74.9766 -147.924 
702.979 453.98 98.4631 -513.77 65.6666 -123.172 -513.77 65.6666 -123.172 
546.08 359.069 81.6284 -401.296 56.3633 -103.119 -401.296 56.3633 -103.119 
433.192 288.92 68.7056 -319.393 48.049 -86.9654 -319.393 48.049 -86.9654 
350.013 236.115 58.5721 -258.514 40.9481 -73.9375 -258.514 40.9481 -73.9375 
287.415 195.68 50.487 -212.405 35.0004 -63.3802 -212.405 35.0004 -63.3802 
239.406 164.225 43.9412 -176.879 30.0553 -54.7679 -176.879 30.0553 -54.7679 
201.958 139.399 38.5741 -149.078 25.9486 -47.6891 -149.078 25.9486 -47.6891 
172.299 119.542 34.1239 -127.01 22.5307 -41.8252 -127.01 22.5307 -41.8252 
148.487 103.465 30.3969 -109.267 19.6748 -36.9297 -109.267 19.6748 -36.9297 
129.129 90.3031 27.2472 -94.8319 17.2767 -32.8116 -94.8319 17.2767 -32.8116 
113.216 79.4164 24.5635 -82.9615 15.2521 -29.3222 -82.9615 15.2521 -29.3222 
99.9996 70.3271 22.2597 -73.1038 13.5333 -26.3451 -73.1038 13.5333 -26.3451 
88.9205 62.6728 20.2683 -64.8437 12.066 -23.7885 -64.8437 12.066 -23.7885 
79.5537 56.1756 18.5361 -57.8647 10.8066 -21.5795 -57.8647 10.8066 -21.5795 
71.5724 50.6202 17.0205 -51.9233 9.71988 -19.6598 -51.9233 9.71988 -19.6598 
64.7226 45.8377 15.6872 -46.8294 8.77746 -17.9824 -46.8294 8.77746 -17.9824 
58.8048 41.6948 14.5085 -42.4337 7.95621 -16.5093 -42.4337 7.95621 -16.5093 
53.6607 38.0849 13.4614 -38.6176 7.23725 -15.2095 -38.6176 7.23725 -15.2095 
49.1637 34.9224 12.5273 -35.286 6.60508 -14.0573 -35.286 6.60508 -14.0573 
45.2116 32.1379 11.6904 -32.3623 6.04691 -13.0317 -32.3623 6.04691 -13.0317 
41.7212 29.6745 10.938 -29.7839 5.55213 -12.1151 -29.7839 5.55213 -12.1151 
38.6247 27.4858 10.2589 -27.5 5.11195 -11.293 -27.5 5.11195 -11.293 
35.8658 25.5331 9.64409 -25.4683 4.71894 -10.553 -25.4683 4.71894 -10.553 
33.3976 23.784 9.0856 -23.6536 4.36686 -9.88461 -23.6536 4.36686 -9.88461 
31.1813 22.2117 8.57677 -22.0266 4.05042 -9.27904 -22.0266 4.05042 -9.27904 
29.1839 20.7934 8.11187 -20.5627 3.76515 -8.72872 -20.5627 3.76515 -8.72872 
27.3779 19.5097 7.68594 -19.2412 3.50724 -8.22719 -19.2412 3.50724 -8.22719 
25.7396 18.3445 7.29475 -18.0444 3.27341 -7.76889 -18.0444 3.27341 -7.76889 
24.2492 17.2836 6.93457 -16.9573 3.06086 -7.34903 -16.9573 3.06086 -7.34903 
22.8895 16.315 6.6022 -15.9672 2.86718 -6.96345 -15.9672 2.86718 -6.96345 
21.6455 15.4285 6.29483 -15.0628 2.69026 -6.60854 -15.0628 2.69026 -6.60854 
20.5048 14.6151 6.00997 -14.2348 2.52829 -6.28113 -14.2348 2.52829 -6.28113 
19.456 13.8669 5.74547 -13.4749 2.37969 -5.97846 -13.4749 2.37969 -5.97846 
18.4897 13.1772 5.4994 -12.7757 2.24307 -5.69811 -12.7757 2.24307 -5.69811 
17.5974 12.5402 5.27007 -12.1312 2.11722 -5.43793 -12.1312 2.11722 -5.43793 
16.7717 11.9505 5.05597 -11.5357 2.00106 -5.19603 -11.5357 2.00106 -5.19603 
16.0062 11.4036 4.85577 -10.9844 1.89366 -4.97075 -10.9844 1.89366 -4.97075 
15.2951 10.8954 4.66826 -10.4732 1.79419 -4.76057 -10.4732 1.79419 -4.76057 
14.6334 10.4224 4.49239 -9.9982 1.7019 -4.56419 -9.9982 1.7019 -4.56419 
14.0166 9.98145 4.32718 -9.5561 1.61614 -4.38041 -9.5561 1.61614 -4.38041 
13.4406 9.56963 4.17178 -9.14394 1.53633 -4.20817 -9.14394 1.53633 -4.20817 
12.902 9.18445 4.02542 -8.75909 1.46194 -4.04653 -8.75909 1.46194 -4.04653 
12.3976 8.82365 3.88738 -8.39918 1.39251 -3.89461 -8.39918 1.39251 -3.89461 
11.9244 8.4852 3.75704 -8.06211 1.32763 -3.75166 -8.06211 1.32763 -3.75166 
11.48 8.16729 3.63383 -7.74598 1.2669 -3.61697 -7.74598 1.2669 -3.61697 
11.062 7.86827 3.51721 -7.4491 1.21 -3.48992 -7.4491 1.21 -3.48992 
10.6684 7.58666 3.40673 -7.16992 1.15661 -3.36993 -7.16992 1.15661 -3.36993 
10.2973 7.32113 3.30193 -6.90708 1.10647 -3.25648 -6.90708 1.10647 -3.25648 
9.94693 7.07046 3.20244 -6.6593 1.05933 -3.1491 -6.6593 1.05933 -3.1491 
9.61581 6.83355 3.10788 -6.42547 1.01494 -3.04736 -6.42547 1.01494 -3.04736 
9.30252 6.60941 3.01794 -6.20454 0.97312 -2.95087 -6.20454 0.97312 -2.95087 
9.0058 6.39713 2.9323 -5.99559 0.933669 -2.85926 -5.99559 0.933669 -2.85926 
8.72447 6.19587 2.8507 -5.79775 0.89642 -2.77222 -5.79775 0.89642 -2.77222 
8.45748 6.00486 2.77286 -5.61025 0.861215 -2.68944 -5.61025 0.861215 -2.68944 
8.20384 5.82343 2.69856 -5.43238 0.827913 -2.61063 -5.43238 0.827913 -2.61063 
7.96266 5.65093 2.62759 -5.26348 0.796381 -2.53555 -5.26348 0.796381 -2.53555 
7.73314 5.48677 2.55972 -5.10295 0.7665 -2.46396 -5.10295 0.7665 -2.46396 
7.5145 5.33041 2.4948 -4.95025 0.73816 -2.39564 -4.95025 0.73816 -2.39564 
7.30606 5.18137 2.43263 -4.80486 0.71126 -2.33039 -4.80486 0.71126 -2.33039 
7.10719 5.03918 2.37306 -4.66633 0.685705 -2.26804 -4.66633 0.685705 -2.26804 
6.91728 4.90342 2.31595 -4.53422 0.661412 -2.2084 -4.53422 0.661412 -2.2084 
6.73581 4.77371 2.26115 -4.40814 0.638299 -2.15131 -4.40814 0.638299 -2.15131 
6.56226 4.64968 2.20853 -4.28772 0.616294 -2.09664 -4.28772 0.616294 -2.09664 
6.39617 4.531 2.15799 -4.17263 0.595329 -2.04425 -4.17263 0.595329 -2.04425 
6.23711 4.41736 2.1094 -4.06255 0.575342 -1.994 -4.06255 0.575342 -1.994 
6.08467 4.30847 2.06267 -3.95719 0.556274 -1.94578 -3.95719 0.556274 -1.94578 
5.93849 4.20407 2.01769 -3.85628 0.538071 -1.89948 -3.85628 0.538071 -1.89948 
5.79821 4.1039 1.97438 -3.75957 0.520683 -1.85499 -3.75957 0.520683 -1.85499 
5.66352 4.00774 1.93265 -3.66682 0.504064 -1.81223 -3.66682 0.504064 -1.81223 
5.53411 3.91538 1.89243 -3.57783 0.488171 -1.77109 -3.57783 0.488171 -1.77109 
5.40971 3.8266 1.85363 -3.49238 0.472962 -1.73151 -3.49238 0.472962 -1.73151 
5.29004 3.74122 1.8162 -3.41028 0.4584 -1.69339 -3.41028 0.4584 -1.69339 
5.17487 3.65907 1.78005 -3.33137 0.444451 -1.65667 -3.33137 0.444451 -1.65667 
5.06397 3.57998 1.74514 -3.25547 0.431081 -1.62127 -3.25547 0.431081 -1.62127 
4.95712 3.50379 1.71141 -3.18244 0.418259 -1.58713 -3.18244 0.418259 -1.58713 
4.85412 3.43037 1.67879 -3.11211 0.405958 -1.5542 -3.11211 0.405958 -1.5542 
4.75478 3.35958 1.64724 -3.04437 0.394149 -1.5224 -3.04437 0.394149 -1.5224 
4.65892 3.29128 1.61672 -2.97908 0.382808 -1.4917 -2.97908 0.382808 -1.4917 
4.56638 3.22537 1.58717 -2.91613 0.371911 -1.46204 -2.91613 0.371911 -1.46204 
4.47701 3.16172 1.55855 -2.8554 0.361437 -1.43337 -2.8554 0.361437 -1.43337 
4.39064 3.10023 1.53083 -2.79678 0.351363 -1.40564 -2.79678 0.351363 -1.40564 
4.30715 3.04081 1.50396 -2.74018 0.341671 -1.37882 -2.74018 0.341671 -1.37882 
4.22641 2.98335 1.4779 -2.6855 0.332342 -1.35286 -2.6855 0.332342 -1.35286 
4.14829 2.92778 1.45263 -2.63266 0.323359 -1.32773 -2.63266 0.323359 -1.32773 
4.07267 2.874 1.42811 -2.58157 0.314705 -1.30339 -2.58157 0.314705 -1.30339 
3.99944 2.82194 1.40431 -2.53215 0.306366 -1.27981 -2.53215 0.306366 -1.27981 
3.92851 2.77152 1.3812 -2.48434 0.298325 -1.25695 -2.48434 0.298325 -1.25695 
3.85977 2.72267 1.35875 -2.43805 0.290571 -1.23478 -2.43805 0.290571 -1.23478 
3.79312 2.67533 1.33694 -2.39322 0.28309 -1.21329 -2.39322 0.28309 -1.21329 
3.72849 2.62943 1.31574 -2.3498 0.275869 -1.19243 -2.3498 0.275869 -1.19243 
3.66579 2.58492 1.29513 -2.30772 0.268898 -1.17218 -2.30772 0.268898 -1.17218 
3.60493 2.54172 1.27508 -2.26692 0.262164 -1.15252 -2.26692 0.262164 -1.15252 
3.54585 2.4998 1.25558 -2.22735 0.255659 -1.13343 -2.22735 0.255659 -1.13343 
3.48848 2.4591 1.2366 -2.18897 0.249371 -1.11488 -2.18897 0.249371 -1.11488 
3.43273 2.41958 1.21812 -2.15172 0.243292 -1.09685 -2.15172 0.243292 -1.09685 
3.37856 2.38117 1.20013 -2.11556 0.237413 -1.07932 -2.11556 0.237413 -1.07932 
3.3259 2.34385 1.18261 -2.08044 0.231725 -1.06227 -2.08044 0.231725 -1.06227 
3.27469 2.30757 1.16553 -2.04633 0.226222 -1.04569 -2.04633 0.226222 -1.04569 
3.22488 2.27229 1.1489 -2.01318 0.220894 -1.02956 -2.01318 0.220894 -1.02956 
3.17641 2.23797 1.13268 -1.98096 0.215735 -1.01386 -1.98096 0.215735 -1.01386 
3.12923 2.20458 1.11686 -1.94963 0.210738 -0.998572 -1.94963 0.210738 -0.998572 
3.0833 2.17208 1.10144 -1.91917 0.205897 -0.983684 -1.91917 0.205897 -0.983684 
3.03858 2.14045 1.08639 -1.88952 0.201205 -0.969183 -1.88952 0.201205 -0.969183 
2.995 2.10963 1.07171 -1.86068 0.196657 -0.955053 -1.86068 0.196657 -0.955053 
2.95255 2.07962 1.05738 -1.8326 0.192247 -0.941283 -1.8326 0.192247 -0.941283 
2.91117 2.05038 1.04339 -1.80526 0.187969 -0.927858 -1.80526 0.187969 -0.927858 
2.87083 2.02188 1.02972 -1.77863 0.183819 -0.914769 -1.77863 0.183819 -0.914769 
2.83149 1.9941 1.01638 -1.7527 0.179792 -0.902002 -1.7527 0.179792 -0.902002 
2.79312 1.96701 1.00334 -1.72742 0.175884 -0.889548 -1.72742 0.175884 -0.889548 
2.75568 1.94059 0.990607 -1.70278 0.172089 -0.877395 -1.70278 0.172089 -0.877395 
2.71915 1.91481 0.978157 -1.67876 0.168403 -0.865534 -1.67876 0.168403 -0.865534 
2.68349 1.88966 0.965987 -1.65534 0.164824 -0.853955 -1.65534 0.164824 -0.853955 
2.64867 1.86511 0.954088 -1.6325 0.161346 -0.842649 -1.6325 0.161346 -0.842649 
2.61467 1.84115 0.942451 -1.61021 0.157966 -0.831607 -1.61021 0.157966 -0.831607 
2.58146 1.81775 0.931068 -1.58846 0.154681 -0.82082 -1.58846 0.154681 -0.82082 
2.54902 1.79489 0.919931 -1.56723 0.151486 -0.810281 -1.56723 0.151486 -0.810281 
2.51731 1.77256 0.909033 -1.5465 0.14838 -0.799982 -1.5465 0.14838 -0.799982 
2.48632 1.75075 0.898367 -1.52626 0.145359 -0.789914 -1.52626 0.145359 -0.789914 
2.45602 1.72943 0.887926 -1.50649 0.14242 -0.780072 -1.50649 0.14242 -0.780072 
2.42639 1.70859 0.877704 -1.48718 0.139561 -0.770448 -1.48718 0.139561 -0.770448 
2.39742 1.68821 0.867693 -1.46831 0.136777 -0.761035 -1.46831 0.136777 -0.761035 
2.36907 1.66829 0.857887 -1.44987 0.134068 -0.751827 -1.44987 0.134068 -0.751827 
2.34134 1.6488 0.848282 -1.43184 0.13143 -0.742817 -1.43184 0.13143 -0.742817 
2.3142 1.62973 0.83887 -1.41421 0.128861 -0.734001 -1.41421 0.128861 -0.734001 
2.28764 1.61107 0.829647 -1.39698 0.126358 -0.725372 -1.39698 0.126358 -0.725372 
2.26163 1.59282 0.820608 -1.38012 0.123921 -0.716924 -1.38012 0.123921 -0.716924 
2.23617 1.57495 0.811746 -1.36362 0.121545 -0.708653 -1.36362 0.121545 -0.708653 
2.21124 1.55745 0.803058 -1.34749 0.119231 -0.700553 -1.34749 0.119231 -0.700553 
2.18681 1.54032 0.794538 -1.33169 0.116974 -0.69262 -1.33169 0.116974 -0.69262 
2.16288 1.52354 0.786183 -1.31624 0.114775 -0.684849 -1.31624 0.114775 -0.684849 
2.13943 1.50711 0.777986 -1.3011 0.11263 -0.677234 -1.3011 0.11263 -0.677234 
2.11646 1.49101 0.769945 -1.28628 0.110538 -0.669772 -1.28628 0.110538 -0.669772 
2.09393 1.47523 0.762055 -1.27177 0.108498 -0.662459 -1.27177 0.108498 -0.662459 
2.07185 1.45977 0.754312 -1.25756 0.106507 -0.655291 -1.25756 0.106507 -0.655291 
2.0502 1.44462 0.746713 -1.24363 0.104565 -0.648262 -1.24363 0.104565 -0.648262 
2.02897 1.42976 0.739253 -1.22998 0.102669 -0.641371 -1.22998 0.102669 -0.641371 
2.00815 1.41519 0.731928 -1.21661 0.100819 -0.634612 -1.21661 0.100819 -0.634612 
1.98772 1.40091 0.724737 -1.20351 0.0990134 -0.627983 -1.20351 0.0990134 -0.627983 
1.96768 1.3869 0.717674 -1.19066 0.0972501 -0.62148 -1.19066 0.0972501 -0.62148 
1.94802 1.37316 0.710737 -1.17806 0.0955283 -0.6151 -1.17806 0.0955283 -0.6151 
1.92872 1.35967 0.703923 -1.16571 0.0938466 -0.608839 -1.16571 0.0938466 -0.608839 
1.90977 1.34644 0.697228 -1.15359 0.092204 -0.602694 -1.15359 0.092204 -0.602694 
1.89117 1.33346 0.69065 -1.14171 0.0905993 -0.596663 -1.14171 0.0905993 -0.596663 
1.87291 1.32072 0.684186 -1.13005 0.0890313 -0.590742 -1.13005 0.0890313 -0.590742 
1.85498 1.30821 0.677833 -1.11861 0.0874991 -0.584929 -1.11861 0.0874991 -0.584929 
1.83737 1.29592 0.671588 -1.10739 0.0860015 -0.579221 -1.10739 0.0860015 -0.579221 
1.82008 1.28386 0.665449 -1.09637 0.0845377 -0.573616 -1.09637 0.0845377 -0.573616 
1.80309 1.27202 0.659413 -1.08556 0.0831065 -0.56811 -1.08556 0.0831065 -0.56811 
1.78639 1.26039 0.653478 -1.07494 0.0817073 -0.562701 -1.07494 0.0817073 -0.562701 
1.76999 1.24896 0.647641 -1.06452 0.0803389 -0.557387 -1.06452 0.0803389 -0.557387 
1.75386 1.23774 0.6419 -1.05428 0.0790006 -0.552166 -1.05428 0.0790006 -0.552166 
1.73802 1.2267 0.636253 -1.04423 0.0776916 -0.547035 -1.04423 0.0776916 -0.547035 
1.72244 1.21586 0.630698 -1.03435 0.076411 -0.541992 -1.03435 0.076411 -0.541992 
1.70713 1.20521 0.625232 -1.02465 0.0751581 -0.537036 -1.02465 0.0751581 -0.537036 
1.69207 1.19474 0.619854 -1.01512 0.073932 -0.532163 -1.01512 0.073932 -0.532163 
1.67726 1.18444 0.614562 -1.00576 0.0727322 -0.527372 -1.00576 0.0727322 -0.527372 
1.6627 1.17432 0.609353 -0.996554 0.0715578 -0.522662 -0.996554 0.0715578 -0.522662 
1.64838 1.16437 0.604226 -0.987508 0.0704082 -0.51803 -0.987508 0.0704082 -0.51803 
1.63429 1.15458 0.599179 -0.978616 0.0692828 -0.513474 -0.978616 0.0692828 -0.513474 
1.62043 1.14496 0.59421 -0.969874 0.0681809 -0.508993 -0.969874 0.0681809 -0.508993 
1.60679 1.13549 0.589318 -0.961279 0.0671018 -0.504584 -0.961279 0.0671018 -0.504584 
1.59336 1.12618 0.5845 -0.952827 0.066045 -0.500248 -0.952827 0.066045 -0.500248 
1.58015 1.11701 0.579756 -0.944515 0.06501 -0.49598 -0.944515 0.06501 -0.49598 
1.56715 1.10799 0.575083 -0.93634 0.0639961 -0.491781 -0.93634 0.0639961 -0.491781 
1.55435 1.09912 0.570481 -0.928299 0.0630028 -0.487649 -0.928299 0.0630028 -0.487649 
1.54175 1.09039 0.565947 -0.920388 0.0620296 -0.483581 -0.920388 0.0620296 -0.483581 
1.52935 1.08179 0.56148 -0.912604 0.061076 -0.479578 -0.912604 0.061076 -0.479578 
1.51713 1.07333 0.557079 -0.904945 0.0601414 -0.475637 -0.904945 0.0601414 -0.475637 
1.5051 1.065 0.552742 -0.897408 0.0592255 -0.471756 -0.897408 0.0592255 -0.471756 
1.49326 1.0568 0.548469 -0.88999 0.0583276 -0.467935 -0.88999 0.0583276 -0.467935 
1.48159 1.04872 0.544257 -0.882689 0.0574475 -0.464173 -0.882689 0.0574475 -0.464173 
1.47009 1.04077 0.540105 -0.875501 0.0565846 -0.460468 -0.875501 0.0565846 -0.460468 
1.45877 1.03294 0.536013 -0.868425 0.0557385 -0.456818 -0.868425 0.0557385 -0.456818 
1.44761 1.02522 0.531979 -0.861459 0.0549089 -0.453224 -0.861459 0.0549089 -0.453224 
1.43661 1.01762 0.528002 -0.854598 0.0540952 -0.449682 -0.854598 0.0540952 -0.449682 
1.42578 1.01013 0.524081 -0.847842 0.0532972 -0.446194 -0.847842 0.0532972 -0.446194 
1.4151 1.00276 0.520214 -0.841189 0.0525145 -0.442756 -0.841189 0.0525145 -0.442756 
1.40457 0.995487 0.516401 -0.834635 0.0517466 -0.439369 -0.834635 0.0517466 -0.439369 
1.3942 0.988324 0.51264 -0.828179 0.0509932 -0.436031 -0.828179 0.0509932 -0.436031 
1.38397 0.981264 0.508931 -0.821819 0.0502541 -0.432742 -0.821819 0.0502541 -0.432742 
1.37389 0.974306 0.505272 -0.815552 0.0495287 -0.429499 -0.815552 0.0495287 -0.429499 
1.36395 0.967447 0.501663 -0.809378 0.0488169 -0.426303 -0.809378 0.0488169 -0.426303 
1.35415 0.960686 0.498102 -0.803293 0.0481184 -0.423153 -0.803293 0.0481184 -0.423153 
1.34448 0.95402 0.494589 -0.797297 0.0474327 -0.420047 -0.797297 0.0474327 -0.420047 
1.33494 0.947447 0.491123 -0.791386 0.0467596 -0.416984 -0.791386 0.0467596 -0.416984 
1.32554 0.940967 0.487703 -0.785561 0.0460988 -0.413964 -0.785561 0.0460988 -0.413964 
1.31626 0.934576 0.484327 -0.779818 0.0454501 -0.410986 -0.779818 0.0454501 -0.410986 
1.30711 0.928273 0.480996 -0.774156 0.0448131 -0.40805 -0.774156 0.0448131 -0.40805 
1.29809 0.922057 0.477708 -0.768574 0.0441876 -0.405153 -0.768574 0.0441876 -0.405153 
1.28918 0.915925 0.474463 -0.76307 0.0435734 -0.402296 -0.76307 0.0435734 -0.402296 
1.28039 0.909876 0.471259 -0.757643 0.0429701 -0.399478 -0.757643 0.0429701 -0.399478 
1.27172 0.903909 0.468096 -0.75229 0.0423776 -0.396697 -0.75229 0.0423776 -0.396697 
1.26316 0.898021 0.464974 -0.747011 0.0417955 -0.393954 -0.747011 0.0417955 -0.393954 
1.25471 0.892212 0.461891 -0.741804 0.0412238 -0.391248 -0.741804 0.0412238 -0.391248 
1.24637 0.88648 0.458846 -0.736667 0.040662 -0.388577 -0.736667 0.040662 -0.388577 
1.23814 0.880823 0.45584 -0.7316 0.0401101 -0.385942 -0.7316 0.0401101 -0.385942 
1.23002 0.87524 0.452872 -0.726601 0.0395678 -0.383341 -0.726601 0.0395678 -0.383341 
1.222 0.86973 0.44994 -0.721669 0.0390348 -0.380775 -0.721669 0.0390348 -0.380775 
1.21408 0.864291 0.447044 -0.716801 0.0385111 -0.378241 -0.716801 0.0385111 -0.378241 
1.20626 0.858922 0.444183 -0.711999 0.0379963 -0.37574 -0.711999 0.0379963 -0.37574 
1.19854 0.853621 0.441358 -0.707259 0.0374904 -0.373271 -0.707259 0.0374904 -0.373271 
1.19091 0.848388 0.438566 -0.702581 0.036993 -0.370834 -0.702581 0.036993 -0.370834 
1.18338 0.843221 0.435809 -0.697963 0.0365041 -0.368428 -0.697963 0.0365041 -0.368428 
1.17595 0.83812 0.433084 -0.693406 0.0360235 -0.366052 -0.693406 0.0360235 -0.366052 
1.1686 0.833081 0.430392 -0.688906 0.0355509 -0.363706 -0.688906 0.0355509 -0.363706 
1.16134 0.828106 0.427732 -0.684464 0.0350862 -0.361389 -0.684464 0.0350862 -0.361389 
1.15418 0.823192 0.425103 -0.680079 0.0346293 -0.359101 -0.680079 0.0346293 -0.359101 
1.1471 0.818339 0.422505 -0.675749 0.0341799 -0.356841 -0.675749 0.0341799 -0.356841 
1.1401 0.813544 0.419938 -0.671473 0.033738 -0.354609 -0.671473 0.033738 -0.354609 
1.13319 0.808809 0.4174 -0.66725 0.0333033 -0.352405 -0.66725 0.0333033 -0.352405 
1.12635 0.80413 0.414892 -0.66308 0.0328758 -0.350227 -0.66308 0.0328758 -0.350227 
1.1196 0.799508 0.412413 -0.658962 0.0324552 -0.348075 -0.658962 0.0324552 -0.348075 
1.11293 0.794941 0.409962 -0.654894 0.0320415 -0.34595 -0.654894 0.0320415 -0.34595 
1.10634 0.790429 0.407539 -0.650876 0.0316344 -0.34385 -0.650876 0.0316344 -0.34385 
1.09982 0.78597 0.405143 -0.646906 0.031234 -0.341775 -0.646906 0.031234 -0.341775 
1.09338 0.781563 0.402775 -0.642985 0.0308399 -0.339725 -0.642985 0.0308399 -0.339725 
1.08702 0.777209 0.400433 -0.639111 0.0304522 -0.337698 -0.639111 0.0304522 -0.337698 
1.08072 0.772905 0.398117 -0.635283 0.0300706 -0.335696 -0.635283 0.0300706 -0.335696 
1.0745 0.768651 0.395827 -0.631501 0.0296951 -0.333717 -0.631501 0.0296951 -0.333717 
1.06835 0.764446 0.393563 -0.627763 0.0293255 -0.331761 -0.627763 0.0293255 -0.331761 
1.06227 0.760289 0.391323 -0.62407 0.0289617 -0.329828 -0.62407 0.0289617 -0.329828 
1.05625 0.75618 0.389108 -0.62042 0.0286036 -0.327917 -0.62042 0.0286036 -0.327917 
1.05031 0.752117 0.386917 -0.616812 0.0282511 -0.326027 -0.616812 0.0282511 -0.326027 
1.04443 0.748101 0.38475 -0.613247 0.0279041 -0.32416 -0.613247 0.0279041 -0.32416 
1.03861 0.744129 0.382606 -0.609722 0.0275625 -0.322313 -0.609722 0.0275625 -0.322313 
1.03286 0.740202 0.380485 -0.606238 0.0272261 -0.320488 -0.606238 0.0272261 -0.320488 
1.02717 0.736319 0.378387 -0.602794 0.0268949 -0.318683 -0.602794 0.0268949 -0.318683 
1.02154 0.732479 0.376311 -0.599389 0.0265688 -0.316898 -0.599389 0.0265688 -0.316898 
1.01598 0.728681 0.374258 -0.596023 0.0262476 -0.315132 -0.596023 0.0262476 -0.315132 
1.01047 0.724925 0.372226 -0.592694 0.0259314 -0.313387 -0.592694 0.0259314 -0.313387 
1.00502 0.72121 0.370215 -0.589403 0.0256199 -0.31166 -0.589403 0.0256199 -0.31166 
0.999635 0.717535 0.368225 -0.586148 0.0253131 -0.309953 -0.586148 0.0253131 -0.309953 
0.994304 0.7139 0.366257 -0.582929 0.0250109 -0.308264 -0.582929 0.0250109 -0.308264 
0.989028 0.710304 0.364308 -0.579746 0.0247133 -0.306594 -0.579746 0.0247133 -0.306594 
0.983809 0.706746 0.36238 -0.576598 0.02442 -0.304941 -0.576598 0.02442 -0.304941 
0.978644 0.703226 0.360471 -0.573485 0.0241312 -0.303307 -0.573485 0.0241312 -0.303307 
0.973533 0.699744 0.358582 -0.570405 0.0238466 -0.30169 -0.570405 0.0238466 -0.30169 
0.968475 0.696298 0.356712 -0.567359 0.0235662 -0.30009 -0.567359 0.0235662 -0.30009 
0.963469 0.692888 0.354861 -0.564345 0.0232899 -0.298507 -0.564345 0.0232899 -0.298507 
0.958514 0.689515 0.353028 -0.561364 0.0230177 -0.296941 -0.561364 0.0230177 -0.296941 
0.95361 0.686176 0.351215 -0.558415 0.0227494 -0.295391 -0.558415 0.0227494 -0.295391 
0.948756 0.682871 0.349419 -0.555496 0.0224851 -0.293857 -0.555496 0.0224851 -0.293857 
0.943952 0.679601 0.347641 -0.552609 0.0222246 -0.29234 -0.552609 0.0222246 -0.29234 
0.939195 0.676364 0.34588 -0.549752 0.0219678 -0.290838 -0.549752 0.0219678 -0.290838 
0.934487 0.67316 0.344137 -0.546925 0.0217147 -0.289352 -0.546925 0.0217147 -0.289352 
0.929825 0.669989 0.342412 -0.544128 0.0214652 -0.287881 -0.544128 0.0214652 -0.287881 
0.92521 0.66685 0.340702 -0.541359 0.0212193 -0.286425 -0.541359 0.0212193 -0.286425 
0.920641 0.663742 0.33901 -0.53862 0.0209769 -0.284984 -0.53862 0.0209769 -0.284984 
0.916116 0.660665 0.337334 -0.535908 0.020738 -0.283557 -0.535908 0.020738 -0.283557 
0.911636 0.657619 0.335674 -0.533224 0.0205024 -0.282145 -0.533224 0.0205024 -0.282145 
0.9072 0.654604 0.33403 -0.530567 0.0202701 -0.280747 -0.530567 0.0202701 -0.280747 
0.902807 0.651618 0.332402 -0.527938 0.0200411 -0.279363 -0.527938 0.0200411 -0.279363 
0.898456 0.648661 0.33079 -0.525334 0.0198153 -0.277992 -0.525334 0.0198153 -0.277992 
0.894147 0.645733 0.329192 -0.522757 0.0195926 -0.276636 -0.522757 0.0195926 -0.276636 
0.88988 0.642834 0.32761 -0.520206 0.0193731 -0.275292 -0.520206 0.0193731 -0.275292 
0.885653 0.639963 0.326043 -0.51768 0.0191565 -0.273962 -0.51768 0.0191565 -0.273962 
0.881467 0.637119 0.32449 -0.51518 0.018943 -0.272645 -0.51518 0.018943 -0.272645 
0.87732 0.634303 0.322952 -0.512703 0.0187323 -0.271341 -0.512703 0.0187323 -0.271341 
0.873212 0.631514 0.321428 -0.510252 0.0185246 -0.270049 -0.510252 0.0185246 -0.270049 
0.869143 0.628751 0.319918 -0.507824 0.0183197 -0.26877 -0.507824 0.0183197 -0.26877 
0.865112 0.626014 0.318422 -0.50542 0.0181176 -0.267503 -0.50542 0.0181176 -0.267503 
0.861118 0.623303 0.316939 -0.503039 0.0179182 -0.266249 -0.503039 0.0179182 -0.266249 
0.857161 0.620618 0.315471 -0.500681 0.0177215 -0.265006 -0.500681 0.0177215 -0.265006 
0.853241 0.617958 0.314015 -0.498345 0.0175275 -0.263775 -0.498345 0.0175275 -0.263775 
0.849356 0.615322 0.312573 -0.496032 0.0173361 -0.262555 -0.496032 0.0173361 -0.262555 
0.845508 0.612711 0.311144 -0.493741 0.0171472 -0.261348 -0.493741 0.0171472 -0.261348 
0.841694 0.610124 0.309728 -0.491472 0.0169609 -0.260151 -0.491472 0.0169609 -0.260151 
0.837915 0.607561 0.308324 -0.489224 0.016777 -0.258966 -0.489224 0.016777 -0.258966 
0.83417 0.605021 0.306933 -0.486998 0.0165955 -0.257791 -0.486998 0.0165955 -0.257791 
0.830458 0.602505 0.305554 -0.484792 0.0164165 -0.256628 -0.484792 0.0164165 -0.256628 
0.82678 0.600011 0.304187 -0.482607 0.0162398 -0.255475 -0.482607 0.0162398 -0.255475 
0.823135 0.597539 0.302833 -0.480442 0.0160655 -0.254333 -0.480442 0.0160655 -0.254333 
0.819521 0.59509 0.30149 -0.478297 0.0158934 -0.253201 -0.478297 0.0158934 -0.253201 
0.81594 0.592663 0.300159 -0.476171 0.0157235 -0.252079 -0.476171 0.0157235 -0.252079 
0.812391 0.590257 0.298839 -0.474066 0.0155559 -0.250968 -0.474066 0.0155559 -0.250968 
0.808872 0.587873 0.297531 -0.471979 0.0153904 -0.249867 -0.471979 0.0153904 -0.249867 
0.805384 0.58551 0.296235 -0.469911 0.0152271 -0.248775 -0.469911 0.0152271 -0.248775 
0.801927 0.583167 0.294949 -0.467862 0.0150659 -0.247694 -0.467862 0.0150659 -0.247694 
0.798499 0.580845 0.293675 -0.465832 0.0149067 -0.246622 -0.465832 0.0149067 -0.246622 
0.795101 0.578544 0.292411 -0.46382 0.0147496 -0.245559 -0.46382 0.0147496 -0.245559 
0.791733 0.576262 0.291158 -0.461825 0.0145945 -0.244506 -0.461825 0.0145945 -0.244506 
0.788393 0.574 0.289916 -0.459849 0.0144413 -0.243462 -0.459849 0.0144413 -0.243462 
0.785081 0.571758 0.288684 -0.45789 0.0142901 -0.242427 -0.45789 0.0142901 -0.242427 
0.781798 0.569534 0.287462 -0.455948 0.0141408 -0.241402 -0.455948 0.0141408 -0.241402 
0.778542 0.56733 0.286251 -0.454023 0.0139934 -0.240385 -0.454023 0.0139934 -0.240385 
0.775314 0.565144 0.28505 -0.452115 0.0138478 -0.239377 -0.452115 0.0138478 -0.239377 
0.772112 0.562977 0.283858 -0.450224 0.0137041 -0.238378 -0.450224 0.0137041 -0.238378 
0.768938 0.560829 0.282677 -0.448349 0.0135621 -0.237387 -0.448349 0.0135621 -0.237387 
0.76579 0.558698 0.281505 -0.446491 0.013422 -0.236405 -0.446491 0.013422 -0.236405 
0.762668 0.556585 0.280343 -0.444648 0.0132835 -0.235431 -0.444648 0.0132835 -0.235431 
0.759571 0.55449 0.279191 -0.442821 0.0131468 -0.234466 -0.442821 0.0131468 -0.234466 
0.7565 0.552412 0.278048 -0.44101 0.0130117 -0.233508 -0.44101 0.0130117 -0.233508 
0.753455 0.550351 0.276914 -0.439214 0.0128783 -0.232559 -0.439214 0.0128783 -0.232559 
0.750434 0.548307 0.275789 -0.437433 0.0127466 -0.231618 -0.437433 0.0127466 -0.231618 
0.747438 0.54628 0.274673 -0.435668 0.0126164 -0.230684 -0.435668 0.0126164 -0.230684 
0.744465 0.54427 0.273567 -0.433917 0.0124879 -0.229759 -0.433917 0.0124879 -0.229759 
0.741517 0.542276 0.272469 -0.432181 0.0123609 -0.228841 -0.432181 0.0123609 -0.228841 
0.738593 0.540298 0.27138 -0.430459 0.0122354 -0.22793 -0.430459 0.0122354 -0.22793 
0.735692 0.538336 0.270299 -0.428752 0.0121115 -0.227027 -0.428752 0.0121115 -0.227027 
0.732814 0.536389 0.269227 -0.427059 0.0119891 -0.226132 -0.427059 0.0119891 -0.226132 
0.729959 0.534459 0.268164 -0.425379 0.0118681 -0.225244 -0.425379 0.0118681 -0.225244 
0.727126 0.532543 0.267109 -0.423714 0.0117485 -0.224363 -0.423714 0.0117485 -0.224363 
0.724316 0.530643 0.266062 -0.422062 0.0116304 -0.223489 -0.422062 0.0116304 -0.223489 
0.721528 0.528758 0.265023 -0.420424 0.0115137 -0.222622 -0.420424 0.0115137 -0.222622 
0.718761 0.526888 0.263992 -0.418799 0.0113984 -0.221762 -0.418799 0.0113984 -0.221762 
0.716017 0.525032 0.26297 -0.417187 0.0112845 -0.22091 -0.417187 0.0112845 -0.22091 
0.713293 0.523191 0.261955 -0.415588 0.0111719 -0.220064 -0.415588 0.0111719 -0.220064 
0.710591 0.521365 0.260948 -0.414001 0.0110606 -0.219224 -0.414001 0.0110606 -0.219224 
0.707909 0.519552 0.259949 -0.412428 0.0109506 -0.218392 -0.412428 0.0109506 -0.218392 
0.705248 0.517754 0.258957 -0.410867 0.0108419 -0.217565 -0.410867 0.0108419 -0.217565 
0.702607 0.515969 0.257973 -0.409318 0.0107345 -0.216746 -0.409318 0.0107345 -0.216746 
0.699987 0.514198 0.256996 -0.407782 0.0106284 -0.215933 -0.407782 0.0106284 -0.215933 
0.697386 0.51244 0.256027 -0.406257 0.0105234 -0.215126 -0.406257 0.0105234 -0.215126 
0.694805 0.510696 0.255065 -0.404745 0.0104197 -0.214325 -0.404745 0.0104197 -0.214325 
0.692243 0.508965 0.25411 -0.403244 0.0103172 -0.213531 -0.403244 0.0103172 -0.213531 
0.689701 0.507247 0.253162 -0.401756 0.0102158 -0.212743 -0.401756 0.0102158 -0.212743 
0.687177 0.505542 0.252222 -0.400278 0.0101157 -0.21196 -0.400278 0.0101157 -0.21196 
0.684673 0.50385 0.251288 -0.398812 0.0100166 -0.211184 -0.398812 0.0100166 -0.211184 
0.682187 0.50217 0.250361 -0.397358 0.00991871 -0.210414 -0.397358 0.00991871 -0.210414 
0.679719 0.500503 0.249441 -0.395914 0.00982192 -0.20965 -0.395914 0.00982192 -0.20965 
0.67727 0.498849 0.248528 -0.394482 0.00972623 -0.208891 -0.394482 0.00972623 -0.208891 
0.674839 0.497206 0.247622 -0.39306 0.00963162 -0.208138 -0.39306 0.00963162 -0.208138 
0.672425 0.495576 0.246722 -0.391649 0.00953808 -0.207391 -0.391649 0.00953808 -0.207391 
0.670029 0.493957 0.245829 -0.390249 0.0094456 -0.20665 -0.390249 0.0094456 -0.20665 
0.667651 0.49235 0.244942 -0.388859 0.00935415 -0.205914 -0.388859 0.00935415 -0.205914 
0.665289 0.490755 0.244061 -0.38748 0.00926372 -0.205183 -0.38748 0.00926372 -0.205183 
0.662945 0.489172 0.243187 -0.386111 0.00917431 -0.204458 -0.386111 0.00917431 -0.204458 
0.660617 0.4876 0.242319 -0.384752 0.00908589 -0.203738 -0.384752 0.00908589 -0.203738 
0.658307 0.486039 0.241457 -0.383404 0.00899846 -0.203024 -0.383404 0.00899846 -0.203024 
0.656012 0.48449 0.240602 -0.382065 0.00891199 -0.202315 -0.382065 0.00891199 -0.202315 
0.653735 0.482951 0.239752 -0.380736 0.00882648 -0.201611 -0.380736 0.00882648 -0.201611 
0.651473 0.481424 0.238909 -0.379417 0.00874191 -0.200912 -0.379417 0.00874191 -0.200912 
0.649227 0.479907 0.238071 -0.378108 0.00865827 -0.200218 -0.378108 0.00865827 -0.200218 
0.646997 0.478401 0.23724 -0.376808 0.00857555 -0.199529 -0.376808 0.00857555 -0.199529 
0.644783 0.476905 0.236414 -0.375517 0.00849373 -0.198845 -0.375517 0.00849373 -0.198845 
0.642584 0.47542 0.235594 -0.374236 0.0084128 -0.198166 -0.374236 0.0084128 -0.198166 
0.6404 0.473946 0.234779 -0.372964 0.00833276 -0.197492 -0.372964 0.00833276 -0.197492 
0.638232 0.472481 0.233971 -0.371701 0.00825358 -0.196823 -0.371701 0.00825358 -0.196823 
0.636079 0.471027 0.233168 -0.370448 0.00817526 -0.196159 -0.370448 0.00817526 -0.196159 
0.63394 0.469583 0.23237 -0.369203 0.00809779 -0.195499 -0.369203 0.00809779 -0.195499 
0.631817 0.468149 0.231578 -0.367967 0.00802115 -0.194844 -0.367967 0.00802115 -0.194844 
0.629707 0.466725 0.230791 -0.36674 0.00794534 -0.194193 -0.36674 0.00794534 -0.194193 
0.627613 0.46531 0.23001 -0.365521 0.00787033 -0.193548 -0.365521 0.00787033 -0.193548 
0.625532 0.463905 0.229234 -0.364311 0.00779613 -0.192906 -0.364311 0.00779613 -0.192906 
0.623466 0.462509 0.228463 -0.36311 0.00772272 -0.192269 -0.36311 0.00772272 -0.192269 
0.621413 0.461123 0.227697 -0.361916 0.00765009 -0.191637 -0.361916 0.00765009 -0.191637 
0.619375 0.459747 0.226937 -0.360732 0.00757823 -0.191009 -0.360732 0.00757823 -0.191009 
0.61735 0.458379 0.226182 -0.359555 0.00750713 -0.190385 -0.359555 0.00750713 -0.190385 
0.615339 0.457021 0.225431 -0.358387 0.00743678 -0.189765 -0.358387 0.00743678 -0.189765 
0.613341 0.455672 0.224686 -0.357226 0.00736717 -0.18915 -0.357226 0.00736717 -0.18915 
0.611356 0.454332 0.223946 -0.356074 0.00729829 -0.188539 -0.356074 0.00729829 -0.188539 
0.609385 0.453 0.22321 -0.354929 0.00723014 -0.187932 -0.354929 0.00723014 -0.187932 
0.607426 0.451678 0.22248 -0.353792 0.00716269 -0.18733 -0.353792 0.00716269 -0.18733 
0.605481 0.450364 0.221754 -0.352663 0.00709595 -0.186731 -0.352663 0.00709595 -0.186731 
0.603548 0.449058 0.221033 -0.351542 0.0070299 -0.186136 -0.351542 0.0070299 -0.186136 
0.601628 0.447762 0.220317 -0.350428 0.00696454 -0.185546 -0.350428 0.00696454 -0.185546 
0.59972 0.446473 0.219605 -0.349322 0.00689986 -0.184959 -0.349322 0.00689986 -0.184959 
0.597825 0.445193 0.218898 -0.348223 0.00683584 -0.184376 -0.348223 0.00683584 -0.184376 
0.595942 0.443922 0.218196 -0.347131 0.00677248 -0.183797 -0.347131 0.00677248 -0.183797 
0.594071 0.442658 0.217498 -0.346047 0.00670977 -0.183222 -0.346047 0.00670977 -0.183222 
0.592213 0.441403 0.216804 -0.34497 0.00664771 -0.182651 -0.34497 0.00664771 -0.182651 
0.590366 0.440155 0.216116 -0.3439 0.00658628 -0.182084 -0.3439 0.00658628 -0.182084 
0.588531 0.438916 0.215431 -0.342837 0.00652547 -0.18152 -0.342837 0.00652547 -0.18152 
0.586708 0.437685 0.214751 -0.341781 0.00646529 -0.18096 -0.341781 0.00646529 -0.18096 
0.584896 0.436461 0.214075 -0.340732 0.00640571 -0.180403 -0.340732 0.00640571 -0.180403 
0.583096 0.435245 0.213404 -0.33969 0.00634674 -0.179851 -0.33969 0.00634674 -0.179851 
0.581307 0.434037 0.212736 -0.338654 0.00628837 -0.179301 -0.338654 0.00628837 -0.179301 
0.57953 0.432836 0.212073 -0.337626 0.00623058 -0.178756 -0.337626 0.00623058 -0.178756 
0.577763 0.431643 0.211414 -0.336604 0.00617337 -0.178214 -0.336604 0.00617337 -0.178214 
0.576008 0.430457 0.21076 -0.335588 0.00611674 -0.177675 -0.335588 0.00611674 -0.177675 
0.574264 0.429278 0.210109 -0.334579 0.00606067 -0.17714 -0.334579 0.00606067 -0.17714 
0.57253 0.428107 0.209462 -0.333577 0.00600517 -0.176608 -0.333577 0.00600517 -0.176608 
0.570807 0.426943 0.20882 -0.332581 0.00595022 -0.176079 -0.332581 0.00595022 -0.176079 
0.569095 0.425786 0.208181 -0.331591 0.00589581 -0.175554 -0.331591 0.00589581 -0.175554 
0.567394 0.424637 0.207546 -0.330607 0.00584194 -0.175033 -0.330607 0.00584194 -0.175033 
0.565703 0.423494 0.206915 -0.32963 0.00578861 -0.174514 -0.32963 0.00578861 -0.174514 
0.564022 0.422358 0.206288 -0.328659 0.0057358 -0.173999 -0.328659 0.0057358 -0.173999 
0.562352 0.42123 0.205665 -0.327694 0.00568351 -0.173487 -0.327694 0.00568351 -0.173487 
0.560691 0.420108 0.205046 -0.326735 0.00563174 -0.172978 -0.326735 0.00563174 -0.172978 
0.559041 0.418992 0.204431 -0.325782 0.00558047 -0.172472 -0.325782 0.00558047 -0.172472 
0.557401 0.417884 0.203819 -0.324835 0.00552971 -0.17197 -0.324835 0.00552971 -0.17197 
0.55577 0.416782 0.203211 -0.323894 0.00547944 -0.171471 -0.323894 0.00547944 -0.171471 
0.55415 0.415687 0.202606 -0.322959 0.00542966 -0.170974 -0.322959 0.00542966 -0.170974 
0.552539 0.414598 0.202005 -0.322029 0.00538036 -0.170481 -0.322029 0.00538036 -0.170481 
0.550938 0.413516 0.201408 -0.321105 0.00533154 -0.169991 -0.321105 0.00533154 -0.169991 
0.549346 0.41244 0.200815 -0.320187 0.0052832 -0.169504 -0.320187 0.0052832 -0.169504 
0.547764 0.41137 0.200225 -0.319274 0.00523531 -0.169019 -0.319274 0.00523531 -0.169019 
0.546191 0.410307 0.199638 -0.318367 0.0051879 -0.168538 -0.318367 0.0051879 -0.168538 
0.544628 0.40925 0.199055 -0.317466 0.00514093 -0.168059 -0.317466 0.00514093 -0.168059 
0.543073 0.408199 0.198475 -0.316569 0.00509442 -0.167584 -0.316569 0.00509442 -0.167584 
0.541528 0.407154 0.197899 -0.315679 0.00504835 -0.167111 -0.315679 0.00504835 -0.167111 
0.539992 0.406116 0.197326 -0.314793 0.00500272 -0.166641 -0.314793 0.00500272 -0.166641 
0.538465 0.405083 0.196757 -0.313913 0.00495753 -0.166174 -0.313913 0.00495753 -0.166174 
0.536947 0.404056 0.19619 -0.313039 0.00491276 -0.16571 -0.313039 0.00491276 -0.16571 
0.535437 0.403035 0.195627 -0.312169 0.00486842 -0.165249 -0.312169 0.00486842 -0.165249 
0.533936 0.40202 0.195068 -0.311305 0.0048245 -0.16479 -0.311305 0.0048245 -0.16479 
0.532444 0.401011 0.194511 -0.310445 0.00478099 -0.164334 -0.310445 0.00478099 -0.164334 
0.530961 0.400008 0.193958 -0.309591 0.0047379 -0.16388 -0.309591 0.0047379 -0.16388 
0.529486 0.39901 0.193408 -0.308742 0.0046952 -0.16343 -0.308742 0.0046952 -0.16343 
0.528019 0.398018 0.192861 -0.307898 0.00465291 -0.162982 -0.307898 0.00465291 -0.162982 
0.526561 0.397031 0.192318 -0.307058 0.00461102 -0.162536 -0.307058 0.00461102 -0.162536 
0.525111 0.396051 0.191777 -0.306224 0.00456951 -0.162093 -0.306224 0.00456951 -0.162093 
0.52367 0.395075 0.19124 -0.305394 0.0045284 -0.161653 -0.305394 0.0045284 -0.161653 
0.522236 0.394105 0.190705 -0.30457 0.00448766 -0.161215 -0.30457 0.00448766 -0.161215 
0.520811 0.393141 0.190174 -0.30375 0.0044473 -0.16078 -0.30375 0.0044473 -0.16078 
0.519393 0.392181 0.189645 -0.302934 0.00440732 -0.160347 -0.302934 0.00440732 -0.160347 
0.517984 0.391227 0.18912 -0.302124 0.0043677 -0.159917 -0.302124 0.0043677 -0.159917 
0.516582 0.390279 0.188597 -0.301318 0.00432846 -0.159489 -0.301318 0.00432846 -0.159489 
0.515188 0.389335 0.188078 -0.300517 0.00428957 -0.159064 -0.300517 0.00428957 -0.159064 
0.513802 0.388397 0.187561 -0.29972 0.00425104 -0.158641 -0.29972 0.00425104 -0.158641 
0.512424 0.387464 0.187047 -0.298928 0.00421286 -0.15822 -0.298928 0.00421286 -0.15822 
0.511053 0.386536 0.186536 -0.29814 0.00417503 -0.157802 -0.29814 0.00417503 -0.157802 
0.50969 0.385613 0.186028 -0.297357 0.00413755 -0.157386 -0.297357 0.00413755 -0.157386 
0.508334 0.384695 0.185523 -0.296578 0.00410041 -0.156973 -0.296578 0.00410041 -0.156973 
0.506986 0.383782 0.18502 -0.295803 0.0040636 -0.156562 -0.295803 0.0040636 -0.156562 
0.505645 0.382874 0.18452 -0.295033 0.00402713 -0.156153 -0.295033 0.00402713 -0.156153 
0.504312 0.381971 0.184023 -0.294267 0.00399099 -0.155746 -0.294267 0.00399099 -0.155746 
0.502985 0.381073 0.183529 -0.293506 0.00395518 -0.155342 -0.293506 0.00395518 -0.155342 
0.501666 0.380179 0.183037 -0.292748 0.00391968 -0.15494 -0.292748 0.00391968 -0.15494 
0.500354 0.379291 0.182548 -0.291995 0.00388451 -0.15454 -0.291995 0.00388451 -0.15454 
0.499049 0.378407 0.182062 -0.291246 0.00384966 -0.154142 -0.291246 0.00384966 -0.154142 
0.497751 0.377527 0.181578 -0.290501 0.00381511 -0.153747 -0.290501 0.00381511 -0.153747 
0.49646 0.376653 0.181097 -0.28976 0.00378088 -0.153354 -0.28976 0.00378088 -0.153354 
0.495176 0.375782 0.180619 -0.289023 0.00374695 -0.152962 -0.289023 0.00374695 -0.152962 
0.493899 0.374917 0.180143 -0.28829 0.00371332 -0.152573 -0.28829 0.00371332 -0.152573 
0.492629 0.374056 0.179669 -0.287562 0.00367999 -0.152187 -0.287562 0.00367999 -0.152187 
0.491365 0.373199 0.179198 -0.286837 0.00364696 -0.151802 -0.286837 0.00364696 -0.151802 
0.490108 0.372347 0.17873 -0.286116 0.00361421 -0.151419 -0.286116 0.00361421 -0.151419 
0.488858 0.3715 0.178264 -0.285399 0.00358176 -0.151038 -0.285399 0.00358176 -0.151038 
0.487614 0.370657 0.177801 -0.284686 0.0035496 -0.15066 -0.284686 0.0035496 -0.15066 
0.486377 0.369818 0.17734 -0.283976 0.00351771 -0.150283 -0.283976 0.00351771 -0.150283 
0.485146 0.368983 0.176881 -0.283271 0.00348611 -0.149908 -0.283271 0.00348611 -0.149908 
0.483922 0.368153 0.176425 -0.282569 0.00345479 -0.149536 -0.282569 0.00345479 -0.149536 
0.482704 0.367327 0.175971 -0.281871 0.00342373 -0.149165 -0.281871 0.00342373 -0.149165 
0.481492 0.366505 0.17552 -0.281176 0.00339295 -0.148796 -0.281176 0.00339295 -0.148796 
0.480287 0.365688 0.175071 -0.280486 0.00336244 -0.14843 -0.280486 0.00336244 -0.14843 
0.479087 0.364874 0.174624 -0.279799 0.00333219 -0.148065 -0.279799 0.00333219 -0.148065 
0.477894 0.364065 0.17418 -0.279115 0.00330221 -0.147702 -0.279115 0.00330221 -0.147702 
0.476708 0.363259 0.173738 -0.278435 0.00327248 -0.147341 -0.278435 0.00327248 -0.147341 
0.475527 0.362458 0.173298 -0.277759 0.00324301 -0.146982 -0.277759 0.00324301 -0.146982 
0.474352 0.361661 0.17286 -0.277086 0.0032138 -0.146625 -0.277086 0.0032138 -0.146625 
0.473183 0.360868 0.172425 -0.276417 0.00318484 -0.146269 -0.276417 0.00318484 -0.146269 
0.47202 0.360079 0.171992 -0.275751 0.00315613 -0.145916 -0.275751 0.00315613 -0.145916 
0.470864 0.359293 0.171561 -0.275089 0.00312766 -0.145564 -0.275089 0.00312766 -0.145564 
0.469712 0.358512 0.171132 -0.27443 0.00309944 -0.145214 -0.27443 0.00309944 -0.145214 
0.468567 0.357734 0.170706 -0.273774 0.00307145 -0.144866 -0.273774 0.00307145 -0.144866 
0.467428 0.356961 0.170281 -0.273122 0.00304371 -0.14452 -0.273122 0.00304371 -0.14452 
0.466294 0.356191 0.169859 -0.272473 0.0030162 -0.144175 -0.272473 0.0030162 -0.144175 
0.465166 0.355425 0.169439 -0.271827 0.00298893 -0.143833 -0.271827 0.00298893 -0.143833 
0.464043 0.354662 0.169021 -0.271185 0.00296189 -0.143491 -0.271185 0.00296189 -0.143491 
0.462926 0.353904 0.168605 -0.270546 0.00293508 -0.143152 -0.270546 0.00293508 -0.143152 
0.461815 0.353149 0.168191 -0.26991 0.00290849 -0.142815 -0.26991 0.00290849 -0.142815 
0.460709 0.352397 0.16778 -0.269278 0.00288213 -0.142479 -0.269278 0.00288213 -0.142479 
0.459609 0.35165 0.16737 -0.268648 0.00285599 -0.142144 -0.268648 0.00285599 -0.142144 
0.458514 0.350906 0.166962 -0.268022 0.00283007 -0.141812 -0.268022 0.00283007 -0.141812 
0.457424 0.350165 0.166557 -0.267399 0.00280437 -0.141481 -0.267399 0.00280437 -0.141481 
0.45634 0.349428 0.166153 -0.266779 0.00277888 -0.141152 -0.266779 0.00277888 -0.141152 
0.455261 0.348695 0.165751 -0.266162 0.0027536 -0.140824 -0.266162 0.0027536 -0.140824 
0.454187 0.347965 0.165352 -0.265548 0.00272854 -0.140498 -0.265548 0.00272854 -0.140498 
0.453119 0.347239 0.164954 -0.264937 0.00270368 -0.140174 -0.264937 0.00270368 -0.140174 
0.452056 0.346516 0.164558 -0.264329 0.00267904 -0.139851 -0.264329 0.00267904 -0.139851 
0.450998 0.345796 0.164165 -0.263725 0.00265459 -0.13953 -0.263725 0.00265459 -0.13953 
0.449945 0.34508 0.163773 -0.263123 0.00263035 -0.139211 -0.263123 0.00263035 -0.139211 
0.448897 0.344367 0.163383 -0.262524 0.00260631 -0.138893 -0.262524 0.00260631 -0.138893 
0.447854 0.343658 0.162994 -0.261928 0.00258247 -0.138576 -0.261928 0.00258247 -0.138576 
0.446816 0.342952 0.162608 -0.261335 0.00255882 -0.138261 -0.261335 0.00255882 -0.138261 
0.445783 0.342249 0.162224 -0.260745 0.00253537 -0.137948 -0.260745 0.00253537 -0.137948 
0.444755 0.341549 0.161841 -0.260158 0.00251211 -0.137636 -0.260158 0.00251211 -0.137636 
0.443732 0.340853 0.161461 -0.259573 0.00248904 -0.137326 -0.259573 0.00248904 -0.137326 
0.442714 0.34016 0.161082 -0.258992 0.00246616 -0.137017 -0.258992 0.00246616 -0.137017 
0.4417 0.33947 0.160705 -0.258413 0.00244347 -0.136709 -0.258413 0.00244347 -0.136709 
0.440692 0.338784 0.160329 -0.257837 0.00242096 -0.136404 -0.257837 0.00242096 -0.136404 
0.439688 0.3381 0.159956 -0.257263 0.00239863 -0.136099 -0.257263 0.00239863 -0.136099 
0.438689 0.33742 0.159584 -0.256693 0.00237649 -0.135796 -0.256693 0.00237649 -0.135796 
0.437694 0.336743 0.159214 -0.256125 0.00235453 -0.135495 -0.256125 0.00235453 -0.135495 
0.436704 0.336069 0.158846 -0.25556 0.00233274 -0.135195 -0.25556 0.00233274 -0.135195 
0.435719 0.335398 0.158479 -0.254997 0.00231113 -0.134896 -0.254997 0.00231113 -0.134896 
0.434738 0.33473 0.158115 -0.254438 0.00228969 -0.134599 -0.254438 0.00228969 -0.134599 
0.433762 0.334065 0.157752 -0.253881 0.00226843 -0.134303 -0.253881 0.00226843 -0.134303 
0.432791 0.333403 0.15739 -0.253326 0.00224734 -0.134008 -0.253326 0.00224734 -0.134008 
0.431824 0.332744 0.15703 -0.252774 0.00222641 -0.133715 -0.252774 0.00222641 -0.133715 
0.430861 0.332088 0.156672 -0.252225 0.00220566 -0.133424 -0.252225 0.00220566 -0.133424 
0.429903 0.331434 0.156316 -0.251678 0.00218507 -0.133133 -0.251678 0.00218507 -0.133133 
0.428949 0.330784 0.155961 -0.251134 0.00216464 -0.132844 -0.251134 0.00216464 -0.132844 
0.428 0.330137 0.155608 -0.250592 0.00214438 -0.132557 -0.250592 0.00214438 -0.132557 
0.427055 0.329493 0.155257 -0.250053 0.00212428 -0.13227 -0.250053 0.00212428 -0.13227 
0.426114 0.328851 0.154907 -0.249516 0.00210433 -0.131985 -0.249516 0.00210433 -0.131985 
0.425177 0.328212 0.154559 -0.248982 0.00208455 -0.131702 -0.248982 0.00208455 -0.131702 
0.424245 0.327577 0.154212 -0.24845 0.00206492 -0.131419 -0.24845 0.00206492 -0.131419 
0.423317 0.326944 0.153867 -0.247921 0.00204545 -0.131138 -0.247921 0.00204545 -0.131138 
0.422393 0.326313 0.153524 -0.247394 0.00202613 -0.130858 -0.247394 0.00202613 -0.130858 
