781683 2.31171e+06 695768 -715233 -172211 -684998 -715233 -172211 -684998 
142142 116314 79047.3 -73056.8 -17676.3 -59367.2 -73056.8 -17676.3 -59367.2 
62056.6 54498.4 31287.1 -35538.4 -5402.77 -25716.9 -35538.4 -5402.77 -25716.9 
35048.6 32224.8 16962.3 -21253.2 -2326.17 -14683.5 -21253.2 -2326.17 -14683.5 
22625.6 21346.6 10675.7 -14209.8 -1166.59 -9554.14 -14209.8 -1166.59 -9554.14 
15840.6 15166.6 7337.36 -10182.4 -638.789 -6718.76 -10182.4 -638.789 -6718.76 
11715 11314.8 5347.86 -7654.6 -369.222 -4979.67 -7654.6 -369.222 -4979.67 
9015.05 8754.54 4066.21 -5962.27 -220.228 -3835.15 -5962.27 -220.228 -3835.15 
7150.74 6968.9 3192.62 -4773.72 -133.028 -3042.13 -4773.72 -133.028 -3042.13 
5809.43 5675.74 2570.98 -3907.33 -79.7755 -2470.42 -3907.33 -79.7755 -2470.42 
4812.46 4710.31 2113.32 -3256.62 -46.2038 -2045.03 -3256.62 -46.2038 -2045.03 
4051.51 3971.18 1766.96 -2755.72 -24.5371 -1720.21 -2755.72 -24.5371 -1720.21 
3457.76 3393.21 1498.72 -2362.11 -10.3226 -1466.74 -2362.11 -10.3226 -1466.74 
2985.75 2933.01 1286.94 -2047.3 -0.904548 -1265.29 -2047.3 -0.904548 -1265.29 
2604.47 2560.8 1116.91 -1791.69 5.35569 -1102.61 -1791.69 5.35569 -1102.61 
2292.16 2255.64 978.427 -1581.36 9.49846 -969.437 -1581.36 9.49846 -969.437 
2033.21 2002.42 864.198 -1406.27 12.2003 -859.075 -1406.27 12.2003 -859.075 
1816.18 1790.05 768.915 -1258.99 13.9106 -766.632 -1258.99 13.9106 -766.632 
1632.52 1610.22 688.639 -1133.96 14.9326 -688.452 -1133.96 14.9326 -688.452 
1475.75 1456.64 620.399 -1026.93 15.4748 -621.761 -1026.93 15.4748 -621.761 
1340.89 1324.46 561.919 -934.607 15.6816 -564.426 -934.607 15.6816 -564.426 
1224.06 1209.89 511.434 -854.432 15.6548 -514.783 -854.432 15.6548 -514.783 
1122.18 1109.94 467.56 -784.367 15.4663 -471.522 -784.367 15.4663 -471.522 
1032.82 1022.23 429.197 -722.785 15.1674 -433.598 -722.785 15.1674 -433.598 
954.006 944.84 395.462 -668.371 14.7951 -400.17 -668.371 14.7951 -400.17 
884.152 876.214 365.644 -620.056 14.3757 -370.558 -620.056 14.3757 -370.558 
821.947 815.075 339.16 -576.961 13.9284 -344.202 -576.961 13.9284 -344.202 
766.315 760.371 315.533 -538.361 13.467 -320.643 -538.361 13.467 -320.643 
716.359 711.227 294.366 -503.651 13.0013 -299.499 -503.651 13.0013 -299.499 
671.338 666.916 275.333 -472.328 12.5383 -280.453 -472.328 12.5383 -280.453 
630.62 626.821 258.156 -443.963 12.0829 -263.235 -443.963 12.0829 -263.235 
593.672 590.422 242.6 -418.193 11.6387 -247.618 -418.193 11.6387 -247.618 
560.04 557.273 228.467 -394.71 11.2079 -233.41 -394.71 11.2079 -233.41 
529.336 526.998 215.588 -373.25 10.7918 -220.444 -373.25 10.7918 -220.444 
501.229 499.269 203.819 -353.586 10.3914 -208.579 -353.586 10.3914 -208.579 
475.431 473.808 193.035 -335.52 10.0071 -197.694 -335.52 10.0071 -197.694 
451.695 450.37 183.128 -318.884 9.63878 -187.683 -318.884 9.63878 -187.683 
429.805 428.745 174.005 -303.528 9.28644 -178.454 -303.528 9.28644 -178.454 
409.572 408.748 165.586 -289.324 8.94967 -169.926 -289.324 8.94967 -169.926 
390.831 390.218 157.798 -276.159 8.62805 -162.031 -276.159 8.62805 -162.031 
373.438 373.013 150.58 -263.931 8.32103 -154.706 -263.931 8.32103 -154.706 
357.266 357.007 143.877 -252.554 8.02806 -147.898 -252.554 8.02806 -147.898 
342.2 342.091 137.641 -241.948 7.74852 -141.557 -241.948 7.74852 -141.557 
328.142 328.165 131.828 -232.046 7.48182 -135.643 -232.046 7.48182 -135.643 
315.001 315.143 126.401 -222.785 7.22735 -130.116 -222.785 7.22735 -130.116 
302.699 302.947 121.327 -214.11 6.98451 -124.945 -214.11 6.98451 -124.945 
291.165 291.507 116.574 -205.973 6.75272 -120.097 -205.973 6.75272 -120.097 
280.335 280.761 112.115 -198.328 6.53142 -115.547 -198.328 6.53142 -115.547 
270.152 270.652 107.928 -191.137 6.32006 -111.269 -191.137 6.32006 -111.269 
260.564 261.131 103.989 -184.363 6.11813 -107.244 -184.363 6.11813 -107.244 
251.525 252.151 100.279 -177.974 5.92514 -103.45 -177.974 5.92514 -103.45 
242.993 243.672 96.7802 -171.941 5.74061 -99.8696 -171.941 5.74061 -99.8696 
234.931 235.655 93.477 -166.238 5.56411 -96.4875 -166.238 5.56411 -96.4875 
227.303 228.068 90.3545 -160.841 5.3952 -93.2887 -160.841 5.3952 -93.2887 
220.078 220.879 87.3997 -155.727 5.2335 -90.2599 -155.727 5.2335 -90.2599 
213.228 214.06 84.6003 -150.876 5.07863 -87.3891 -150.876 5.07863 -87.3891 
206.727 207.586 81.9456 -146.271 4.93022 -84.6652 -146.271 4.93022 -84.6652 
200.55 201.433 79.4255 -141.895 4.78795 -82.0782 -141.895 4.78795 -82.0782 
194.677 195.58 77.0309 -137.732 4.65151 -79.6188 -137.732 4.65151 -79.6188 
189.087 190.007 74.7534 -133.769 4.52059 -77.2788 -133.769 4.52059 -77.2788 
183.761 184.696 72.5854 -129.993 4.39491 -75.0502 -129.993 4.39491 -75.0502 
178.683 179.63 70.5197 -126.391 4.27422 -72.926 -126.391 4.27422 -72.926 
173.838 174.795 68.55 -122.954 4.15826 -70.8995 -122.954 4.15826 -70.8995 
169.211 170.175 66.6701 -119.67 4.0468 -68.9648 -119.67 4.0468 -68.9648 
164.788 165.759 64.8745 -116.531 3.93961 -67.1162 -116.531 3.93961 -67.1162 
160.557 161.533 63.1582 -113.528 3.83649 -65.3486 -113.528 3.83649 -65.3486 
156.508 157.486 61.5164 -110.653 3.73723 -63.6572 -110.653 3.73723 -63.6572 
152.629 153.609 59.9447 -107.898 3.64167 -62.0375 -107.898 3.64167 -62.0375 
148.911 149.892 58.4392 -105.257 3.54961 -60.4854 -105.257 3.54961 -60.4854 
145.345 146.325 56.996 -102.724 3.4609 -58.9971 -102.724 3.4609 -58.9971 
141.922 142.901 55.6116 -100.292 3.37538 -57.5691 -100.292 3.37538 -57.5691 
138.635 139.611 54.2828 -97.9564 3.29289 -56.1981 -97.9564 3.29289 -56.1981 
135.476 136.449 53.0066 -95.7114 3.21332 -54.8809 -95.7114 3.21332 -54.8809 
132.438 133.407 51.7801 -93.5525 3.13651 -53.6148 -93.5525 3.13651 -53.6148 
129.516 130.48 50.6007 -91.475 3.06235 -52.397 -91.475 3.06235 -52.397 
126.702 127.662 49.466 -89.475 2.99072 -51.225 -89.475 2.99072 -51.225 
123.992 124.946 48.3736 -87.5484 2.92151 -50.0965 -87.5484 2.92151 -50.0965 
121.38 122.329 47.3214 -85.6915 2.85461 -49.0093 -85.6915 2.85461 -49.0093 
118.862 119.804 46.3074 -83.901 2.78992 -47.9613 -83.901 2.78992 -47.9613 
116.433 117.368 45.3298 -82.1735 2.72735 -46.9507 -82.1735 2.72735 -46.9507 
114.088 115.017 44.3866 -80.5061 2.66681 -45.9756 -80.5061 2.66681 -45.9756 
111.824 112.746 43.4763 -78.896 2.60822 -45.0343 -78.896 2.60822 -45.0343 
109.637 110.551 42.5974 -77.3403 2.55149 -44.1252 -77.3403 2.55149 -44.1252 
107.523 108.429 41.7482 -75.8367 2.49654 -43.2468 -75.8367 2.49654 -43.2468 
105.479 106.377 40.9275 -74.3827 2.44331 -42.3977 -74.3827 2.44331 -42.3977 
103.501 104.392 40.134 -72.9761 2.39172 -41.5766 -72.9761 2.39172 -41.5766 
101.587 102.47 39.3664 -71.6147 2.34171 -40.7822 -71.6147 2.34171 -40.7822 
99.7343 100.609 38.6235 -70.2967 2.29322 -40.0133 -70.2967 2.29322 -40.0133 
97.9395 98.8062 37.9044 -69.02 2.24618 -39.2688 -69.02 2.24618 -39.2688 
96.2005 97.0589 37.2078 -67.7829 2.20054 -38.5477 -67.7829 2.20054 -38.5477 
94.5147 95.365 36.533 -66.5838 2.15625 -37.8489 -66.5838 2.15625 -37.8489 
92.8801 93.7221 35.8788 -65.421 2.11325 -37.1715 -65.421 2.11325 -37.1715 
91.2943 92.1282 35.2446 -64.293 2.0715 -36.5146 -64.293 2.0715 -36.5146 
89.7555 90.5812 34.6294 -63.1985 2.03095 -35.8774 -63.1985 2.03095 -35.8774 
88.2618 89.0793 34.0324 -62.1359 1.99155 -35.259 -62.1359 1.99155 -35.259 
86.8112 87.6205 33.4529 -61.1041 1.95326 -34.6587 -61.1041 1.95326 -34.6587 
85.402 86.2033 32.8903 -60.1019 1.91604 -34.0758 -60.1019 1.91604 -34.0758 
84.0327 84.8259 32.3438 -59.1279 1.87986 -33.5096 -59.1279 1.87986 -33.5096 
82.7017 83.4869 31.8128 -58.1813 1.84467 -32.9593 -58.1813 1.84467 -32.9593 
81.4075 82.1848 31.2967 -57.2608 1.81044 -32.4245 -57.2608 1.81044 -32.4245 
80.1487 80.9181 30.7949 -56.3656 1.77713 -31.9045 -56.3656 1.77713 -31.9045 
78.9239 79.6855 30.3069 -55.4946 1.74472 -31.3987 -55.4946 1.74472 -31.3987 
77.7319 78.4858 29.8322 -54.647 1.71317 -30.9066 -54.647 1.71317 -30.9066 
76.5715 77.3178 29.3702 -53.8218 1.68245 -30.4278 -53.8218 1.68245 -30.4278 
75.4415 76.1802 28.9205 -53.0184 1.65254 -29.9616 -53.0184 1.65254 -29.9616 
74.3407 75.072 28.4826 -52.2358 1.6234 -29.5077 -52.2358 1.6234 -29.5077 
73.2683 73.9922 28.0562 -51.4733 1.59502 -29.0656 -51.4733 1.59502 -29.0656 
72.2231 72.9397 27.6407 -50.7303 1.56736 -28.6349 -50.7303 1.56736 -28.6349 
71.2041 71.9136 27.2359 -50.006 1.5404 -28.2152 -50.006 1.5404 -28.2152 
70.2106 70.913 26.8413 -49.2998 1.51412 -27.8061 -49.2998 1.51412 -27.8061 
69.2415 69.9369 26.4566 -48.611 1.4885 -27.4072 -48.611 1.4885 -27.4072 
68.2961 68.9846 26.0814 -47.9391 1.46351 -27.0181 -47.9391 1.46351 -27.0181 
67.3735 68.0553 25.7154 -47.2835 1.43913 -26.6387 -47.2835 1.43913 -26.6387 
66.473 67.1481 25.3583 -46.6436 1.41536 -26.2684 -46.6436 1.41536 -26.2684 
65.5939 66.2624 25.0098 -46.019 1.39215 -25.9071 -46.019 1.39215 -25.9071 
64.7354 65.3975 24.6696 -45.4091 1.36951 -25.5543 -45.4091 1.36951 -25.5543 
63.8969 64.5526 24.3375 -44.8134 1.34741 -25.2099 -44.8134 1.34741 -25.2099 
63.0777 63.7271 24.0132 -44.2315 1.32583 -24.8736 -44.2315 1.32583 -24.8736 
62.2772 62.9205 23.6963 -43.663 1.30476 -24.5451 -43.663 1.30476 -24.5451 
61.4948 62.132 23.3868 -43.1074 1.28418 -24.2241 -43.1074 1.28418 -24.2241 
60.73 61.3612 23.0843 -42.5643 1.26409 -23.9104 -42.5643 1.26409 -23.9104 
59.9822 60.6075 22.7886 -42.0333 1.24445 -23.6039 -42.0333 1.24445 -23.6039 
59.2508 59.8704 22.4996 -41.514 1.22527 -23.3042 -41.514 1.22527 -23.3042 
58.5354 59.1493 22.217 -41.0061 1.20652 -23.0111 -41.0061 1.20652 -23.0111 
57.8355 58.4439 21.9406 -40.5093 1.18819 -22.7245 -40.5093 1.18819 -22.7245 
57.1506 57.7535 21.6702 -40.0232 1.17028 -22.4441 -40.0232 1.17028 -22.4441 
56.4802 57.0777 21.4057 -39.5475 1.15277 -22.1698 -39.5475 1.15277 -22.1698 
55.824 56.4162 21.1468 -39.0818 1.13564 -21.9014 -39.0818 1.13564 -21.9014 
55.1815 55.7685 20.8934 -38.6259 1.11889 -21.6387 -38.6259 1.11889 -21.6387 
54.5523 55.1342 20.6454 -38.1795 1.10251 -21.3815 -38.1795 1.10251 -21.3815 
53.936 54.5129 20.4025 -37.7424 1.08648 -21.1297 -37.7424 1.08648 -21.1297 
53.3323 53.9043 20.1647 -37.3142 1.0708 -20.8832 -37.3142 1.0708 -20.8832 
52.7408 53.3079 19.9318 -36.8947 1.05545 -20.6417 -36.8947 1.05545 -20.6417 
52.1611 52.7235 19.7036 -36.4836 1.04044 -20.4051 -36.4836 1.04044 -20.4051 
51.593 52.1507 19.48 -36.0808 1.02574 -20.1733 -36.0808 1.02574 -20.1733 
51.036 51.5892 19.261 -35.6859 1.01135 -19.9462 -35.6859 1.01135 -19.9462 
50.4899 51.0387 19.0462 -35.2989 0.997256 -19.7236 -35.2989 0.997256 -19.7236 
49.9545 50.4988 18.8357 -34.9193 0.983459 -19.5054 -34.9193 0.983459 -19.5054 
49.4293 49.9693 18.6294 -34.5472 0.969946 -19.2915 -34.5472 0.969946 -19.2915 
48.9141 49.4499 18.427 -34.1822 0.956712 -19.0818 -34.1822 0.956712 -19.0818 
48.4088 48.9404 18.2286 -33.8241 0.943747 -18.8761 -33.8241 0.943747 -18.8761 
47.9129 48.4405 18.0339 -33.4728 0.931045 -18.6743 -33.4728 0.931045 -18.6743 
47.4262 47.9498 17.8429 -33.1281 0.918599 -18.4764 -33.1281 0.918599 -18.4764 
46.9486 47.4683 17.6556 -32.7898 0.906402 -18.2822 -32.7898 0.906402 -18.2822 
46.4797 46.9956 17.4717 -32.4578 0.894448 -18.0917 -32.4578 0.894448 -18.0917 
46.0194 46.5315 17.2913 -32.1319 0.882732 -17.9047 -32.1319 0.882732 -17.9047 
45.5674 46.0758 17.1141 -31.8119 0.871245 -17.7211 -31.8119 0.871245 -17.7211 
45.1236 45.6283 16.9403 -31.4977 0.859984 -17.541 -31.4977 0.859984 -17.541 
44.6876 45.1888 16.7695 -31.1892 0.848942 -17.3641 -31.1892 0.848942 -17.3641 
44.2594 44.7571 16.6019 -30.8861 0.838113 -17.1904 -30.8861 0.838113 -17.1904 
43.8386 44.333 16.4372 -30.5885 0.827493 -17.0198 -30.5885 0.827493 -17.0198 
43.4252 43.9162 16.2755 -30.296 0.817076 -16.8522 -30.296 0.817076 -16.8522 
43.019 43.5067 16.1166 -30.0086 0.806857 -16.6876 -30.0086 0.806857 -16.6876 
42.6197 43.1042 15.9605 -29.7263 0.796832 -16.5259 -29.7263 0.796832 -16.5259 
42.2273 42.7087 15.8071 -29.4487 0.786995 -16.3671 -29.4487 0.786995 -16.3671 
41.8415 42.3198 15.6564 -29.1759 0.777342 -16.211 -29.1759 0.777342 -16.211 
41.4622 41.9374 15.5083 -28.9078 0.767869 -16.0575 -28.9078 0.767869 -16.0575 
41.0892 41.5615 15.3626 -28.6441 0.758572 -15.9067 -28.6441 0.758572 -15.9067 
40.7224 41.1918 15.2195 -28.3849 0.749445 -15.7584 -28.3849 0.749445 -15.7584 
40.3617 40.8282 15.0787 -28.13 0.740486 -15.6127 -28.13 0.740486 -15.6127 
40.0069 40.4706 14.9403 -27.8793 0.731689 -15.4694 -27.8793 0.731689 -15.4694 
39.6578 40.1188 14.8042 -27.6327 0.723052 -15.3284 -27.6327 0.723052 -15.3284 
39.3143 39.7727 14.6703 -27.3901 0.714571 -15.1898 -27.3901 0.714571 -15.1898 
38.9764 39.4321 14.5386 -27.1514 0.706241 -15.0535 -27.1514 0.706241 -15.0535 
38.6439 39.097 14.4091 -26.9165 0.698061 -14.9193 -26.9165 0.698061 -14.9193 
38.3166 38.7672 14.2816 -26.6855 0.690025 -14.7874 -26.6855 0.690025 -14.7874 
37.9944 38.4426 14.1562 -26.458 0.682131 -14.6576 -26.458 0.682131 -14.6576 
37.6773 38.123 14.0328 -26.2342 0.674376 -14.5298 -26.2342 0.674376 -14.5298 
37.3651 37.8084 13.9113 -26.0138 0.666756 -14.4041 -26.0138 0.666756 -14.4041 
37.0577 37.4987 13.7917 -25.7969 0.659268 -14.2804 -25.7969 0.659268 -14.2804 
36.755 37.1937 13.674 -25.5834 0.65191 -14.1586 -25.5834 0.65191 -14.1586 
36.4569 36.8934 13.5582 -25.3731 0.644679 -14.0387 -25.3731 0.644679 -14.0387 
36.1633 36.5977 13.4441 -25.166 0.637571 -13.9206 -25.166 0.637571 -13.9206 
35.8742 36.3063 13.3318 -24.962 0.630584 -13.8044 -24.962 0.630584 -13.8044 
35.5893 36.0194 13.2211 -24.7612 0.623716 -13.69 -24.7612 0.623716 -13.69 
35.3087 35.7367 13.1122 -24.5633 0.616963 -13.5773 -24.5633 0.616963 -13.5773 
35.0322 35.4582 13.0049 -24.3684 0.610324 -13.4663 -24.3684 0.610324 -13.4663 
34.7597 35.1838 12.8992 -24.1763 0.603796 -13.3569 -24.1763 0.603796 -13.3569 
34.4912 34.9133 12.795 -23.9871 0.597376 -13.2492 -23.9871 0.597376 -13.2492 
34.2266 34.6468 12.6924 -23.8007 0.591062 -13.1431 -23.8007 0.591062 -13.1431 
33.9658 34.3842 12.5914 -23.6169 0.584852 -13.0385 -23.6169 0.584852 -13.0385 
33.7088 34.1253 12.4917 -23.4358 0.578744 -12.9355 -23.4358 0.578744 -12.9355 
33.4553 33.8701 12.3936 -23.2573 0.572736 -12.834 -23.2573 0.572736 -12.834 
33.2055 33.6185 12.2968 -23.0814 0.566824 -12.734 -23.0814 0.566824 -12.734 
32.9592 33.3704 12.2014 -22.9079 0.561009 -12.6354 -22.9079 0.561009 -12.6354 
32.7163 33.1259 12.1074 -22.7369 0.555286 -12.5382 -22.7369 0.555286 -12.5382 
32.4767 32.8847 12.0148 -22.5683 0.549656 -12.4423 -22.5683 0.549656 -12.4423 
32.2405 32.6468 11.9234 -22.402 0.544114 -12.3479 -22.402 0.544114 -12.3479 
32.0075 32.4122 11.8333 -22.238 0.538661 -12.2548 -22.238 0.538661 -12.2548 
31.7777 32.1809 11.7444 -22.0763 0.533294 -12.1629 -22.0763 0.533294 -12.1629 
31.5509 31.9526 11.6568 -21.9168 0.52801 -12.0724 -21.9168 0.52801 -12.0724 
31.3273 31.7275 11.5704 -21.7595 0.52281 -11.9831 -21.7595 0.52281 -11.9831 
31.1066 31.5054 11.4852 -21.6043 0.51769 -11.895 -21.6043 0.51769 -11.895 
30.8889 31.2862 11.4011 -21.4512 0.51265 -11.8081 -21.4512 0.51265 -11.8081 
30.674 31.07 11.3182 -21.3001 0.507687 -11.7224 -21.3001 0.507687 -11.7224 
30.462 30.8566 11.2364 -21.151 0.5028 -11.6379 -21.151 0.5028 -11.6379 
30.2528 30.646 11.1557 -21.004 0.497988 -11.5545 -21.004 0.497988 -11.5545 
30.0463 30.4382 11.076 -20.8588 0.493249 -11.4722 -20.8588 0.493249 -11.4722 
29.8424 30.233 10.9974 -20.7155 0.488582 -11.3911 -20.7155 0.488582 -11.3911 
29.6412 30.0306 10.9199 -20.5742 0.483985 -11.3109 -20.5742 0.483985 -11.3109 
29.4425 29.8307 10.8433 -20.4346 0.479457 -11.2319 -20.4346 0.479457 -11.2319 
29.2464 29.6333 10.7678 -20.2968 0.474997 -11.1539 -20.2968 0.474997 -11.1539 
29.0528 29.4385 10.6932 -20.1608 0.470603 -11.0768 -20.1608 0.470603 -11.0768 
28.8616 29.2461 10.6196 -20.0265 0.466274 -11.0008 -20.0265 0.466274 -11.0008 
28.6728 29.0562 10.5469 -19.894 0.462009 -10.9258 -19.894 0.462009 -10.9258 
28.4863 28.8686 10.4752 -19.7631 0.457807 -10.8517 -19.7631 0.457807 -10.8517 
28.3022 28.6834 10.4044 -19.6338 0.453666 -10.7786 -19.6338 0.453666 -10.7786 
28.1203 28.5004 10.3344 -19.5061 0.449585 -10.7064 -19.5061 0.449585 -10.7064 
27.9406 28.3197 10.2654 -19.3801 0.445563 -10.6351 -19.3801 0.445563 -10.6351 
27.7632 28.1412 10.1972 -19.2556 0.441599 -10.5647 -19.2556 0.441599 -10.5647 
27.5879 27.9649 10.1298 -19.1326 0.437693 -10.4952 -19.1326 0.437693 -10.4952 
27.4147 27.7907 10.0633 -19.0111 0.433842 -10.4265 -19.0111 0.433842 -10.4265 
27.2436 27.6186 9.99757 -18.891 0.430046 -10.3587 -18.891 0.430046 -10.3587 
27.0745 27.4486 9.93267 -18.7725 0.426303 -10.2917 -18.7725 0.426303 -10.2917 
26.9074 27.2806 9.86855 -18.6553 0.422614 -10.2255 -18.6553 0.422614 -10.2255 
26.7423 27.1146 9.80521 -18.5396 0.418977 -10.1602 -18.5396 0.418977 -10.1602 
26.5792 26.9506 9.74263 -18.4252 0.41539 -10.0956 -18.4252 0.41539 -10.0956 
26.4179 26.7885 9.6808 -18.3122 0.411854 -10.0318 -18.3122 0.411854 -10.0318 
26.2586 26.6282 9.61971 -18.2005 0.408366 -9.96877 -18.2005 0.408366 -9.96877 
26.1011 26.4699 9.55934 -18.0901 0.404927 -9.90649 -18.0901 0.404927 -9.90649 
25.9453 26.3133 9.49968 -17.981 0.401535 -9.84494 -17.981 0.401535 -9.84494 
25.7914 26.1586 9.44073 -17.8732 0.39819 -9.78413 -17.8732 0.39819 -9.78413 
25.6393 26.0056 9.38246 -17.7666 0.39489 -9.72402 -17.7666 0.39489 -9.72402 
25.4888 25.8544 9.32487 -17.6612 0.391636 -9.66462 -17.6612 0.391636 -9.66462 
25.3401 25.7049 9.26794 -17.5571 0.388425 -9.60591 -17.5571 0.388425 -9.60591 
25.193 25.5571 9.21167 -17.4541 0.385258 -9.54787 -17.4541 0.385258 -9.54787 
25.0476 25.4109 9.15604 -17.3523 0.382133 -9.49051 -17.3523 0.382133 -9.49051 
24.9038 25.2664 9.10104 -17.2516 0.37905 -9.4338 -17.2516 0.37905 -9.4338 
24.7615 25.1235 9.04667 -17.1521 0.376008 -9.37773 -17.1521 0.376008 -9.37773 
24.6209 24.9821 8.99292 -17.0537 0.373007 -9.3223 -17.0537 0.373007 -9.3223 
24.4818 24.8423 8.93976 -16.9563 0.370045 -9.2675 -16.9563 0.370045 -9.2675 
24.3442 24.7041 8.8872 -16.86 0.367122 -9.21331 -16.86 0.367122 -9.21331 
24.2081 24.5673 8.83523 -16.7648 0.364238 -9.15973 -16.7648 0.364238 -9.15973 
24.0735 24.432 8.78383 -16.6707 0.361391 -9.10675 -16.6707 0.361391 -9.10675 
23.9403 24.2982 8.73299 -16.5775 0.358581 -9.05435 -16.5775 0.358581 -9.05435 
23.8085 24.1658 8.68272 -16.4854 0.355808 -9.00252 -16.4854 0.355808 -9.00252 
23.6782 24.0349 8.63299 -16.3942 0.353071 -8.95127 -16.3942 0.353071 -8.95127 
23.5492 23.9053 8.5838 -16.3041 0.350368 -8.90058 -16.3041 0.350368 -8.90058 
23.4216 23.7771 8.53515 -16.2149 0.347701 -8.85043 -16.2149 0.347701 -8.85043 
23.2953 23.6503 8.48701 -16.1266 0.345067 -8.80083 -16.1266 0.345067 -8.80083 
23.1704 23.5248 8.4394 -16.0393 0.342467 -8.75176 -16.0393 0.342467 -8.75176 
23.0467 23.4006 8.39229 -15.9529 0.3399 -8.70322 -15.9529 0.3399 -8.70322 
22.9244 23.2777 8.34568 -15.8674 0.337365 -8.6552 -15.8674 0.337365 -8.6552 
22.8033 23.156 8.29956 -15.7828 0.334862 -8.60769 -15.7828 0.334862 -8.60769 
22.6834 23.0357 8.25393 -15.6991 0.332391 -8.56067 -15.6991 0.332391 -8.56067 
22.5648 22.9165 8.20878 -15.6162 0.32995 -8.51416 -15.6162 0.32995 -8.51416 
22.4474 22.7986 8.1641 -15.5342 0.327539 -8.46813 -15.5342 0.327539 -8.46813 
22.3311 22.6819 8.11988 -15.453 0.325158 -8.42258 -15.453 0.325158 -8.42258 
22.216 22.5663 8.07612 -15.3727 0.322807 -8.3775 -15.3727 0.322807 -8.3775 
22.1021 22.4519 8.03281 -15.2932 0.320485 -8.33289 -15.2932 0.320485 -8.33289 
21.9894 22.3387 7.98994 -15.2144 0.318191 -8.28874 -15.2144 0.318191 -8.28874 
21.8777 22.2266 7.94751 -15.1365 0.315924 -8.24504 -15.1365 0.315924 -8.24504 
21.7671 22.1156 7.90551 -15.0594 0.313686 -8.20178 -15.0594 0.313686 -8.20178 
21.6577 22.0057 7.86393 -14.983 0.311474 -8.15897 -14.983 0.311474 -8.15897 
21.5493 21.8968 7.82278 -14.9074 0.309289 -8.11658 -14.9074 0.309289 -8.11658 
21.442 21.7891 7.78203 -14.8325 0.307131 -8.07463 -14.8325 0.307131 -8.07463 
21.3357 21.6824 7.74169 -14.7583 0.304998 -8.03309 -14.7583 0.304998 -8.03309 
21.2304 21.5767 7.70176 -14.6849 0.30289 -7.99197 -14.6849 0.30289 -7.99197 
21.1262 21.4721 7.66221 -14.6122 0.300808 -7.95126 -14.6122 0.300808 -7.95126 
21.023 21.3684 7.62306 -14.5403 0.29875 -7.91095 -14.5403 0.29875 -7.91095 
20.9207 21.2658 7.58429 -14.469 0.296716 -7.87103 -14.469 0.296716 -7.87103 
20.8194 21.1641 7.5459 -14.3984 0.294707 -7.83151 -14.3984 0.294707 -7.83151 
20.7191 21.0634 7.50788 -14.3284 0.29272 -7.79238 -14.3284 0.29272 -7.79238 
20.6198 20.9637 7.47023 -14.2592 0.290757 -7.75362 -14.2592 0.290757 -7.75362 
20.5213 20.8649 7.43294 -14.1906 0.288817 -7.71524 -14.1906 0.288817 -7.71524 
20.4238 20.767 7.39602 -14.1226 0.286899 -7.67723 -14.1226 0.286899 -7.67723 
20.3272 20.6701 7.35944 -14.0553 0.285003 -7.63958 -14.0553 0.285003 -7.63958 
20.2315 20.574 7.32321 -13.9886 0.283129 -7.6023 -13.9886 0.283129 -7.6023 
20.1367 20.4789 7.28733 -13.9226 0.281277 -7.56537 -13.9226 0.281277 -7.56537 
20.0427 20.3846 7.25178 -13.8571 0.279445 -7.52879 -13.8571 0.279445 -7.52879 
19.9496 20.2912 7.21657 -13.7923 0.277635 -7.49255 -13.7923 0.277635 -7.49255 
19.8574 20.1986 7.18169 -13.728 0.275844 -7.45666 -13.728 0.275844 -7.45666 
19.766 20.1069 7.14713 -13.6644 0.274074 -7.4211 -13.6644 0.274074 -7.4211 
19.6754 20.016 7.1129 -13.6013 0.272324 -7.38587 -13.6013 0.272324 -7.38587 
19.5857 19.9259 7.07898 -13.5388 0.270594 -7.35097 -13.5388 0.270594 -7.35097 
19.4967 19.8367 7.04537 -13.4769 0.268882 -7.3164 -13.4769 0.268882 -7.3164 
19.4086 19.7482 7.01207 -13.4156 0.26719 -7.28214 -13.4156 0.26719 -7.28214 
19.3212 19.6605 6.97908 -13.3547 0.265517 -7.24819 -13.3547 0.265517 -7.24819 
19.2346 19.5737 6.94639 -13.2945 0.263862 -7.21456 -13.2945 0.263862 -7.21456 
19.1488 19.4875 6.91399 -13.2348 0.262225 -7.18123 -13.2348 0.262225 -7.18123 
19.0637 19.4022 6.88188 -13.1756 0.260606 -7.1482 -13.1756 0.260606 -7.1482 
18.9793 19.3176 6.85007 -13.1169 0.259005 -7.11547 -13.1169 0.259005 -7.11547 
18.8957 19.2337 6.81854 -13.0587 0.257421 -7.08304 -13.0587 0.257421 -7.08304 
18.8129 19.1506 6.78729 -13.0011 0.255854 -7.0509 -13.0011 0.255854 -7.0509 
18.7307 19.0681 6.75631 -12.944 0.254304 -7.01904 -12.944 0.254304 -7.01904 
18.6493 18.9864 6.72562 -12.8873 0.252771 -6.98747 -12.8873 0.252771 -6.98747 
18.5685 18.9054 6.69519 -12.8312 0.251255 -6.95617 -12.8312 0.251255 -6.95617 
18.4885 18.8251 6.66503 -12.7755 0.249754 -6.92515 -12.7755 0.249754 -6.92515 
18.4091 18.7455 6.63513 -12.7203 0.24827 -6.89441 -12.7203 0.24827 -6.89441 
18.3304 18.6666 6.6055 -12.6656 0.246801 -6.86393 -12.6656 0.246801 -6.86393 
18.2524 18.5883 6.57612 -12.6114 0.245348 -6.83372 -12.6114 0.245348 -6.83372 
18.175 18.5107 6.54699 -12.5576 0.24391 -6.80377 -12.5576 0.24391 -6.80377 
18.0983 18.4337 6.51812 -12.5043 0.242487 -6.77407 -12.5043 0.242487 -6.77407 
18.0222 18.3574 6.48949 -12.4514 0.241079 -6.74464 -12.4514 0.241079 -6.74464 
17.9468 18.2817 6.46111 -12.399 0.239686 -6.71546 -12.399 0.239686 -6.71546 
17.8719 18.2067 6.43297 -12.347 0.238307 -6.68652 -12.347 0.238307 -6.68652 
17.7977 18.1323 6.40507 -12.2955 0.236943 -6.65783 -12.2955 0.236943 -6.65783 
17.7241 18.0585 6.37741 -12.2443 0.235592 -6.62939 -12.2443 0.235592 -6.62939 
17.6511 17.9852 6.34997 -12.1936 0.234256 -6.60119 -12.1936 0.234256 -6.60119 
17.5787 17.9126 6.32277 -12.1434 0.232933 -6.57322 -12.1434 0.232933 -6.57322 
17.5069 17.8406 6.2958 -12.0935 0.231624 -6.54549 -12.0935 0.231624 -6.54549 
17.4357 17.7692 6.26905 -12.044 0.230328 -6.51798 -12.044 0.230328 -6.51798 
17.3651 17.6983 6.24252 -11.995 0.229045 -6.49071 -11.995 0.229045 -6.49071 
17.295 17.628 6.21621 -11.9463 0.227775 -6.46367 -11.9463 0.227775 -6.46367 
17.2255 17.5583 6.19012 -11.8981 0.226518 -6.43684 -11.8981 0.226518 -6.43684 
17.1565 17.4892 6.16424 -11.8502 0.225274 -6.41024 -11.8502 0.225274 -6.41024 
17.0881 17.4206 6.13857 -11.8027 0.224042 -6.38386 -11.8027 0.224042 -6.38386 
17.0202 17.3525 6.11311 -11.7556 0.222822 -6.35769 -11.7556 0.222822 -6.35769 
16.9529 17.285 6.08786 -11.7089 0.221614 -6.33173 -11.7089 0.221614 -6.33173 
16.8861 17.218 6.06281 -11.6625 0.220419 -6.30599 -11.6625 0.220419 -6.30599 
16.8198 17.1515 6.03797 -11.6165 0.219235 -6.28045 -11.6165 0.219235 -6.28045 
16.754 17.0856 6.01332 -11.5709 0.218063 -6.25512 -11.5709 0.218063 -6.25512 
16.6888 17.0201 5.98887 -11.5256 0.216902 -6.22999 -11.5256 0.216902 -6.22999 
16.624 16.9552 5.96462 -11.4807 0.215752 -6.20506 -11.4807 0.215752 -6.20506 
16.5598 16.8908 5.94055 -11.4362 0.214614 -6.18033 -11.4362 0.214614 -6.18033 
16.4961 16.8268 5.91668 -11.3919 0.213487 -6.15579 -11.3919 0.213487 -6.15579 
16.4328 16.7634 5.893 -11.3481 0.212371 -6.13145 -11.3481 0.212371 -6.13145 
16.37 16.7005 5.8695 -11.3045 0.211266 -6.1073 -11.3045 0.211266 -6.1073 
16.3077 16.638 5.84619 -11.2613 0.210171 -6.08334 -11.2613 0.210171 -6.08334 
16.2459 16.576 5.82305 -11.2185 0.209086 -6.05957 -11.2185 0.209086 -6.05957 
16.1845 16.5145 5.8001 -11.1759 0.208012 -6.03598 -11.1759 0.208012 -6.03598 
16.1236 16.4534 5.77733 -11.1337 0.206949 -6.01258 -11.1337 0.206949 -6.01258 
16.0632 16.3928 5.75473 -11.0918 0.205895 -5.98936 -11.0918 0.205895 -5.98936 
16.0032 16.3326 5.7323 -11.0502 0.204851 -5.96631 -11.0502 0.204851 -5.96631 
15.9437 16.2729 5.71005 -11.009 0.203817 -5.94345 -11.009 0.203817 -5.94345 
15.8846 16.2137 5.68797 -10.968 0.202793 -5.92075 -10.968 0.202793 -5.92075 
15.8259 16.1549 5.66605 -10.9274 0.201778 -5.89823 -10.9274 0.201778 -5.89823 
15.7677 16.0965 5.6443 -10.887 0.200773 -5.87588 -10.887 0.200773 -5.87588 
15.7099 16.0385 5.62272 -10.847 0.199777 -5.85371 -10.847 0.199777 -5.85371 
15.6525 15.981 5.60129 -10.8072 0.198791 -5.83169 -10.8072 0.198791 -5.83169 
15.5956 15.9239 5.58003 -10.7678 0.197813 -5.80985 -10.7678 0.197813 -5.80985 
15.539 15.8672 5.55893 -10.7286 0.196845 -5.78816 -10.7286 0.196845 -5.78816 
15.4829 15.8109 5.53798 -10.6897 0.195885 -5.76664 -10.6897 0.195885 -5.76664 
15.4272 15.755 5.51719 -10.6511 0.194934 -5.74528 -10.6511 0.194934 -5.74528 
15.3719 15.6996 5.49656 -10.6128 0.193992 -5.72408 -10.6128 0.193992 -5.72408 
15.3169 15.6445 5.47607 -10.5748 0.193059 -5.70303 -10.5748 0.193059 -5.70303 
15.2624 15.5898 5.45574 -10.537 0.192133 -5.68214 -10.537 0.192133 -5.68214 
15.2083 15.5355 5.43556 -10.4995 0.191217 -5.66141 -10.4995 0.191217 -5.66141 
15.1545 15.4816 5.41552 -10.4623 0.190308 -5.64082 -10.4623 0.190308 -5.64082 
15.1011 15.4281 5.39563 -10.4254 0.189408 -5.62038 -10.4254 0.189408 -5.62038 
15.0481 15.375 5.37588 -10.3887 0.188515 -5.6001 -10.3887 0.188515 -5.6001 
14.9955 15.3222 5.35628 -10.3522 0.187631 -5.57996 -10.3522 0.187631 -5.57996 
14.9433 15.2698 5.33681 -10.3161 0.186754 -5.55996 -10.3161 0.186754 -5.55996 
14.8914 15.2177 5.31749 -10.2802 0.185885 -5.54011 -10.2802 0.185885 -5.54011 
14.8398 15.1661 5.29831 -10.2445 0.185024 -5.5204 -10.2445 0.185024 -5.5204 
14.7887 15.1148 5.27926 -10.2091 0.184171 -5.50083 -10.2091 0.184171 -5.50083 
14.7378 15.0638 5.26035 -10.1739 0.183325 -5.4814 -10.1739 0.183325 -5.4814 
14.6874 15.0132 5.24157 -10.139 0.182486 -5.46211 -10.139 0.182486 -5.46211 
14.6373 14.9629 5.22292 -10.1043 0.181655 -5.44295 -10.1043 0.181655 -5.44295 
14.5875 14.913 5.20441 -10.0699 0.18083 -5.42393 -10.0699 0.18083 -5.42393 
14.538 14.8634 5.18602 -10.0357 0.180013 -5.40505 -10.0357 0.180013 -5.40505 
14.4889 14.8142 5.16777 -10.0017 0.179203 -5.38629 -10.0017 0.179203 -5.38629 
14.4402 14.7653 5.14964 -9.96798 0.1784 -5.36767 -9.96798 0.1784 -5.36767 
14.3917 14.7167 5.13164 -9.93448 0.177604 -5.34918 -9.93448 0.177604 -5.34918 
14.3436 14.6685 5.11376 -9.9012 0.176815 -5.33081 -9.9012 0.176815 -5.33081 
14.2958 14.6206 5.096 -9.86815 0.176032 -5.31257 -9.86815 0.176032 -5.31257 
14.2484 14.573 5.07837 -9.83533 0.175256 -5.29446 -9.83533 0.175256 -5.29446 
14.2012 14.5257 5.06086 -9.80272 0.174487 -5.27647 -9.80272 0.174487 -5.27647 
14.1544 14.4787 5.04347 -9.77034 0.173724 -5.2586 -9.77034 0.173724 -5.2586 
14.1079 14.432 5.0262 -9.73817 0.172967 -5.24086 -9.73817 0.172967 -5.24086 
14.0616 14.3857 5.00904 -9.70621 0.172217 -5.22324 -9.70621 0.172217 -5.22324 
14.0157 14.3396 4.992 -9.67447 0.171473 -5.20573 -9.67447 0.171473 -5.20573 
13.9701 14.2939 4.97508 -9.64294 0.170736 -5.18835 -9.64294 0.170736 -5.18835 
13.9248 14.2485 4.95827 -9.61162 0.170004 -5.17108 -9.61162 0.170004 -5.17108 
13.8798 14.2033 4.94157 -9.5805 0.169279 -5.15393 -9.5805 0.169279 -5.15393 
13.8351 14.1585 4.92498 -9.54959 0.168559 -5.13689 -9.54959 0.168559 -5.13689 
13.7906 14.1139 4.90851 -9.51888 0.167845 -5.11996 -9.51888 0.167845 -5.11996 
13.7465 14.0696 4.89214 -9.48837 0.167138 -5.10315 -9.48837 0.167138 -5.10315 
13.7026 14.0256 4.87589 -9.45806 0.166436 -5.08645 -9.45806 0.166436 -5.08645 
13.659 13.9819 4.85974 -9.42795 0.165739 -5.06986 -9.42795 0.165739 -5.06986 
13.6157 13.9385 4.84369 -9.39803 0.165049 -5.05338 -9.39803 0.165049 -5.05338 
13.5727 13.8953 4.82775 -9.3683 0.164364 -5.03701 -9.3683 0.164364 -5.03701 
13.53 13.8525 4.81192 -9.33877 0.163684 -5.02074 -9.33877 0.163684 -5.02074 
13.4875 13.8099 4.79619 -9.30942 0.16301 -5.00458 -9.30942 0.16301 -5.00458 
13.4453 13.7675 4.78056 -9.28026 0.162342 -4.98853 -9.28026 0.162342 -4.98853 
13.4033 13.7255 4.76504 -9.25129 0.161678 -4.97258 -9.25129 0.161678 -4.97258 
13.3617 13.6837 4.74961 -9.2225 0.161021 -4.95673 -9.2225 0.161021 -4.95673 
13.3203 13.6421 4.73428 -9.1939 0.160368 -4.94099 -9.1939 0.160368 -4.94099 
13.2791 13.6008 4.71906 -9.16547 0.15972 -4.92534 -9.16547 0.15972 -4.92534 
13.2382 13.5598 4.70392 -9.13722 0.159078 -4.9098 -9.13722 0.159078 -4.9098 
13.1976 13.519 4.68889 -9.10915 0.15844 -4.89436 -9.10915 0.15844 -4.89436 
13.1572 13.4785 4.67395 -9.08126 0.157808 -4.87901 -9.08126 0.157808 -4.87901 
13.117 13.4382 4.65911 -9.05354 0.157181 -4.86376 -9.05354 0.157181 -4.86376 
13.0771 13.3982 4.64436 -9.02599 0.156558 -4.84861 -9.02599 0.156558 -4.84861 
13.0375 13.3584 4.6297 -8.99861 0.15594 -4.83355 -8.99861 0.15594 -4.83355 
12.9981 13.3189 4.61514 -8.9714 0.155328 -4.81859 -8.9714 0.155328 -4.81859 
12.9589 13.2796 4.60067 -8.94436 0.154719 -4.80372 -8.94436 0.154719 -4.80372 
12.92 13.2405 4.58628 -8.91748 0.154116 -4.78895 -8.91748 0.154116 -4.78895 
12.8813 13.2017 4.57199 -8.89077 0.153517 -4.77427 -8.89077 0.153517 -4.77427 
12.8428 13.1631 4.55779 -8.86422 0.152923 -4.75967 -8.86422 0.152923 -4.75967 
12.8046 13.1248 4.54367 -8.83784 0.152333 -4.74517 -8.83784 0.152333 -4.74517 
12.7666 13.0867 4.52965 -8.81161 0.151748 -4.73076 -8.81161 0.151748 -4.73076 
12.7288 13.0488 4.5157 -8.78554 0.151167 -4.71644 -8.78554 0.151167 -4.71644 
12.6913 13.0111 4.50185 -8.75963 0.150591 -4.7022 -8.75963 0.150591 -4.7022 
12.654 12.9737 4.48808 -8.73388 0.150019 -4.68805 -8.73388 0.150019 -4.68805 
12.6169 12.9364 4.47439 -8.70828 0.149451 -4.67399 -8.70828 0.149451 -4.67399 
12.58 12.8994 4.46079 -8.68283 0.148888 -4.66002 -8.68283 0.148888 -4.66002 
12.5433 12.8627 4.44727 -8.65753 0.148328 -4.64613 -8.65753 0.148328 -4.64613 
12.5069 12.8261 4.43383 -8.63239 0.147773 -4.63232 -8.63239 0.147773 -4.63232 
12.4707 12.7897 4.42047 -8.60739 0.147222 -4.61859 -8.60739 0.147222 -4.61859 
12.4346 12.7536 4.40719 -8.58254 0.146675 -4.60495 -8.58254 0.146675 -4.60495 
12.3988 12.7177 4.394 -8.55784 0.146133 -4.59139 -8.55784 0.146133 -4.59139 
12.3632 12.6819 4.38088 -8.53328 0.145594 -4.57791 -8.53328 0.145594 -4.57791 
12.3278 12.6464 4.36784 -8.50887 0.145059 -4.56452 -8.50887 0.145059 -4.56452 
12.2927 12.6111 4.35487 -8.4846 0.144528 -4.5512 -8.4846 0.144528 -4.5512 
12.2577 12.576 4.34199 -8.46047 0.144001 -4.53796 -8.46047 0.144001 -4.53796 
12.2229 12.5411 4.32918 -8.43648 0.143478 -4.5248 -8.43648 0.143478 -4.5248 
12.1883 12.5064 4.31645 -8.41263 0.142958 -4.51171 -8.41263 0.142958 -4.51171 
12.1539 12.4719 4.30379 -8.38892 0.142442 -4.49871 -8.38892 0.142442 -4.49871 
12.1198 12.4376 4.2912 -8.36534 0.14193 -4.48578 -8.36534 0.14193 -4.48578 
12.0858 12.4034 4.27869 -8.3419 0.141422 -4.47292 -8.3419 0.141422 -4.47292 
12.052 12.3695 4.26626 -8.31859 0.140917 -4.46014 -8.31859 0.140917 -4.46014 
