 5413.05 5567.18 5301.08
 5506.1 5525.05 5234.48
 5929.72 5686.76 5464.24
 6315.57 5802.86 5656.73
 6626.59 5857.43 5800.9
 6878.25 5869.51 5915.6
 7086.3 5856.23 6011.26
 7261.76 5829.5 6092.9
 7412.08 5796.95 6163.25
 7542.45 5763.03 6224.18
 7656.69 5730.14 6277.15
 7757.69 5699.35 6323.41
 7847.72 5671.09 6363.99
 7928.57 5645.33 6399.81
 8001.67 5621.92 6431.58
 8068.19 5600.6 6459.94
 8129.05 5581.12 6485.4
 8185.05 5563.22 6508.37
 8236.8 5546.72 6529.21
 8284.85 5531.41 6548.2
 8329.61 5517.16 6565.59
 8371.47 5503.83 6581.58
 8410.74 5491.31 6596.33
 8447.67 5479.51 6610
 8482.51 5468.34 6622.7
 8515.45 5457.76 6634.54
 8546.66 5447.71 6645.6
 8576.29 5438.14 6655.96
 8607.42 5453.38 6674.15
 8634.61 5442.21 6682.93
 8660.52 5431.7 6691.23
 8685.26 5421.77 6699.08
 8708.9 5412.39 6706.51
 8731.52 5403.48 6713.56
 8753.21 5395.03 6720.26
 8774.01 5386.98 6726.63
 8794 5379.31 6732.71
 8813.22 5371.99 6738.5
 8831.72 5364.99 6744.03
 8849.55 5358.28 6749.32
 8866.75 5351.86 6754.37
 8883.34 5345.7 6759.22
 8899.37 5339.78 6763.87
 8914.87 5334.08 6768.32
 8929.87 5328.6 6772.61
 8944.39 5323.32 6776.73
 8958.46 5318.22 6780.7
 8972.1 5313.31 6784.51
 8985.34 5308.55 6788.2
 8998.18 5303.96 6791.75
 9010.66 5299.52 6795.18
 9022.78 5295.22 6798.49
 9034.58 5291.05 6801.69
 9046.05 5287.02 6804.78
 9057.21 5283.1 6807.78
 9068.08 5279.31 6810.68
 9078.67 5275.62 6813.48
 9089.9 5276.13 6818.13
 9100.87 5276.37 6822.57
 9110.73 5272.64 6825.05
 9120.36 5269.03 6827.46
 9129.75 5265.51 6829.8
 9138.91 5262.1 6832.08
 9147.87 5258.79 6834.3
 9156.62 5255.56 6836.46
 9165.17 5252.43 6838.55
 9173.53 5249.38 6840.6
 9181.71 5246.41 6842.59
 9189.71 5243.52 6844.53
 9197.54 5240.7 6846.42
 9205.2 5237.96 6848.27
 9212.7 5235.28 6850.07
 9220.06 5232.67 6851.82
 9227.26 5230.13 6853.54
 9234.32 5227.64 6855.21
 9241.24 5225.21 6856.85
 9248.02 5222.84 6858.45
 9254.68 5220.52 6860.01
 9261.2 5218.26 6861.54
 9267.61 5216.04 6863.04
 9273.9 5213.88 6864.5
 9280.07 5211.76 6865.93
 9286.13 5209.69 6867.33
 9292.08 5207.66 6868.71
 9297.92 5205.67 6870.05
 9303.67 5203.73 6871.37
 9309.31 5201.83 6872.66
 9314.86 5199.96 6873.92
 9320.31 5198.13 6875.16
 9325.67 5196.34 6876.38
 9330.94 5194.59 6877.57
 9336.13 5192.87 6878.74
 9341.23 5191.18 6879.88
 9346.25 5189.52 6881.01
 9351.19 5187.89 6882.11
 9356.05 5186.3 6883.2
 9360.84 5184.73 6884.26
 9365.55 5183.2 6885.31
 9370.19 5181.69 6886.34
 9374.75 5180.2 6887.35
 9379.25 5178.75 6888.34
 9383.69 5177.32 6889.32
 9388.05 5175.91 6890.27
 9392.35 5174.53 6891.21
 9396.59 5173.18 6892.14
 9400.77 5171.84 6893.05
 9404.89 5170.53 6893.95
 9408.95 5169.24 6894.83
 9412.96 5167.98 6895.7
 9416.9 5166.73 6896.55
 9420.8 5165.5 6897.39
 9424.64 5164.29 6898.21
 9428.43 5163.11 6899.03
 9432.16 5161.94 6899.83
 9435.85 5160.78 6900.62
 9439.69 5160.2 6901.74
 9443.47 5159.6 6902.83
 9447.2 5159 6903.9
 9450.88 5158.39 6904.96
 9454.34 5157.29 6905.67
 9457.75 5156.2 6906.38
 9461.12 5155.13 6907.08
 9464.45 5154.07 6907.76
 9467.73 5153.03 6908.44
 9470.98 5152.01 6909.11
 9474.18 5151 6909.77
 9477.35 5150.01 6910.42
 9480.47 5149.03 6911.06
 9483.56 5148.06 6911.69
 9486.61 5147.11 6912.31
 9489.63 5146.17 6912.93
 9492.61 5145.24 6913.54
 9495.55 5144.33 6914.13
 9498.46 5143.43 6914.73
 9501.34 5142.54 6915.31
 9504.18 5141.66 6915.89
 9506.99 5140.8 6916.45
 9509.77 5139.95 6917.02
 9512.52 5139.11 6917.57
 9515.24 5138.28 6918.12
 9517.92 5137.46 6918.66
 9520.58 5136.65 6919.19
 9523.2 5135.85 6919.72
 9525.8 5135.07 6920.24
 9528.37 5134.29 6920.75
 9530.92 5133.52 6921.26
 9533.43 5132.76 6921.76
 9535.92 5132.02 6922.26
 9538.38 5131.28 6922.75
 9540.82 5130.55 6923.23
 9543.23 5129.83 6923.71
 9545.61 5129.12 6924.18
 9547.97 5128.41 6924.65
 9550.31 5127.72 6925.11
 9552.62 5127.03 6925.57
 9554.91 5126.35 6926.02
 9557.17 5125.68 6926.47
 9559.41 5125.02 6926.91
 9561.63 5124.37 6927.34
 9563.83 5123.72 6927.77
 9566.01 5123.08 6928.2
 9568.16 5122.45 6928.62
 9570.3 5121.82 6929.04
 9572.41 5121.21 6929.45
 9574.5 5120.59 6929.86
 9576.57 5119.99 6930.26
 9578.62 5119.39 6930.66
 9580.66 5118.8 6931.06
 9582.67 5118.22 6931.45
 9584.66 5117.64 6931.84
 9586.64 5117.07 6932.22
 9588.59 5116.51 6932.6
 9590.53 5115.95 6932.98
 9592.45 5115.39 6933.35
 9594.35 5114.85 6933.71
 9596.24 5114.3 6934.08
 9598.1 5113.77 6934.44
 9599.96 5113.24 6934.79
 9601.79 5112.71 6935.15
 9603.61 5112.2 6935.5
 9605.41 5111.68 6935.84
 9607.19 5111.17 6936.18
 9608.96 5110.67 6936.52
 9610.71 5110.17 6936.86
 9612.45 5109.68 6937.19
 9614.17 5109.19 6937.52
 9615.88 5108.71 6937.85
 9617.57 5108.23 6938.17
 9619.25 5107.76 6938.49
 9620.92 5107.29 6938.8
 9622.57 5106.82 6939.12
 9624.2 5106.36 6939.43
 9625.82 5105.91 6939.74
 9627.43 5105.46 6940.04
 9629.02 5105.01 6940.34
 9630.6 5104.57 6940.64
 9632.17 5104.13 6940.94
 9633.73 5103.7 6941.23
 9635.27 5103.27 6941.52
 9636.8 5102.84 6941.81
 9638.31 5102.42 6942.1
 9639.82 5102 6942.38
 9641.31 5101.59 6942.66
 9642.79 5101.18 6942.94
 9644.3 5100.85 6943.27
 9645.75 5100.44 6943.55
 9647.23 5100.12 6943.87
 9648.67 5099.72 6944.14
 9650.13 5099.4 6944.46
 9651.54 5099.01 6944.72
 9652.97 5098.69 6945.04
 9654.36 5098.3 6945.29
 9655.77 5097.99 6945.6
 9657.14 5097.61 6945.86
 9658.5 5097.23 6946.11
 9659.84 5096.86 6946.35
 9661.18 5096.5 6946.6
 9662.5 5096.13 6946.84
 9663.81 5095.77 6947.09
 9665.12 5095.41 6947.33
 9666.41 5095.05 6947.56
 9667.7 5094.7 6947.8
 9668.97 5094.35 6948.03
 9670.24 5094.01 6948.27
 9671.5 5093.66 6948.5
 9672.74 5093.32 6948.73
 9673.98 5092.98 6948.95
 9675.21 5092.65 6949.18
 9676.43 5092.31 6949.4
 9677.64 5091.98 6949.62
 9678.84 5091.66 6949.84
 9680.06 5091.38 6950.09
 9681.24 5091.06 6950.31
 9682.45 5090.78 6950.56
 9683.61 5090.46 6950.77
 9684.8 5090.19 6951.02
 9685.95 5089.88 6951.23
 9687.11 5089.61 6951.47
 9688.25 5089.3 6951.67
 9689.37 5088.99 6951.88
 9690.49 5088.69 6952.08
 9691.6 5088.39 6952.28
 9692.7 5088.09 6952.48
 9693.8 5087.8 6952.67
 9694.89 5087.5 6952.87
 9695.97 5087.21 6953.06
 9697.04 5086.92 6953.26
 9698.1 5086.63 6953.45
 9699.16 5086.35 6953.64
 9700.21 5086.07 6953.82
 9701.25 5085.78 6954.01
 9702.29 5085.51 6954.2
 9703.32 5085.23 6954.38
 9704.34 5084.96 6954.56
 9705.35 5084.68 6954.74
 9706.36 5084.41 6954.92
 9707.36 5084.14 6955.1
 9708.36 5083.88 6955.28
 9709.35 5083.61 6955.46
 9710.33 5083.35 6955.63
 9711.3 5083.09 6955.8
 9712.27 5082.83 6955.98
 9713.23 5082.57 6956.15
 9714.19 5082.32 6956.32
 9715.14 5082.06 6956.48
 9716.08 5081.81 6956.65
 9717.02 5081.56 6956.82
 9717.95 5081.32 6956.98
 9718.88 5081.07 6957.15
 9719.79 5080.83 6957.31
 9720.71 5080.58 6957.47
 9721.62 5080.34 6957.63
 9722.52 5080.1 6957.79
 9723.41 5079.86 6957.95
 9724.3 5079.63 6958.1
 9725.19 5079.39 6958.26
 9726.07 5079.16 6958.41
 9726.94 5078.93 6958.57
 9727.81 5078.7 6958.72
 9728.67 5078.47 6958.87
 9729.53 5078.24 6959.02
 9730.38 5078.02 6959.17
 9731.23 5077.8 6959.32
 9732.07 5077.57 6959.47
 9732.91 5077.35 6959.61
 9733.74 5077.13 6959.76
 9734.56 5076.91 6959.9
 9735.39 5076.7 6960.05
 9736.2 5076.48 6960.19
 9737.01 5076.27 6960.33
 9737.82 5076.06 6960.47
 9738.62 5075.85 6960.61
 9739.42 5075.64 6960.75
 9740.21 5075.43 6960.89
 9741 5075.22 6961.02
 9741.78 5075.02 6961.16
 9742.56 5074.81 6961.29
 9743.33 5074.61 6961.43
 9744.1 5074.41 6961.56
 9744.86 5074.21 6961.69
 9745.62 5074.01 6961.82
 9746.38 5073.81 6961.96
 9747.13 5073.61 6962.09
 9747.87 5073.42 6962.21
 9748.62 5073.22 6962.34
 9749.35 5073.03 6962.47
 9750.09 5072.84 6962.6
 9750.82 5072.65 6962.72
 9751.54 5072.46 6962.85
 9752.26 5072.27 6962.97
 9752.98 5072.08 6963.09
 9753.69 5071.9 6963.22
 9754.4 5071.71 6963.34
 9755.11 5071.53 6963.46
 9755.81 5071.34 6963.58
 9756.5 5071.16 6963.7
 9757.2 5070.98 6963.82
 9757.89 5070.8 6963.94
 9758.57 5070.62 6964.05
 9759.25 5070.44 6964.17
 9759.93 5070.27 6964.29
 9760.6 5070.09 6964.4
 9761.27 5069.92 6964.52
 9761.94 5069.74 6964.63
 9762.6 5069.57 6964.74
 9763.26 5069.4 6964.85
 9763.92 5069.23 6964.97
 9764.57 5069.06 6965.08
 9765.22 5068.89 6965.19
 9765.86 5068.72 6965.3
 9766.5 5068.56 6965.41
 9767.14 5068.39 6965.51
 9767.77 5068.23 6965.62
 9768.4 5068.06 6965.73
 9769.03 5067.9 6965.84
 9769.66 5067.74 6965.94
 9770.28 5067.57 6966.05
 9770.89 5067.41 6966.15
 9771.51 5067.25 6966.26
 9772.12 5067.1 6966.36
 9772.73 5066.94 6966.46
 9773.33 5066.78 6966.56
 9773.93 5066.63 6966.66
 9774.53 5066.47 6966.77
 9775.12 5066.32 6966.87
 9775.72 5066.16 6966.97
 9776.31 5066.01 6967.06
 9776.89 5065.86 6967.16
 9777.47 5065.71 6967.26
 9778.05 5065.56 6967.36
 9778.63 5065.41 6967.46
 9779.2 5065.26 6967.55
 9779.77 5065.11 6967.65
 9780.34 5064.96 6967.74
 9780.91 5064.82 6967.84
 9781.47 5064.67 6967.93
 9782.03 5064.53 6968.03
 9782.58 5064.38 6968.12
 9783.14 5064.24 6968.21
 9783.69 5064.1 6968.3
 9784.24 5063.95 6968.4
 9784.78 5063.81 6968.49
 9785.32 5063.67 6968.58
 9785.86 5063.53 6968.67
 9786.4 5063.39 6968.76
 9786.94 5063.25 6968.85
 9787.47 5063.12 6968.93
 9788 5062.98 6969.02
 9788.52 5062.84 6969.11
 9789.05 5062.71 6969.2
 9789.57 5062.57 6969.28
 9790.09 5062.44 6969.37
 9790.6 5062.3 6969.46
 9791.12 5062.17 6969.54
 9791.63 5062.04 6969.63
 9792.14 5061.91 6969.71
 9792.64 5061.78 6969.79
 9793.15 5061.65 6969.88
 9793.65 5061.52 6969.96
 9794.15 5061.39 6970.04
 9794.64 5061.26 6970.12
 9795.14 5061.13 6970.21
 9795.63 5061 6970.29
 9796.12 5060.88 6970.37
 9796.6 5060.75 6970.45
 9797.09 5060.63 6970.53
 9797.57 5060.5 6970.61
 9798.05 5060.38 6970.69
 9798.53 5060.25 6970.77
 9799 5060.13 6970.84
 9799.48 5060.01 6970.92
 9799.95 5059.89 6971
 9800.42 5059.76 6971.08
 9800.88 5059.64 6971.15
 9801.35 5059.52 6971.23
 9801.81 5059.4 6971.31
 9802.27 5059.28 6971.38
 9802.73 5059.17 6971.46
 9803.18 5059.05 6971.53
 9803.64 5058.93 6971.6
 9804.09 5058.82 6971.68
 9804.54 5058.7 6971.76
 9804.99 5058.58 6971.83
 9805.44 5058.47 6971.9
 9805.88 5058.35 6971.97
 9806.32 5058.24 6972.05
 9806.76 5058.12 6972.12
 9807.2 5058.01 6972.19
 9807.63 5057.9 6972.26
 9808.07 5057.79 6972.33
 9808.5 5057.68 6972.4
 9808.93 5057.56 6972.47
 9809.36 5057.45 6972.54
 9809.79 5057.35 6972.62
 9810.21 5057.24 6972.69
 9810.63 5057.13 6972.75
 9811.05 5057.02 6972.82
 9811.47 5056.91 6972.89
 9811.89 5056.8 6972.96
 9812.3 5056.7 6973.03
 9812.72 5056.59 6973.09
 9813.13 5056.48 6973.16
 9813.54 5056.38 6973.23
 9813.95 5056.27 6973.29
 9814.35 5056.17 6973.36
 9814.76 5056.06 6973.43
 9815.16 5055.96 6973.49
 9815.56 5055.85 6973.56
 9815.96 5055.75 6973.62
 9816.35 5055.65 6973.69
