 4906.09 5381.96 5322.57
 5328.11 5887.01 5433.45
 4203.13 6085.61 7249.41
 4006.79 7079.17 7467.9
 4783.97 6356.81 6387.92
 4912.27 6550.07 7140.05
 4747.67 7556.54 6851.68
 5071.35 6838.44 7259.71
 5542.92 6429.64 7215.95
 5934.49 6143.56 7223.43
 6243.53 6328.08 6928.6
 6549.01 6415.74 6760.01
 6423.73 6555.92 6802.91
 6467.83 6449.37 7038.92
 6663.99 6246.97 7080.3
 6866.16 6139.38 6963.57
 6940.64 6349.71 6794.98
 7009.6 6278.53 6823.07
 6986.85 6577.33 6712.05
 7247.11 6430.37 6550.21
 7348.27 6604.18 6383.44
 7507.21 6240.84 6561.4
 7658.78 5771.34 6725.45
 7666.29 5766.53 6740.99
 7745.35 5580.98 6805.28
 7764.06 5720.87 6772.83
 7863.49 5464.01 6812.12
 7877.59 5463.45 6836.62
 7753.77 5921.86 6733.54
 7756.85 5961.45 6722.6
 7761.36 6111.86 6621.31
 7714.33 6323.29 6531.73
 7733.68 6293.03 6540.55
 7714.82 6482.75 6479.3
 7789.46 6486.62 6395.44
 7850.13 6549.96 6302.45
 7888.02 6522.61 6280.55
 7879.53 6421.86 6366.65
 7895.42 6335.03 6426.07
 7902.75 6252.71 6488.07
 7947.81 6180.78 6500.92
 7940.5 6223.8 6491.7
 7963.36 6305.71 6466.55
 7987.1 6164.78 6570.7
 8006.89 6135.85 6587.15
 8041.33 6066.17 6631.4
 8067.14 6114.34 6589.65
 8103.65 6093.27 6592.89
 8128.85 6014.52 6660.8
 8212.14 5857.27 6702.74
 8253.54 5851.3 6669.22
 8224.5 5959.16 6631.97
 8226.48 6004.67 6612.73
 8241.03 5993.78 6614.88
 8241.5 5978.11 6637.95
 8250.28 5897.48 6686.98
 8266.88 5901.15 6681.79
 8259.32 5896.18 6714.87
 8260.85 5923.92 6713.85
 8283.54 5868.57 6730.17
 8285.97 5948.6 6678.82
 8322.28 5924.8 6665.47
 8332.3 5879.39 6695.54
 8340.73 5876.89 6699.56
 8352.71 5876.64 6698.55
 8377.53 5848.98 6691.4
 8409.78 5809.09 6690.36
 8424.46 5759.5 6722.71
 8429.62 5729.6 6744.64
 8453.71 5686.79 6769.88
 8462.09 5674.03 6783.96
 8470.95 5637.33 6804.92
 8511.88 5561.5 6834.87
 8522.28 5549.06 6849.24
 8522.19 5551.48 6860.93
 8541.16 5543.82 6859.22
 8551.32 5576.53 6843.89
 8565.9 5562.26 6842.13
 8575.04 5536.9 6852.93
 8619.65 5503.37 6846.88
 8614.64 5508.09 6857.95
 8638.44 5472.97 6874.11
 8646.93 5468.17 6871.1
 8660.55 5444.89 6876.62
 8677.26 5431.01 6875.07
 8681.85 5449.71 6862.02
 8682.02 5446.25 6867.03
 8687.96 5423.41 6885.56
 8692.74 5417.02 6883.25
 8695.3 5427.84 6875.02
 8706.24 5449.36 6858.43
 8700.04 5469.66 6852.19
 8710.14 5457.22 6849.1
 8708.97 5461.39 6844.61
 8719.86 5444.64 6855.58
 8712.33 5468.1 6851.12
 8728.71 5437.61 6865.14
 8735.34 5431.23 6865.74
 8746.71 5430.02 6864.45
 8765.05 5405.5 6871.95
 8769.37 5431.16 6862.97
 8771.96 5438.5 6861.19
 8777.77 5420.73 6870.18
 8787.44 5405.03 6882.58
 8800.1 5400.86 6876.79
 8788.88 5418.95 6877.29
 8793.13 5429.52 6868.28
 8789.87 5462.09 6860.51
 8805.32 5446.52 6857.62
 8804.37 5459.19 6855.56
 8803.08 5472.72 6850.32
 8802.71 5477.54 6852.57
 8806.06 5478.38 6854.9
 8812.47 5473.78 6857.4
 8834.17 5454.89 6853.36
 8842.21 5448.43 6856.68
 8857.23 5421.8 6864.74
 8864.82 5398.49 6878.85
 8862.3 5410.97 6875.54
 8871.03 5403.66 6872.31
 8880.69 5387.41 6876.86
 8889.97 5378.67 6881.44
 8898.99 5368.78 6885.18
 8909.61 5360.52 6886.02
 8915.3 5367.39 6881.14
 8921.68 5355.71 6885.85
 8920.88 5361.25 6882.11
 8917.36 5371.49 6884.51
 8923.27 5384.02 6877.97
 8925.84 5378.06 6881.04
 8930.43 5369.37 6887.88
 8933.19 5377.63 6883.88
 8934.89 5380.18 6885
 8938.25 5381.17 6884.32
 8943.69 5364.98 6888.7
 8945.68 5373.98 6879.57
 8951.45 5358.97 6885.18
 8956.71 5354.28 6886.08
 8953.62 5369.6 6879.41
 8963.01 5365.1 6873.72
 8966.79 5357.17 6877.33
 8968.75 5367.31 6874.14
 8981.94 5355.49 6870.24
 8981.12 5349.8 6877.21
 8984.35 5359.85 6870.97
 8987.99 5359.86 6871.18
 8992.48 5362.56 6869.67
 8997.93 5365.23 6869.66
 8993.22 5372.91 6871.23
 8998.74 5366.82 6877.93
 9004.72 5359.44 6878.8
 9008.28 5361.31 6878.22
 9021.84 5354.86 6873.56
 9032.73 5348.64 6871.78
 9031.18 5351.72 6870.11
 9042.82 5339.4 6871.31
 9048.81 5342.03 6870.73
 9054.03 5335.62 6872.44
 9054.72 5337.97 6871.42
 9062.6 5325.33 6875.59
 9062.22 5331.83 6871.2
 9059.06 5340.46 6870.36
 9063.11 5334.3 6872.69
 9070.24 5329.65 6873.33
 9072.17 5333.12 6870.92
 9083.9 5319.57 6869.03
 9087.57 5312.23 6875.29
 9090.01 5312.92 6872.38
 9091.18 5313.64 6869.81
 9092.2 5319.54 6868.32
 9093.72 5310.1 6875.28
 9101.27 5297.94 6879.21
 9101.35 5304.36 6876.8
 9107.66 5294.84 6881.35
 9112.78 5286.69 6881.81
 9115.4 5290.34 6883.01
 9124.65 5282.34 6885.99
 9125.22 5292.98 6880.92
 9123.67 5297.95 6876.63
 9126.99 5298.54 6877.65
 9125.34 5301.9 6878.95
 9130.57 5300.68 6880.94
 9132.36 5294.07 6886.19
 9137.92 5293.92 6885.83
 9140.04 5306.07 6874.66
 9145.6 5301.19 6873.67
 9152.63 5289.22 6878.05
 9157.81 5289.67 6876.29
 9161.95 5294.8 6871.73
 9168.59 5293.98 6869.47
 9166.55 5303.33 6869.33
 9167.11 5307.56 6867.47
 9168.31 5309.35 6871
 9172.2 5309.55 6869.12
 9173.64 5305.87 6871.46
 9181.02 5299.55 6873.41
 9175.39 5312.64 6871.45
 9176.97 5308.8 6872.88
 9180.45 5310.41 6874.37
 9188.08 5300.59 6877.35
 9189.42 5307.5 6873.77
 9190.2 5316.8 6867.54
 9193.23 5309.39 6874.2
 9196.65 5298.51 6877.51
 9197.66 5299.16 6881.8
 9200.47 5305.26 6880.61
 9198.78 5306.93 6883.77
 9199.2 5304.32 6887.98
 9202.15 5304.04 6886.83
 9206.29 5304.13 6886.1
 9208.23 5311.29 6882.55
 9209.53 5306.51 6883.74
 9211.92 5311.71 6879.98
 9213.49 5303.05 6883.78
 9216.49 5300.38 6883.98
 9221.52 5296.69 6883.2
 9224.75 5291.94 6887.12
 9231.76 5286.24 6887.12
 9234.63 5279.43 6888.69
 9241.21 5270.98 6889.78
 9243.93 5271.89 6889.15
 9245.22 5270.14 6887.98
 9256.84 5259.51 6885.77
 9256.06 5260.31 6888.32
 9256.21 5256.04 6892.28
 9251.6 5259.43 6893.7
 9254.74 5251.96 6896.79
 9259.72 5258.07 6889.91
 9264.69 5256.83 6889.71
 9270.96 5249.15 6892.03
 9268.7 5255.52 6890.03
 9269.54 5260.85 6889.13
 9272.44 5261.8 6887.33
 9268.63 5275.06 6882.91
 9270.19 5277.98 6881.24
 9268.57 5284.6 6881.27
 9273.58 5281.05 6881.6
 9274.33 5286.29 6879.29
 9275.57 5286.29 6882.06
 9273.52 5289.55 6882.7
 9275.81 5290.32 6882
 9274.7 5287.29 6884.61
 9279.99 5283.33 6884.86
 9283.01 5280.39 6885.83
 9287.45 5280.28 6883.14
 9288.25 5285.29 6881.54
 9285.38 5282.69 6887.12
 9287.22 5280.49 6888.99
 9286.93 5286.17 6884.89
 9292.88 5282.68 6884.57
 9293.78 5285.38 6883.96
 9294.76 5282.4 6885.09
 9298.16 5279.62 6884.02
 9304.82 5274.06 6883.89
 9307.57 5270.89 6884.84
 9310.01 5273.3 6884.47
 9309.46 5276.64 6882.88
 9310.3 5278.28 6883.23
 9310.49 5283.49 6882.75
 9310.25 5288.29 6880.25
 9311.88 5284.73 6882.67
 9318.29 5278.21 6882.71
 9319.02 5279.91 6882.72
 9320.96 5280.14 6883.16
 9323.6 5279.4 6884.94
 9319.88 5289.22 6881.98
 9322.35 5280.51 6887.01
 9325.95 5277.7 6886.59
 9325.94 5276.83 6886.48
 9326.23 5277.97 6886.9
 9326.69 5279.29 6887.36
 9330.03 5274.01 6890.35
 9338.17 5264.94 6894.05
 9336.69 5268.47 6893.68
 9339.35 5267.11 6893.38
 9339.4 5268.53 6893.56
 9338.33 5272.36 6894.26
 9335.84 5280.15 6894.39
 9339.54 5274.78 6896.34
 9339.92 5278.78 6894.76
 9344.55 5276.96 6892.75
 9346.33 5274.1 6894.33
 9349.73 5267.35 6895.12
 9351.33 5264.84 6895.95
 9354.26 5264.8 6896.67
 9355.95 5263.55 6898.33
 9357.84 5261.84 6899.11
 9358.82 5261.6 6899.29
 9355.56 5268.23 6897.58
 9358.13 5270.35 6896.7
 9357.84 5275.13 6895.12
 9359.39 5276.36 6896.42
 9360.62 5275.39 6897.05
 9361.4 5278.29 6897.42
 9365.77 5272.54 6899.08
 9370.28 5265.46 6901.29
 9367.06 5269.05 6901.34
 9369.77 5265.02 6902.45
 9373.69 5260.96 6902.05
 9373.22 5257.88 6905.17
 9376.73 5256.23 6906.13
 9378.29 5253.68 6907.9
 9380.27 5250.08 6907.87
 9379.93 5251.24 6906.98
 9379.54 5251.9 6908.08
 9381.39 5247.69 6910.5
 9384.14 5242.49 6912.83
 9386.31 5244.75 6911.16
 9387.93 5242.6 6912.01
 9387.7 5243.25 6911.83
 9389.21 5237.08 6916.14
 9386.07 5240.73 6916.17
 9389.59 5239.25 6915.81
 9391.04 5242.46 6915.75
 9393.71 5242.76 6915.48
 9396.42 5241.23 6915.85
 9394.91 5243.03 6917.59
 9396.7 5241.92 6917.28
 9396.36 5243.46 6916.43
 9398.32 5244.89 6916.26
 9396.43 5249.89 6914.74
 9397.99 5245.71 6916.63
 9399.57 5243.36 6918.61
 9400.22 5244.11 6918.43
 9403.93 5241.45 6918.43
 9402.92 5238.66 6920.98
 9403.77 5237.22 6921.62
 9405.53 5232.63 6924.31
 9405.07 5233.06 6924.55
 9408.24 5229.56 6924.8
 9411.64 5219.69 6929.32
 9411.2 5222.67 6929.76
 9414 5221.86 6927.79
 9413.79 5223.86 6926.68
 9414.79 5224.79 6926.42
 9418.31 5226.24 6923.48
 9418.78 5224.48 6924.82
 9418.01 5226.09 6924.16
 9416.79 5226.75 6925.2
 9419 5224.06 6925.97
 9423.68 5224.34 6922.95
 9423.25 5227.52 6921.7
 9423.71 5229.15 6921.47
 9428.67 5221.35 6922.72
 9427.91 5222.5 6923.96
 9427.23 5224.73 6924.75
 9430.14 5221.28 6926.28
 9430.91 5219.19 6926.1
 9432.97 5218.59 6923.2
 9435.73 5215.28 6923.98
 9433.06 5218.77 6923.67
 9437.59 5212.49 6926.07
 9435.77 5213.12 6926.48
 9435.48 5216.96 6924.84
 9436.04 5217.22 6924.56
 9438.37 5213.42 6925.81
 9438.61 5213.53 6927.43
 9440.38 5211.02 6928.64
 9441.75 5209.26 6928.06
 9444.58 5204.17 6929.38
 9445.05 5204.44 6929.57
 9445.45 5200.11 6932.24
 9446.03 5200.59 6932.61
 9444.52 5202.07 6935.2
 9444.78 5202.51 6936.3
 9444.07 5205.49 6934.96
 9443.2 5206.68 6935.49
 9444.22 5209.74 6932.15
 9442.42 5212.19 6931.39
 9442.04 5213.4 6930.42
 9444.7 5213.75 6927.82
 9446.01 5212.67 6928.83
 9448.27 5213.51 6927.42
 9445.64 5216.77 6928.63
 9450.72 5208.97 6931.13
 9451.97 5207.09 6932.62
 9451.02 5208.36 6933.4
 9452.23 5205.27 6933.9
 9453.99 5201.91 6936.45
 9454.47 5199.45 6937.9
 9456.29 5197.25 6938.48
 9455.42 5198.61 6937.58
 9456.39 5198.92 6936.92
 9460.75 5197.14 6936.31
 9461.99 5198.82 6935.67
 9464.31 5198.34 6935.56
 9464.41 5197.66 6936
 9467.93 5194.87 6936.25
 9469.94 5192.25 6938.56
 9470.06 5193.91 6936.99
 9472.87 5191.43 6937.79
 9476.97 5182.57 6941.33
 9476.35 5185.34 6940.68
 9476.64 5185.17 6941.04
 9475.82 5187.13 6940.53
 9475.07 5190.54 6940.3
 9474.43 5191.42 6940.63
 9474.03 5196.22 6938.55
 9473.99 5198.78 6936.85
 9477.39 5196.83 6935.34
 9478.24 5198.53 6934.92
 9477.48 5200.14 6934.97
 9478.53 5200.95 6934.79
 9480.43 5200.75 6934.7
 9482.94 5203.59 6931.6
 9483.58 5200.76 6934.94
 9484.04 5197.69 6936.53
 9487.87 5193.14 6937.73
 9491.14 5192.06 6937.4
 9489.35 5195 6937.51
 9488.8 5198.46 6936.47
 9490.54 5197.8 6935.71
 9492.47 5196.06 6935.88
 9494.7 5195.11 6936.15
 9497.15 5191.74 6937.46
 9499.02 5193.19 6935.74
 9499.61 5194.59 6934.15
 9499.46 5193.49 6935.16
 9500.2 5195.82 6934.17
 9498.17 5197.95 6934.5
 9499.29 5196.08 6935.45
 9499.85 5195.4 6936.14
 9497.43 5199.72 6935.13
 9499.32 5197.76 6935.47
 9501.3 5191.45 6937.8
 9502.87 5191.52 6936.79
 9503.07 5190.4 6939.14
 9502.5 5189.98 6940.4
 9502.81 5192.29 6939.96
 9504.94 5188.82 6942.08
 9504.08 5193.5 6940.91
 9507.71 5190.74 6941.18
 9508.51 5191 6941.98
 9509.51 5190.96 6942.24
 9509.17 5192.23 6942.45
 9507.16 5195.47 6943.09
 9509.23 5195.21 6941.4
 9508.87 5194.52 6943.13
 9510.2 5191.55 6943.81
 9509.84 5193 6942.99
 9509.62 5195.85 6942.18
 9510.7 5192.33 6942.98
 9511.38 5191.97 6943.64
 9512.3 5191.29 6943.43
 9511.45 5192.78 6943.56
 9512.76 5194.51 6941.22
