3.55283e+06 3.81811e+06 3.49113e+06 -248934 -345685 -265078 -248934 -345685 -265078 
2.62604e+06 3.42886e+06 2.6116e+06 -694053 -752652 -696458 -694053 -752652 -696458 
1.96965e+06 3.1635e+06 1.95438e+06 -857826 -704083 -861495 -857826 -704083 -861495 
1.37208e+06 2.94017e+06 1.53467e+06 -865619 -493310 -888738 -865619 -493310 -888738 
933489 2.71933e+06 1.22641e+06 -779580 -305638 -876365 -779580 -305638 -876365 
678476 2.47544e+06 988308 -690302 -182191 -834929 -690302 -182191 -834929 
516134 2.22768e+06 812509 -606587 -104753 -777170 -606587 -104753 -777170 
402248 1.99443e+06 675754 -528012 -57596.4 -710465 -528012 -57596.4 -710465 
322289 1.77667e+06 569785 -460271 -28612.2 -642957 -460271 -28612.2 -642957 
265042 1.57624e+06 485693 -403044 -10705.2 -577785 -403044 -10705.2 -577785 
222650 1.3939e+06 417740 -354345 280.718 -516723 -354345 280.718 -516723 
190148 1.23183e+06 361479 -312686 6814.29 -460643 -312686 6814.29 -460643 
164596 1.08975e+06 314338 -277047 10536.1 -410047 -277047 10536.1 -410047 
143956 966479 274716 -246435 12484.6 -365160 -246435 12484.6 -365160 
127009 859617 241492 -220044 13327.9 -325790 -220044 13327.9 -325790 
112938 766670 213480 -197208 13491.1 -291325 -197208 13491.1 -291325 
101132 685697 189647 -177394 13241.5 -261120 -177394 13241.5 -261120 
91130.7 615510 169187 -160222 12755.8 -234683 -160222 12755.8 -234683 
82580.8 554468 151569 -145271 12141.1 -211535 -145271 12141.1 -211535 
75214.7 501545 136297 -132258 11470.8 -191272 -132258 11470.8 -191272 
68832.9 455321 122971 -120870 10785.1 -173436 -120870 10785.1 -173436 
63272.1 414900 111268 -110885 10110.9 -157693 -110885 10110.9 -157693 
58393.4 379223 101018 -102052 9460.04 -143778 -102052 9460.04 -143778 
54082.1 347400 92043.5 -94158 8837.19 -131435 -94158 8837.19 -131435 
50251.9 318990 84153.1 -87088.6 8248.02 -120464 -87088.6 8248.02 -120464 
46830.8 293507 77193.7 -80725.3 7693.13 -110679 -80725.3 7693.13 -110679 
43765.4 270694 71026.1 -75003.4 7176.16 -101944 -75003.4 7176.16 -101944 
41004.3 250135 65542.1 -69824.8 6693.5 -94108.9 -69824.8 6693.5 -94108.9 
38508.9 231594 60649.2 -65132.1 6244.93 -87069.4 -65132.1 6244.93 -87069.4 
36252 214995 56263.1 -60905.4 5834.65 -80755 -60905.4 5834.65 -80755 
34204 200098 52318.8 -57088.4 5459.56 -75076.3 -57088.4 5459.56 -75076.3 
32340.7 186715 48756.3 -53637.9 5117.36 -69956.3 -53637.9 5117.36 -69956.3 
30641 174680 45526.1 -50515.2 4805.57 -65329.6 -50515.2 4805.57 -65329.6 
29085.2 163812 42590.9 -47677.3 4520.3 -61135.4 -47677.3 4520.3 -61135.4 
27657.5 153982 39915 -45094 4259.13 -57324.4 -45094 4259.13 -57324.4 
26344 145057 37467.6 -42734.5 4019.19 -53849.2 -42734.5 4019.19 -53849.2 
25132.6 136928 35221.8 -40573.7 3798.21 -50670.3 -40573.7 3798.21 -50670.3 
24012.6 129499 33157.3 -38588.1 3594 -47754.7 -38588.1 3594 -47754.7 
22974 122684 31259.5 -36756.5 3404.72 -45076.6 -36756.5 3404.72 -45076.6 
22008.4 116411 29513.7 -35061.4 3228.89 -42612.4 -35061.4 3228.89 -42612.4 
21108.8 110623 27906.6 -33488.2 3065.27 -40341.4 -33488.2 3065.27 -40341.4 
20268.9 105265 26424.6 -32024.5 2912.79 -38244.4 -32024.5 2912.79 -38244.4 
19483.5 100300 25055.5 -30660.8 2770.57 -36304.7 -30660.8 2770.57 -36304.7 
18748.1 95693.7 23787.9 -29388.9 2637.81 -34507.5 -29388.9 2637.81 -34507.5 
18058.1 91407.3 22614 -28199.4 2513.69 -32840.4 -28199.4 2513.69 -32840.4 
17409.7 87411.6 21525.4 -27084.9 2397.52 -31291.3 -27084.9 2397.52 -31291.3 
16799.6 83679.1 20514.6 -26038.9 2288.67 -29850 -26038.9 2288.67 -29850 
16224.7 80188.8 19574.1 -25056.2 2186.6 -28506.4 -25056.2 2186.6 -28506.4 
15682.4 76920 18697.4 -24131.8 2090.79 -27252.1 -24131.8 2090.79 -27252.1 
15170.1 73852.7 17879.9 -23260.5 2000.75 -26079.9 -23260.5 2000.75 -26079.9 
14685.5 70967.1 17116.6 -22437.6 1916.02 -24982.5 -22437.6 1916.02 -24982.5 
14226.7 68249.3 16402.7 -21659.7 1836.19 -23953.5 -21659.7 1836.19 -23953.5 
13791.9 65689.3 15733.6 -20924.1 1760.96 -22987.5 -20924.1 1760.96 -22987.5 
13379.3 63276.2 15105.4 -20228 1690.01 -22079.6 -20228 1690.01 -22079.6 
12987.6 60998.9 14515.1 -19568.7 1623.03 -21225.3 -19568.7 1623.03 -21225.3 
12615.2 58847.3 13959.6 -18943.6 1559.76 -20420.5 -18943.6 1559.76 -20420.5 
12260.7 56811.1 13436.7 -18349.8 1499.9 -19661.6 -18349.8 1499.9 -19661.6 
11923 54882.5 12943.8 -17785.4 1443.23 -18945.1 -17785.4 1443.23 -18945.1 
11601 53054.1 12478.7 -17248.5 1389.53 -18268.2 -17248.5 1389.53 -18268.2 
11293.8 51319.6 12039.4 -16737.4 1338.63 -17627.9 -16737.4 1338.63 -17627.9 
11000.3 49672 11624 -16250.2 1290.32 -17021.8 -16250.2 1290.32 -17021.8 
10719.8 48106.6 11230.7 -15785.9 1244.46 -16447.3 -15785.9 1244.46 -16447.3 
10451.6 46617.8 10857.8 -15342.9 1200.89 -15902.2 -15342.9 1200.89 -15902.2 
10194.8 45200.1 10504 -14919.8 1159.46 -15384.6 -14919.8 1159.46 -15384.6 
9948.77 43849.3 10168.1 -14515.4 1120.03 -14892.7 -14515.4 1120.03 -14892.7 
9712.96 42561 9848.87 -14128.6 1082.48 -14424.8 -14128.6 1082.48 -14424.8 
9486.75 41331.4 9545.18 -13758.3 1046.69 -13979.4 -13758.3 1046.69 -13979.4 
9269.6 40156.5 9256.05 -13403.6 1012.56 -13554.9 -13403.6 1012.56 -13554.9 
9061 39032.8 8980.62 -13063.5 979.972 -13150.1 -13063.5 979.972 -13150.1 
8860.46 37957.1 8718.1 -12737 948.837 -12763.7 -12737 948.837 -12763.7 
8667.55 36926.4 8467.71 -12423.4 919.064 -12394.8 -12423.4 919.064 -12394.8 
8481.87 35938.3 8228.73 -12122 890.577 -12042.2 -12122 890.577 -12042.2 
8303.04 34990.2 8000.51 -11832.1 863.298 -11704.9 -11832.1 863.298 -11704.9 
8130.68 34079.5 7782.44 -11553 837.147 -11382.2 -11553 837.147 -11382.2 
7964.47 33204.2 7573.92 -11284.1 812.063 -11073 -11284.1 812.063 -11073 
7804.12 32362.5 7374.41 -11025 787.992 -10776.8 -11025 787.992 -10776.8 
7649.35 31552.9 7183.38 -10775.2 764.883 -10492.7 -10775.2 764.883 -10492.7 
7499.92 30774 7000.3 -10534.4 742.694 -10220.2 -10534.4 742.694 -10220.2 
7355.56 30024.2 6824.73 -10302.1 721.379 -9958.55 -10302.1 721.379 -9958.55 
7216.05 29302.1 6656.27 -10077.8 700.889 -9707.24 -10077.8 700.889 -9707.24 
7081.14 28606 6494.52 -9861.2 681.179 -9465.66 -9861.2 681.179 -9465.66 
6950.64 27934.8 6339.12 -9651.95 662.214 -9233.35 -9651.95 662.214 -9233.35 
6824.35 27287.3 6189.75 -9449.67 643.95 -9009.81 -9449.67 643.95 -9009.81 
6702.07 26662.3 6046.09 -9254.06 626.357 -8794.59 -9254.06 626.357 -8794.59 
6583.62 26058.8 5907.85 -9064.79 609.4 -8587.29 -9064.79 609.4 -8587.29 
6468.85 25475.6 5774.74 -8881.6 593.048 -8387.49 -8881.6 593.048 -8387.49 
6357.6 24912.2 5646.5 -8704.26 577.279 -8194.86 -8704.26 577.279 -8194.86 
6249.72 24367.6 5522.89 -8532.53 562.068 -8009.06 -8532.53 562.068 -8009.06 
6145.07 23840.9 5403.69 -8366.15 547.387 -7829.76 -8366.15 547.387 -7829.76 
6043.51 23331.4 5288.69 -8204.91 533.212 -7656.66 -8204.91 533.212 -7656.66 
5944.92 22838.4 5177.68 -8048.61 519.524 -7489.48 -8048.61 519.524 -7489.48 
5849.19 22361.4 5070.46 -7897.09 506.308 -7327.98 -7897.09 506.308 -7327.98 
5756.22 21899.7 4966.85 -7750.19 493.548 -7171.9 -7750.19 493.548 -7171.9 
5665.89 21452.7 4866.68 -7607.71 481.223 -7021 -7607.71 481.223 -7021 
5578.1 21019.8 4769.8 -7469.49 469.316 -6875.05 -7469.49 469.316 -6875.05 
5492.74 20600.5 4676.07 -7335.33 457.806 -6733.84 -7335.33 457.806 -6733.84 
5409.73 20194.1 4585.34 -7205.12 446.683 -6597.18 -7205.12 446.683 -6597.18 
5328.98 19800.2 4497.5 -7078.67 435.924 -6464.87 -7078.67 435.924 -6464.87 
5250.39 19418.2 4412.41 -6955.83 425.515 -6336.71 -6955.83 425.515 -6336.71 
5173.89 19047.6 4329.97 -6836.46 415.442 -6212.54 -6836.46 415.442 -6212.54 
5099.4 18687.9 4250.05 -6720.42 405.689 -6092.18 -6720.42 405.689 -6092.18 
5026.86 18338.8 4172.56 -6607.61 396.246 -5975.5 -6607.61 396.246 -5975.5 
4956.18 18000 4097.38 -6497.93 387.103 -5862.34 -6497.93 387.103 -5862.34 
4887.32 17670.9 4024.44 -6391.24 378.246 -5752.56 -6391.24 378.246 -5752.56 
4820.19 17351.3 3953.65 -6287.42 369.663 -5646.02 -6287.42 369.663 -5646.02 
4754.73 17040.6 3884.91 -6186.37 361.342 -5542.6 -6186.37 361.342 -5542.6 
4690.9 16738.7 3818.15 -6088.01 353.275 -5442.19 -6088.01 353.275 -5442.19 
4628.64 16445.3 3753.28 -5992.25 345.457 -5344.67 -5992.25 345.457 -5344.67 
4567.9 16160.1 3690.23 -5899.02 337.879 -5249.94 -5899.02 337.879 -5249.94 
4508.63 15882.8 3628.94 -5808.24 330.532 -5157.9 -5808.24 330.532 -5157.9 
4450.78 15613.1 3569.32 -5719.81 323.409 -5068.44 -5719.81 323.409 -5068.44 
4394.3 15350.8 3511.33 -5633.67 316.503 -4981.47 -5633.67 316.503 -4981.47 
4339.15 15095.7 3454.9 -5549.75 309.805 -4896.91 -5549.75 309.805 -4896.91 
4285.28 14847.5 3399.97 -5467.96 303.308 -4814.67 -5467.96 303.308 -4814.67 
4232.66 14605.9 3346.49 -5388.23 297.004 -4734.66 -5388.23 297.004 -4734.66 
4181.24 14370.6 3294.41 -5310.48 290.884 -4656.8 -5310.48 290.884 -4656.8 
4130.99 14141.5 3243.68 -5234.64 284.94 -4580.99 -5234.64 284.94 -4580.99 
4081.85 13918.3 3194.24 -5160.63 279.165 -4507.18 -5160.63 279.165 -4507.18 
4033.8 13700.7 3146.07 -5088.38 273.55 -4435.27 -5088.38 273.55 -4435.27 
3986.81 13488.5 3099.11 -5017.85 268.091 -4365.22 -5017.85 268.091 -4365.22 
3940.83 13281.6 3053.33 -4948.97 262.782 -4296.94 -4948.97 262.782 -4296.94 
3895.84 13079.8 3008.68 -4881.68 257.617 -4230.39 -4881.68 257.617 -4230.39 
3851.81 12882.9 2965.12 -4815.94 252.59 -4165.5 -4815.94 252.59 -4165.5 
3808.7 12690.7 2922.62 -4751.68 247.696 -4102.21 -4751.68 247.696 -4102.21 
3766.49 12503.1 2881.15 -4688.87 242.93 -4040.47 -4688.87 242.93 -4040.47 
3725.16 12319.9 2840.67 -4627.47 238.289 -3980.23 -4627.47 238.289 -3980.23 
3684.68 12141.1 2801.14 -4567.41 233.768 -3921.43 -4567.41 233.768 -3921.43 
3645.02 11966.4 2762.54 -4508.68 229.364 -3864.05 -4508.68 229.364 -3864.05 
3606.16 11795.7 2724.84 -4451.24 225.073 -3808.02 -4451.24 225.073 -3808.02 
3568.09 11629 2688.01 -4395.05 220.894 -3753.32 -4395.05 220.894 -3753.32 
3530.77 11466.1 2652.02 -4340.08 216.822 -3699.9 -4340.08 216.822 -3699.9 
3494.19 11306.9 2616.84 -4286.28 212.853 -3647.71 -4286.28 212.853 -3647.71 
3458.33 11151.4 2582.46 -4233.63 208.985 -3596.73 -4233.63 208.985 -3596.73 
3423.16 10999.3 2548.84 -4182.09 205.214 -3546.92 -4182.09 205.214 -3546.92 
3388.67 10850.6 2515.96 -4131.64 201.538 -3498.24 -4131.64 201.538 -3498.24 
3354.84 10705.2 2483.8 -4082.24 197.954 -3450.65 -4082.24 197.954 -3450.65 
3321.66 10562.9 2452.34 -4033.86 194.457 -3404.12 -4033.86 194.457 -3404.12 
3289.09 10423.8 2421.56 -3986.46 191.047 -3358.62 -3986.46 191.047 -3358.62 
3257.13 10287.7 2391.43 -3940.03 187.718 -3314.12 -3940.03 187.718 -3314.12 
3225.77 10154.4 2361.94 -3894.54 184.471 -3270.59 -3894.54 184.471 -3270.59 
3194.98 10024 2333.07 -3849.96 181.301 -3228 -3849.96 181.301 -3228 
3164.75 9896.41 2304.8 -3806.26 178.208 -3186.32 -3806.26 178.208 -3186.32 
3135.07 9771.45 2277.11 -3763.43 175.188 -3145.54 -3763.43 175.188 -3145.54 
3105.92 9649.09 2249.99 -3721.44 172.24 -3105.61 -3721.44 172.24 -3105.61 
3077.29 9529.25 2223.42 -3680.27 169.361 -3066.51 -3680.27 169.361 -3066.51 
3049.16 9411.88 2197.39 -3639.89 166.549 -3028.23 -3639.89 166.549 -3028.23 
3021.53 9296.9 2171.87 -3600.29 163.802 -2990.74 -3600.29 163.802 -2990.74 
2994.38 9184.25 2146.86 -3561.44 161.12 -2954.03 -3561.44 161.12 -2954.03 
2967.71 9073.87 2122.35 -3523.34 158.499 -2918.06 -3523.34 158.499 -2918.06 
2941.49 8965.72 2098.31 -3485.95 155.939 -2882.82 -3485.95 155.939 -2882.82 
2915.72 8859.72 2074.74 -3449.27 153.438 -2848.29 -3449.27 153.438 -2848.29 
2890.38 8755.81 2051.62 -3413.27 150.993 -2814.45 -3413.27 150.993 -2814.45 
2865.48 8653.94 2028.95 -3377.93 148.604 -2781.28 -3377.93 148.604 -2781.28 
2840.99 8554.05 2006.71 -3343.24 146.267 -2748.76 -3343.24 146.267 -2748.76 
2816.9 8456.08 1984.88 -3309.18 143.983 -2716.88 -3309.18 143.983 -2716.88 
2793.21 8359.99 1963.47 -3275.74 141.749 -2685.62 -3275.74 141.749 -2685.62 
2769.91 8265.72 1942.45 -3242.89 139.563 -2654.95 -3242.89 139.563 -2654.95 
2746.99 8173.23 1921.82 -3210.63 137.425 -2624.87 -3210.63 137.425 -2624.87 
2724.43 8082.47 1901.56 -3178.93 135.333 -2595.36 -3178.93 135.333 -2595.36 
2702.24 7993.39 1881.68 -3147.79 133.285 -2566.41 -3147.79 133.285 -2566.41 
2680.4 7905.95 1862.15 -3117.19 131.281 -2537.99 -3117.19 131.281 -2537.99 
2658.9 7820.12 1842.97 -3087.12 129.319 -2510.11 -3087.12 129.319 -2510.11 
2637.74 7735.85 1824.14 -3057.56 127.398 -2482.73 -3057.56 127.398 -2482.73 
2616.91 7653.11 1805.64 -3028.51 125.518 -2455.86 -3028.51 125.518 -2455.86 
2596.4 7571.85 1787.46 -2999.95 123.677 -2429.48 -2999.95 123.677 -2429.48 
2576.21 7492.05 1769.6 -2971.88 121.874 -2403.58 -2971.88 121.874 -2403.58 
2556.32 7413.66 1752.05 -2944.27 120.108 -2378.14 -2944.27 120.108 -2378.14 
2536.74 7336.64 1734.8 -2917.11 118.377 -2353.15 -2917.11 118.377 -2353.15 
2517.45 7260.97 1717.84 -2890.4 116.681 -2328.6 -2890.4 116.681 -2328.6 
2498.45 7186.61 1701.17 -2864.13 115.02 -2304.48 -2864.13 115.02 -2304.48 
2479.73 7113.53 1684.79 -2838.29 113.391 -2280.79 -2838.29 113.391 -2280.79 
2461.28 7041.71 1668.68 -2812.86 111.795 -2257.51 -2812.86 111.795 -2257.51 
2443.11 6971.1 1652.83 -2787.84 110.231 -2234.62 -2787.84 110.231 -2234.62 
2425.2 6901.68 1637.25 -2763.21 108.696 -2212.13 -2763.21 108.696 -2212.13 
2407.54 6833.42 1621.93 -2738.98 107.192 -2190.02 -2738.98 107.192 -2190.02 
2390.14 6766.29 1606.85 -2715.12 105.716 -2168.29 -2715.12 105.716 -2168.29 
2372.99 6700.28 1592.03 -2691.63 104.268 -2146.92 -2691.63 104.268 -2146.92 
2356.08 6635.34 1577.44 -2668.51 102.847 -2125.9 -2668.51 102.847 -2125.9 
2339.41 6571.46 1563.08 -2645.74 101.454 -2105.23 -2645.74 101.454 -2105.23 
2322.98 6508.63 1548.96 -2623.32 100.087 -2084.91 -2623.32 100.087 -2084.91 
2306.77 6446.81 1535.06 -2601.24 98.7455 -2064.92 -2601.24 98.7455 -2064.92 
2290.78 6386 1521.37 -2579.5 97.4297 -2045.25 -2579.5 97.4297 -2045.25 
2275.02 6326.16 1507.91 -2558.09 96.1387 -2025.91 -2558.09 96.1387 -2025.91 
2259.47 6267.27 1494.65 -2537 94.8718 -2006.87 -2537 94.8718 -2006.87 
2244.13 6209.32 1481.59 -2516.22 93.6283 -1988.15 -2516.22 93.6283 -1988.15 
2229.01 6152.29 1468.74 -2495.75 92.4081 -1969.72 -2495.75 92.4081 -1969.72 
2214.08 6096.16 1456.09 -2475.59 91.2105 -1951.58 -2475.59 91.2105 -1951.58 
2199.35 6040.9 1443.62 -2455.72 90.0348 -1933.73 -2455.72 90.0348 -1933.73 
2184.82 5986.49 1431.35 -2436.14 88.8805 -1916.16 -2436.14 88.8805 -1916.16 
2170.49 5932.93 1419.25 -2416.85 87.7472 -1898.87 -2416.85 87.7472 -1898.87 
2156.34 5880.18 1407.34 -2397.84 86.6345 -1881.84 -2397.84 86.6345 -1881.84 
2142.37 5828.25 1395.61 -2379.1 85.5421 -1865.07 -2379.1 85.5421 -1865.07 
2128.59 5777.11 1384.04 -2360.63 84.4696 -1848.56 -2360.63 84.4696 -1848.56 
2114.99 5726.76 1372.65 -2342.42 83.4167 -1832.31 -2342.42 83.4167 -1832.31 
2101.56 5677.16 1361.42 -2324.48 82.3828 -1816.3 -2324.48 82.3828 -1816.3 
2088.31 5628.31 1350.36 -2306.79 81.3675 -1800.54 -2306.79 81.3675 -1800.54 
2075.22 5580.19 1339.45 -2289.34 80.3703 -1785.01 -2289.34 80.3703 -1785.01 
2062.3 5532.79 1328.7 -2272.15 79.391 -1769.71 -2272.15 79.391 -1769.71 
2049.54 5486.09 1318.1 -2255.19 78.429 -1754.64 -2255.19 78.429 -1754.64 
2036.94 5440.08 1307.66 -2238.46 77.4842 -1739.8 -2238.46 77.4842 -1739.8 
2024.5 5394.74 1297.36 -2221.97 76.5558 -1725.17 -2221.97 76.5558 -1725.17 
2012.22 5350.07 1287.2 -2205.71 75.6437 -1710.76 -2205.71 75.6437 -1710.76 
2000.08 5306.05 1277.19 -2189.66 74.7477 -1696.56 -2189.66 74.7477 -1696.56 
1988.09 5262.66 1267.32 -2173.84 73.8673 -1682.56 -2173.84 73.8673 -1682.56 
1976.25 5219.89 1257.58 -2158.22 73.002 -1668.77 -2158.22 73.002 -1668.77 
1964.56 5177.73 1247.97 -2142.82 72.1514 -1655.17 -2142.82 72.1514 -1655.17 
1953 5136.17 1238.5 -2127.62 71.3154 -1641.77 -2127.62 71.3154 -1641.77 
1941.58 5095.2 1229.15 -2112.63 70.4936 -1628.56 -2112.63 70.4936 -1628.56 
1930.3 5054.81 1219.94 -2097.83 69.6858 -1615.53 -2097.83 69.6858 -1615.53 
1919.15 5014.97 1210.84 -2083.22 68.8915 -1602.69 -2083.22 68.8915 -1602.69 
1908.14 4975.7 1201.87 -2068.81 68.1105 -1590.03 -2068.81 68.1105 -1590.03 
1897.25 4936.97 1193.02 -2054.59 67.3427 -1577.54 -2054.59 67.3427 -1577.54 
1886.49 4898.77 1184.28 -2040.54 66.5877 -1565.23 -2040.54 66.5877 -1565.23 
1875.85 4861.1 1175.66 -2026.68 65.8453 -1553.09 -2026.68 65.8453 -1553.09 
1865.34 4823.94 1167.15 -2013 65.1152 -1541.11 -2013 65.1152 -1541.11 
1854.95 4787.28 1158.76 -1999.49 64.397 -1529.3 -1999.49 64.397 -1529.3 
1844.68 4751.12 1150.47 -1986.16 63.6905 -1517.64 -1986.16 63.6905 -1517.64 
1834.52 4715.44 1142.29 -1972.99 62.9954 -1506.14 -1972.99 62.9954 -1506.14 
1824.48 4680.23 1134.21 -1959.98 62.3113 -1494.8 -1959.98 62.3113 -1494.8 
1814.55 4645.48 1126.24 -1947.13 61.6379 -1483.61 -1947.13 61.6379 -1483.61 
1804.73 4611.18 1118.37 -1934.44 60.975 -1472.56 -1934.44 60.975 -1472.56 
1795.02 4577.33 1110.6 -1921.91 60.3223 -1461.66 -1921.91 60.3223 -1461.66 
1785.41 4543.92 1102.92 -1909.52 59.6796 -1450.9 -1909.52 59.6796 -1450.9 
1775.92 4510.93 1095.34 -1897.29 59.0467 -1440.28 -1897.29 59.0467 -1440.28 
1766.52 4478.36 1087.86 -1885.2 58.4233 -1429.79 -1885.2 58.4233 -1429.79 
1757.23 4446.2 1080.47 -1873.25 57.8093 -1419.44 -1873.25 57.8093 -1419.44 
1748.03 4414.44 1073.17 -1861.45 57.2045 -1409.23 -1861.45 57.2045 -1409.23 
1738.94 4383.08 1065.96 -1849.78 56.6086 -1399.14 -1849.78 56.6086 -1399.14 
1729.94 4352.11 1058.84 -1838.25 56.0216 -1389.18 -1838.25 56.0216 -1389.18 
1721.04 4321.53 1051.8 -1826.86 55.4432 -1379.34 -1826.86 55.4432 -1379.34 
1712.23 4291.32 1044.85 -1815.6 54.8734 -1369.63 -1815.6 54.8734 -1369.63 
1703.52 4261.48 1037.98 -1804.46 54.3119 -1360.04 -1804.46 54.3119 -1360.04 
1694.89 4232.01 1031.2 -1793.46 53.7588 -1350.56 -1793.46 53.7588 -1350.56 
1686.36 4202.9 1024.49 -1782.58 53.2138 -1341.21 -1782.58 53.2138 -1341.21 
1677.91 4174.14 1017.87 -1771.83 52.6769 -1331.97 -1771.83 52.6769 -1331.97 
1669.56 4145.74 1011.32 -1761.2 52.1482 -1322.84 -1761.2 52.1482 -1322.84 
1661.29 4117.69 1004.85 -1750.69 51.6274 -1313.83 -1750.69 51.6274 -1313.83 
1653.1 4089.98 998.455 -1740.3 51.1144 -1304.92 -1740.3 51.1144 -1304.92 
1645 4062.6 992.134 -1730.03 50.6091 -1296.13 -1730.03 50.6091 -1296.13 
1636.98 4035.56 985.887 -1719.88 50.1114 -1287.44 -1719.88 50.1114 -1287.44 
1629.04 4008.84 979.711 -1709.84 49.6212 -1278.85 -1709.84 49.6212 -1278.85 
1621.18 3982.44 973.605 -1699.92 49.1382 -1270.37 -1699.92 49.1382 -1270.37 
1613.41 3956.35 967.57 -1690.11 48.6624 -1261.99 -1690.11 48.6624 -1261.99 
1605.7 3930.58 961.602 -1680.4 48.1935 -1253.71 -1680.4 48.1935 -1253.71 
1598.08 3905.11 955.703 -1670.81 47.7315 -1245.53 -1670.81 47.7315 -1245.53 
1590.53 3879.94 949.869 -1661.32 47.2762 -1237.44 -1661.32 47.2762 -1237.44 
1583.06 3855.06 944.101 -1651.93 46.8275 -1229.45 -1651.93 46.8275 -1229.45 
1575.66 3830.47 938.397 -1642.64 46.3853 -1221.55 -1642.64 46.3853 -1221.55 
1568.33 3806.17 932.757 -1633.46 45.9494 -1213.74 -1633.46 45.9494 -1213.74 
1561.07 3782.14 927.178 -1624.38 45.5198 -1206.02 -1624.38 45.5198 -1206.02 
1553.88 3758.4 921.661 -1615.39 45.0963 -1198.4 -1615.39 45.0963 -1198.4 
1546.76 3734.92 916.205 -1606.5 44.6789 -1190.86 -1606.5 44.6789 -1190.86 
1539.72 3711.71 910.807 -1597.7 44.2673 -1183.4 -1597.7 44.2673 -1183.4 
1532.73 3688.77 905.469 -1589 43.8616 -1176.03 -1589 43.8616 -1176.03 
1525.82 3666.08 900.187 -1580.39 43.4615 -1168.74 -1580.39 43.4615 -1168.74 
1518.97 3643.64 894.963 -1571.87 43.067 -1161.54 -1571.87 43.067 -1161.54 
1512.18 3621.46 889.794 -1563.44 42.6778 -1154.41 -1563.44 42.6778 -1154.41 
1505.46 3599.52 884.681 -1555.1 42.2941 -1147.37 -1555.1 42.2941 -1147.37 
1498.8 3577.82 879.622 -1546.84 41.9156 -1140.4 -1546.84 41.9156 -1140.4 
1492.2 3556.37 874.616 -1538.67 41.5424 -1133.51 -1538.67 41.5424 -1133.51 
1485.66 3535.15 869.662 -1530.58 41.1744 -1126.7 -1530.58 41.1744 -1126.7 
1479.18 3514.16 864.76 -1522.58 40.8115 -1119.96 -1522.58 40.8115 -1119.96 
1472.77 3493.4 859.91 -1514.66 40.4534 -1113.29 -1514.66 40.4534 -1113.29 
1466.41 3472.87 855.11 -1506.82 40.1003 -1106.7 -1506.82 40.1003 -1106.7 
1460.11 3452.56 850.359 -1499.06 39.7519 -1100.18 -1499.06 39.7519 -1100.18 
1453.86 3432.46 845.657 -1491.37 39.4083 -1093.72 -1491.37 39.4083 -1093.72 
1447.68 3412.59 841.003 -1483.77 39.0693 -1087.34 -1483.77 39.0693 -1087.34 
1441.55 3392.92 836.397 -1476.24 38.7348 -1081.03 -1476.24 38.7348 -1081.03 
1435.47 3373.46 831.838 -1468.78 38.4048 -1074.78 -1468.78 38.4048 -1074.78 
1429.45 3354.21 827.324 -1461.4 38.0792 -1068.6 -1461.4 38.0792 -1068.6 
1423.48 3335.16 822.857 -1454.09 37.7579 -1062.48 -1454.09 37.7579 -1062.48 
1417.56 3316.31 818.434 -1446.85 37.4408 -1056.43 -1446.85 37.4408 -1056.43 
1411.69 3297.66 814.055 -1439.69 37.1278 -1050.44 -1439.69 37.1278 -1050.44 
1405.88 3279.2 809.72 -1432.59 36.8188 -1044.52 -1432.59 36.8188 -1044.52 
1400.12 3260.93 805.429 -1425.56 36.5137 -1038.65 -1425.56 36.5137 -1038.65 
1394.4 3242.84 801.179 -1418.6 36.2126 -1032.85 -1418.6 36.2126 -1032.85 
1388.74 3224.94 796.972 -1411.71 35.9153 -1027.1 -1411.71 35.9153 -1027.1 
1383.12 3207.23 792.806 -1404.88 35.6217 -1021.42 -1404.88 35.6217 -1021.42 
1377.55 3189.69 788.68 -1398.11 35.332 -1015.79 -1398.11 35.332 -1015.79 
1372.03 3172.33 784.595 -1391.41 35.0459 -1010.22 -1391.41 35.0459 -1010.22 
1366.56 3155.15 780.549 -1384.78 34.7635 -1004.7 -1384.78 34.7635 -1004.7 
1361.13 3138.14 776.543 -1378.2 34.4846 -999.244 -1378.2 34.4846 -999.244 
1355.75 3121.3 772.575 -1371.69 34.2093 -993.84 -1371.69 34.2093 -993.84 
1350.42 3104.62 768.645 -1365.24 33.9374 -988.49 -1365.24 33.9374 -988.49 
1345.12 3088.11 764.753 -1358.85 33.6688 -983.193 -1358.85 33.6688 -983.193 
1339.88 3071.77 760.897 -1352.52 33.4035 -977.949 -1352.52 33.4035 -977.949 
1334.67 3055.58 757.078 -1346.24 33.1415 -972.756 -1346.24 33.1415 -972.756 
1329.51 3039.55 753.295 -1340.02 32.8826 -967.614 -1340.02 32.8826 -967.614 
1324.39 3023.68 749.548 -1333.86 32.6268 -962.523 -1333.86 32.6268 -962.523 
1319.31 3007.95 745.836 -1327.76 32.3742 -957.481 -1327.76 32.3742 -957.481 
1314.28 2992.39 742.158 -1321.71 32.1246 -952.488 -1321.71 32.1246 -952.488 
1309.28 2976.97 738.515 -1315.71 31.8781 -947.543 -1315.71 31.8781 -947.543 
1304.33 2961.7 734.905 -1309.77 31.6346 -942.647 -1309.77 31.6346 -942.647 
1299.41 2946.58 731.329 -1303.88 31.3941 -937.797 -1303.88 31.3941 -937.797 
1294.54 2931.6 727.785 -1298.05 31.1566 -932.994 -1298.05 31.1566 -932.994 
1289.7 2916.76 724.274 -1292.26 30.9218 -928.237 -1292.26 30.9218 -928.237 
1284.9 2902.07 720.795 -1286.53 30.6899 -923.525 -1286.53 30.6899 -923.525 
1280.14 2887.51 717.347 -1280.85 30.4607 -918.857 -1280.85 30.4607 -918.857 
1275.42 2873.09 713.931 -1275.22 30.2342 -914.234 -1275.22 30.2342 -914.234 
1270.73 2858.8 710.545 -1269.63 30.0103 -909.653 -1269.63 30.0103 -909.653 
1266.08 2844.65 707.19 -1264.1 29.789 -905.116 -1264.1 29.789 -905.116 
1261.47 2830.62 703.865 -1258.61 29.5703 -900.62 -1258.61 29.5703 -900.62 
1256.89 2816.72 700.57 -1253.17 29.354 -896.166 -1253.17 29.354 -896.166 
1252.35 2802.95 697.304 -1247.78 29.1401 -891.753 -1247.78 29.1401 -891.753 
1247.85 2789.3 694.066 -1242.43 28.9287 -887.381 -1242.43 28.9287 -887.381 
1243.37 2775.78 690.858 -1237.13 28.7196 -883.048 -1237.13 28.7196 -883.048 
1238.94 2762.38 687.678 -1231.87 28.5129 -878.755 -1231.87 28.5129 -878.755 
1234.53 2749.1 684.525 -1226.65 28.3084 -874.5 -1226.65 28.3084 -874.5 
1230.16 2735.93 681.4 -1221.48 28.1061 -870.284 -1221.48 28.1061 -870.284 
1225.82 2722.88 678.303 -1216.35 27.9061 -866.105 -1216.35 27.9061 -866.105 
1221.51 2709.95 675.232 -1211.27 27.7082 -861.965 -1211.27 27.7082 -861.965 
1217.24 2697.13 672.188 -1206.22 27.5125 -857.86 -1206.22 27.5125 -857.86 
1213 2684.42 669.17 -1201.22 27.3189 -853.793 -1201.22 27.3189 -853.793 
1208.79 2671.82 666.178 -1196.26 27.1273 -849.761 -1196.26 27.1273 -849.761 
1204.61 2659.34 663.211 -1191.33 26.9378 -845.765 -1191.33 26.9378 -845.765 
1200.46 2646.96 660.27 -1186.45 26.7504 -841.804 -1186.45 26.7504 -841.804 
1196.34 2634.68 657.354 -1181.61 26.5649 -837.877 -1181.61 26.5649 -837.877 
1192.25 2622.52 654.463 -1176.81 26.3815 -833.985 -1176.81 26.3815 -833.985 
1188.19 2610.45 651.596 -1172.04 26.2 -830.127 -1172.04 26.2 -830.127 
1184.16 2598.49 648.753 -1167.31 26.0204 -826.302 -1167.31 26.0204 -826.302 
1180.16 2586.64 645.934 -1162.62 25.8428 -822.51 -1162.62 25.8428 -822.51 
1176.19 2574.88 643.138 -1157.97 25.667 -818.752 -1157.97 25.667 -818.752 
1172.25 2563.23 640.365 -1153.36 25.4932 -815.025 -1153.36 25.4932 -815.025 
1168.33 2551.67 637.616 -1148.78 25.3212 -811.33 -1148.78 25.3212 -811.33 
1164.45 2540.21 634.889 -1144.24 25.151 -807.667 -1144.24 25.151 -807.667 
1160.59 2528.84 632.185 -1139.73 24.9825 -804.035 -1139.73 24.9825 -804.035 
1156.76 2517.58 629.503 -1135.26 24.8159 -800.433 -1135.26 24.8159 -800.433 
1152.95 2506.4 626.842 -1130.82 24.6509 -796.862 -1130.82 24.6509 -796.862 
1149.17 2495.32 624.204 -1126.42 24.4877 -793.321 -1126.42 24.4877 -793.321 
1145.42 2484.33 621.587 -1122.05 24.3261 -789.809 -1122.05 24.3261 -789.809 
1141.69 2473.42 618.991 -1117.72 24.1661 -786.327 -1117.72 24.1661 -786.327 
1137.99 2462.61 616.416 -1113.42 24.0077 -782.873 -1113.42 24.0077 -782.873 
1134.32 2451.88 613.862 -1109.15 23.8508 -779.448 -1109.15 23.8508 -779.448 
1130.67 2441.24 611.328 -1104.91 23.6955 -776.051 -1104.91 23.6955 -776.051 
1127.05 2430.69 608.814 -1100.7 23.5418 -772.681 -1100.7 23.5418 -772.681 
1123.45 2420.21 606.321 -1096.53 23.3895 -769.339 -1096.53 23.3895 -769.339 
1119.87 2409.83 603.847 -1092.39 23.2388 -766.025 -1092.39 23.2388 -766.025 
1116.32 2399.52 601.393 -1088.27 23.0895 -762.737 -1088.27 23.0895 -762.737 
1112.79 2389.3 598.958 -1084.19 22.9418 -759.476 -1084.19 22.9418 -759.476 
1109.29 2379.16 596.542 -1080.14 22.7954 -756.241 -1080.14 22.7954 -756.241 
1105.81 2369.1 594.145 -1076.12 22.6506 -753.032 -1076.12 22.6506 -753.032 
1102.35 2359.12 591.766 -1072.13 22.5071 -749.848 -1072.13 22.5071 -749.848 
1098.92 2349.22 589.406 -1068.17 22.3651 -746.69 -1068.17 22.3651 -746.69 
1095.51 2339.39 587.065 -1064.23 22.2244 -743.557 -1064.23 22.2244 -743.557 
1092.12 2329.64 584.741 -1060.33 22.0851 -740.449 -1060.33 22.0851 -740.449 
1088.76 2319.97 582.435 -1056.45 21.9472 -737.366 -1056.45 21.9472 -737.366 
1085.41 2310.37 580.146 -1052.61 21.8106 -734.306 -1052.61 21.8106 -734.306 
1082.09 2300.85 577.876 -1048.79 21.6754 -731.271 -1048.79 21.6754 -731.271 
1078.79 2291.4 575.622 -1044.99 21.5414 -728.259 -1044.99 21.5414 -728.259 
1075.52 2282.02 573.385 -1041.23 21.4087 -725.271 -1041.23 21.4087 -725.271 
1072.26 2272.71 571.165 -1037.49 21.2772 -722.306 -1037.49 21.2772 -722.306 
1069.02 2263.48 568.962 -1033.78 21.147 -719.364 -1033.78 21.147 -719.364 
1065.81 2254.31 566.776 -1030.09 21.018 -716.444 -1030.09 21.018 -716.444 
1062.61 2245.21 564.605 -1026.43 20.8902 -713.547 -1026.43 20.8902 -713.547 
1059.44 2236.18 562.451 -1022.8 20.7637 -710.671 -1022.8 20.7637 -710.671 
1056.29 2227.22 560.313 -1019.19 20.6383 -707.818 -1019.19 20.6383 -707.818 
1053.15 2218.33 558.19 -1015.61 20.514 -704.986 -1015.61 20.514 -704.986 
1050.04 2209.5 556.083 -1012.05 20.391 -702.176 -1012.05 20.391 -702.176 
1046.95 2200.74 553.992 -1008.52 20.2691 -699.387 -1008.52 20.2691 -699.387 
1043.87 2192.04 551.916 -1005.01 20.1482 -696.619 -1005.01 20.1482 -696.619 
1040.82 2183.41 549.855 -1001.52 20.0285 -693.872 -1001.52 20.0285 -693.872 
1037.78 2174.84 547.809 -998.06 19.9099 -691.145 -998.06 19.9099 -691.145 
1034.76 2166.33 545.778 -994.622 19.7923 -688.438 -994.622 19.7923 -688.438 
1031.76 2157.88 543.762 -991.208 19.6757 -685.751 -991.208 19.6757 -685.751 
1028.78 2149.49 541.76 -987.817 19.5602 -683.084 -987.817 19.5602 -683.084 
1025.82 2141.17 539.773 -984.448 19.4457 -680.437 -984.448 19.4457 -680.437 
1022.88 2132.9 537.8 -981.103 19.3323 -677.809 -981.103 19.3323 -677.809 
1019.95 2124.7 535.841 -977.78 19.2198 -675.2 -977.78 19.2198 -675.2 
1017.05 2116.55 533.896 -974.479 19.1084 -672.611 -974.479 19.1084 -672.611 
1014.16 2108.46 531.964 -971.201 18.998 -670.04 -971.201 18.998 -670.04 
1011.28 2100.44 530.047 -967.945 18.8886 -667.488 -967.945 18.8886 -667.488 
1008.43 2092.46 528.143 -964.71 18.7802 -664.955 -964.71 18.7802 -664.955 
1005.59 2084.55 526.252 -961.497 18.6728 -662.44 -961.497 18.6728 -662.44 
1002.77 2076.69 524.374 -958.306 18.5664 -659.943 -958.306 18.5664 -659.943 
999.967 2068.89 522.51 -955.136 18.461 -657.464 -955.136 18.461 -657.464 
997.18 2061.14 520.658 -951.987 18.3565 -655.003 -951.987 18.3565 -655.003 
994.41 2053.45 518.82 -948.859 18.253 -652.56 -948.859 18.253 -652.56 
991.656 2045.81 516.994 -945.751 18.1503 -650.133 -945.751 18.1503 -650.133 
988.919 2038.23 515.18 -942.663 18.0486 -647.724 -942.663 18.0486 -647.724 
986.198 2030.69 513.38 -939.596 17.9477 -645.332 -939.596 17.9477 -645.332 
983.493 2023.21 511.591 -936.548 17.8478 -642.957 -936.548 17.8478 -642.957 
980.803 2015.79 509.815 -933.52 17.7486 -640.599 -933.52 17.7486 -640.599 
978.129 2008.41 508.051 -930.512 17.6504 -638.257 -930.512 17.6504 -638.257 
975.471 2001.08 506.298 -927.522 17.553 -635.931 -927.522 17.553 -635.931 
972.829 1993.8 504.558 -924.552 17.4564 -633.621 -924.552 17.4564 -633.621 
970.201 1986.58 502.83 -921.601 17.3606 -631.328 -921.601 17.3606 -631.328 
967.589 1979.4 501.113 -918.669 17.2656 -629.05 -918.669 17.2656 -629.05 
964.992 1972.27 499.407 -915.755 17.1715 -626.788 -915.755 17.1715 -626.788 
962.41 1965.19 497.713 -912.859 17.0782 -624.541 -912.859 17.0782 -624.541 
959.842 1958.16 496.03 -909.982 16.9856 -622.31 -909.982 16.9856 -622.31 
957.29 1951.17 494.359 -907.123 16.8938 -620.094 -907.123 16.8938 -620.094 
954.751 1944.23 492.698 -904.281 16.8028 -617.893 -904.281 16.8028 -617.893 
952.227 1937.33 491.049 -901.457 16.7125 -615.707 -901.457 16.7125 -615.707 
949.718 1930.49 489.41 -898.651 16.6229 -613.535 -898.651 16.6229 -613.535 
947.223 1923.68 487.783 -895.862 16.5341 -611.378 -895.862 16.5341 -611.378 
944.741 1916.92 486.165 -893.09 16.446 -609.236 -893.09 16.446 -609.236 
942.274 1910.21 484.559 -890.335 16.3586 -607.108 -890.335 16.3586 -607.108 
939.82 1903.54 482.963 -887.597 16.2719 -604.994 -887.597 16.2719 -604.994 
937.38 1896.91 481.377 -884.876 16.186 -602.894 -884.876 16.186 -602.894 
934.954 1890.33 479.802 -882.172 16.1008 -600.808 -882.172 16.1008 -600.808 
932.541 1883.79 478.236 -879.484 16.0163 -598.736 -879.484 16.0163 -598.736 
930.141 1877.29 476.681 -876.813 15.9325 -596.678 -876.813 15.9325 -596.678 
927.755 1870.84 475.136 -874.158 15.8495 -594.633 -874.158 15.8495 -594.633 
925.382 1864.43 473.6 -871.519 15.7671 -592.602 -871.519 15.7671 -592.602 
923.022 1858.06 472.074 -868.897 15.6854 -590.584 -868.897 15.6854 -590.584 
920.676 1851.73 470.558 -866.29 15.6045 -588.58 -866.29 15.6045 -588.58 
918.341 1845.44 469.052 -863.7 15.5242 -586.588 -863.7 15.5242 -586.588 
916.02 1839.2 467.555 -861.125 15.4446 -584.61 -861.125 15.4446 -584.61 
913.711 1832.99 466.067 -858.565 15.3656 -582.644 -858.565 15.3656 -582.644 
911.415 1826.82 464.589 -856.021 15.2873 -580.691 -856.021 15.2873 -580.691 
909.132 1820.7 463.12 -853.492 15.2096 -578.751 -853.492 15.2096 -578.751 
906.86 1814.61 461.66 -850.978 15.1326 -576.823 -850.978 15.1326 -576.823 
904.601 1808.56 460.209 -848.479 15.0562 -574.908 -848.479 15.0562 -574.908 
902.354 1802.55 458.768 -845.995 14.9804 -573.004 -845.995 14.9804 -573.004 
900.119 1796.58 457.335 -843.526 14.9053 -571.113 -843.526 14.9053 -571.113 
897.896 1790.64 455.911 -841.071 14.8308 -569.234 -841.071 14.8308 -569.234 
895.685 1784.74 454.495 -838.631 14.7568 -567.367 -838.631 14.7568 -567.367 
893.486 1778.88 453.089 -836.205 14.6835 -565.512 -836.205 14.6835 -565.512 
891.298 1773.06 451.691 -833.793 14.6108 -563.668 -833.793 14.6108 -563.668 
889.122 1767.27 450.301 -831.395 14.5386 -561.836 -831.395 14.5386 -561.836 
886.957 1761.52 448.92 -829.012 14.4671 -560.015 -829.012 14.4671 -560.015 
884.804 1755.8 447.547 -826.642 14.3961 -558.206 -826.642 14.3961 -558.206 
882.662 1750.12 446.183 -824.286 14.3257 -556.408 -824.286 14.3257 -556.408 
880.531 1744.48 444.827 -821.943 14.2559 -554.622 -821.943 14.2559 -554.622 
878.411 1738.87 443.479 -819.615 14.1866 -552.846 -819.615 14.1866 -552.846 
876.303 1733.29 442.139 -817.299 14.1179 -551.082 -817.299 14.1179 -551.082 
874.205 1727.75 440.807 -814.997 14.0498 -549.328 -814.997 14.0498 -549.328 
872.118 1722.25 439.482 -812.708 13.9821 -547.585 -812.708 13.9821 -547.585 
870.042 1716.77 438.166 -810.432 13.9151 -545.853 -810.432 13.9151 -545.853 
867.976 1711.33 436.858 -808.169 13.8485 -544.132 -808.169 13.8485 -544.132 
865.921 1705.92 435.557 -805.919 13.7825 -542.42 -805.919 13.7825 -542.42 
863.877 1700.55 434.264 -803.681 13.717 -540.72 -803.681 13.717 -540.72 
861.843 1695.21 432.979 -801.456 13.652 -539.03 -801.456 13.652 -539.03 
859.819 1689.9 431.701 -799.244 13.5875 -537.349 -799.244 13.5875 -537.349 
857.806 1684.62 430.431 -797.043 13.5235 -535.68 -797.043 13.5235 -535.68 
855.802 1679.37 429.168 -794.856 13.46 -534.02 -794.856 13.46 -534.02 
853.809 1674.15 427.912 -792.68 13.397 -532.37 -792.68 13.397 -532.37 
851.826 1668.97 426.664 -790.517 13.3345 -530.73 -790.517 13.3345 -530.73 
849.853 1663.82 425.423 -788.366 13.2725 -529.1 -788.366 13.2725 -529.1 
847.89 1658.7 424.189 -786.227 13.211 -527.48 -786.227 13.211 -527.48 
845.937 1653.6 422.962 -784.099 13.1499 -525.869 -784.099 13.1499 -525.869 
843.993 1648.54 421.743 -781.983 13.0894 -524.268 -781.983 13.0894 -524.268 
842.059 1643.51 420.53 -779.879 13.0293 -522.677 -779.879 13.0293 -522.677 
840.134 1638.51 419.324 -777.787 12.9697 -521.094 -777.787 12.9697 -521.094 
838.219 1633.53 418.125 -775.706 12.9105 -519.522 -775.706 12.9105 -519.522 
836.314 1628.59 416.933 -773.636 12.8518 -517.958 -773.636 12.8518 -517.958 
