3.86635e+06 3.94502e+06 3.84704e+06 -76514.6 -109317 -81763 -76514.6 -109317 -81763 
3.48214e+06 3.76712e+06 3.43938e+06 -304388 -391884 -316481 -304388 -391884 -316481 
3.01636e+06 3.55445e+06 2.954e+06 -553336 -653182 -570517 -553336 -653182 -570517 
2.5337e+06 3.3783e+06 2.57591e+06 -738595 -766998 -733595 -738595 -766998 -733595 
2.07283e+06 3.24805e+06 2.27733e+06 -836409 -750036 -818655 -836409 -750036 -818655 
1.67466e+06 3.12621e+06 1.99744e+06 -868985 -656871 -868228 -868985 -656871 -868228 
1.35688e+06 3.00621e+06 1.75589e+06 -857626 -539992 -893979 -857626 -539992 -893979 
1.09487e+06 2.88686e+06 1.54636e+06 -816278 -426384 -903377 -816278 -426384 -903377 
891684 2.76142e+06 1.3695e+06 -764027 -329280 -901551 -764027 -329280 -901551 
741197 2.6303e+06 1.22035e+06 -712419 -251913 -889786 -712419 -251913 -889786 
629271 2.49531e+06 1.09408e+06 -664684 -191554 -869604 -664684 -191554 -869604 
544023 2.35963e+06 985058 -620796 -144808 -842334 -620796 -144808 -842334 
477521 2.22557e+06 889662 -580549 -108605 -809628 -580549 -108605 -809628 
423486 2.09529e+06 805955 -542952 -80508.7 -773506 -542952 -80508.7 -773506 
378710 1.96979e+06 732902 -507834 -58728.2 -735844 -507834 -58728.2 -735844 
341259 1.84929e+06 668797 -475195 -41816.6 -697665 -475195 -41816.6 -697665 
309620 1.73408e+06 611918 -444920 -28667.9 -659534 -444920 -28667.9 -659534 
282540 1.62531e+06 560880 -416885 -18479 -621954 -416885 -18479 -621954 
259121 1.52299e+06 515060 -390914 -10599.8 -585469 -390914 -10599.8 -585469 
238648 1.42778e+06 473652 -366917 -4548.3 -550396 -366917 -4548.3 -550396 
220709 1.33898e+06 435922 -344799 98.6678 -516735 -344799 98.6678 -516735 
204895 1.25652e+06 401280 -324463 3638.41 -484516 -324463 3638.41 -484516 
190884 1.1796e+06 369891 -305676 6318.17 -454106 -305676 6318.17 -454106 
178395 1.10724e+06 341677 -288180 8332.34 -425611 -288180 8332.34 -425611 
167188 1.03942e+06 316261 -271877 9810.94 -398987 -271877 9810.94 -398987 
157074 975709 293370 -256622 10861.9 -374152 -256622 10861.9 -374152 
147914 916304 272665 -242409 11573.2 -351040 -242409 11573.2 -351040 
139571 860547 253922 -229081 12012.1 -329501 -229081 12012.1 -329501 
131946 808371 236921 -216594 12235 -309456 -216594 12235 -309456 
124976 760362 221403 -205055 12305.7 -290903 -205055 12305.7 -290903 
118588 716208 207215 -194390 12261.7 -273741 -194390 12261.7 -273741 
112722 675695 194178 -184555 12135 -257854 -184555 12135 -257854 
107325 638602 182147 -175501 11948.6 -243135 -175501 11948.6 -243135 
102344 604526 171045 -167138 11715.9 -229489 -167138 11715.9 -229489 
97736.8 573233 160769 -159412 11449 -216822 -159412 11449 -216822 
93468.4 544398 151221 -152260 11156.7 -205025 -152260 11156.7 -205025 
89506.8 517763 142315 -145627 10845.6 -194003 -145627 10845.6 -194003 
85821.6 493084 134004 -139460 10520.8 -183693 -139460 10520.8 -183693 
82383.8 470161 126287 -133702 10187.6 -174075 -133702 10187.6 -174075 
79169.6 448822 119139 -128312 9851.27 -165115 -128312 9851.27 -165115 
76158.1 428922 112532 -123255 9516.04 -156778 -123255 9516.04 -156778 
73332.6 410326 106423 -118501 9185.29 -149016 -118501 9185.29 -149016 
70677.2 392936 100763 -114030 8860.55 -141781 -114030 8860.55 -141781 
68179.1 376665 95509.2 -109822 8542.98 -135027 -109822 8542.98 -135027 
65824.9 361410 90647 -105852 8235.14 -128734 -105852 8235.14 -128734 
63603.6 347089 86142.4 -102102 7937.81 -122865 -102102 7937.81 -122865 
61505.1 333622 81968.9 -98555.4 7651.85 -117390 -98555.4 7651.85 -117390 
59520.8 320950 78089.3 -95199.8 7376.86 -112270 -95199.8 7376.86 -112270 
57642.7 309009 74478.1 -92021.9 7112.94 -107476 -92021.9 7112.94 -107476 
55862.9 297741 71119 -89007.4 6860.42 -102988 -89007.4 6860.42 -102988 
54174.6 287078 67994.1 -86141.9 6619.59 -98784.4 -86141.9 6619.59 -98784.4 
52571.8 276977 65078.8 -83416.6 6389.7 -94837.1 -83416.6 6389.7 -94837.1 
51048.7 267414 62350.2 -80825.4 6169.75 -91123.4 -80825.4 6169.75 -91123.4 
49600.1 258355 59791 -78361.1 5959.16 -87624.5 -78361.1 5959.16 -87624.5 
48221 249767 57387.7 -76015.5 5757.58 -84324.5 -76015.5 5757.58 -84324.5 
46906.8 241617 55129.4 -73780.8 5564.67 -81210 -73780.8 5564.67 -81210 
45652.9 233871 53007.4 -71648.3 5380.19 -78269.5 -71648.3 5380.19 -78269.5 
44455.6 226504 51010.6 -69612.3 5203.72 -75489.8 -69612.3 5203.72 -75489.8 
43311.3 219492 49130.3 -67666.9 5034.88 -72860.7 -67666.9 5034.88 -72860.7 
42216.8 212815 47357.3 -65807.3 4873.25 -70371.4 -65807.3 4873.25 -70371.4 
41169.2 206448 45684 -64027.7 4718.54 -68012.3 -64027.7 4718.54 -68012.3 
40165.9 200379 44100.9 -62325.3 4570.3 -65772.9 -62325.3 4570.3 -65772.9 
39204.5 194588 42601 -60695.5 4428.25 -63644.9 -60695.5 4428.25 -63644.9 
38282.5 189056 41179.8 -59133.5 4292.12 -61621.8 -59133.5 4292.12 -61621.8 
37397.6 183767 39831.8 -57635.6 4161.63 -59696.7 -57635.6 4161.63 -59696.7 
36547.9 178708 38552.1 -56198.5 4036.49 -57863.5 -56198.5 4036.49 -57863.5 
35731.4 173865 37335.7 -54818.6 3916.46 -56116.1 -54818.6 3916.46 -56116.1 
34946.4 169223 36178.8 -53492.6 3801.29 -54448.9 -53492.6 3801.29 -54448.9 
34191 164769 35078.1 -52217 3690.77 -52857.7 -52217 3690.77 -52857.7 
33463.8 160492 34030.6 -50988.9 3584.65 -51337.9 -50988.9 3584.65 -51337.9 
32763 156381 33033.2 -49805.4 3482.71 -49885.7 -49805.4 3482.71 -49885.7 
32087.5 152427 32083 -48664.3 3384.73 -48497 -48664.3 3384.73 -48497 
31435.8 148620 31177.2 -47563.1 3290.49 -47168.2 -47563.1 3290.49 -47168.2 
30806.6 144949 30313.6 -46499 3199.77 -45895.7 -46499 3199.77 -45895.7 
30199 141408 29489.5 -45470.2 3112.37 -44676.3 -45470.2 3112.37 -44676.3 
29611.7 137991 28702.6 -44475.3 3028.11 -43507 -44475.3 3028.11 -43507 
29044.1 134692 27950.3 -43512.9 2946.83 -42385 -43512.9 2946.83 -42385 
28495.2 131508 27230.5 -42582.2 2868.42 -41307.6 -42582.2 2868.42 -41307.6 
27964.2 128434 26541.1 -41681.7 2792.73 -40272.4 -41681.7 2792.73 -40272.4 
27450.3 125463 25880.4 -40809.8 2719.61 -39277.1 -40809.8 2719.61 -39277.1 
26952.6 122590 25246.8 -39965.2 2648.93 -38319.3 -39965.2 2648.93 -38319.3 
26470.6 119812 24638.7 -39146.7 2580.58 -37397.2 -39146.7 2580.58 -37397.2 
26003.4 117122 24054.8 -38353 2514.42 -36508.9 -38353 2514.42 -36508.9 
25550.5 114517 23493.9 -37583.2 2450.35 -35652.7 -37583.2 2450.35 -35652.7 
25111.1 111993 22954.6 -36836 2388.27 -34826.9 -36836 2388.27 -34826.9 
24684.7 109546 22435.8 -36110.6 2328.08 -34030 -36110.6 2328.08 -34030 
24271 107175 21936.3 -35406.5 2269.75 -33260.6 -35406.5 2269.75 -33260.6 
23869.2 104877 21455.1 -34722.8 2213.19 -32517.6 -34722.8 2213.19 -32517.6 
23479 102648 20991.3 -34058.6 2158.31 -31799.6 -34058.6 2158.31 -31799.6 
23099.8 100485 20544.2 -33413.3 2105.06 -31105.6 -33413.3 2105.06 -31105.6 
22731.3 98387.4 20112.7 -32786.2 2053.39 -30434.5 -32786.2 2053.39 -30434.5 
22373.1 96353.1 19696.1 -32177.1 2003.28 -29785.3 -32177.1 2003.28 -29785.3 
22024.9 94380.8 19293.6 -31585.7 1954.72 -29157.3 -31585.7 1954.72 -29157.3 
21686.4 92467.8 18904.5 -31011 1907.64 -28549.6 -31011 1907.64 -28549.6 
21357 90612.2 18528.3 -30452.7 1861.99 -27961.2 -30452.7 1861.99 -27961.2 
21036.5 88811.3 18164.3 -29910 1817.71 -27391.3 -29910 1817.71 -27391.3 
20724.7 87064 17812 -29382.5 1774.78 -26839.2 -29382.5 1774.78 -26839.2 
20421 85367.5 17470.9 -28869.5 1733.11 -26304.3 -28869.5 1733.11 -26304.3 
20125.3 83719.8 17140.6 -28370.5 1692.67 -25785.7 -28370.5 1692.67 -25785.7 
19837.2 82119.1 16820.6 -27884.9 1653.41 -25282.7 -27884.9 1653.41 -25282.7 
19556.4 80563.2 16510.4 -27412.2 1615.25 -24794.8 -27412.2 1615.25 -24794.8 
19282.8 79051.3 16209.6 -26952.2 1578.22 -24321.4 -26952.2 1578.22 -24321.4 
19016.2 77582.3 15917.9 -26504.5 1542.27 -23861.9 -26504.5 1542.27 -23861.9 
18756.1 76154.1 15634.9 -26068.5 1507.35 -23415.9 -26068.5 1507.35 -23415.9 
18502.5 74765 15360.2 -25643.8 1473.41 -22982.7 -25643.8 1473.41 -22982.7 
18255.1 73413.5 15093.5 -25230 1440.42 -22561.9 -25230 1440.42 -22561.9 
18013.6 72099 14834.5 -24826.8 1408.36 -22153.1 -24826.8 1408.36 -22153.1 
17778 70820.5 14582.9 -24434.1 1377.24 -21755.9 -24434.1 1377.24 -21755.9 
17548.1 69577.6 14338.4 -24051.7 1347.04 -21369.9 -24051.7 1347.04 -21369.9 
17323.7 68368.8 14100.6 -23679.2 1317.72 -20994.8 -23679.2 1317.72 -20994.8 
17104.6 67193 13869.3 -23316.3 1289.27 -20630 -23316.3 1289.27 -20630 
16890.7 66049.5 13644.3 -22962.8 1261.66 -20275.4 -22962.8 1261.66 -20275.4 
16681.8 64937.3 13425.4 -22618.4 1234.88 -19930.6 -22618.4 1234.88 -19930.6 
16477.7 63855.2 13212.2 -22282.8 1208.89 -19595.2 -22282.8 1208.89 -19595.2 
16278.3 62802.2 13004.7 -21955.7 1183.66 -19268.8 -21955.7 1183.66 -19268.8 
16083.5 61776.8 12802.7 -21636.7 1159.16 -18951.1 -21636.7 1159.16 -18951.1 
15893 60778.1 12605.8 -21325.5 1135.34 -18641.8 -21325.5 1135.34 -18641.8 
15706.6 59804.6 12414 -21021.7 1112.17 -18340.5 -21021.7 1112.17 -18340.5 
15524.4 58855.1 12227 -20725 1089.6 -18046.9 -20725 1089.6 -18046.9 
15346.1 57929.1 12044.8 -20435.2 1067.64 -17760.8 -20435.2 1067.64 -17760.8 
15171.5 57025.8 11867.2 -20152.1 1046.25 -17481.8 -20152.1 1046.25 -17481.8 
15000.7 56144.2 11693.9 -19875.4 1025.41 -17209.8 -19875.4 1025.41 -17209.8 
14833.4 55283.6 11524.9 -19604.9 1005.09 -16944.4 -19604.9 1005.09 -16944.4 
14669.6 54443.1 11360 -19340.4 985.281 -16685.5 -19340.4 985.281 -16685.5 
14509.2 53622.1 11199.1 -19081.7 965.954 -16432.8 -19081.7 965.954 -16432.8 
14352 52820.1 11042 -18828.6 947.106 -16186.1 -18828.6 947.106 -16186.1 
14198 52036.5 10888.6 -18581 928.716 -15945.3 -18581 928.716 -15945.3 
14047 51270.9 10738.8 -18338.7 910.775 -15710.2 -18338.7 910.775 -15710.2 
13899.1 50522.7 10592.6 -18101.6 893.28 -15480.6 -18101.6 893.28 -15480.6 
13754.1 49791.9 10449.6 -17869.7 876.228 -15256.3 -17869.7 876.228 -15256.3 
13612 49077.8 10310 -17642.8 859.601 -15037.3 -17642.8 859.601 -15037.3 
13472.7 48379.7 10173.5 -17420.6 843.382 -14823.4 -17420.6 843.382 -14823.4 
13336 47697.4 10040.1 -17203.3 827.566 -14614.3 -17203.3 827.566 -14614.3 
13202 47030.5 9909.61 -16990.5 812.142 -14410 -16990.5 812.142 -14410 
13070.6 46378.5 9782.04 -16782.2 797.102 -14210.3 -16782.2 797.102 -14210.3 
12941.6 45740.9 9657.27 -16578.1 782.424 -14015.1 -16578.1 782.424 -14015.1 
12815.1 45117.2 9535.2 -16378.4 768.105 -13824.3 -16378.4 768.105 -13824.3 
12690.9 44507 9415.75 -16182.6 754.125 -13637.6 -16182.6 754.125 -13637.6 
12569 43909.9 9298.86 -15990.8 740.474 -13455 -15990.8 740.474 -13455 
12449.4 43325.6 9184.43 -15802.9 727.151 -13276.4 -15802.9 727.151 -13276.4 
12331.9 42753.8 9072.39 -15618.7 714.147 -13101.6 -15618.7 714.147 -13101.6 
12216.5 42194 8962.68 -15438.2 701.447 -12930.5 -15438.2 701.447 -12930.5 
12103.2 41646.1 8855.23 -15261.3 689.05 -12763.1 -15261.3 689.05 -12763.1 
11991.9 41109.5 8749.96 -15087.9 676.943 -12599.2 -15087.9 676.943 -12599.2 
11882.6 40584 8646.83 -14917.8 665.113 -12438.7 -14917.8 665.113 -12438.7 
11775.2 40069.4 8545.77 -14751 653.56 -12281.5 -14751 653.56 -12281.5 
11669.7 39565.4 8446.72 -14587.4 642.277 -12127.6 -14587.4 642.277 -12127.6 
11566 39071.7 8349.62 -14427 631.257 -11976.9 -14427 631.257 -11976.9 
11464.1 38588.1 8254.43 -14269.7 620.495 -11829.2 -14269.7 620.495 -11829.2 
11364 38114.4 8161.1 -14115.4 609.986 -11684.6 -14115.4 609.986 -11684.6 
11265.6 37650.3 8069.58 -13964 599.722 -11542.8 -13964 599.722 -11542.8 
11168.8 37195.4 7979.82 -13815.4 589.693 -11404 -13815.4 589.693 -11404 
11073.6 36749.6 7891.78 -13669.7 579.893 -11267.8 -13669.7 579.893 -11267.8 
10980 36312.6 7805.4 -13526.6 570.313 -11134.4 -13526.6 570.313 -11134.4 
10888 35884.1 7720.64 -13386.2 560.947 -11003.6 -13386.2 560.947 -11003.6 
10797.5 35464 7637.47 -13248.3 551.79 -10875.3 -13248.3 551.79 -10875.3 
10708.5 35051.8 7555.83 -13112.9 542.832 -10749.5 -13112.9 542.832 -10749.5 
10620.8 34647.5 7475.68 -12979.9 534.069 -10626.1 -12979.9 534.069 -10626.1 
10534.6 34250.8 7397 -12849.2 525.495 -10505 -12849.2 525.495 -10505 
10449.8 33861.5 7319.75 -12720.9 517.105 -10386.2 -12720.9 517.105 -10386.2 
10366.3 33479.5 7243.88 -12594.8 508.891 -10269.6 -12594.8 508.891 -10269.6 
10284.1 33104.5 7169.37 -12470.9 500.851 -10155.2 -12470.9 500.851 -10155.2 
10203.2 32736.4 7096.18 -12349.1 492.984 -10042.9 -12349.1 492.984 -10042.9 
10123.6 32375.1 7024.28 -12229.4 485.283 -9932.61 -12229.4 485.283 -9932.61 
10045.1 32020.3 6953.64 -12111.8 477.743 -9824.37 -12111.8 477.743 -9824.37 
9967.91 31672 6884.23 -11996.2 470.361 -9718.1 -11996.2 470.361 -9718.1 
9891.86 31329.9 6816.01 -11882.5 463.131 -9613.73 -11882.5 463.131 -9613.73 
9816.94 30993.8 6748.96 -11770.7 456.045 -9511.21 -11770.7 456.045 -9511.21 
9743.14 30663.6 6683.06 -11660.7 449.1 -9410.5 -11660.7 449.1 -9410.5 
9670.43 30339.2 6618.26 -11552.5 442.296 -9311.55 -11552.5 442.296 -9311.55 
9598.8 30020.4 6554.56 -11446.1 435.629 -9214.34 -11446.1 435.629 -9214.34 
9528.21 29707.1 6491.91 -11341.4 429.093 -9118.81 -11341.4 429.093 -9118.81 
9458.64 29399.1 6430.31 -11238.4 422.684 -9024.92 -11238.4 422.684 -9024.92 
9390.07 29096.4 6369.73 -11137 416.399 -8932.64 -11137 416.399 -8932.64 
9322.49 28798.7 6310.14 -11037.2 410.234 -8841.91 -11037.2 410.234 -8841.91 
9255.85 28505.9 6251.53 -10939 404.183 -8752.71 -10939 404.183 -8752.71 
9190.16 28218 6193.86 -10842.3 398.247 -8665.01 -10842.3 398.247 -8665.01 
9125.39 27934.8 6137.13 -10747 392.42 -8578.75 -10747 392.42 -8578.75 
9061.52 27656.2 6081.31 -10653.2 386.703 -8493.93 -10653.2 386.703 -8493.93 
8998.54 27382.2 6026.37 -10560.9 381.095 -8410.51 -10560.9 381.095 -8410.51 
8936.43 27112.8 5972.31 -10470 375.595 -8328.47 -10470 375.595 -8328.47 
8875.18 26847.7 5919.09 -10380.5 370.201 -8247.77 -10380.5 370.201 -8247.77 
8814.77 26587 5866.7 -10292.4 364.91 -8168.4 -10292.4 364.91 -8168.4 
8755.18 26330.5 5815.14 -10205.6 359.719 -8090.31 -10205.6 359.719 -8090.31 
8696.39 26078.1 5764.37 -10120.1 354.625 -8013.48 -10120.1 354.625 -8013.48 
8638.4 25829.8 5714.38 -10035.9 349.63 -7937.89 -10035.9 349.63 -7937.89 
8581.2 25585.5 5665.15 -9952.95 344.73 -7863.51 -9952.95 344.73 -7863.51 
8524.75 25345.1 5616.66 -9871.25 339.921 -7790.31 -9871.25 339.921 -7790.31 
8469.05 25108.4 5568.91 -9790.74 335.201 -7718.25 -9790.74 335.201 -7718.25 
8414.08 24875.4 5521.86 -9711.42 330.569 -7647.33 -9711.42 330.569 -7647.33 
8359.84 24646.1 5475.52 -9633.27 326.023 -7577.51 -9633.27 326.023 -7577.51 
8306.31 24420.4 5429.85 -9556.27 321.565 -7508.79 -9556.27 321.565 -7508.79 
8253.47 24198.3 5384.86 -9480.41 317.191 -7441.13 -9480.41 317.191 -7441.13 
8201.33 23979.6 5340.53 -9405.67 312.902 -7374.52 -9405.67 312.902 -7374.52 
8149.86 23764.4 5296.83 -9332.02 308.695 -7308.94 -9332.02 308.695 -7308.94 
8099.05 23552.5 5253.77 -9259.44 304.568 -7244.37 -9259.44 304.568 -7244.37 
8048.9 23343.8 5211.33 -9187.89 300.518 -7180.78 -9187.89 300.518 -7180.78 
7999.37 23138.4 5169.49 -9117.39 296.545 -7118.15 -9117.39 296.545 -7118.15 
7950.48 22936.1 5128.25 -9047.9 292.646 -7056.48 -9047.9 292.646 -7056.48 
7902.2 22736.9 5087.59 -8979.4 288.822 -6995.73 -8979.4 288.822 -6995.73 
7854.52 22540.7 5047.51 -8911.86 285.067 -6935.89 -8911.86 285.067 -6935.89 
7807.44 22347.5 5007.98 -8845.27 281.383 -6876.94 -8845.27 281.383 -6876.94 
7760.94 22157.2 4969.01 -8779.64 277.769 -6818.87 -8779.64 277.769 -6818.87 
7715.02 21969.7 4930.57 -8714.92 274.222 -6761.66 -8714.92 274.222 -6761.66 
7669.65 21785 4892.66 -8651.09 270.738 -6705.27 -8651.09 270.738 -6705.27 
7624.84 21603 4855.28 -8588.13 267.317 -6649.71 -8588.13 267.317 -6649.71 
7580.56 21423.7 4818.4 -8526.04 263.959 -6594.96 -8526.04 263.959 -6594.96 
7536.82 21247 4782.03 -8464.8 260.661 -6541 -8464.8 260.661 -6541 
7493.6 21072.9 4746.15 -8404.39 257.422 -6487.81 -8404.39 257.422 -6487.81 
7450.9 20901.3 4710.75 -8344.8 254.242 -6435.39 -8344.8 254.242 -6435.39 
7408.7 20732.1 4675.83 -8286 251.118 -6383.71 -8286 251.118 -6383.71 
7367 20565.4 4641.38 -8228 248.051 -6332.77 -8228 248.051 -6332.77 
7325.78 20401.1 4607.38 -8170.77 245.038 -6282.54 -8170.77 245.038 -6282.54 
7285.05 20239.1 4573.83 -8114.31 242.08 -6233.02 -8114.31 242.08 -6233.02 
7244.79 20079.4 4540.72 -8058.59 239.174 -6184.2 -8058.59 239.174 -6184.2 
7204.99 19922 4508.04 -8003.59 236.318 -6136.04 -8003.59 236.318 -6136.04 
7165.64 19766.7 4475.79 -7949.31 233.511 -6088.55 -7949.31 233.511 -6088.55 
7126.74 19613.5 4443.95 -7895.72 230.751 -6041.7 -7895.72 230.751 -6041.7 
7088.28 19462.4 4412.52 -7842.81 228.037 -5995.49 -7842.81 228.037 -5995.49 
7050.25 19313.4 4381.49 -7790.56 225.367 -5949.9 -7790.56 225.367 -5949.9 
7012.63 19166.3 4350.86 -7738.95 222.739 -5904.91 -7738.95 222.739 -5904.91 
6975.43 19021.1 4320.61 -7687.97 220.152 -5860.51 -7687.97 220.152 -5860.51 
6938.64 18877.9 4290.75 -7637.62 217.606 -5816.69 -7637.62 217.606 -5816.69 
6902.25 18736.4 4261.25 -7587.87 215.098 -5773.44 -7587.87 215.098 -5773.44 
6866.25 18596.8 4232.13 -7538.72 212.628 -5730.75 -7538.72 212.628 -5730.75 
6830.64 18459 4203.36 -7490.15 210.195 -5688.61 -7490.15 210.195 -5688.61 
6795.4 18322.9 4174.95 -7442.15 207.799 -5647.01 -7442.15 207.799 -5647.01 
6760.54 18188.5 4146.89 -7394.72 205.438 -5605.93 -7394.72 205.438 -5605.93 
6726.05 18055.8 4119.18 -7347.84 203.112 -5565.37 -7347.84 203.112 -5565.37 
6691.92 17924.8 4091.79 -7301.51 200.821 -5525.33 -7301.51 200.821 -5525.33 
6658.14 17795.4 4064.74 -7255.72 198.563 -5485.79 -7255.72 198.563 -5485.79 
6624.72 17667.6 4038.02 -7210.46 196.339 -5446.74 -7210.46 196.339 -5446.74 
6591.65 17541.3 4011.61 -7165.72 194.149 -5408.18 -7165.72 194.149 -5408.18 
6558.93 17416.7 3985.52 -7121.51 191.992 -5370.1 -7121.51 191.992 -5370.1 
6526.54 17293.6 3959.74 -7077.81 189.869 -5332.5 -7077.81 189.869 -5332.5 
6494.49 17172.1 3934.26 -7034.63 187.78 -5295.36 -7034.63 187.78 -5295.36 
6462.77 17052.2 3909.08 -6991.97 185.725 -5258.69 -6991.97 185.725 -5258.69 
6431.38 16933.7 3884.19 -6949.8 183.703 -5222.47 -6949.8 183.703 -5222.47 
6400.31 16816.7 3859.59 -6908.13 181.714 -5186.7 -6908.13 181.714 -5186.7 
6369.56 16701.2 3835.27 -6866.94 179.757 -5151.38 -6866.94 179.757 -5151.38 
6339.12 16587.2 3811.23 -6826.24 177.832 -5116.49 -6826.24 177.832 -5116.49 
6308.99 16474.5 3787.47 -6786.01 175.938 -5082.02 -6786.01 175.938 -5082.02 
6279.16 16363.3 3763.98 -6746.24 174.075 -5047.98 -6746.24 174.075 -5047.98 
6249.64 16253.4 3740.75 -6706.93 172.241 -5014.35 -6706.93 172.241 -5014.35 
6220.4 16144.9 3717.79 -6668.07 170.436 -4981.12 -6668.07 170.436 -4981.12 
6191.46 16037.7 3695.08 -6629.64 168.659 -4948.29 -6629.64 168.659 -4948.29 
6162.8 15931.8 3672.63 -6591.65 166.91 -4915.85 -6591.65 166.91 -4915.85 
6134.43 15827.1 3650.43 -6554.09 165.188 -4883.79 -6554.09 165.188 -4883.79 
6106.33 15723.7 3628.48 -6516.94 163.493 -4852.12 -6516.94 163.493 -4852.12 
6078.5 15621.6 3606.76 -6480.21 161.825 -4820.82 -6480.21 161.825 -4820.82 
6050.94 15520.6 3585.29 -6443.89 160.182 -4789.89 -6443.89 160.182 -4789.89 
6023.65 15420.9 3564.05 -6407.97 158.565 -4759.31 -6407.97 158.565 -4759.31 
5996.63 15322.3 3543.04 -6372.44 156.972 -4729.1 -6372.44 156.972 -4729.1 
5969.86 15224.9 3522.26 -6337.3 155.404 -4699.23 -6337.3 155.404 -4699.23 
5943.34 15128.6 3501.71 -6302.54 153.859 -4669.7 -6302.54 153.859 -4669.7 
5917.07 15033.5 3481.37 -6268.15 152.337 -4640.51 -6268.15 152.337 -4640.51 
5891.05 14939.4 3461.25 -6234.13 150.837 -4611.64 -6234.13 150.837 -4611.64 
5865.28 14846.4 3441.35 -6200.47 149.359 -4583.11 -6200.47 149.359 -4583.11 
5839.74 14754.4 3421.65 -6167.16 147.903 -4554.9 -6167.16 147.903 -4554.9 
5814.44 14663.5 3402.17 -6134.22 146.47 -4527 -6134.22 146.47 -4527 
5789.38 14573.7 3382.88 -6101.63 145.058 -4499.42 -6101.63 145.058 -4499.42 
5764.55 14484.9 3363.8 -6069.38 143.668 -4472.15 -6069.38 143.668 -4472.15 
5739.95 14397 3344.92 -6037.47 142.298 -4445.18 -6037.47 142.298 -4445.18 
5715.57 14310.2 3326.23 -6005.89 140.949 -4418.5 -6005.89 140.949 -4418.5 
5691.41 14224.3 3307.74 -5974.65 139.619 -4392.12 -5974.65 139.619 -4392.12 
5667.47 14139.4 3289.43 -5943.72 138.309 -4366.03 -5943.72 138.309 -4366.03 
5643.75 14055.4 3271.32 -5913.12 137.019 -4340.23 -5913.12 137.019 -4340.23 
5620.24 13972.4 3253.38 -5882.84 135.747 -4314.71 -5882.84 135.747 -4314.71 
5596.95 13890.3 3235.63 -5852.86 134.494 -4289.46 -5852.86 134.494 -4289.46 
5573.86 13809.1 3218.06 -5823.19 133.258 -4264.49 -5823.19 133.258 -4264.49 
5550.97 13728.7 3200.67 -5793.81 132.04 -4239.78 -5793.81 132.04 -4239.78 
5528.28 13649.3 3183.45 -5764.74 130.84 -4215.34 -5764.74 130.84 -4215.34 
5505.8 13570.6 3166.41 -5735.95 129.657 -4191.16 -5735.95 129.657 -4191.16 
5483.5 13492.9 3149.53 -5707.45 128.489 -4167.23 -5707.45 128.489 -4167.23 
5461.4 13415.9 3132.82 -5679.22 127.337 -4143.55 -5679.22 127.337 -4143.55 
5439.5 13339.7 3116.28 -5651.28 126.201 -4120.12 -5651.28 126.201 -4120.12 
5417.77 13264.4 3099.9 -5623.6 125.08 -4096.93 -5623.6 125.08 -4096.93 
5396.24 13189.8 3083.68 -5596.19 123.975 -4073.99 -5596.19 123.975 -4073.99 
5374.89 13116 3067.63 -5569.06 122.885 -4051.28 -5569.06 122.885 -4051.28 
5353.72 13043 3051.73 -5542.19 121.81 -4028.81 -5542.19 121.81 -4028.81 
5332.73 12970.8 3035.98 -5515.57 120.75 -4006.58 -5515.57 120.75 -4006.58 
5311.92 12899.3 3020.38 -5489.22 119.705 -3984.57 -5489.22 119.705 -3984.57 
5291.28 12828.5 3004.94 -5463.12 118.674 -3962.78 -5463.12 118.674 -3962.78 
5270.82 12758.5 2989.64 -5437.27 117.656 -3941.22 -5437.27 117.656 -3941.22 
5250.52 12689.2 2974.5 -5411.66 116.652 -3919.87 -5411.66 116.652 -3919.87 
5230.39 12620.6 2959.49 -5386.29 115.661 -3898.74 -5386.29 115.661 -3898.74 
5210.43 12552.6 2944.63 -5361.15 114.682 -3877.82 -5361.15 114.682 -3877.82 
5190.63 12485.4 2929.91 -5336.25 113.717 -3857.1 -5336.25 113.717 -3857.1 
5170.99 12418.8 2915.32 -5311.58 112.763 -3836.6 -5311.58 112.763 -3836.6 
5151.51 12352.9 2900.88 -5287.13 111.822 -3816.29 -5287.13 111.822 -3816.29 
5132.19 12287.6 2886.57 -5262.91 110.893 -3796.19 -5262.91 110.893 -3796.19 
5113.03 12223 2872.39 -5238.92 109.977 -3776.28 -5238.92 109.977 -3776.28 
5094.02 12159 2858.34 -5215.15 109.073 -3756.57 -5215.15 109.073 -3756.57 
5075.17 12095.7 2844.43 -5191.6 108.181 -3737.05 -5191.6 108.181 -3737.05 
5056.46 12033 2830.64 -5168.27 107.301 -3717.73 -5168.27 107.301 -3717.73 
5037.91 11970.9 2816.98 -5145.15 106.432 -3698.59 -5145.15 106.432 -3698.59 
5019.5 11909.4 2803.44 -5122.23 105.574 -3679.64 -5122.23 105.574 -3679.64 
5001.23 11848.5 2790.03 -5099.53 104.728 -3660.86 -5099.53 104.728 -3660.86 
4983.11 11788.2 2776.73 -5077.02 103.892 -3642.27 -5077.02 103.892 -3642.27 
4965.13 11728.5 2763.56 -5054.72 103.066 -3623.86 -5054.72 103.066 -3623.86 
4947.3 11669.3 2750.51 -5032.61 102.25 -3605.62 -5032.61 102.25 -3605.62 
4929.59 11610.7 2737.58 -5010.69 101.444 -3587.55 -5010.69 101.444 -3587.55 
4912.03 11552.6 2724.76 -4988.96 100.648 -3569.65 -4988.96 100.648 -3569.65 
4894.59 11495.1 2712.05 -4967.42 99.8601 -3551.91 -4967.42 99.8601 -3551.91 
4877.29 11438.1 2699.46 -4946.06 99.0819 -3534.34 -4946.06 99.0819 -3534.34 
4860.13 11381.6 2686.98 -4924.88 98.3128 -3516.93 -4924.88 98.3128 -3516.93 
4843.09 11325.7 2674.61 -4903.88 97.5523 -3499.68 -4903.88 97.5523 -3499.68 
4826.17 11270.2 2662.36 -4883.06 96.8003 -3482.59 -4883.06 96.8003 -3482.59 
4809.39 11215.2 2650.2 -4862.41 96.0567 -3465.65 -4862.41 96.0567 -3465.65 
4792.73 11160.8 2638.16 -4841.93 95.3213 -3448.87 -4841.93 95.3213 -3448.87 
4776.19 11106.8 2626.22 -4821.62 94.594 -3432.23 -4821.62 94.594 -3432.23 
4759.77 11053.3 2614.38 -4801.47 93.8746 -3415.75 -4801.47 93.8746 -3415.75 
4743.47 11000.2 2602.65 -4781.5 93.1629 -3399.41 -4781.5 93.1629 -3399.41 
4727.3 10947.7 2591.02 -4761.68 92.459 -3383.22 -4761.68 92.459 -3383.22 
4711.24 10895.5 2579.49 -4742.03 91.7628 -3367.17 -4742.03 91.7628 -3367.17 
4695.29 10843.9 2568.05 -4722.53 91.0743 -3351.27 -4722.53 91.0743 -3351.27 
4679.46 10792.7 2556.72 -4703.2 90.3933 -3335.51 -4703.2 90.3933 -3335.51 
4663.75 10742 2545.48 -4684.02 89.7198 -3319.88 -4684.02 89.7198 -3319.88 
4648.15 10691.6 2534.34 -4664.99 89.0537 -3304.39 -4664.99 89.0537 -3304.39 
4632.66 10641.8 2523.29 -4646.12 88.3949 -3289.04 -4646.12 88.3949 -3289.04 
4617.29 10592.3 2512.34 -4627.4 87.7434 -3273.82 -4627.4 87.7434 -3273.82 
4602.02 10543.3 2501.47 -4608.84 87.0994 -3258.74 -4608.84 87.0994 -3258.74 
4586.86 10494.8 2490.7 -4590.42 86.4625 -3243.78 -4590.42 86.4625 -3243.78 
4571.81 10446.6 2480.02 -4572.15 85.8325 -3228.96 -4572.15 85.8325 -3228.96 
4556.86 10398.9 2469.42 -4554.02 85.2095 -3214.26 -4554.02 85.2095 -3214.26 
4542.02 10351.5 2458.92 -4536.04 84.5933 -3199.69 -4536.04 84.5933 -3199.69 
4527.28 10304.6 2448.5 -4518.2 83.9836 -3185.25 -4518.2 83.9836 -3185.25 
4512.65 10258 2438.16 -4500.49 83.3803 -3170.92 -4500.49 83.3803 -3170.92 
4498.11 10211.9 2427.92 -4482.93 82.7832 -3156.72 -4482.93 82.7832 -3156.72 
4483.68 10166.1 2417.75 -4465.5 82.1922 -3142.64 -4465.5 82.1922 -3142.64 
4469.34 10120.7 2407.67 -4448.2 81.6072 -3128.67 -4448.2 81.6072 -3128.67 
4455.11 10075.7 2397.67 -4431.03 81.0277 -3114.83 -4431.03 81.0277 -3114.83 
4440.96 10031 2387.75 -4413.98 80.4538 -3101.09 -4413.98 80.4538 -3101.09 
4426.92 9986.68 2377.91 -4397.07 79.8854 -3087.47 -4397.07 79.8854 -3087.47 
4412.96 9942.72 2368.16 -4380.28 79.3225 -3073.96 -4380.28 79.3225 -3073.96 
4399.1 9899.13 2358.48 -4363.62 78.7651 -3060.56 -4363.62 78.7651 -3060.56 
4385.34 9855.88 2348.87 -4347.08 78.2133 -3047.27 -4347.08 78.2133 -3047.27 
4371.67 9812.98 2339.35 -4330.66 77.667 -3034.09 -4330.66 77.667 -3034.09 
4358.08 9770.42 2329.89 -4314.37 77.126 -3021.01 -4314.37 77.126 -3021.01 
4344.59 9728.2 2320.52 -4298.19 76.5905 -3008.04 -4298.19 76.5905 -3008.04 
4331.19 9686.32 2311.21 -4282.14 76.0602 -2995.18 -4282.14 76.0602 -2995.18 
4317.87 9644.77 2301.98 -4266.2 75.5351 -2982.42 -4266.2 75.5351 -2982.42 
4304.64 9603.55 2292.82 -4250.38 75.0154 -2969.76 -4250.38 75.0154 -2969.76 
4291.5 9562.66 2283.74 -4234.68 74.5009 -2957.2 -4234.68 74.5009 -2957.2 
4278.45 9522.09 2274.72 -4219.09 73.9914 -2944.75 -4219.09 73.9914 -2944.75 
4265.48 9481.84 2265.77 -4203.62 73.4869 -2932.39 -4203.62 73.4869 -2932.39 
4252.59 9441.9 2256.89 -4188.25 72.9874 -2920.13 -4188.25 72.9874 -2920.13 
4239.79 9402.27 2248.08 -4173 72.4926 -2907.96 -4173 72.4926 -2907.96 
4227.07 9362.95 2239.33 -4157.86 72.0027 -2895.9 -4157.86 72.0027 -2895.9 
4214.43 9323.93 2230.66 -4142.82 71.5173 -2883.92 -4142.82 71.5173 -2883.92 
4201.87 9285.2 2222.04 -4127.89 71.0366 -2872.04 -4127.89 71.0366 -2872.04 
4189.4 9246.78 2213.5 -4113.07 70.5604 -2860.25 -4113.07 70.5604 -2860.25 
4177 9208.64 2205.01 -4098.35 70.0885 -2848.55 -4098.35 70.0885 -2848.55 
4164.68 9170.79 2196.6 -4083.73 69.6211 -2836.94 -4083.73 69.6211 -2836.94 
4152.43 9133.23 2188.24 -4069.22 69.158 -2825.42 -4069.22 69.158 -2825.42 
4140.27 9095.95 2179.94 -4054.81 68.6994 -2813.99 -4054.81 68.6994 -2813.99 
4128.18 9058.95 2171.71 -4040.49 68.245 -2802.64 -4040.49 68.245 -2802.64 
4116.16 9022.23 2163.54 -4026.28 67.7948 -2791.38 -4026.28 67.7948 -2791.38 
4104.22 8985.78 2155.43 -4012.16 67.3487 -2780.21 -4012.16 67.3487 -2780.21 
4092.35 8949.59 2147.38 -3998.15 66.9067 -2769.12 -3998.15 66.9067 -2769.12 
4080.56 8913.68 2139.38 -3984.22 66.4684 -2758.11 -3984.22 66.4684 -2758.11 
4068.84 8878.02 2131.45 -3970.39 66.034 -2747.18 -3970.39 66.034 -2747.18 
4057.19 8842.62 2123.57 -3956.65 65.6033 -2736.34 -3956.65 65.6033 -2736.34 
4045.61 8807.47 2115.75 -3943 65.1762 -2725.57 -3943 65.1762 -2725.57 
4034.1 8772.58 2107.99 -3929.45 64.7528 -2714.88 -3929.45 64.7528 -2714.88 
4022.66 8737.94 2100.29 -3915.98 64.333 -2704.28 -3915.98 64.333 -2704.28 
4011.29 8703.55 2092.64 -3902.61 63.9169 -2693.75 -3902.61 63.9169 -2693.75 
3999.98 8669.4 2085.04 -3889.32 63.5045 -2683.3 -3889.32 63.5045 -2683.3 
3988.75 8635.51 2077.5 -3876.12 63.096 -2672.92 -3876.12 63.096 -2672.92 
3977.58 8601.86 2070.01 -3863.02 62.6912 -2662.62 -3863.02 62.6912 -2662.62 
3966.48 8568.46 2062.58 -3850 62.2903 -2652.4 -3850 62.2903 -2652.4 
3955.44 8535.3 2055.2 -3837.06 61.8932 -2642.25 -3837.06 61.8932 -2642.25 
3944.48 8502.37 2047.87 -3824.22 61.4998 -2632.18 -3824.22 61.4998 -2632.18 
3933.57 8469.69 2040.59 -3811.46 61.1102 -2622.17 -3811.46 61.1102 -2622.17 
3922.73 8437.25 2033.36 -3798.79 60.7243 -2612.25 -3798.79 60.7243 -2612.25 
3911.96 8405.03 2026.19 -3786.2 60.342 -2602.39 -3786.2 60.342 -2602.39 
3901.25 8373.05 2019.06 -3773.69 59.9631 -2592.6 -3773.69 59.9631 -2592.6 
3890.6 8341.29 2011.98 -3761.26 59.5877 -2582.89 -3761.26 59.5877 -2582.89 
3880.01 8309.76 2004.96 -3748.92 59.2157 -2573.24 -3748.92 59.2157 -2573.24 
3869.48 8278.44 1997.98 -3736.65 58.8468 -2563.66 -3736.65 58.8468 -2563.66 
3859.02 8247.34 1991.05 -3724.47 58.4811 -2554.15 -3724.47 58.4811 -2554.15 
3848.61 8216.46 1984.16 -3712.36 58.1185 -2544.7 -3712.36 58.1185 -2544.7 
3838.27 8185.78 1977.33 -3700.32 57.7589 -2535.32 -3700.32 57.7589 -2535.32 
3827.98 8155.32 1970.54 -3688.37 57.4024 -2526.01 -3688.37 57.4024 -2526.01 
3817.75 8125.07 1963.79 -3676.49 57.0489 -2516.76 -3676.49 57.0489 -2516.76 
3807.58 8095.02 1957.1 -3664.68 56.6984 -2507.58 -3664.68 56.6984 -2507.58 
3797.47 8065.17 1950.44 -3652.95 56.351 -2498.46 -3652.95 56.351 -2498.46 
3787.41 8035.53 1943.84 -3641.3 56.0064 -2489.4 -3641.3 56.0064 -2489.4 
3777.41 8006.09 1937.27 -3629.71 55.6648 -2480.4 -3629.71 55.6648 -2480.4 
3767.47 7976.85 1930.75 -3618.2 55.3259 -2471.47 -3618.2 55.3259 -2471.47 
3757.59 7947.8 1924.28 -3606.76 54.9899 -2462.6 -3606.76 54.9899 -2462.6 
3747.76 7918.95 1917.85 -3595.39 54.6565 -2453.78 -3595.39 54.6565 -2453.78 
3737.98 7890.28 1911.46 -3584.09 54.3257 -2445.03 -3584.09 54.3257 -2445.03 
3728.26 7861.81 1905.11 -3572.86 53.9974 -2436.33 -3572.86 53.9974 -2436.33 
3718.59 7833.51 1898.8 -3561.69 53.6716 -2427.69 -3561.69 53.6716 -2427.69 
3708.97 7805.41 1892.54 -3550.6 53.3484 -2419.11 -3550.6 53.3484 -2419.11 
3699.41 7777.48 1886.32 -3539.57 53.0279 -2410.59 -3539.57 53.0279 -2410.59 
3689.9 7749.75 1880.14 -3528.6 52.71 -2402.13 -3528.6 52.71 -2402.13 
3680.45 7722.19 1874 -3517.71 52.3948 -2393.72 -3517.71 52.3948 -2393.72 
3671.04 7694.82 1867.89 -3506.88 52.0824 -2385.37 -3506.88 52.0824 -2385.37 
3661.69 7667.64 1861.83 -3496.12 51.7728 -2377.07 -3496.12 51.7728 -2377.07 
3652.39 7640.63 1855.81 -3485.43 51.4658 -2368.83 -3485.43 51.4658 -2368.83 
3643.13 7613.8 1849.82 -3474.8 51.1616 -2360.64 -3474.8 51.1616 -2360.64 
3633.93 7587.16 1843.88 -3464.24 50.8602 -2352.51 -3464.24 50.8602 -2352.51 
3624.78 7560.69 1837.97 -3453.74 50.5615 -2344.44 -3453.74 50.5615 -2344.44 
3615.68 7534.39 1832.1 -3443.31 50.2655 -2336.41 -3443.31 50.2655 -2336.41 
3606.63 7508.27 1826.26 -3432.94 49.9722 -2328.44 -3432.94 49.9722 -2328.44 
3597.63 7482.32 1820.47 -3422.64 49.6814 -2320.52 -3422.64 49.6814 -2320.52 
3588.67 7456.54 1814.71 -3412.39 49.3931 -2312.66 -3412.39 49.3931 -2312.66 
3579.77 7430.93 1808.98 -3402.21 49.1072 -2304.84 -3402.21 49.1072 -2304.84 
3570.91 7405.48 1803.3 -3392.09 48.8238 -2297.08 -3392.09 48.8238 -2297.08 
3562.1 7380.19 1797.64 -3382.03 48.5428 -2289.36 -3382.03 48.5428 -2289.36 
3553.34 7355.07 1792.03 -3372.03 48.2644 -2281.7 -3372.03 48.2644 -2281.7 
3544.62 7330.12 1786.44 -3362.09 47.9883 -2274.08 -3362.09 47.9883 -2274.08 
3535.95 7305.32 1780.89 -3352.21 47.7147 -2266.52 -3352.21 47.7147 -2266.52 
3527.32 7280.68 1775.38 -3342.38 47.4433 -2259 -3342.38 47.4433 -2259 
3518.74 7256.2 1769.9 -3332.62 47.1742 -2251.53 -3332.62 47.1742 -2251.53 
3510.21 7231.87 1764.45 -3322.91 46.9074 -2244.11 -3322.91 46.9074 -2244.11 
3501.72 7207.7 1759.04 -3313.26 46.6429 -2236.73 -3313.26 46.6429 -2236.73 
3493.27 7183.68 1753.66 -3303.67 46.3807 -2229.41 -3303.67 46.3807 -2229.41 
3484.87 7159.81 1748.31 -3294.13 46.1208 -2222.12 -3294.13 46.1208 -2222.12 
3476.52 7136.1 1743 -3284.65 45.8632 -2214.89 -3284.65 45.8632 -2214.89 
3468.2 7112.54 1737.72 -3275.23 45.6078 -2207.7 -3275.23 45.6078 -2207.7 
3459.93 7089.12 1732.47 -3265.86 45.3548 -2200.55 -3265.86 45.3548 -2200.55 
3451.71 7065.86 1727.25 -3256.55 45.1039 -2193.45 -3256.55 45.1039 -2193.45 
3443.52 7042.74 1722.06 -3247.29 44.8552 -2186.4 -3247.29 44.8552 -2186.4 
3435.38 7019.76 1716.9 -3238.08 44.6085 -2179.39 -3238.08 44.6085 -2179.39 
3427.28 6996.93 1711.77 -3228.93 44.3639 -2172.42 -3228.93 44.3639 -2172.42 
3419.22 6974.23 1706.68 -3219.82 44.1213 -2165.5 -3219.82 44.1213 -2165.5 
3411.2 6951.68 1701.61 -3210.77 43.8807 -2158.61 -3210.77 43.8807 -2158.61 
