3.97998e+06 3.98521e+06 3.97735e+06 -17204.4 -21290.3 -18293 -17204.4 -21290.3 -18293 
3.92032e+06 3.93537e+06 3.91023e+06 -71731.7 -84565.1 -76111.2 -71731.7 -84565.1 -76111.2 
3.80504e+06 3.84768e+06 3.7878e+06 -172261 -203348 -179671 -172261 -203348 -179671 
3.65444e+06 3.7328e+06 3.63296e+06 -303772 -356007 -312957 -303772 -356007 -312957 
3.49309e+06 3.61141e+06 3.4703e+06 -443703 -517922 -453342 -443703 -517922 -453342 
3.35093e+06 3.50437e+06 3.32515e+06 -567019 -661430 -577809 -567019 -661430 -577809 
3.2283e+06 3.41221e+06 3.19662e+06 -673279 -786771 -686422 -673279 -786771 -686422 
3.12865e+06 3.33652e+06 3.08976e+06 -760066 -889695 -776080 -760066 -889695 -776080 
3.04746e+06 3.2743e+06 3.00004e+06 -831068 -974676 -850464 -831068 -974676 -850464 
2.98148e+06 3.22319e+06 2.92442e+06 -889045 -1.04482e+06 -912224 -889045 -1.04482e+06 -912224 
2.92787e+06 3.18112e+06 2.8602e+06 -936414 -1.10281e+06 -963707 -936414 -1.10281e+06 -963707 
2.88457e+06 3.14643e+06 2.80584e+06 -975021 -1.15044e+06 -1.00655e+06 -975021 -1.15044e+06 -1.00655e+06 
2.84916e+06 3.11749e+06 2.75838e+06 -1.00683e+06 -1.1902e+06 -1.04288e+06 -1.00683e+06 -1.1902e+06 -1.04288e+06 
2.82029e+06 3.09325e+06 2.71608e+06 -1.03301e+06 -1.22345e+06 -1.07401e+06 -1.03301e+06 -1.22345e+06 -1.07401e+06 
2.79669e+06 3.07282e+06 2.67849e+06 -1.05461e+06 -1.25097e+06 -1.10063e+06 -1.05461e+06 -1.25097e+06 -1.10063e+06 
2.7773e+06 3.05542e+06 2.64538e+06 -1.0725e+06 -1.27341e+06 -1.12335e+06 -1.0725e+06 -1.27341e+06 -1.12335e+06 
2.76118e+06 3.04043e+06 2.61573e+06 -1.08744e+06 -1.29159e+06 -1.14291e+06 -1.08744e+06 -1.29159e+06 -1.14291e+06 
2.74763e+06 3.02735e+06 2.58885e+06 -1.09996e+06 -1.30607e+06 -1.15988e+06 -1.09996e+06 -1.30607e+06 -1.15988e+06 
2.73597e+06 3.01582e+06 2.56439e+06 -1.11056e+06 -1.3173e+06 -1.17461e+06 -1.11056e+06 -1.3173e+06 -1.17461e+06 
2.72557e+06 3.00553e+06 2.54211e+06 -1.11967e+06 -1.32574e+06 -1.18739e+06 -1.11967e+06 -1.32574e+06 -1.18739e+06 
2.71595e+06 2.99621e+06 2.52141e+06 -1.1276e+06 -1.33168e+06 -1.19856e+06 -1.1276e+06 -1.33168e+06 -1.19856e+06 
2.70657e+06 2.98768e+06 2.50225e+06 -1.13471e+06 -1.3354e+06 -1.20823e+06 -1.13471e+06 -1.3354e+06 -1.20823e+06 
2.69693e+06 2.97981e+06 2.48466e+06 -1.14129e+06 -1.33719e+06 -1.21647e+06 -1.14129e+06 -1.33719e+06 -1.21647e+06 
2.68704e+06 2.97262e+06 2.46795e+06 -1.14734e+06 -1.33718e+06 -1.22349e+06 -1.14734e+06 -1.33718e+06 -1.22349e+06 
2.6768e+06 2.96601e+06 2.45166e+06 -1.15289e+06 -1.33542e+06 -1.22951e+06 -1.15289e+06 -1.33542e+06 -1.22951e+06 
2.66609e+06 2.95998e+06 2.43554e+06 -1.15801e+06 -1.33205e+06 -1.23462e+06 -1.15801e+06 -1.33205e+06 -1.23462e+06 
2.65484e+06 2.9545e+06 2.41931e+06 -1.16274e+06 -1.32714e+06 -1.23893e+06 -1.16274e+06 -1.32714e+06 -1.23893e+06 
2.64288e+06 2.9495e+06 2.40284e+06 -1.16719e+06 -1.32074e+06 -1.24254e+06 -1.16719e+06 -1.32074e+06 -1.24254e+06 
2.6301e+06 2.9449e+06 2.38599e+06 -1.17141e+06 -1.31286e+06 -1.24551e+06 -1.17141e+06 -1.31286e+06 -1.24551e+06 
2.61637e+06 2.94067e+06 2.3688e+06 -1.17549e+06 -1.30359e+06 -1.24787e+06 -1.17549e+06 -1.30359e+06 -1.24787e+06 
2.60175e+06 2.93675e+06 2.35103e+06 -1.1794e+06 -1.29292e+06 -1.24974e+06 -1.1794e+06 -1.29292e+06 -1.24974e+06 
2.58628e+06 2.93312e+06 2.33234e+06 -1.18311e+06 -1.28081e+06 -1.25123e+06 -1.18311e+06 -1.28081e+06 -1.25123e+06 
2.56985e+06 2.92974e+06 2.31261e+06 -1.18666e+06 -1.26721e+06 -1.25238e+06 -1.18666e+06 -1.26721e+06 -1.25238e+06 
2.5523e+06 2.92652e+06 2.29209e+06 -1.19015e+06 -1.25218e+06 -1.25316e+06 -1.19015e+06 -1.25218e+06 -1.25316e+06 
2.53369e+06 2.92348e+06 2.27063e+06 -1.19357e+06 -1.23576e+06 -1.25364e+06 -1.19357e+06 -1.23576e+06 -1.25364e+06 
2.51396e+06 2.92056e+06 2.24844e+06 -1.19699e+06 -1.21805e+06 -1.25381e+06 -1.19699e+06 -1.21805e+06 -1.25381e+06 
2.49325e+06 2.91781e+06 2.22531e+06 -1.20033e+06 -1.19909e+06 -1.25372e+06 -1.20033e+06 -1.19909e+06 -1.25372e+06 
2.47162e+06 2.91523e+06 2.20126e+06 -1.20361e+06 -1.17896e+06 -1.25341e+06 -1.20361e+06 -1.17896e+06 -1.25341e+06 
2.4492e+06 2.91284e+06 2.17619e+06 -1.2068e+06 -1.15771e+06 -1.2529e+06 -1.2068e+06 -1.15771e+06 -1.2529e+06 
2.42599e+06 2.91059e+06 2.15022e+06 -1.20993e+06 -1.13543e+06 -1.25219e+06 -1.20993e+06 -1.13543e+06 -1.25219e+06 
2.40199e+06 2.90848e+06 2.12331e+06 -1.21303e+06 -1.11211e+06 -1.25131e+06 -1.21303e+06 -1.11211e+06 -1.25131e+06 
2.37719e+06 2.9065e+06 2.0954e+06 -1.21611e+06 -1.08774e+06 -1.25023e+06 -1.21611e+06 -1.08774e+06 -1.25023e+06 
2.35159e+06 2.90462e+06 2.06669e+06 -1.2192e+06 -1.06244e+06 -1.24898e+06 -1.2192e+06 -1.06244e+06 -1.24898e+06 
2.3253e+06 2.90284e+06 2.03727e+06 -1.22231e+06 -1.03631e+06 -1.24755e+06 -1.22231e+06 -1.03631e+06 -1.24755e+06 
2.29837e+06 2.90113e+06 2.00742e+06 -1.22544e+06 -1.00953e+06 -1.24596e+06 -1.22544e+06 -1.00953e+06 -1.24596e+06 
2.27085e+06 2.89951e+06 1.97728e+06 -1.22861e+06 -982204 -1.24423e+06 -1.22861e+06 -982204 -1.24423e+06 
2.24281e+06 2.89796e+06 1.94716e+06 -1.23181e+06 -954539 -1.24238e+06 -1.23181e+06 -954539 -1.24238e+06 
2.21428e+06 2.89648e+06 1.91718e+06 -1.23503e+06 -926607 -1.24044e+06 -1.23503e+06 -926607 -1.24044e+06 
2.18533e+06 2.89506e+06 1.88731e+06 -1.23824e+06 -898437 -1.23845e+06 -1.23824e+06 -898437 -1.23845e+06 
2.15605e+06 2.89371e+06 1.85755e+06 -1.24143e+06 -870089 -1.23641e+06 -1.24143e+06 -870089 -1.23641e+06 
2.12652e+06 2.89242e+06 1.828e+06 -1.24459e+06 -841656 -1.23435e+06 -1.24459e+06 -841656 -1.23435e+06 
2.09662e+06 2.89122e+06 1.79882e+06 -1.24769e+06 -813184 -1.2323e+06 -1.24769e+06 -813184 -1.2323e+06 
2.06663e+06 2.89009e+06 1.76981e+06 -1.25073e+06 -784703 -1.23026e+06 -1.25073e+06 -784703 -1.23026e+06 
2.0366e+06 2.88901e+06 1.74104e+06 -1.25369e+06 -756269 -1.22824e+06 -1.25369e+06 -756269 -1.22824e+06 
2.00665e+06 2.888e+06 1.71243e+06 -1.25659e+06 -727917 -1.22623e+06 -1.25659e+06 -727917 -1.22623e+06 
1.97686e+06 2.88703e+06 1.684e+06 -1.25942e+06 -699685 -1.22424e+06 -1.25942e+06 -699685 -1.22424e+06 
1.94727e+06 2.88613e+06 1.65575e+06 -1.26219e+06 -671617 -1.22225e+06 -1.26219e+06 -671617 -1.22225e+06 
1.91799e+06 2.88528e+06 1.62765e+06 -1.26491e+06 -643757 -1.22026e+06 -1.26491e+06 -643757 -1.22026e+06 
1.88906e+06 2.8845e+06 1.59971e+06 -1.2676e+06 -616132 -1.21823e+06 -1.2676e+06 -616132 -1.21823e+06 
1.86052e+06 2.88377e+06 1.57192e+06 -1.27026e+06 -588767 -1.21616e+06 -1.27026e+06 -588767 -1.21616e+06 
1.83237e+06 2.8831e+06 1.5444e+06 -1.2729e+06 -561730 -1.21407e+06 -1.2729e+06 -561730 -1.21407e+06 
1.80466e+06 2.88248e+06 1.51716e+06 -1.27551e+06 -535041 -1.21195e+06 -1.27551e+06 -535041 -1.21195e+06 
1.77734e+06 2.8819e+06 1.49039e+06 -1.27805e+06 -508769 -1.20986e+06 -1.27805e+06 -508769 -1.20986e+06 
1.75042e+06 2.88137e+06 1.46414e+06 -1.28052e+06 -482949 -1.2078e+06 -1.28052e+06 -482949 -1.2078e+06 
1.72399e+06 2.88087e+06 1.43836e+06 -1.28293e+06 -457593 -1.20577e+06 -1.28293e+06 -457593 -1.20577e+06 
1.69805e+06 2.8804e+06 1.41311e+06 -1.28529e+06 -432736 -1.20376e+06 -1.28529e+06 -432736 -1.20376e+06 
1.67261e+06 2.87996e+06 1.38846e+06 -1.28756e+06 -408411 -1.20181e+06 -1.28756e+06 -408411 -1.20181e+06 
1.64771e+06 2.87955e+06 1.36436e+06 -1.28978e+06 -384621 -1.1999e+06 -1.28978e+06 -384621 -1.1999e+06 
1.62341e+06 2.87917e+06 1.34076e+06 -1.29195e+06 -361374 -1.19798e+06 -1.29195e+06 -361374 -1.19798e+06 
1.5997e+06 2.87881e+06 1.31769e+06 -1.29409e+06 -338682 -1.19607e+06 -1.29409e+06 -338682 -1.19607e+06 
1.57659e+06 2.87846e+06 1.29515e+06 -1.29619e+06 -316544 -1.19417e+06 -1.29619e+06 -316544 -1.19417e+06 
1.5541e+06 2.87813e+06 1.27308e+06 -1.29827e+06 -294948 -1.19224e+06 -1.29827e+06 -294948 -1.19224e+06 
1.53222e+06 2.87781e+06 1.25146e+06 -1.30033e+06 -273887 -1.19029e+06 -1.30033e+06 -273887 -1.19029e+06 
1.51093e+06 2.8775e+06 1.23033e+06 -1.30238e+06 -253362 -1.18832e+06 -1.30238e+06 -253362 -1.18832e+06 
1.49024e+06 2.8772e+06 1.20969e+06 -1.30441e+06 -233378 -1.18634e+06 -1.30441e+06 -233378 -1.18634e+06 
1.47014e+06 2.8769e+06 1.18953e+06 -1.30642e+06 -213933 -1.18434e+06 -1.30642e+06 -213933 -1.18434e+06 
1.45062e+06 2.8766e+06 1.16988e+06 -1.3084e+06 -195030 -1.18234e+06 -1.3084e+06 -195030 -1.18234e+06 
1.43168e+06 2.87631e+06 1.15071e+06 -1.31036e+06 -176656 -1.18032e+06 -1.31036e+06 -176656 -1.18032e+06 
1.41328e+06 2.87602e+06 1.13208e+06 -1.31227e+06 -158818 -1.17833e+06 -1.31227e+06 -158818 -1.17833e+06 
1.39538e+06 2.87574e+06 1.11399e+06 -1.31412e+06 -141507 -1.17638e+06 -1.31412e+06 -141507 -1.17638e+06 
1.37794e+06 2.87548e+06 1.09651e+06 -1.31587e+06 -124727 -1.17452e+06 -1.31587e+06 -124727 -1.17452e+06 
1.36095e+06 2.87524e+06 1.07963e+06 -1.31752e+06 -108462 -1.17274e+06 -1.31752e+06 -108462 -1.17274e+06 
1.34438e+06 2.875e+06 1.06331e+06 -1.31906e+06 -92694.8 -1.17105e+06 -1.31906e+06 -92694.8 -1.17105e+06 
1.32826e+06 2.87478e+06 1.04751e+06 -1.32053e+06 -77408.2 -1.16942e+06 -1.32053e+06 -77408.2 -1.16942e+06 
1.31261e+06 2.87456e+06 1.03215e+06 -1.32196e+06 -62585.8 -1.1678e+06 -1.32196e+06 -62585.8 -1.1678e+06 
1.29742e+06 2.87433e+06 1.01725e+06 -1.32334e+06 -48217.4 -1.16621e+06 -1.32334e+06 -48217.4 -1.16621e+06 
1.28268e+06 2.87409e+06 1.00273e+06 -1.32469e+06 -34285.3 -1.1646e+06 -1.32469e+06 -34285.3 -1.1646e+06 
1.2684e+06 2.87384e+06 988578 -1.32602e+06 -20778.9 -1.16297e+06 -1.32602e+06 -20778.9 -1.16297e+06 
1.25457e+06 2.87357e+06 974805 -1.32732e+06 -7689.96 -1.16133e+06 -1.32732e+06 -7689.96 -1.16133e+06 
1.24117e+06 2.87329e+06 961421 -1.3286e+06 4990.99 -1.1597e+06 -1.3286e+06 4990.99 -1.1597e+06 
1.22819e+06 2.87302e+06 948430 -1.32985e+06 17274.5 -1.15809e+06 -1.32985e+06 17274.5 -1.15809e+06 
1.21561e+06 2.87273e+06 935794 -1.33107e+06 29174.4 -1.15648e+06 -1.33107e+06 29174.4 -1.15648e+06 
1.20341e+06 2.87243e+06 923523 -1.33225e+06 40700.8 -1.15488e+06 -1.33225e+06 40700.8 -1.15488e+06 
1.1916e+06 2.87212e+06 911587 -1.33342e+06 51866.5 -1.15328e+06 -1.33342e+06 51866.5 -1.15328e+06 
1.18017e+06 2.8718e+06 899964 -1.33457e+06 62683.3 -1.15168e+06 -1.33457e+06 62683.3 -1.15168e+06 
1.1691e+06 2.87145e+06 888639 -1.3357e+06 73161.5 -1.15005e+06 -1.3357e+06 73161.5 -1.15005e+06 
1.15837e+06 2.8711e+06 877640 -1.33681e+06 83310.5 -1.14844e+06 -1.33681e+06 83310.5 -1.14844e+06 
1.14796e+06 2.87074e+06 866959 -1.33787e+06 93140.5 -1.14686e+06 -1.33787e+06 93140.5 -1.14686e+06 
1.13786e+06 2.87038e+06 856598 -1.33891e+06 102662 -1.1453e+06 -1.33891e+06 102662 -1.1453e+06 
1.12804e+06 2.87002e+06 846574 -1.33988e+06 111885 -1.1438e+06 -1.33988e+06 111885 -1.1438e+06 
1.11848e+06 2.86968e+06 836906 -1.3408e+06 120820 -1.14238e+06 -1.3408e+06 120820 -1.14238e+06 
1.10917e+06 2.86937e+06 827574 -1.34166e+06 129481 -1.14104e+06 -1.34166e+06 129481 -1.14104e+06 
1.10012e+06 2.86907e+06 818549 -1.34247e+06 137878 -1.13976e+06 -1.34247e+06 137878 -1.13976e+06 
1.09131e+06 2.86877e+06 809813 -1.34325e+06 146018 -1.13852e+06 -1.34325e+06 146018 -1.13852e+06 
1.08275e+06 2.86849e+06 801369 -1.34399e+06 153914 -1.13735e+06 -1.34399e+06 153914 -1.13735e+06 
1.07441e+06 2.86823e+06 793206 -1.34468e+06 161573 -1.13624e+06 -1.34468e+06 161573 -1.13624e+06 
1.0663e+06 2.86799e+06 785315 -1.34534e+06 169005 -1.13518e+06 -1.34534e+06 169005 -1.13518e+06 
1.05839e+06 2.86776e+06 777685 -1.34596e+06 176218 -1.13419e+06 -1.34596e+06 176218 -1.13419e+06 
1.0507e+06 2.86754e+06 770298 -1.34655e+06 183221 -1.13324e+06 -1.34655e+06 183221 -1.13324e+06 
1.04322e+06 2.86734e+06 763147 -1.34711e+06 190022 -1.13233e+06 -1.34711e+06 190022 -1.13233e+06 
1.03593e+06 2.86716e+06 756246 -1.34763e+06 196628 -1.1315e+06 -1.34763e+06 196628 -1.1315e+06 
1.02882e+06 2.867e+06 749581 -1.34813e+06 203048 -1.13073e+06 -1.34813e+06 203048 -1.13073e+06 
1.02188e+06 2.86686e+06 743147 -1.34858e+06 209287 -1.13002e+06 -1.34858e+06 209287 -1.13002e+06 
1.0151e+06 2.86674e+06 736940 -1.349e+06 215354 -1.12937e+06 -1.349e+06 215354 -1.12937e+06 
1.00848e+06 2.86663e+06 730953 -1.34937e+06 221253 -1.12879e+06 -1.34937e+06 221253 -1.12879e+06 
1.00201e+06 2.86654e+06 725175 -1.34971e+06 226992 -1.12827e+06 -1.34971e+06 226992 -1.12827e+06 
995677 2.86647e+06 719602 -1.35001e+06 232576 -1.12781e+06 -1.35001e+06 232576 -1.12781e+06 
989493 2.86641e+06 714220 -1.35028e+06 238010 -1.1274e+06 -1.35028e+06 238010 -1.1274e+06 
983457 2.86636e+06 709014 -1.35052e+06 243300 -1.12704e+06 -1.35052e+06 243300 -1.12704e+06 
977561 2.86632e+06 703975 -1.35074e+06 248449 -1.12671e+06 -1.35074e+06 248449 -1.12671e+06 
971805 2.86628e+06 699095 -1.35094e+06 253462 -1.12641e+06 -1.35094e+06 253462 -1.12641e+06 
966195 2.86625e+06 694357 -1.35113e+06 258344 -1.12614e+06 -1.35113e+06 258344 -1.12614e+06 
960731 2.86622e+06 689756 -1.35131e+06 263098 -1.12588e+06 -1.35131e+06 263098 -1.12588e+06 
955404 2.8662e+06 685291 -1.35148e+06 267730 -1.12565e+06 -1.35148e+06 267730 -1.12565e+06 
950218 2.86618e+06 680950 -1.35165e+06 272242 -1.12543e+06 -1.35165e+06 272242 -1.12543e+06 
945179 2.86617e+06 676721 -1.35183e+06 276640 -1.12522e+06 -1.35183e+06 276640 -1.12522e+06 
940276 2.86615e+06 672604 -1.352e+06 280926 -1.12501e+06 -1.352e+06 280926 -1.12501e+06 
935509 2.86614e+06 668592 -1.35219e+06 285104 -1.12481e+06 -1.35219e+06 285104 -1.12481e+06 
930881 2.86612e+06 664675 -1.35238e+06 289177 -1.12461e+06 -1.35238e+06 289177 -1.12461e+06 
926383 2.86611e+06 660850 -1.35259e+06 293148 -1.1244e+06 -1.35259e+06 293148 -1.1244e+06 
922015 2.8661e+06 657111 -1.3528e+06 297020 -1.12419e+06 -1.3528e+06 297020 -1.12419e+06 
917774 2.86608e+06 653451 -1.35303e+06 300797 -1.12396e+06 -1.35303e+06 300797 -1.12396e+06 
913653 2.86606e+06 649871 -1.35326e+06 304480 -1.12374e+06 -1.35326e+06 304480 -1.12374e+06 
909651 2.86604e+06 646363 -1.35351e+06 308073 -1.12349e+06 -1.35351e+06 308073 -1.12349e+06 
905763 2.86602e+06 642925 -1.35376e+06 311578 -1.12324e+06 -1.35376e+06 311578 -1.12324e+06 
901989 2.86599e+06 639551 -1.35403e+06 314997 -1.12298e+06 -1.35403e+06 314997 -1.12298e+06 
898322 2.86596e+06 636244 -1.35431e+06 318333 -1.1227e+06 -1.35431e+06 318333 -1.1227e+06 
894759 2.86593e+06 632999 -1.3546e+06 321589 -1.12241e+06 -1.3546e+06 321589 -1.12241e+06 
891301 2.8659e+06 629811 -1.35491e+06 324766 -1.12211e+06 -1.35491e+06 324766 -1.12211e+06 
887947 2.86586e+06 626674 -1.35522e+06 327866 -1.12178e+06 -1.35522e+06 327866 -1.12178e+06 
884694 2.86581e+06 623588 -1.35555e+06 330891 -1.12144e+06 -1.35555e+06 330891 -1.12144e+06 
881536 2.86576e+06 620550 -1.3559e+06 333844 -1.12108e+06 -1.3559e+06 333844 -1.12108e+06 
878468 2.86571e+06 617565 -1.35625e+06 336726 -1.1207e+06 -1.35625e+06 336726 -1.1207e+06 
875484 2.86565e+06 614634 -1.35661e+06 339540 -1.12032e+06 -1.35661e+06 339540 -1.12032e+06 
872580 2.86559e+06 611758 -1.35697e+06 342289 -1.11993e+06 -1.35697e+06 342289 -1.11993e+06 
869750 2.86553e+06 608939 -1.35733e+06 344974 -1.11954e+06 -1.35733e+06 344974 -1.11954e+06 
866992 2.86546e+06 606177 -1.35769e+06 347597 -1.11914e+06 -1.35769e+06 347597 -1.11914e+06 
864306 2.86539e+06 603468 -1.35805e+06 350160 -1.11875e+06 -1.35805e+06 350160 -1.11875e+06 
861689 2.86533e+06 600812 -1.35841e+06 352665 -1.11835e+06 -1.35841e+06 352665 -1.11835e+06 
859141 2.86525e+06 598205 -1.35878e+06 355113 -1.11795e+06 -1.35878e+06 355113 -1.11795e+06 
856664 2.86518e+06 595641 -1.35915e+06 357505 -1.11754e+06 -1.35915e+06 357505 -1.11754e+06 
854253 2.8651e+06 593124 -1.35952e+06 359844 -1.11713e+06 -1.35952e+06 359844 -1.11713e+06 
851908 2.86501e+06 590650 -1.3599e+06 362130 -1.11671e+06 -1.3599e+06 362130 -1.11671e+06 
849627 2.86493e+06 588216 -1.36028e+06 364365 -1.11628e+06 -1.36028e+06 364365 -1.11628e+06 
847412 2.86483e+06 585817 -1.36068e+06 366550 -1.11584e+06 -1.36068e+06 366550 -1.11584e+06 
845262 2.86473e+06 583450 -1.36107e+06 368685 -1.11539e+06 -1.36107e+06 368685 -1.11539e+06 
843174 2.86462e+06 581116 -1.36148e+06 370773 -1.11492e+06 -1.36148e+06 370773 -1.11492e+06 
841144 2.86451e+06 578820 -1.36189e+06 372814 -1.11445e+06 -1.36189e+06 372814 -1.11445e+06 
839171 2.86439e+06 576555 -1.3623e+06 374810 -1.11397e+06 -1.3623e+06 374810 -1.11397e+06 
837256 2.86427e+06 574321 -1.36272e+06 376762 -1.11347e+06 -1.36272e+06 376762 -1.11347e+06 
835395 2.86414e+06 572118 -1.36315e+06 378672 -1.11297e+06 -1.36315e+06 378672 -1.11297e+06 
833591 2.864e+06 569943 -1.36358e+06 380539 -1.11245e+06 -1.36358e+06 380539 -1.11245e+06 
831841 2.86385e+06 567796 -1.36402e+06 382365 -1.11192e+06 -1.36402e+06 382365 -1.11192e+06 
830143 2.8637e+06 565675 -1.36447e+06 384152 -1.11138e+06 -1.36447e+06 384152 -1.11138e+06 
828496 2.86354e+06 563577 -1.36492e+06 385899 -1.11082e+06 -1.36492e+06 385899 -1.11082e+06 
826896 2.86337e+06 561510 -1.36537e+06 387609 -1.11026e+06 -1.36537e+06 387609 -1.11026e+06 
825339 2.86319e+06 559475 -1.36583e+06 389283 -1.1097e+06 -1.36583e+06 389283 -1.1097e+06 
823825 2.86302e+06 557470 -1.36629e+06 390923 -1.10913e+06 -1.36629e+06 390923 -1.10913e+06 
822351 2.86284e+06 555494 -1.36674e+06 392528 -1.10856e+06 -1.36674e+06 392528 -1.10856e+06 
820916 2.86265e+06 553547 -1.3672e+06 394100 -1.10799e+06 -1.3672e+06 394100 -1.10799e+06 
819521 2.86245e+06 551627 -1.36766e+06 395638 -1.10741e+06 -1.36766e+06 395638 -1.10741e+06 
818162 2.86226e+06 549733 -1.36811e+06 397144 -1.10683e+06 -1.36811e+06 397144 -1.10683e+06 
816837 2.86206e+06 547869 -1.36857e+06 398620 -1.10625e+06 -1.36857e+06 398620 -1.10625e+06 
815545 2.86185e+06 546036 -1.36902e+06 400067 -1.10567e+06 -1.36902e+06 400067 -1.10567e+06 
814283 2.86165e+06 544234 -1.36947e+06 401486 -1.10509e+06 -1.36947e+06 401486 -1.10509e+06 
813054 2.86144e+06 542458 -1.36992e+06 402876 -1.10452e+06 -1.36992e+06 402876 -1.10452e+06 
811855 2.86123e+06 540709 -1.37036e+06 404239 -1.10395e+06 -1.37036e+06 404239 -1.10395e+06 
810687 2.86102e+06 538987 -1.37081e+06 405576 -1.10337e+06 -1.37081e+06 405576 -1.10337e+06 
809547 2.8608e+06 537293 -1.37125e+06 406887 -1.10281e+06 -1.37125e+06 406887 -1.10281e+06 
808434 2.86058e+06 535625 -1.37168e+06 408173 -1.10224e+06 -1.37168e+06 408173 -1.10224e+06 
807349 2.86036e+06 533983 -1.37212e+06 409434 -1.10168e+06 -1.37212e+06 409434 -1.10168e+06 
806291 2.86014e+06 532366 -1.37256e+06 410672 -1.10112e+06 -1.37256e+06 410672 -1.10112e+06 
805259 2.85991e+06 530773 -1.37299e+06 411887 -1.10056e+06 -1.37299e+06 411887 -1.10056e+06 
804253 2.85968e+06 529201 -1.37342e+06 413078 -1.09999e+06 -1.37342e+06 413078 -1.09999e+06 
803273 2.85944e+06 527649 -1.37385e+06 414246 -1.09943e+06 -1.37385e+06 414246 -1.09943e+06 
802319 2.8592e+06 526116 -1.37428e+06 415390 -1.09886e+06 -1.37428e+06 415390 -1.09886e+06 
801390 2.85896e+06 524604 -1.3747e+06 416514 -1.0983e+06 -1.3747e+06 416514 -1.0983e+06 
800485 2.8587e+06 523109 -1.37513e+06 417615 -1.09773e+06 -1.37513e+06 417615 -1.09773e+06 
799605 2.85845e+06 521628 -1.37555e+06 418694 -1.09715e+06 -1.37555e+06 418694 -1.09715e+06 
798750 2.85818e+06 520161 -1.37598e+06 419751 -1.09657e+06 -1.37598e+06 419751 -1.09657e+06 
797920 2.85791e+06 518704 -1.3764e+06 420785 -1.09597e+06 -1.3764e+06 420785 -1.09597e+06 
797115 2.85762e+06 517255 -1.37683e+06 421796 -1.09536e+06 -1.37683e+06 421796 -1.09536e+06 
796334 2.85732e+06 515812 -1.37726e+06 422783 -1.09473e+06 -1.37726e+06 422783 -1.09473e+06 
795577 2.85701e+06 514376 -1.37768e+06 423747 -1.09409e+06 -1.37768e+06 423747 -1.09409e+06 
794841 2.85668e+06 512948 -1.3781e+06 424690 -1.09344e+06 -1.3781e+06 424690 -1.09344e+06 
794126 2.85635e+06 511530 -1.37853e+06 425612 -1.09277e+06 -1.37853e+06 425612 -1.09277e+06 
793431 2.856e+06 510124 -1.37894e+06 426514 -1.0921e+06 -1.37894e+06 426514 -1.0921e+06 
792755 2.85565e+06 508730 -1.37936e+06 427397 -1.09143e+06 -1.37936e+06 427397 -1.09143e+06 
792099 2.85529e+06 507345 -1.37977e+06 428260 -1.09074e+06 -1.37977e+06 428260 -1.09074e+06 
791460 2.85491e+06 505969 -1.38019e+06 429104 -1.09004e+06 -1.38019e+06 429104 -1.09004e+06 
790839 2.85452e+06 504602 -1.38059e+06 429928 -1.08934e+06 -1.38059e+06 429928 -1.08934e+06 
790236 2.85413e+06 503245 -1.381e+06 430735 -1.08862e+06 -1.381e+06 430735 -1.08862e+06 
789651 2.85372e+06 501897 -1.3814e+06 431524 -1.0879e+06 -1.3814e+06 431524 -1.0879e+06 
789082 2.8533e+06 500559 -1.3818e+06 432295 -1.08717e+06 -1.3818e+06 432295 -1.08717e+06 
788530 2.85287e+06 499232 -1.3822e+06 433050 -1.08644e+06 -1.3822e+06 433050 -1.08644e+06 
787994 2.85243e+06 497910 -1.38259e+06 433787 -1.08569e+06 -1.38259e+06 433787 -1.08569e+06 
787474 2.85197e+06 496594 -1.38298e+06 434505 -1.08493e+06 -1.38298e+06 434505 -1.08493e+06 
786969 2.85149e+06 495281 -1.38336e+06 435204 -1.08416e+06 -1.38336e+06 435204 -1.08416e+06 
786478 2.85098e+06 493969 -1.38374e+06 435884 -1.08337e+06 -1.38374e+06 435884 -1.08337e+06 
786000 2.85045e+06 492656 -1.38411e+06 436542 -1.08255e+06 -1.38411e+06 436542 -1.08255e+06 
785536 2.84989e+06 491340 -1.38447e+06 437178 -1.08171e+06 -1.38447e+06 437178 -1.08171e+06 
785084 2.84929e+06 490019 -1.38482e+06 437791 -1.08084e+06 -1.38482e+06 437791 -1.08084e+06 
784643 2.84866e+06 488696 -1.38516e+06 438383 -1.07995e+06 -1.38516e+06 438383 -1.07995e+06 
784215 2.84801e+06 487375 -1.38549e+06 438957 -1.07905e+06 -1.38549e+06 438957 -1.07905e+06 
783798 2.84733e+06 486057 -1.38581e+06 439514 -1.07812e+06 -1.38581e+06 439514 -1.07812e+06 
783391 2.84663e+06 484741 -1.38612e+06 440053 -1.07719e+06 -1.38612e+06 440053 -1.07719e+06 
782995 2.84589e+06 483423 -1.38643e+06 440571 -1.07623e+06 -1.38643e+06 440571 -1.07623e+06 
782607 2.84511e+06 482100 -1.38672e+06 441068 -1.07524e+06 -1.38672e+06 441068 -1.07524e+06 
782227 2.84429e+06 480771 -1.38699e+06 441543 -1.07422e+06 -1.38699e+06 441543 -1.07422e+06 
781851 2.84341e+06 479435 -1.38724e+06 441993 -1.07317e+06 -1.38724e+06 441993 -1.07317e+06 
781482 2.84248e+06 478089 -1.38747e+06 442419 -1.07209e+06 -1.38747e+06 442419 -1.07209e+06 
781119 2.8415e+06 476739 -1.38769e+06 442824 -1.07098e+06 -1.38769e+06 442824 -1.07098e+06 
780762 2.84048e+06 475386 -1.38789e+06 443209 -1.06984e+06 -1.38789e+06 443209 -1.06984e+06 
780412 2.83943e+06 474034 -1.38808e+06 443577 -1.06869e+06 -1.38808e+06 443577 -1.06869e+06 
780071 2.83836e+06 472685 -1.38826e+06 443931 -1.06753e+06 -1.38826e+06 443931 -1.06753e+06 
779738 2.83726e+06 471340 -1.38843e+06 444270 -1.06635e+06 -1.38843e+06 444270 -1.06635e+06 
779414 2.83616e+06 470004 -1.38859e+06 444599 -1.06517e+06 -1.38859e+06 444599 -1.06517e+06 
779102 2.83506e+06 468680 -1.38876e+06 444920 -1.064e+06 -1.38876e+06 444920 -1.064e+06 
778800 2.83396e+06 467367 -1.38893e+06 445234 -1.06283e+06 -1.38893e+06 445234 -1.06283e+06 
778512 2.83288e+06 466073 -1.38911e+06 445546 -1.06168e+06 -1.38911e+06 445546 -1.06168e+06 
778235 2.83181e+06 464794 -1.38929e+06 445853 -1.06054e+06 -1.38929e+06 445853 -1.06054e+06 
777970 2.83075e+06 463529 -1.38947e+06 446155 -1.0594e+06 -1.38947e+06 446155 -1.0594e+06 
777717 2.82971e+06 462282 -1.38966e+06 446455 -1.05829e+06 -1.38966e+06 446455 -1.05829e+06 
777475 2.82869e+06 461053 -1.38986e+06 446754 -1.05719e+06 -1.38986e+06 446754 -1.05719e+06 
777244 2.82768e+06 459840 -1.39006e+06 447049 -1.0561e+06 -1.39006e+06 447049 -1.0561e+06 
777022 2.82668e+06 458639 -1.39026e+06 447339 -1.05502e+06 -1.39026e+06 447339 -1.05502e+06 
776807 2.82568e+06 457448 -1.39046e+06 447621 -1.05394e+06 -1.39046e+06 447621 -1.05394e+06 
776598 2.82467e+06 456267 -1.39065e+06 447897 -1.05287e+06 -1.39065e+06 447897 -1.05287e+06 
776399 2.82368e+06 455103 -1.39085e+06 448170 -1.05181e+06 -1.39085e+06 448170 -1.05181e+06 
776211 2.82272e+06 453960 -1.39106e+06 448445 -1.05077e+06 -1.39106e+06 448445 -1.05077e+06 
776033 2.82178e+06 452834 -1.39128e+06 448720 -1.04975e+06 -1.39128e+06 448720 -1.04975e+06 
775863 2.82086e+06 451726 -1.3915e+06 448993 -1.04875e+06 -1.3915e+06 448993 -1.04875e+06 
775702 2.81995e+06 450636 -1.39172e+06 449266 -1.04777e+06 -1.39172e+06 449266 -1.04777e+06 
775549 2.81906e+06 449563 -1.39195e+06 449539 -1.0468e+06 -1.39195e+06 449539 -1.0468e+06 
775405 2.8182e+06 448511 -1.39218e+06 449814 -1.04586e+06 -1.39218e+06 449814 -1.04586e+06 
775268 2.81736e+06 447478 -1.39242e+06 450089 -1.04493e+06 -1.39242e+06 450089 -1.04493e+06 
775138 2.81653e+06 446464 -1.39267e+06 450366 -1.04403e+06 -1.39267e+06 450366 -1.04403e+06 
775014 2.81572e+06 445467 -1.39291e+06 450642 -1.04314e+06 -1.39291e+06 450642 -1.04314e+06 
774896 2.81492e+06 444486 -1.39316e+06 450916 -1.04227e+06 -1.39316e+06 450916 -1.04227e+06 
774783 2.81412e+06 443519 -1.3934e+06 451189 -1.04141e+06 -1.3934e+06 451189 -1.04141e+06 
774675 2.81333e+06 442565 -1.39364e+06 451458 -1.04056e+06 -1.39364e+06 451458 -1.04056e+06 
774570 2.81254e+06 441625 -1.39388e+06 451726 -1.03972e+06 -1.39388e+06 451726 -1.03972e+06 
774470 2.81176e+06 440697 -1.39412e+06 451991 -1.03889e+06 -1.39412e+06 451991 -1.03889e+06 
774373 2.81098e+06 439783 -1.39436e+06 452253 -1.03807e+06 -1.39436e+06 452253 -1.03807e+06 
774279 2.81019e+06 438879 -1.39459e+06 452512 -1.03726e+06 -1.39459e+06 452512 -1.03726e+06 
774187 2.80941e+06 437991 -1.39481e+06 452769 -1.03646e+06 -1.39481e+06 452769 -1.03646e+06 
774096 2.80863e+06 437120 -1.39503e+06 453026 -1.03567e+06 -1.39503e+06 453026 -1.03567e+06 
774006 2.80785e+06 436262 -1.39525e+06 453281 -1.0349e+06 -1.39525e+06 453281 -1.0349e+06 
773916 2.80706e+06 435416 -1.39546e+06 453531 -1.03413e+06 -1.39546e+06 453531 -1.03413e+06 
773828 2.80626e+06 434580 -1.39566e+06 453778 -1.03337e+06 -1.39566e+06 453778 -1.03337e+06 
773739 2.80546e+06 433756 -1.39585e+06 454022 -1.03262e+06 -1.39585e+06 454022 -1.03262e+06 
773650 2.80465e+06 432941 -1.39603e+06 454261 -1.03187e+06 -1.39603e+06 454261 -1.03187e+06 
773561 2.80382e+06 432134 -1.39621e+06 454495 -1.03112e+06 -1.39621e+06 454495 -1.03112e+06 
773474 2.80299e+06 431336 -1.39638e+06 454725 -1.03038e+06 -1.39638e+06 454725 -1.03038e+06 
773387 2.80216e+06 430544 -1.39654e+06 454950 -1.02964e+06 -1.39654e+06 454950 -1.02964e+06 
773301 2.80132e+06 429760 -1.3967e+06 455170 -1.0289e+06 -1.3967e+06 455170 -1.0289e+06 
773216 2.80047e+06 428984 -1.39685e+06 455385 -1.02817e+06 -1.39685e+06 455385 -1.02817e+06 
773131 2.79961e+06 428214 -1.39699e+06 455596 -1.02743e+06 -1.39699e+06 455596 -1.02743e+06 
773048 2.79876e+06 427450 -1.39713e+06 455802 -1.0267e+06 -1.39713e+06 455802 -1.0267e+06 
772968 2.7979e+06 426691 -1.39727e+06 456003 -1.02597e+06 -1.39727e+06 456003 -1.02597e+06 
772892 2.79704e+06 425936 -1.3974e+06 456199 -1.02524e+06 -1.3974e+06 456199 -1.02524e+06 
772819 2.79618e+06 425184 -1.39754e+06 456390 -1.02451e+06 -1.39754e+06 456390 -1.02451e+06 
772749 2.79532e+06 424436 -1.39767e+06 456576 -1.02377e+06 -1.39767e+06 456576 -1.02377e+06 
772683 2.79447e+06 423691 -1.3978e+06 456757 -1.02304e+06 -1.3978e+06 456757 -1.02304e+06 
772620 2.79361e+06 422948 -1.39793e+06 456933 -1.02231e+06 -1.39793e+06 456933 -1.02231e+06 
772563 2.79275e+06 422207 -1.39807e+06 457102 -1.02157e+06 -1.39807e+06 457102 -1.02157e+06 
772509 2.7919e+06 421466 -1.3982e+06 457267 -1.02083e+06 -1.3982e+06 457267 -1.02083e+06 
772459 2.79104e+06 420727 -1.39833e+06 457426 -1.02008e+06 -1.39833e+06 457426 -1.02008e+06 
772411 2.79018e+06 419990 -1.39845e+06 457579 -1.01933e+06 -1.39845e+06 457579 -1.01933e+06 
772367 2.78932e+06 419255 -1.39858e+06 457727 -1.01858e+06 -1.39858e+06 457727 -1.01858e+06 
772325 2.78846e+06 418520 -1.3987e+06 457870 -1.01783e+06 -1.3987e+06 457870 -1.01783e+06 
772287 2.7876e+06 417787 -1.39883e+06 458006 -1.01707e+06 -1.39883e+06 458006 -1.01707e+06 
772251 2.78673e+06 417055 -1.39894e+06 458138 -1.01631e+06 -1.39894e+06 458138 -1.01631e+06 
772216 2.78585e+06 416326 -1.39906e+06 458264 -1.01555e+06 -1.39906e+06 458264 -1.01555e+06 
772184 2.78498e+06 415598 -1.39917e+06 458385 -1.01478e+06 -1.39917e+06 458385 -1.01478e+06 
772154 2.7841e+06 414872 -1.39928e+06 458501 -1.01402e+06 -1.39928e+06 458501 -1.01402e+06 
772125 2.78321e+06 414146 -1.39939e+06 458611 -1.01324e+06 -1.39939e+06 458611 -1.01324e+06 
772099 2.78232e+06 413417 -1.39949e+06 458713 -1.01246e+06 -1.39949e+06 458713 -1.01246e+06 
772074 2.78142e+06 412689 -1.39959e+06 458809 -1.01167e+06 -1.39959e+06 458809 -1.01167e+06 
772049 2.78051e+06 411962 -1.39969e+06 458899 -1.01088e+06 -1.39969e+06 458899 -1.01088e+06 
772026 2.77959e+06 411235 -1.39978e+06 458984 -1.01009e+06 -1.39978e+06 458984 -1.01009e+06 
772003 2.77867e+06 410507 -1.39986e+06 459062 -1.00928e+06 -1.39986e+06 459062 -1.00928e+06 
771980 2.77774e+06 409781 -1.39994e+06 459134 -1.00848e+06 -1.39994e+06 459134 -1.00848e+06 
771959 2.77681e+06 409058 -1.40001e+06 459203 -1.00767e+06 -1.40001e+06 459203 -1.00767e+06 
771938 2.77587e+06 408340 -1.40009e+06 459268 -1.00687e+06 -1.40009e+06 459268 -1.00687e+06 
771917 2.77493e+06 407624 -1.40015e+06 459330 -1.00606e+06 -1.40015e+06 459330 -1.00606e+06 
771897 2.77398e+06 406911 -1.40022e+06 459386 -1.00525e+06 -1.40022e+06 459386 -1.00525e+06 
771877 2.77303e+06 406198 -1.40028e+06 459438 -1.00444e+06 -1.40028e+06 459438 -1.00444e+06 
771856 2.77207e+06 405485 -1.40033e+06 459483 -1.00362e+06 -1.40033e+06 459483 -1.00362e+06 
771835 2.77109e+06 404773 -1.40037e+06 459522 -1.0028e+06 -1.40037e+06 459522 -1.0028e+06 
771813 2.77012e+06 404062 -1.40042e+06 459558 -1.00198e+06 -1.40042e+06 459558 -1.00198e+06 
771792 2.76913e+06 403354 -1.40045e+06 459588 -1.00115e+06 -1.40045e+06 459588 -1.00115e+06 
771769 2.76814e+06 402647 -1.40048e+06 459614 -1.00032e+06 -1.40048e+06 459614 -1.00032e+06 
771745 2.76713e+06 401936 -1.4005e+06 459631 -999485 -1.4005e+06 459631 -999485 
771718 2.7661e+06 401223 -1.40051e+06 459640 -998635 -1.40051e+06 459640 -998635 
771688 2.76505e+06 400508 -1.40051e+06 459641 -997774 -1.40051e+06 459641 -997774 
771655 2.76398e+06 399791 -1.4005e+06 459635 -996905 -1.4005e+06 459635 -996905 
771619 2.7629e+06 399071 -1.40048e+06 459621 -996025 -1.40048e+06 459621 -996025 
771580 2.76179e+06 398350 -1.40045e+06 459599 -995136 -1.40045e+06 459599 -995136 
771539 2.76067e+06 397628 -1.40041e+06 459571 -994241 -1.40041e+06 459571 -994241 
771495 2.75954e+06 396907 -1.40036e+06 459537 -993340 -1.40036e+06 459537 -993340 
771447 2.75838e+06 396183 -1.4003e+06 459495 -992430 -1.4003e+06 459495 -992430 
771397 2.75721e+06 395461 -1.40023e+06 459448 -991516 -1.40023e+06 459448 -991516 
771347 2.75605e+06 394741 -1.40015e+06 459399 -990603 -1.40015e+06 459399 -990603 
771297 2.75488e+06 394027 -1.40008e+06 459348 -989693 -1.40008e+06 459348 -989693 
771248 2.75372e+06 393319 -1.4e+06 459297 -988791 -1.4e+06 459297 -988791 
771200 2.75256e+06 392615 -1.39993e+06 459244 -987891 -1.39993e+06 459244 -987891 
771149 2.75139e+06 391911 -1.39984e+06 459186 -986986 -1.39984e+06 459186 -986986 
771091 2.75018e+06 391202 -1.39974e+06 459117 -986065 -1.39974e+06 459117 -986065 
771024 2.74893e+06 390485 -1.39961e+06 459035 -985123 -1.39961e+06 459035 -985123 
770944 2.74762e+06 389758 -1.39946e+06 458936 -984153 -1.39946e+06 458936 -984153 
770848 2.74624e+06 389016 -1.39926e+06 458818 -983148 -1.39926e+06 458818 -983148 
770734 2.74479e+06 388261 -1.39903e+06 458681 -982107 -1.39903e+06 458681 -982107 
770600 2.74324e+06 387490 -1.39876e+06 458520 -981025 -1.39876e+06 458520 -981025 
770445 2.74161e+06 386703 -1.39844e+06 458337 -979904 -1.39844e+06 458337 -979904 
770268 2.73988e+06 385900 -1.39807e+06 458131 -978740 -1.39807e+06 458131 -978740 
770064 2.73805e+06 385078 -1.39764e+06 457898 -977528 -1.39764e+06 457898 -977528 
769829 2.73608e+06 384233 -1.39715e+06 457634 -976258 -1.39715e+06 457634 -976258 
769556 2.73395e+06 383362 -1.39658e+06 457335 -974920 -1.39658e+06 457335 -974920 
769241 2.73165e+06 382462 -1.39592e+06 456996 -973508 -1.39592e+06 456996 -973508 
768883 2.72917e+06 381533 -1.39517e+06 456618 -972023 -1.39517e+06 456618 -972023 
768480 2.72651e+06 380576 -1.39433e+06 456200 -970463 -1.39433e+06 456200 -970463 
768033 2.72368e+06 379590 -1.3934e+06 455742 -968828 -1.3934e+06 455742 -968828 
767520 2.72058e+06 378562 -1.39234e+06 455229 -967087 -1.39234e+06 455229 -967087 
766945 2.71723e+06 377496 -1.39115e+06 454663 -965243 -1.39115e+06 454663 -965243 
766307 2.71363e+06 376392 -1.38983e+06 454044 -963301 -1.38983e+06 454044 -963301 
765619 2.70984e+06 375260 -1.38841e+06 453384 -961283 -1.38841e+06 453384 -961283 
764887 2.70588e+06 374105 -1.38691e+06 452688 -959198 -1.38691e+06 452688 -959198 
764086 2.70165e+06 372910 -1.38526e+06 451936 -957008 -1.38526e+06 451936 -957008 
763191 2.69705e+06 371661 -1.38343e+06 451109 -954674 -1.38343e+06 451109 -954674 
762193 2.69205e+06 370352 -1.38139e+06 450201 -952182 -1.38139e+06 450201 -952182 
761080 2.6866e+06 368977 -1.37913e+06 449201 -949517 -1.37913e+06 449201 -949517 
759832 2.68063e+06 367526 -1.37659e+06 448097 -946647 -1.37659e+06 448097 -946647 
758474 2.67423e+06 366014 -1.37384e+06 446907 -943616 -1.37384e+06 446907 -943616 
757037 2.66753e+06 364462 -1.37093e+06 445658 -940471 -1.37093e+06 445658 -940471 
755539 2.6606e+06 362881 -1.36791e+06 444363 -937243 -1.36791e+06 444363 -937243 
753978 2.65343e+06 361270 -1.36476e+06 443021 -933926 -1.36476e+06 443021 -933926 
752342 2.64598e+06 359621 -1.36146e+06 441622 -930504 -1.36146e+06 441622 -930504 
750638 2.63827e+06 357940 -1.35802e+06 440173 -926989 -1.35802e+06 440173 -926989 
748849 2.63024e+06 356218 -1.35442e+06 438662 -923357 -1.35442e+06 438662 -923357 
746971 2.62188e+06 354453 -1.35065e+06 437085 -919603 -1.35065e+06 437085 -919603 
745021 2.61325e+06 352654 -1.34673e+06 435456 -915752 -1.34673e+06 435456 -915752 
743043 2.60453e+06 350849 -1.34277e+06 433809 -911873 -1.34277e+06 433809 -911873 
741016 2.59563e+06 349025 -1.3387e+06 432129 -907933 -1.3387e+06 432129 -907933 
738959 2.58663e+06 347192 -1.33458e+06 430427 -903959 -1.33458e+06 430427 -903959 
736866 2.5775e+06 345347 -1.3304e+06 428701 -899944 -1.3304e+06 428701 -899944 
734689 2.56806e+06 343464 -1.32604e+06 426915 -895817 -1.32604e+06 426915 -895817 
732411 2.55824e+06 341534 -1.32149e+06 425057 -891555 -1.32149e+06 425057 -891555 
730026 2.54803e+06 339555 -1.31674e+06 423124 -887152 -1.31674e+06 423124 -887152 
727510 2.53733e+06 337514 -1.31173e+06 421097 -882574 -1.31173e+06 421097 -882574 
724900 2.52629e+06 335432 -1.30654e+06 419006 -877874 -1.30654e+06 419006 -877874 
722166 2.5148e+06 333294 -1.30111e+06 416828 -873013 -1.30111e+06 416828 -873013 
719377 2.50311e+06 331137 -1.29558e+06 414614 -868088 -1.29558e+06 414614 -868088 
716520 2.49118e+06 328953 -1.28991e+06 412354 -863081 -1.28991e+06 412354 -863081 
713605 2.47904e+06 326749 -1.28414e+06 410056 -858006 -1.28414e+06 410056 -858006 
710604 2.4666e+06 324510 -1.2782e+06 407700 -852824 -1.2782e+06 407700 -852824 
707534 2.45391e+06 322244 -1.27213e+06 405298 -847559 -1.27213e+06 405298 -847559 
704379 2.44091e+06 319945 -1.2659e+06 402839 -842191 -1.2659e+06 402839 -842191 
701086 2.42741e+06 317585 -1.2594e+06 400287 -836645 -1.2594e+06 400287 -836645 
697630 2.41331e+06 315152 -1.25259e+06 397621 -830888 -1.25259e+06 397621 -830888 
694009 2.39861e+06 312646 -1.24546e+06 394844 -824920 -1.24546e+06 394844 -824920 
690205 2.38324e+06 310059 -1.23798e+06 391942 -818716 -1.23798e+06 391942 -818716 
686244 2.36731e+06 307405 -1.2302e+06 388936 -812317 -1.2302e+06 388936 -812317 
682144 2.35087e+06 304694 -1.22216e+06 385836 -805744 -1.22216e+06 385836 -805744 
677940 2.33406e+06 301945 -1.21391e+06 382670 -799050 -1.21391e+06 382670 -799050 
673602 2.31678e+06 299143 -1.20542e+06 379418 -792196 -1.20542e+06 379418 -792196 
669082 2.29884e+06 296265 -1.19658e+06 376045 -785117 -1.19658e+06 376045 -785117 
664395 2.28031e+06 293318 -1.18742e+06 372562 -777833 -1.18742e+06 372562 -777833 
659494 2.261e+06 290283 -1.17786e+06 368939 -770284 -1.17786e+06 368939 -770284 
654403 2.24101e+06 287170 -1.16793e+06 365191 -762503 -1.16793e+06 365191 -762503 
649043 2.22004e+06 283942 -1.15749e+06 361266 -754386 -1.15749e+06 361266 -754386 
643421 2.19814e+06 280607 -1.14655e+06 357170 -745947 -1.14655e+06 357170 -745947 
637491 2.17511e+06 277140 -1.13502e+06 352870 -737125 -1.13502e+06 352870 -737125 
631284 2.1511e+06 273560 -1.12297e+06 348391 -727964 -1.12297e+06 348391 -727964 
624745 2.12588e+06 269843 -1.11029e+06 343696 -718395 -1.11029e+06 343696 -718395 
617926 2.09966e+06 266013 -1.09708e+06 338822 -708489 -1.09708e+06 338822 -708489 
610844 2.07251e+06 262081 -1.08337e+06 333780 -698270 -1.08337e+06 333780 -698270 
603579 2.04472e+06 258085 -1.06932e+06 328627 -687846 -1.06932e+06 328627 -687846 
596153 2.01637e+06 254035 -1.05496e+06 323378 -677247 -1.05496e+06 323378 -677247 
588660 1.98782e+06 249978 -1.04049e+06 318099 -666601 -1.04049e+06 318099 -666601 
581154 1.95928e+06 245937 -1.02601e+06 312825 -655977 -1.02601e+06 312825 -655977 
573655 1.9308e+06 241923 -1.01155e+06 307571 -645401 -1.01155e+06 307571 -645401 
566159 1.90239e+06 237932 -997110 302333 -634868 -997110 302333 -634868 
558612 1.87384e+06 233942 -982583 297076 -624308 -982583 297076 -624308 
551075 1.84537e+06 229978 -968086 291841 -613801 -968086 291841 -613801 
543588 1.81713e+06 226060 -953697 286654 -603398 -953697 286654 -603398 
536120 1.78901e+06 222173 -939356 281494 -593057 -939356 281494 -593057 
528715 1.76117e+06 218336 -925146 276391 -582837 -925146 276391 -582837 
521387 1.73366e+06 214556 -911096 271354 -572753 -911096 271354 -572753 
514162 1.70658e+06 210843 -897254 266400 -562839 -897254 266400 -562839 
507020 1.67984e+06 207189 -883582 261515 -553068 -883582 261515 -553068 
499976 1.65351e+06 203599 -870108 256709 -543459 -870108 256709 -543459 
492976 1.62739e+06 200049 -856731 251947 -533942 -856731 251947 -533942 
486039 1.60154e+06 196547 -843482 247239 -524539 -843482 247239 -524539 
479166 1.57596e+06 193093 -830366 242587 -515253 -830366 242587 -515253 
472375 1.55073e+06 189695 -817418 238002 -506104 -817418 238002 -506104 
465647 1.52576e+06 186344 -804601 233472 -497071 -804601 233472 -497071 
459024 1.50122e+06 183057 -791991 229023 -488200 -791991 229023 -488200 
452506 1.4771e+06 179834 -779592 224656 -479493 -779592 224656 -479493 
446111 1.45347e+06 176681 -767438 220381 -470972 -767438 220381 -470972 
439858 1.43038e+06 173606 -755560 216209 -462656 -755560 216209 -462656 
433761 1.40789e+06 170614 -743989 212150 -454563 -743989 212150 -454563 
427814 1.38599e+06 167701 -732710 208200 -446684 -732710 208200 -446684 
422006 1.36462e+06 164864 -721705 204350 -439005 -721705 204350 -439005 
416323 1.34372e+06 162093 -710942 200590 -431505 -710942 200590 -431505 
410747 1.32325e+06 159383 -700392 196910 -424164 -700392 196910 -424164 
405293 1.30325e+06 156739 -690080 193319 -416997 -690080 193319 -416997 
399936 1.28362e+06 154148 -679958 189798 -409973 -679958 189798 -409973 
394674 1.26437e+06 151611 -670023 186348 -403089 -670023 186348 -403089 
389541 1.2456e+06 149140 -660339 182989 -396385 -660339 182989 -396385 
384509 1.22723e+06 146724 -650854 179704 -389827 -650854 179704 -389827 
379587 1.20928e+06 144366 -641580 176497 -383424 -641580 176497 -383424 
374756 1.19167e+06 142058 -632488 173357 -377154 -632488 173357 -377154 
370023 1.17445e+06 139802 -623584 170287 -371023 -623584 170287 -371023 
365370 1.15753e+06 137591 -614839 167277 -365010 -614839 167277 -365010 
360805 1.14095e+06 135427 -606264 164329 -359121 -606264 164329 -359121 
356345 1.12477e+06 133316 -597894 161456 -353380 -597894 161456 -353380 
