 4698.31 3042.85 3105.12
 5596.37 4147.2 4324.16
 6505.84 3770.36 4824.98
 6974.85 3696.67 5089.85
 7267.79 3721.32 5262.82
 7475.43 3776.63 5390.17
 7635.59 3838.22 5491.24
 7766.33 3897.33 5575.43
 7877.19 3951.14 5647.78
 7973.65 3999.18 5711.29
 8059.13 4041.78 5767.86
 8135.87 4079.54 5818.82
 8205.44 4113.15 5865.08
 8269 4143.16 5907.39
 8327.42 4170.13 5946.25
 8381.39 4194.47 5982.15
 8431.45 4216.58 6015.42
 8478.07 4236.73 6046.38
 8521.62 4255.21 6075.27
 8562.42 4272.23 6102.3
 8600.74 4287.96 6127.66
 8636.81 4302.56 6151.52
 8670.85 4316.17 6173.99
 8703.02 4328.89 6195.23
 8733.49 4340.81 6215.33
 8762.4 4352.02 6234.37
 8789.86 4362.6 6252.45
 8815.99 4372.61 6269.64
 8852.74 4386.21 6295.33
 8875.77 4395.09 6310.32
 8897.8 4403.55 6324.66
 8918.91 4411.64 6338.39
 8939.14 4419.37 6351.56
 8958.55 4426.78 6364.19
 8977.21 4433.89 6376.33
 8995.14 4440.73 6388
 9012.4 4447.3 6399.23
 9029.02 4453.63 6410.04
 9045.04 4459.75 6420.46
 9060.5 4465.65 6430.51
 9075.42 4471.35 6440.21
 9089.82 4476.88 6449.58
 9103.75 4482.23 6458.63
 9117.23 4487.42 6467.39
 9130.27 4492.45 6475.87
 9142.9 4497.34 6484.07
 9155.14 4502.1 6492.03
 9167 4506.73 6499.74
 9178.51 4511.23 6507.22
 9189.68 4515.62 6514.48
 9200.53 4519.9 6521.52
 9211.08 4524.07 6528.37
 9221.33 4528.15 6535.02
 9231.29 4532.13 6541.49
 9240.99 4536.01 6547.79
 9250.43 4539.81 6553.92
 9259.62 4543.53 6559.88
 9271.3 4547.67 6567.85
 9282.58 4551.71 6575.53
 9290.94 4555.21 6580.92
 9299.1 4558.64 6586.18
 9307.06 4562 6591.32
 9314.84 4565.29 6596.33
 9322.43 4568.52 6601.23
 9329.85 4571.68 6606.02
 9337.11 4574.79 6610.69
 9344.2 4577.85 6615.26
 9351.13 4580.84 6619.73
 9357.92 4583.78 6624.11
 9364.56 4586.67 6628.38
 9371.06 4589.51 6632.57
 9377.42 4592.3 6636.67
 9383.65 4595.04 6640.69
 9389.76 4597.74 6644.62
 9395.75 4600.39 6648.47
 9401.61 4603 6652.25
 9407.36 4605.56 6655.95
 9413 4608.09 6659.58
 9418.53 4610.57 6663.14
 9423.96 4613.02 6666.63
 9429.28 4615.42 6670.06
 9434.51 4617.79 6673.42
 9439.64 4620.13 6676.72
 9444.68 4622.43 6679.96
 9449.63 4624.69 6683.14
 9454.49 4626.93 6686.27
 9459.27 4629.13 6689.34
 9463.96 4631.3 6692.35
 9468.58 4633.44 6695.31
 9473.11 4635.54 6698.22
 9477.57 4637.62 6701.08
 9481.96 4639.67 6703.9
 9486.27 4641.7 6706.66
 9490.52 4643.69 6709.38
 9494.7 4645.66 6712.06
 9498.81 4647.6 6714.69
 9502.85 4649.52 6717.28
 9506.83 4651.41 6719.83
 9510.75 4653.28 6722.34
 9514.61 4655.12 6724.81
 9518.41 4656.94 6727.25
 9522.15 4658.74 6729.64
 9525.84 4660.52 6732
 9529.48 4662.27 6734.32
 9533.06 4664 6736.61
 9536.58 4665.72 6738.86
 9540.06 4667.41 6741.08
 9543.49 4669.08 6743.27
 9546.87 4670.73 6745.42
 9550.2 4672.36 6747.54
 9553.48 4673.97 6749.64
 9556.72 4675.56 6751.7
 9559.92 4677.14 6753.74
 9563.07 4678.7 6755.75
 9566.18 4680.23 6757.72
 9569.73 4681.8 6760.06
 9573.23 4683.35 6762.36
 9576.66 4684.88 6764.62
 9580.04 4686.4 6766.84
 9582.93 4687.86 6768.67
 9585.78 4689.31 6770.47
 9588.6 4690.74 6772.25
 9591.38 4692.15 6774.01
 9594.12 4693.55 6775.75
 9596.83 4694.93 6777.46
 9599.51 4696.3 6779.15
 9602.16 4697.66 6780.82
 9604.77 4699 6782.47
 9607.35 4700.32 6784.1
 9609.9 4701.64 6785.7
 9612.42 4702.94 6787.29
 9614.91 4704.22 6788.86
 9617.37 4705.5 6790.41
 9619.8 4706.76 6791.94
 9622.21 4708 6793.45
 9624.58 4709.24 6794.95
 9626.93 4710.46 6796.42
 9629.26 4711.68 6797.88
 9631.55 4712.88 6799.33
 9633.82 4714.06 6800.75
 9636.07 4715.24 6802.16
 9638.29 4716.41 6803.55
 9640.48 4717.56 6804.93
 9642.65 4718.71 6806.29
 9644.8 4719.84 6807.63
 9646.93 4720.96 6808.96
 9649.03 4722.07 6810.28
 9651.11 4723.17 6811.58
 9653.16 4724.27 6812.86
 9655.2 4725.35 6814.13
 9657.21 4726.42 6815.39
 9659.21 4727.48 6816.63
 9661.18 4728.53 6817.86
 9663.13 4729.58 6819.08
 9665.06 4730.61 6820.29
 9666.98 4731.63 6821.48
 9668.87 4732.65 6822.65
 9670.74 4733.66 6823.82
 9672.6 4734.65 6824.97
 9674.43 4735.64 6826.11
 9676.25 4736.62 6827.24
 9678.05 4737.6 6828.36
 9679.83 4738.56 6829.47
 9681.6 4739.52 6830.56
 9683.35 4740.47 6831.64
 9685.08 4741.41 6832.72
 9686.79 4742.34 6833.78
 9688.49 4743.26 6834.83
 9690.17 4744.18 6835.87
 9691.84 4745.09 6836.9
 9693.49 4745.99 6837.92
 9695.12 4746.88 6838.93
 9696.74 4747.77 6839.93
 9698.34 4748.65 6840.92
 9699.93 4749.52 6841.9
 9701.5 4750.39 6842.87
 9703.06 4751.25 6843.83
 9704.61 4752.1 6844.78
 9706.14 4752.95 6845.72
 9707.66 4753.79 6846.65
 9709.16 4754.62 6847.58
 9710.65 4755.45 6848.49
 9712.13 4756.27 6849.4
 9713.59 4757.08 6850.3
 9715.04 4757.89 6851.19
 9716.48 4758.69 6852.07
 9717.9 4759.48 6852.94
 9719.32 4760.27 6853.81
 9720.72 4761.06 6854.66
 9722.11 4761.83 6855.51
 9723.48 4762.61 6856.35
 9724.85 4763.37 6857.19
 9726.2 4764.13 6858.01
 9727.54 4764.89 6858.83
 9728.87 4765.64 6859.64
 9730.19 4766.38 6860.45
 9731.49 4767.12 6861.24
 9732.79 4767.85 6862.03
 9734.08 4768.58 6862.81
 9735.35 4769.3 6863.59
 9736.61 4770.02 6864.36
 9737.87 4770.74 6865.12
 9739.11 4771.44 6865.87
 9740.34 4772.15 6866.62
 9741.65 4772.85 6867.43
 9742.86 4773.54 6868.17
 9744.15 4774.23 6868.96
 9745.34 4774.92 6869.68
 9746.6 4775.6 6870.46
 9747.78 4776.27 6871.17
 9749.02 4776.94 6871.93
 9750.17 4777.61 6872.63
 9751.39 4778.27 6873.38
 9752.53 4778.93 6874.06
 9753.65 4779.58 6874.74
 9754.77 4780.23 6875.42
 9755.88 4780.88 6876.08
 9756.98 4781.52 6876.74
 9758.07 4782.15 6877.4
 9759.15 4782.78 6878.05
 9760.22 4783.41 6878.69
 9761.29 4784.03 6879.33
 9762.35 4784.65 6879.97
 9763.4 4785.27 6880.6
 9764.44 4785.88 6881.22
 9765.47 4786.49 6881.84
 9766.5 4787.09 6882.45
 9767.51 4787.69 6883.06
 9768.52 4788.29 6883.67
 9769.53 4788.88 6884.26
 9770.52 4789.47 6884.86
 9771.57 4790.05 6885.49
 9772.55 4790.64 6886.08
 9773.57 4791.22 6886.7
 9774.54 4791.79 6887.27
 9775.55 4792.36 6887.88
 9776.5 4792.93 6888.45
 9777.5 4793.49 6889.05
 9778.43 4794.05 6889.61
 9779.36 4794.61 6890.16
 9780.29 4795.17 6890.71
 9781.2 4795.72 6891.25
 9782.11 4796.26 6891.79
 9783.02 4796.81 6892.33
 9783.91 4797.35 6892.86
 9784.8 4797.89 6893.38
 9785.69 4798.42 6893.91
 9786.57 4798.95 6894.43
 9787.44 4799.48 6894.94
 9788.3 4800.01 6895.45
 9789.16 4800.53 6895.96
 9790.02 4801.05 6896.46
 9790.87 4801.57 6896.96
 9791.71 4802.08 6897.46
 9792.54 4802.59 6897.95
 9793.37 4803.1 6898.44
 9794.2 4803.6 6898.92
 9795.02 4804.1 6899.4
 9795.83 4804.6 6899.88
 9796.64 4805.1 6900.35
 9797.44 4805.59 6900.82
 9798.24 4806.08 6901.29
 9799.03 4806.57 6901.75
 9799.81 4807.06 6902.21
 9800.59 4807.54 6902.67
 9801.37 4808.02 6903.12
 9802.14 4808.5 6903.57
 9802.9 4808.97 6904.02
 9803.66 4809.44 6904.46
 9804.42 4809.91 6904.9
 9805.17 4810.38 6905.34
 9805.91 4810.85 6905.77
 9806.65 4811.31 6906.2
 9807.39 4811.77 6906.63
 9808.12 4812.23 6907.06
 9808.84 4812.68 6907.48
 9809.56 4813.13 6907.9
 9810.28 4813.58 6908.31
 9810.99 4814.03 6908.73
 9811.7 4814.48 6909.14
 9812.4 4814.92 6909.54
 9813.1 4815.36 6909.95
 9813.79 4815.8 6910.35
 9814.48 4816.23 6910.75
 9815.16 4816.67 6911.14
 9815.84 4817.1 6911.53
 9816.52 4817.53 6911.92
 9817.19 4817.96 6912.31
 9817.85 4818.38 6912.7
 9818.52 4818.8 6913.08
 9819.17 4819.22 6913.46
 9819.83 4819.64 6913.84
 9820.48 4820.06 6914.21
 9821.12 4820.47 6914.58
 9821.77 4820.89 6914.95
 9822.4 4821.3 6915.32
 9823.04 4821.7 6915.68
 9823.67 4822.11 6916.04
 9824.29 4822.52 6916.4
 9824.92 4822.92 6916.76
 9825.54 4823.32 6917.11
 9826.15 4823.72 6917.47
 9826.76 4824.11 6917.82
 9827.37 4824.51 6918.16
 9827.97 4824.9 6918.51
 9828.57 4825.29 6918.85
 9829.17 4825.68 6919.19
 9829.76 4826.07 6919.53
 9830.35 4826.45 6919.86
 9830.94 4826.83 6920.2
 9831.52 4827.22 6920.53
 9832.1 4827.6 6920.86
 9832.67 4827.97 6921.19
 9833.24 4828.35 6921.51
 9833.81 4828.72 6921.83
 9834.38 4829.1 6922.15
 9834.94 4829.47 6922.47
 9835.5 4829.83 6922.79
 9836.05 4830.2 6923.1
 9836.6 4830.57 6923.42
 9837.15 4830.93 6923.73
 9837.7 4831.29 6924.04
 9838.24 4831.65 6924.34
 9838.78 4832.01 6924.65
 9839.31 4832.37 6924.95
 9839.84 4832.73 6925.25
 9840.37 4833.08 6925.55
 9840.9 4833.43 6925.85
 9841.42 4833.78 6926.14
 9841.94 4834.13 6926.44
 9842.46 4834.48 6926.73
 9842.98 4834.83 6927.02
 9843.49 4835.17 6927.3
 9843.99 4835.51 6927.59
 9844.5 4835.86 6927.87
 9845 4836.19 6928.16
 9845.5 4836.53 6928.44
 9846 4836.87 6928.72
 9846.49 4837.21 6928.99
 9846.99 4837.54 6929.27
 9847.47 4837.87 6929.54
 9847.96 4838.2 6929.81
 9848.44 4838.53 6930.08
 9848.92 4838.86 6930.35
 9849.4 4839.19 6930.62
 9849.88 4839.51 6930.88
 9850.35 4839.84 6931.15
 9850.82 4840.16 6931.41
 9851.29 4840.48 6931.67
 9851.75 4840.8 6931.93
 9852.21 4841.12 6932.19
 9852.67 4841.44 6932.44
 9853.13 4841.75 6932.7
 9853.58 4842.07 6932.95
 9854.04 4842.38 6933.2
 9854.49 4842.69 6933.45
 9854.93 4843 6933.7
 9855.38 4843.31 6933.94
 9855.82 4843.62 6934.19
 9856.26 4843.92 6934.43
 9856.7 4844.23 6934.68
 9857.13 4844.53 6934.92
 9857.57 4844.84 6935.16
 9858 4845.14 6935.39
 9858.43 4845.44 6935.63
 9858.85 4845.74 6935.87
 9859.27 4846.03 6936.1
 9859.7 4846.33 6936.33
 9860.12 4846.63 6936.56
 9860.53 4846.92 6936.79
 9860.95 4847.21 6937.02
 9861.36 4847.51 6937.25
 9861.77 4847.8 6937.47
 9862.18 4848.09 6937.7
 9862.58 4848.37 6937.92
 9862.99 4848.66 6938.14
 9863.39 4848.95 6938.36
 9863.79 4849.23 6938.58
 9864.19 4849.51 6938.8
 9864.58 4849.8 6939.02
 9864.98 4850.08 6939.23
 9865.37 4850.36 6939.45
 9865.76 4850.64 6939.66
 9866.15 4850.92 6939.87
 9866.53 4851.19 6940.08
 9866.92 4851.47 6940.29
 9867.3 4851.74 6940.5
 9867.68 4852.02 6940.71
 9868.05 4852.29 6940.91
 9868.43 4852.56 6941.12
 9868.8 4852.83 6941.32
 9869.18 4853.1 6941.52
 9869.55 4853.37 6941.72
 9869.91 4853.64 6941.92
 9870.28 4853.9 6942.12
 9870.65 4854.17 6942.32
 9871.01 4854.43 6942.52
 9871.37 4854.7 6942.71
 9871.73 4854.96 6942.91
 9872.08 4855.22 6943.1
 9872.45 4855.48 6943.3
 9872.8 4855.74 6943.49
 9873.15 4856 6943.68
 9873.5 4856.26 6943.87
 9873.85 4856.51 6944.06
 9874.2 4856.77 6944.25
 9874.54 4857.02 6944.43
 9874.89 4857.28 6944.62
 9875.23 4857.53 6944.8
 9875.57 4857.78 6944.99
 9875.91 4858.03 6945.17
 9876.25 4858.28 6945.35
