3.55283e+06 3.81811e+06 3.49113e+06 -248934 -345685 -265078 -248934 -345685 -265078 
2.75797e+06 3.45015e+06 2.60056e+06 -655838 -744316 -692170 -655838 -744316 -692170 
2.12687e+06 3.15712e+06 1.92512e+06 -846240 -716538 -873732 -846240 -716538 -873732 
1.65736e+06 2.89708e+06 1.44997e+06 -895330 -528408 -896767 -895330 -528408 -896767 
1.31096e+06 2.63146e+06 1.11252e+06 -878092 -349763 -852656 -878092 -349763 -852656 
1.05626e+06 2.35938e+06 871225 -827090 -218761 -780824 -827090 -218761 -780824 
866230 2.09153e+06 695625 -759618 -131066 -699720 -759618 -131066 -699720 
721251 1.83871e+06 564921 -686313 -74679.3 -618918 -686313 -74679.3 -618918 
608193 1.60812e+06 465489 -613734 -39197.1 -543379 -613734 -39197.1 -543379 
518381 1.4031e+06 388400 -545610 -17206.8 -475359 -545610 -17206.8 -475359 
445958 1.22402e+06 327673 -483741 -3788.6 -415515 -483741 -3788.6 -415515 
386840 1.0694e+06 279179 -428704 4225.63 -363607 -428704 4225.63 -363607 
338085 936800 239996 -380368 8848.43 -318952 -380368 8848.43 -318952 
297515 823472 208001 -338231 11351.5 -280695 -338231 11351.5 -280695 
263481 726699 181626 -301637 12537.5 -247963 -301637 12537.5 -247963 
234720 643988 159692 -269899 12913.4 -219942 -269899 12913.4 -219942 
210247 573147 141303 -242360 12799.8 -195906 -242360 12799.8 -195906 
189288 512293 125770 -218427 12399.6 -175231 -218427 12399.6 -175231 
171229 459837 112556 -197578 11840.9 -157388 -197578 11840.9 -157388 
155579 414447 101241 -179363 11204.3 -141930 -179363 11204.3 -141930 
141944 375015 91492 -163397 10540 -128488 -163397 10540 -128488 
130004 340621 83042.9 -149357 9878.62 -116752 -149357 9878.62 -116752 
119498 310498 75680.9 -136966 9238.42 -106463 -136966 9238.42 -106463 
110211 284012 69233.2 -125992 8629.61 -97409.8 -125992 8629.61 -97409.8 
101966 260632 63559.1 -116240 8057.33 -89411.7 -116240 8057.33 -89411.7 
94617.4 239916 58543.2 -107545 7523.51 -82319.9 -107545 7523.51 -82319.9 
88042 221492 54090.3 -99766.3 7028.1 -76008.9 -99766.3 7028.1 -76008.9 
82137.2 205051 50121.3 -92784.9 6569.86 -70373.2 -92784.9 6569.86 -70373.2 
76816.3 190328 46570.2 -86499.8 6146.88 -65323.9 -86499.8 6146.88 -65323.9 
72006.7 177106 43382.1 -80826.5 5757.11 -60786.7 -80826.5 5757.11 -60786.7 
67645.7 165195 40510.2 -75690.3 5398.05 -56696.8 -75690.3 5398.05 -56696.8 
63679.7 154431 37914.6 -71027.2 5067.25 -52999.1 -71027.2 5067.25 -52999.1 
60062.8 144675 35561.7 -66782.2 4762.36 -49646.4 -66782.2 4762.36 -49646.4 
56755.6 135808 33422.7 -62907.9 4481.17 -46598.2 -62907.9 4481.17 -46598.2 
53724 127728 31472.6 -59363.1 4221.62 -43819.7 -59363.1 4221.62 -43819.7 
50938.2 120347 29690.3 -56112.3 3981.81 -41280.6 -56112.3 3981.81 -41280.6 
48372.5 113587 28057.2 -53124.4 3760.02 -38955 -53124.4 3760.02 -38955 
46004.5 107382 26557.4 -50372.2 3554.66 -36820 -50372.2 3554.66 -36820 
43814.2 101675 25176.9 -47831.9 3364.29 -34855.7 -47831.9 3364.29 -34855.7 
41784.5 96413.4 23903.4 -45482.6 3187.62 -33044.8 -45482.6 3187.62 -33044.8 
39899.9 91553.6 22726.3 -43305.9 3023.45 -31372 -43305.9 3023.45 -31372 
38146.9 87056.1 21636.2 -41285.4 2870.74 -29823.8 -41285.4 2870.74 -29823.8 
36513.6 82886.4 20624.7 -39406.6 2728.49 -28388.4 -39406.6 2728.49 -28388.4 
34989.2 79013.6 19684.6 -37656.8 2595.85 -27055.1 -37656.8 2595.85 -27055.1 
33564.2 75410.5 18809.3 -36024.4 2472.02 -25814.7 -36024.4 2472.02 -25814.7 
32230.1 72053 17992.9 -34499.3 2356.27 -24658.8 -34499.3 2356.27 -24658.8 
30979.3 68919.4 17230.4 -33072.3 2247.97 -23580.1 -33072.3 2247.97 -23580.1 
29804.9 65990.4 16517.1 -31735.2 2146.51 -22571.8 -31735.2 2146.51 -22571.8 
28700.8 63248.7 15848.9 -30480.7 2051.36 -21628.1 -30480.7 2051.36 -21628.1 
27661.5 60678.7 15222 -29302 1962.03 -20743.5 -29302 1962.03 -20743.5 
26681.9 58266.6 14633.2 -28193.2 1878.08 -19913.3 -28193.2 1878.08 -19913.3 
25757.4 55999.6 14079.3 -27148.9 1799.1 -19133.2 -27148.9 1799.1 -19133.2 
24884.1 53866.5 13557.7 -26164.2 1724.73 -18399.1 -26164.2 1724.73 -18399.1 
24058 51857 13066 -25234.6 1654.63 -17707.7 -25234.6 1654.63 -17707.7 
23275.9 49961.6 12601.8 -24356.1 1588.49 -17055.6 -24356.1 1588.49 -17055.6 
22534.5 48171.9 12163.1 -23525 1526.03 -16440 -23525 1526.03 -16440 
21831.2 46480.3 11748.1 -22737.9 1466.99 -15858.1 -22737.9 1466.99 -15858.1 
21163.3 44879.6 11355.2 -21991.8 1411.14 -15307.6 -21991.8 1411.14 -15307.6 
20528.3 43363.6 10982.7 -21283.9 1358.26 -14786.3 -21283.9 1358.26 -14786.3 
19924.3 41926.4 10629.3 -20611.6 1308.15 -14292.2 -20611.6 1308.15 -14292.2 
19349 40562.7 10293.7 -19972.5 1260.63 -13823.3 -19972.5 1260.63 -13823.3 
18800.8 39267.5 9974.64 -19364.6 1215.53 -13378.1 -19364.6 1215.53 -13378.1 
18277.9 38036.2 9671.13 -18785.7 1172.69 -12954.9 -18785.7 1172.69 -12954.9 
17778.8 36864.7 9382.13 -18234 1131.97 -12552.4 -18234 1131.97 -12552.4 
17301.9 35749.2 9106.73 -17707.9 1093.24 -12169.1 -17707.9 1093.24 -12169.1 
16846 34686.1 8844.07 -17205.7 1056.37 -11803.9 -17205.7 1056.37 -11803.9 
16409.8 33672.3 8593.38 -16726.1 1021.24 -11455.6 -16726.1 1021.24 -11455.6 
15992.2 32704.5 8353.93 -16267.6 987.758 -11123.3 -16267.6 987.758 -11123.3 
15592.1 31780.2 8125.04 -15829.1 955.819 -10805.9 -15829.1 955.819 -10805.9 
15208.5 30896.7 7906.1 -15409.3 925.333 -10502.6 -15409.3 925.333 -10502.6 
14840.5 30051.6 7696.53 -15007.3 896.216 -10212.5 -15007.3 896.216 -10212.5 
14487.3 29242.7 7495.8 -14622 868.39 -9934.88 -14622 868.39 -9934.88 
14148 28468 7303.41 -14252.4 841.78 -9669.05 -14252.4 841.78 -9669.05 
13821.9 27725.5 7118.9 -13897.8 816.32 -9414.32 -13897.8 816.32 -9414.32 
13508.3 27013.5 6941.83 -13557.3 791.946 -9170.09 -13557.3 791.946 -9170.09 
13206.5 26330.3 6771.81 -13230.1 768.598 -8935.78 -13230.1 768.598 -8935.78 
12916.1 25674.3 6608.46 -12915.7 746.222 -8710.85 -12915.7 746.222 -8710.85 
12636.3 25044.1 6451.43 -12613.2 724.765 -8494.81 -12613.2 724.765 -8494.81 
12366.6 24438.4 6300.39 -12322.2 704.179 -8287.2 -12322.2 704.179 -8287.2 
12106.6 23855.9 6155.04 -12041.9 684.419 -8087.56 -12041.9 684.419 -8087.56 
11855.8 23295.4 6015.09 -11771.9 665.443 -7895.51 -11771.9 665.443 -7895.51 
11613.7 22755.7 5880.27 -11511.8 647.21 -7710.65 -11511.8 647.21 -7710.65 
11380 22236 5750.33 -11260.9 629.683 -7532.63 -11260.9 629.683 -7532.63 
11154.2 21735.1 5625.03 -11018.9 612.828 -7361.1 -11018.9 612.828 -7361.1 
10935.9 21252.2 5504.14 -10785.3 596.611 -7195.76 -10785.3 596.611 -7195.76 
10724.9 20786.4 5387.47 -10559.7 581.001 -7036.31 -10559.7 581.001 -7036.31 
10520.8 20336.8 5274.81 -10341.8 565.97 -6882.47 -10341.8 565.97 -6882.47 
10323.3 19902.9 5165.97 -10131.3 551.489 -6733.97 -10131.3 551.489 -6733.97 
10132 19483.7 5060.79 -9927.71 537.533 -6590.56 -9927.71 537.533 -6590.56 
9946.84 19078.7 4959.09 -9730.82 524.077 -6452.02 -9730.82 524.077 -6452.02 
9767.41 18687.2 4860.72 -9540.3 511.099 -6318.13 -9540.3 511.099 -6318.13 
9593.5 18308.5 4765.54 -9355.89 498.577 -6188.67 -9355.89 498.577 -6188.67 
9424.88 17942.3 4673.4 -9177.32 486.489 -6063.45 -9177.32 486.489 -6063.45 
9261.33 17587.8 4584.17 -9004.33 474.818 -5942.28 -9004.33 474.818 -5942.28 
9102.65 17244.5 4497.74 -8836.7 463.544 -5824.99 -8836.7 463.544 -5824.99 
8948.62 16912.1 4413.97 -8674.21 452.649 -5711.41 -8674.21 452.649 -5711.41 
8799.07 16590.1 4332.77 -8516.62 442.119 -5601.39 -8516.62 442.119 -5601.39 
8653.82 16277.9 4254.02 -8363.76 431.936 -5494.77 -8363.76 431.936 -5494.77 
8512.7 15975.2 4177.62 -8215.42 422.087 -5391.42 -8215.42 422.087 -5391.42 
8375.54 15681.7 4103.48 -8071.43 412.557 -5291.2 -8071.43 412.557 -5291.2 
8242.2 15396.9 4031.51 -7931.61 403.333 -5193.98 -7931.61 403.333 -5193.98 
8112.53 15120.5 3961.62 -7795.81 394.402 -5099.64 -7795.81 394.402 -5099.64 
7986.39 14852.2 3893.74 -7663.85 385.753 -5008.08 -7663.85 385.753 -5008.08 
7863.64 14591.6 3827.77 -7535.6 377.374 -4919.17 -7535.6 377.374 -4919.17 
7744.17 14338.4 3763.66 -7410.92 369.253 -4832.82 -7410.92 369.253 -4832.82 
7627.85 14092.5 3701.32 -7289.67 361.382 -4748.92 -7289.67 361.382 -4748.92 
7514.56 13853.4 3640.7 -7171.72 353.75 -4667.39 -7171.72 353.75 -4667.39 
7404.21 13620.9 3581.72 -7056.95 346.348 -4588.13 -7056.95 346.348 -4588.13 
7296.68 13394.8 3524.33 -6945.25 339.166 -4511.06 -6945.25 339.166 -4511.06 
7191.87 13174.8 3468.48 -6836.5 332.197 -4436.1 -6836.5 332.197 -4436.1 
7089.7 12960.8 3414.09 -6730.6 325.433 -4363.17 -6730.6 325.433 -4363.17 
6990.06 12752.5 3361.13 -6627.44 318.865 -4292.19 -6627.44 318.865 -4292.19 
6892.87 12549.6 3309.54 -6526.94 312.486 -4223.1 -6526.94 312.486 -4223.1 
6798.05 12352.1 3259.27 -6428.99 306.29 -4155.82 -6428.99 306.29 -4155.82 
6705.52 12159.7 3210.27 -6333.51 300.269 -4090.3 -6333.51 300.269 -4090.3 
6615.21 11972.2 3162.51 -6240.41 294.418 -4026.47 -6240.41 294.418 -4026.47 
6527.03 11789.5 3115.94 -6149.62 288.73 -3964.27 -6149.62 288.73 -3964.27 
6440.92 11611.4 3070.52 -6061.06 283.199 -3903.65 -6061.06 283.199 -3903.65 
6356.82 11437.7 3026.21 -5974.64 277.82 -3844.56 -5974.64 277.82 -3844.56 
6274.65 11268.4 2982.98 -5890.31 272.587 -3786.93 -5890.31 272.587 -3786.93 
6194.36 11103.1 2940.78 -5807.99 267.496 -3730.73 -5807.99 267.496 -3730.73 
6115.88 10942 2899.59 -5727.62 262.541 -3675.9 -5727.62 262.541 -3675.9 
6039.17 10784.6 2859.37 -5649.14 257.718 -3622.4 -5649.14 257.718 -3622.4 
5964.16 10631.1 2820.09 -5572.48 253.022 -3570.19 -5572.48 253.022 -3570.19 
5890.81 10481.2 2781.72 -5497.58 248.449 -3519.22 -5497.58 248.449 -3519.22 
5819.05 10334.8 2744.24 -5424.4 243.995 -3469.46 -5424.4 243.995 -3469.46 
5748.85 10191.8 2707.61 -5352.87 239.656 -3420.86 -5352.87 239.656 -3420.86 
5680.16 10052.1 2671.8 -5282.95 235.427 -3373.39 -5282.95 235.427 -3373.39 
5612.93 9915.55 2636.8 -5214.59 231.306 -3327.02 -5214.59 231.306 -3327.02 
5547.12 9782.14 2602.58 -5147.74 227.289 -3281.7 -5147.74 227.289 -3281.7 
5482.69 9651.73 2569.11 -5082.35 223.373 -3237.41 -5082.35 223.373 -3237.41 
5419.59 9524.24 2536.37 -5018.38 219.554 -3194.11 -5018.38 219.554 -3194.11 
5357.79 9399.56 2504.34 -4955.79 215.829 -3151.78 -4955.79 215.829 -3151.78 
5297.26 9277.62 2473 -4894.54 212.195 -3110.38 -4894.54 212.195 -3110.38 
5237.95 9158.33 2442.33 -4834.59 208.649 -3069.89 -4834.59 208.649 -3069.89 
5179.83 9041.62 2412.31 -4775.89 205.189 -3030.28 -4775.89 205.189 -3030.28 
5122.87 8927.41 2382.91 -4718.42 201.812 -2991.53 -4718.42 201.812 -2991.53 
5067.04 8815.63 2354.13 -4662.15 198.515 -2953.61 -4662.15 198.515 -2953.61 
5012.3 8706.21 2325.94 -4607.02 195.297 -2916.49 -4607.02 195.297 -2916.49 
4958.62 8599.07 2298.33 -4553.02 192.153 -2880.15 -4553.02 192.153 -2880.15 
4905.98 8494.16 2271.28 -4500.12 189.083 -2844.57 -4500.12 189.083 -2844.57 
4854.35 8391.41 2244.78 -4448.27 186.084 -2809.74 -4448.27 186.084 -2809.74 
4803.7 8290.76 2218.81 -4397.46 183.154 -2775.61 -4397.46 183.154 -2775.61 
4754.01 8192.16 2193.35 -4347.65 180.291 -2742.19 -4347.65 180.291 -2742.19 
4705.25 8095.54 2168.4 -4298.82 177.493 -2709.45 -4298.82 177.493 -2709.45 
4657.39 8000.85 2143.93 -4250.93 174.758 -2677.36 -4250.93 174.758 -2677.36 
4610.41 7908.04 2119.94 -4203.98 172.085 -2645.91 -4203.98 172.085 -2645.91 
4564.3 7817.06 2096.41 -4157.92 169.47 -2615.09 -4157.92 169.47 -2615.09 
4519.02 7727.85 2073.33 -4112.74 166.914 -2584.88 -4112.74 166.914 -2584.88 
4474.56 7640.38 2050.69 -4068.42 164.413 -2555.26 -4068.42 164.413 -2555.26 
4430.89 7554.6 2028.48 -4024.93 161.968 -2526.21 -4024.93 161.968 -2526.21 
4388 7470.45 2006.68 -3982.24 159.575 -2497.72 -3982.24 159.575 -2497.72 
4345.87 7387.91 1985.29 -3940.35 157.234 -2469.78 -3940.35 157.234 -2469.78 
4304.47 7306.92 1964.29 -3899.23 154.942 -2442.36 -3899.23 154.942 -2442.36 
4263.8 7227.44 1943.68 -3858.86 152.7 -2415.47 -3858.86 152.7 -2415.47 
4223.82 7149.45 1923.44 -3819.21 150.505 -2389.08 -3819.21 150.505 -2389.08 
4184.54 7072.89 1903.57 -3780.29 148.356 -2363.18 -3780.29 148.356 -2363.18 
4145.92 6997.74 1884.05 -3742.05 146.252 -2337.75 -3742.05 146.252 -2337.75 
4107.95 6923.96 1864.89 -3704.5 144.192 -2312.8 -3704.5 144.192 -2312.8 
4070.62 6851.51 1846.06 -3667.61 142.175 -2288.3 -3667.61 142.175 -2288.3 
4033.92 6780.37 1827.56 -3631.36 140.198 -2264.24 -3631.36 140.198 -2264.24 
3997.82 6710.49 1809.39 -3595.74 138.262 -2240.62 -3595.74 138.262 -2240.62 
3962.32 6641.85 1791.53 -3560.74 136.365 -2217.42 -3560.74 136.365 -2217.42 
3927.39 6574.42 1773.98 -3526.34 134.507 -2194.62 -3526.34 134.507 -2194.62 
3893.03 6508.17 1756.73 -3492.52 132.685 -2172.24 -3492.52 132.685 -2172.24 
3859.23 6443.07 1739.77 -3459.28 130.9 -2150.24 -3459.28 130.9 -2150.24 
3825.97 6379.1 1723.1 -3426.59 129.151 -2128.62 -3426.59 129.151 -2128.62 
3793.24 6316.22 1706.71 -3394.45 127.435 -2107.38 -3394.45 127.435 -2107.38 
3761.02 6254.41 1690.59 -3362.85 125.754 -2086.51 -3362.85 125.754 -2086.51 
3729.31 6193.65 1674.74 -3331.76 124.105 -2065.99 -3331.76 124.105 -2065.99 
3698.1 6133.91 1659.15 -3301.19 122.488 -2045.82 -3301.19 122.488 -2045.82 
3667.36 6075.17 1643.82 -3271.11 120.902 -2025.98 -3271.11 120.902 -2025.98 
3637.11 6017.41 1628.73 -3241.52 119.346 -2006.48 -3241.52 119.346 -2006.48 
3607.31 5960.6 1613.89 -3212.41 117.82 -1987.31 -3212.41 117.82 -1987.31 
3577.97 5904.72 1599.28 -3183.76 116.323 -1968.45 -3183.76 116.323 -1968.45 
3549.07 5849.75 1584.91 -3155.56 114.854 -1949.9 -3155.56 114.854 -1949.9 
3520.61 5795.67 1570.77 -3127.81 113.413 -1931.65 -3127.81 113.413 -1931.65 
3492.57 5742.46 1556.85 -3100.5 111.998 -1913.7 -3100.5 111.998 -1913.7 
3464.94 5690.1 1543.14 -3073.61 110.61 -1896.04 -3073.61 110.61 -1896.04 
3437.73 5638.58 1529.65 -3047.13 109.247 -1878.66 -3047.13 109.247 -1878.66 
3410.91 5587.87 1516.37 -3021.07 107.909 -1861.56 -3021.07 107.909 -1861.56 
3384.48 5537.95 1503.29 -2995.4 106.595 -1844.73 -2995.4 106.595 -1844.73 
3358.43 5488.82 1490.42 -2970.13 105.306 -1828.17 -2970.13 105.306 -1828.17 
3332.76 5440.45 1477.73 -2945.23 104.039 -1811.86 -2945.23 104.039 -1811.86 
3307.46 5392.82 1465.24 -2920.71 102.795 -1795.81 -2920.71 102.795 -1795.81 
3282.51 5345.93 1452.94 -2896.56 101.574 -1780 -2896.56 101.574 -1780 
3257.92 5299.75 1440.82 -2872.76 100.374 -1764.44 -2872.76 100.374 -1764.44 
3233.68 5254.27 1428.88 -2849.32 99.1953 -1749.12 -2849.32 99.1953 -1749.12 
3209.77 5209.47 1417.12 -2826.22 98.0372 -1734.03 -2826.22 98.0372 -1734.03 
3186.19 5165.35 1405.53 -2803.46 96.8995 -1719.16 -2803.46 96.8995 -1719.16 
3162.94 5121.88 1394.1 -2781.03 95.7815 -1704.52 -2781.03 95.7815 -1704.52 
3140.01 5079.06 1382.85 -2758.92 94.6828 -1690.1 -2758.92 94.6828 -1690.1 
3117.39 5036.86 1371.75 -2737.13 93.603 -1675.89 -2737.13 93.603 -1675.89 
3095.08 4995.29 1360.81 -2715.64 92.5417 -1661.9 -2715.64 92.5417 -1661.9 
3073.07 4954.32 1350.03 -2694.47 91.4985 -1648.1 -2694.47 91.4985 -1648.1 
3051.35 4913.94 1339.41 -2673.59 90.473 -1634.51 -2673.59 90.473 -1634.51 
3029.92 4874.15 1328.93 -2653.01 89.4648 -1621.12 -2653.01 89.4648 -1621.12 
3008.78 4834.92 1318.6 -2632.71 88.4735 -1607.92 -2632.71 88.4735 -1607.92 
2987.91 4796.25 1308.41 -2612.69 87.4987 -1594.91 -2612.69 87.4987 -1594.91 
2967.32 4758.14 1298.36 -2592.95 86.5402 -1582.08 -2592.95 86.5402 -1582.08 
2947 4720.55 1288.46 -2573.48 85.5975 -1569.44 -2573.48 85.5975 -1569.44 
2926.94 4683.5 1278.68 -2554.28 84.6703 -1556.98 -2554.28 84.6703 -1556.98 
2907.14 4646.96 1269.04 -2535.34 83.7583 -1544.69 -2535.34 83.7583 -1544.69 
2887.59 4610.92 1259.54 -2516.65 82.8612 -1532.57 -2516.65 82.8612 -1532.57 
2868.3 4575.38 1250.16 -2498.21 81.9786 -1520.62 -2498.21 81.9786 -1520.62 
2849.24 4540.33 1240.9 -2480.02 81.1102 -1508.84 -2480.02 81.1102 -1508.84 
2830.43 4505.76 1231.77 -2462.07 80.2559 -1497.21 -2462.07 80.2559 -1497.21 
2811.86 4471.65 1222.76 -2444.36 79.4151 -1485.75 -2444.36 79.4151 -1485.75 
2793.51 4438.01 1213.87 -2426.88 78.5878 -1474.44 -2426.88 78.5878 -1474.44 
2775.39 4404.82 1205.1 -2409.63 77.7736 -1463.29 -2409.63 77.7736 -1463.29 
2757.5 4372.07 1196.44 -2392.6 76.9722 -1452.28 -2392.6 76.9722 -1452.28 
2739.83 4339.75 1187.89 -2375.79 76.1834 -1441.43 -2375.79 76.1834 -1441.43 
2722.37 4307.86 1179.45 -2359.2 75.4069 -1430.71 -2359.2 75.4069 -1430.71 
2705.12 4276.39 1171.12 -2342.83 74.6425 -1420.14 -2342.83 74.6425 -1420.14 
2688.09 4245.33 1162.9 -2326.66 73.8899 -1409.71 -2326.66 73.8899 -1409.71 
2671.26 4214.68 1154.78 -2310.69 73.1489 -1399.42 -2310.69 73.1489 -1399.42 
2654.63 4184.42 1146.77 -2294.93 72.4193 -1389.26 -2294.93 72.4193 -1389.26 
2638.19 4154.55 1138.86 -2279.36 71.7008 -1379.23 -2279.36 71.7008 -1379.23 
2621.96 4125.06 1131.04 -2263.99 70.9933 -1369.33 -2263.99 70.9933 -1369.33 
2605.91 4095.95 1123.32 -2248.81 70.2964 -1359.56 -2248.81 70.2964 -1359.56 
2590.05 4067.21 1115.7 -2233.81 69.6101 -1349.91 -2233.81 69.6101 -1349.91 
2574.38 4038.83 1108.18 -2219 68.934 -1340.39 -2219 68.934 -1340.39 
2558.89 4010.81 1100.74 -2204.37 68.268 -1330.99 -2204.37 68.268 -1330.99 
2543.57 3983.14 1093.4 -2189.92 67.612 -1321.7 -2189.92 67.612 -1321.7 
2528.44 3955.81 1086.14 -2175.65 66.9656 -1312.53 -2175.65 66.9656 -1312.53 
2513.47 3928.82 1078.98 -2161.54 66.3288 -1303.48 -2161.54 66.3288 -1303.48 
2498.68 3902.16 1071.89 -2147.61 65.7013 -1294.54 -2147.61 65.7013 -1294.54 
2484.05 3875.83 1064.9 -2133.84 65.083 -1285.7 -2133.84 65.083 -1285.7 
2469.59 3849.81 1057.99 -2120.23 64.4736 -1276.98 -2120.23 64.4736 -1276.98 
2455.29 3824.12 1051.16 -2106.79 63.8731 -1268.37 -2106.79 63.8731 -1268.37 
2441.16 3798.73 1044.41 -2093.5 63.2812 -1259.85 -2093.5 63.2812 -1259.85 
2427.17 3773.65 1037.74 -2080.37 62.6979 -1251.45 -2080.37 62.6979 -1251.45 
2413.34 3748.87 1031.14 -2067.39 62.1228 -1243.14 -2067.39 62.1228 -1243.14 
2399.67 3724.38 1024.63 -2054.56 61.556 -1234.93 -2054.56 61.556 -1234.93 
2386.14 3700.18 1018.19 -2041.88 60.9972 -1226.82 -2041.88 60.9972 -1226.82 
2372.76 3676.27 1011.82 -2029.35 60.4463 -1218.81 -2029.35 60.4463 -1218.81 
2359.53 3652.64 1005.53 -2016.95 59.9031 -1210.89 -2016.95 59.9031 -1210.89 
2346.44 3629.28 999.309 -2004.7 59.3675 -1203.07 -2004.7 59.3675 -1203.07 
2333.49 3606.2 993.159 -1992.59 58.8394 -1195.33 -1992.59 58.8394 -1195.33 
2320.68 3583.38 987.079 -1980.61 58.3186 -1187.69 -1980.61 58.3186 -1187.69 
2308 3560.82 981.067 -1968.77 57.805 -1180.13 -1968.77 57.805 -1180.13 
2295.46 3538.53 975.122 -1957.06 57.2984 -1172.67 -1957.06 57.2984 -1172.67 
2283.05 3516.48 969.244 -1945.48 56.7988 -1165.29 -1945.48 56.7988 -1165.29 
2270.77 3494.69 963.431 -1934.03 56.306 -1157.99 -1934.03 56.306 -1157.99 
2258.62 3473.14 957.682 -1922.71 55.82 -1150.78 -1922.71 55.82 -1150.78 
2246.59 3451.84 951.997 -1911.5 55.3405 -1143.64 -1911.5 55.3405 -1143.64 
2234.69 3430.78 946.374 -1900.42 54.8674 -1136.59 -1900.42 54.8674 -1136.59 
2222.91 3409.94 940.813 -1889.46 54.4007 -1129.62 -1889.46 54.4007 -1129.62 
2211.26 3389.34 935.311 -1878.62 53.9403 -1122.73 -1878.62 53.9403 -1122.73 
2199.72 3368.97 929.87 -1867.9 53.486 -1115.91 -1867.9 53.486 -1115.91 
2188.3 3348.82 924.486 -1857.29 53.0377 -1109.17 -1857.29 53.0377 -1109.17 
2176.99 3328.9 919.161 -1846.79 52.5953 -1102.5 -1846.79 52.5953 -1102.5 
2165.8 3309.19 913.892 -1836.41 52.1587 -1095.91 -1836.41 52.1587 -1095.91 
2154.72 3289.69 908.68 -1826.13 51.7279 -1089.39 -1826.13 51.7279 -1089.39 
2143.75 3270.4 903.522 -1815.97 51.3027 -1082.94 -1815.97 51.3027 -1082.94 
2132.89 3251.32 898.419 -1805.9 50.883 -1076.55 -1805.9 50.883 -1076.55 
2122.14 3232.45 893.369 -1795.95 50.4687 -1070.24 -1795.95 50.4687 -1070.24 
2111.49 3213.78 888.372 -1786.1 50.0598 -1064 -1786.1 50.0598 -1064 
2100.95 3195.3 883.427 -1776.34 49.6562 -1057.82 -1776.34 49.6562 -1057.82 
2090.51 3177.02 878.533 -1766.69 49.2577 -1051.71 -1766.69 49.2577 -1051.71 
2080.17 3158.93 873.69 -1757.14 48.8642 -1045.66 -1757.14 48.8642 -1045.66 
2069.93 3141.04 868.896 -1747.69 48.4758 -1039.68 -1747.69 48.4758 -1039.68 
2059.79 3123.32 864.151 -1738.33 48.0923 -1033.76 -1738.33 48.0923 -1033.76 
2049.75 3105.8 859.455 -1729.07 47.7136 -1027.91 -1729.07 47.7136 -1027.91 
2039.8 3088.45 854.806 -1719.9 47.3397 -1022.11 -1719.9 47.3397 -1022.11 
2029.95 3071.28 850.204 -1710.82 46.9704 -1016.37 -1710.82 46.9704 -1016.37 
2020.19 3054.29 845.648 -1701.83 46.6058 -1010.7 -1701.83 46.6058 -1010.7 
2010.53 3037.47 841.138 -1692.93 46.2456 -1005.08 -1692.93 46.2456 -1005.08 
2000.95 3020.83 836.672 -1684.12 45.8899 -999.518 -1684.12 45.8899 -999.518 
1991.47 3004.35 832.251 -1675.4 45.5386 -994.014 -1675.4 45.5386 -994.014 
1982.07 2988.04 827.874 -1666.76 45.1916 -988.566 -1666.76 45.1916 -988.566 
1972.76 2971.89 823.54 -1658.21 44.8489 -983.173 -1658.21 44.8489 -983.173 
1963.53 2955.9 819.248 -1649.74 44.5103 -977.835 -1649.74 44.5103 -977.835 
1954.39 2940.07 814.998 -1641.35 44.1758 -972.55 -1641.35 44.1758 -972.55 
1945.34 2924.4 810.789 -1633.04 43.8453 -967.319 -1633.04 43.8453 -967.319 
1936.36 2908.89 806.621 -1624.82 43.5189 -962.139 -1624.82 43.5189 -962.139 
1927.47 2893.52 802.494 -1616.67 43.1963 -957.011 -1616.67 43.1963 -957.011 
1918.66 2878.31 798.406 -1608.6 42.8776 -951.933 -1608.6 42.8776 -951.933 
1909.93 2863.25 794.357 -1600.6 42.5627 -946.906 -1600.6 42.5627 -946.906 
1901.27 2848.33 790.346 -1592.68 42.2515 -941.928 -1592.68 42.2515 -941.928 
1892.7 2833.55 786.374 -1584.84 41.944 -936.998 -1584.84 41.944 -936.998 
1884.2 2818.92 782.439 -1577.07 41.6401 -932.116 -1577.07 41.6401 -932.116 
1875.77 2804.43 778.541 -1569.37 41.3398 -927.282 -1569.37 41.3398 -927.282 
1867.42 2790.08 774.68 -1561.75 41.043 -922.494 -1561.75 41.043 -922.494 
1859.15 2775.87 770.854 -1554.19 40.7496 -917.752 -1554.19 40.7496 -917.752 
1850.94 2761.78 767.065 -1546.71 40.4597 -913.056 -1546.71 40.4597 -913.056 
1842.81 2747.84 763.31 -1539.29 40.173 -908.404 -1539.29 40.173 -908.404 
1834.75 2734.02 759.59 -1531.94 39.8897 -903.797 -1531.94 39.8897 -903.797 
1826.76 2720.33 755.904 -1524.66 39.6097 -899.233 -1524.66 39.6097 -899.233 
1818.83 2706.77 752.252 -1517.45 39.3328 -894.712 -1517.45 39.3328 -894.712 
1810.98 2693.34 748.633 -1510.3 39.0591 -890.233 -1510.3 39.0591 -890.233 
1803.19 2680.03 745.047 -1503.21 38.7885 -885.797 -1503.21 38.7885 -885.797 
1795.47 2666.85 741.494 -1496.19 38.5209 -881.401 -1496.19 38.5209 -881.401 
1787.81 2653.78 737.972 -1489.23 38.2564 -877.047 -1489.23 38.2564 -877.047 
1780.22 2640.84 734.482 -1482.33 37.9949 -872.733 -1482.33 37.9949 -872.733 
1772.69 2628.01 731.024 -1475.5 37.7362 -868.458 -1475.5 37.7362 -868.458 
1765.23 2615.3 727.596 -1468.72 37.4805 -864.222 -1468.72 37.4805 -864.222 
1757.82 2602.71 724.199 -1462.01 37.2276 -860.026 -1462.01 37.2276 -860.026 
1750.48 2590.22 720.831 -1455.35 36.9774 -855.867 -1455.35 36.9774 -855.867 
1743.2 2577.85 717.494 -1448.75 36.7301 -851.746 -1448.75 36.7301 -851.746 
1735.99 2565.6 714.185 -1442.21 36.4855 -847.662 -1442.21 36.4855 -847.662 
1728.83 2553.45 710.906 -1435.73 36.2435 -843.615 -1435.73 36.2435 -843.615 
1721.72 2541.41 707.655 -1429.3 36.0042 -839.605 -1429.3 36.0042 -839.605 
1714.68 2529.47 704.432 -1422.92 35.7675 -835.63 -1422.92 35.7675 -835.63 
1707.69 2517.64 701.237 -1416.61 35.5333 -831.69 -1416.61 35.5333 -831.69 
1700.77 2505.91 698.07 -1410.34 35.3017 -827.785 -1410.34 35.3017 -827.785 
1693.89 2494.29 694.93 -1404.13 35.0726 -823.915 -1404.13 35.0726 -823.915 
1687.07 2482.77 691.816 -1397.97 34.8459 -820.079 -1397.97 34.8459 -820.079 
1680.31 2471.35 688.729 -1391.87 34.6217 -816.276 -1391.87 34.6217 -816.276 
1673.6 2460.02 685.669 -1385.81 34.3998 -812.507 -1385.81 34.3998 -812.507 
1666.94 2448.8 682.634 -1379.81 34.1803 -808.77 -1379.81 34.1803 -808.77 
1660.34 2437.67 679.625 -1373.86 33.9631 -805.066 -1373.86 33.9631 -805.066 
1653.79 2426.64 676.641 -1367.95 33.7482 -801.394 -1367.95 33.7482 -801.394 
1647.29 2415.7 673.682 -1362.1 33.5356 -797.753 -1362.1 33.5356 -797.753 
1640.84 2404.85 670.748 -1356.29 33.3252 -794.144 -1356.29 33.3252 -794.144 
1634.44 2394.09 667.838 -1350.53 33.117 -790.565 -1350.53 33.117 -790.565 
1628.1 2383.43 664.952 -1344.82 32.9109 -787.017 -1344.82 32.9109 -787.017 
1621.8 2372.86 662.09 -1339.16 32.707 -783.499 -1339.16 32.707 -783.499 
1615.55 2362.37 659.251 -1333.54 32.5052 -780.01 -1333.54 32.5052 -780.01 
1609.34 2351.97 656.436 -1327.96 32.3055 -776.551 -1327.96 32.3055 -776.551 
1603.19 2341.66 653.644 -1322.44 32.1078 -773.121 -1322.44 32.1078 -773.121 
1597.08 2331.43 650.874 -1316.95 31.9122 -769.72 -1316.95 31.9122 -769.72 
1591.02 2321.29 648.127 -1311.51 31.7185 -766.347 -1311.51 31.7185 -766.347 
1585.01 2311.23 645.402 -1306.12 31.5268 -763.002 -1306.12 31.5268 -763.002 
1579.04 2301.25 642.699 -1300.77 31.3371 -759.684 -1300.77 31.3371 -759.684 
1573.11 2291.36 640.017 -1295.46 31.1492 -756.394 -1295.46 31.1492 -756.394 
1567.23 2281.54 637.357 -1290.19 30.9633 -753.131 -1290.19 30.9633 -753.131 
1561.4 2271.81 634.718 -1284.96 30.7792 -749.895 -1284.96 30.7792 -749.895 
1555.6 2262.15 632.1 -1279.78 30.5969 -746.685 -1279.78 30.5969 -746.685 
1549.85 2252.58 629.503 -1274.63 30.4165 -743.501 -1274.63 30.4165 -743.501 
1544.15 2243.07 626.926 -1269.53 30.2379 -740.343 -1269.53 30.2379 -740.343 
1538.48 2233.65 624.37 -1264.46 30.061 -737.21 -1264.46 30.061 -737.21 
1532.86 2224.3 621.833 -1259.44 29.8859 -734.103 -1259.44 29.8859 -734.103 
1527.28 2215.02 619.316 -1254.45 29.7125 -731.02 -1254.45 29.7125 -731.02 
1521.74 2205.82 616.819 -1249.5 29.5408 -727.962 -1249.5 29.5408 -727.962 
1516.24 2196.69 614.341 -1244.59 29.3707 -724.928 -1244.59 29.3707 -724.928 
1510.77 2187.63 611.882 -1239.72 29.2024 -721.919 -1239.72 29.2024 -721.919 
1505.35 2178.64 609.442 -1234.88 29.0356 -718.933 -1234.88 29.0356 -718.933 
1499.97 2169.73 607.021 -1230.08 28.8705 -715.971 -1230.08 28.8705 -715.971 
1494.63 2160.88 604.618 -1225.32 28.707 -713.032 -1225.32 28.707 -713.032 
1489.32 2152.1 602.234 -1220.59 28.545 -710.116 -1220.59 28.545 -710.116 
1484.05 2143.39 599.868 -1215.9 28.3846 -707.222 -1215.9 28.3846 -707.222 
1478.82 2134.74 597.519 -1211.25 28.2257 -704.351 -1211.25 28.2257 -704.351 
1473.63 2126.17 595.189 -1206.63 28.0683 -701.503 -1206.63 28.0683 -701.503 
1468.48 2117.65 592.875 -1202.04 27.9125 -698.676 -1202.04 27.9125 -698.676 
1463.36 2109.21 590.579 -1197.49 27.7581 -695.871 -1197.49 27.7581 -695.871 
1458.27 2100.82 588.301 -1192.97 27.6051 -693.088 -1192.97 27.6051 -693.088 
1453.22 2092.5 586.039 -1188.48 27.4536 -690.325 -1188.48 27.4536 -690.325 
1448.21 2084.25 583.794 -1184.03 27.3035 -687.584 -1184.03 27.3035 -687.584 
1443.23 2076.05 581.565 -1179.61 27.1548 -684.864 -1179.61 27.1548 -684.864 
1438.29 2067.92 579.353 -1175.22 27.0075 -682.164 -1175.22 27.0075 -682.164 
1433.38 2059.85 577.157 -1170.87 26.8616 -679.485 -1170.87 26.8616 -679.485 
1428.5 2051.84 574.978 -1166.54 26.717 -676.826 -1166.54 26.717 -676.826 
1423.66 2043.88 572.814 -1162.25 26.5738 -674.186 -1162.25 26.5738 -674.186 
1418.85 2035.99 570.666 -1157.99 26.4318 -671.567 -1157.99 26.4318 -671.567 
1414.07 2028.15 568.533 -1153.75 26.2912 -668.966 -1153.75 26.2912 -668.966 
1409.33 2020.38 566.416 -1149.55 26.1518 -666.386 -1149.55 26.1518 -666.386 
1404.61 2012.65 564.314 -1145.38 26.0138 -663.824 -1145.38 26.0138 -663.824 
1399.93 2004.99 562.227 -1141.24 25.8769 -661.281 -1141.24 25.8769 -661.281 
1395.28 1997.38 560.155 -1137.13 25.7414 -658.757 -1137.13 25.7414 -658.757 
1390.67 1989.83 558.098 -1133.04 25.607 -656.251 -1133.04 25.607 -656.251 
1386.08 1982.33 556.056 -1128.99 25.4738 -653.763 -1128.99 25.4738 -653.763 
1381.52 1974.88 554.028 -1124.96 25.3419 -651.294 -1124.96 25.3419 -651.294 
1377 1967.49 552.014 -1120.97 25.2111 -648.843 -1120.97 25.2111 -648.843 
1372.5 1960.16 550.015 -1117 25.0815 -646.409 -1117 25.0815 -646.409 
1368.03 1952.87 548.029 -1113.05 24.953 -643.993 -1113.05 24.953 -643.993 
1363.6 1945.64 546.057 -1109.14 24.8257 -641.594 -1109.14 24.8257 -641.594 
1359.19 1938.45 544.1 -1105.25 24.6995 -639.212 -1105.25 24.6995 -639.212 
1354.81 1931.32 542.155 -1101.39 24.5744 -636.847 -1101.39 24.5744 -636.847 
1350.46 1924.24 540.225 -1097.55 24.4504 -634.5 -1097.55 24.4504 -634.5 
1346.13 1917.21 538.307 -1093.75 24.3275 -632.168 -1093.75 24.3275 -632.168 
1341.84 1910.23 536.403 -1089.96 24.2057 -629.854 -1089.96 24.2057 -629.854 
1337.57 1903.29 534.512 -1086.21 24.0849 -627.555 -1086.21 24.0849 -627.555 
1333.33 1896.41 532.634 -1082.47 23.9652 -625.273 -1082.47 23.9652 -625.273 
1329.12 1889.57 530.768 -1078.77 23.8465 -623.007 -1078.77 23.8465 -623.007 
1324.94 1882.78 528.916 -1075.09 23.7288 -620.756 -1075.09 23.7288 -620.756 
1320.78 1876.04 527.076 -1071.43 23.6122 -618.521 -1071.43 23.6122 -618.521 
1316.64 1869.34 525.248 -1067.8 23.4965 -616.302 -1067.8 23.4965 -616.302 
1312.54 1862.69 523.433 -1064.19 23.3818 -614.098 -1064.19 23.3818 -614.098 
1308.46 1856.09 521.629 -1060.61 23.2681 -611.909 -1060.61 23.2681 -611.909 
1304.4 1849.53 519.838 -1057.05 23.1554 -609.736 -1057.05 23.1554 -609.736 
1300.37 1843.01 518.059 -1053.51 23.0436 -607.577 -1053.51 23.0436 -607.577 
1296.37 1836.54 516.292 -1050 22.9328 -605.433 -1050 22.9328 -605.433 
1292.39 1830.11 514.537 -1046.51 22.8229 -603.303 -1046.51 22.8229 -603.303 
1288.44 1823.73 512.793 -1043.04 22.714 -601.188 -1043.04 22.714 -601.188 
1284.51 1817.39 511.06 -1039.6 22.6059 -599.088 -1039.6 22.6059 -599.088 
1280.6 1811.09 509.339 -1036.17 22.4987 -597.001 -1036.17 22.4987 -597.001 
1276.72 1804.83 507.63 -1032.77 22.3925 -594.929 -1032.77 22.3925 -594.929 
1272.86 1798.62 505.931 -1029.4 22.2871 -592.87 -1029.4 22.2871 -592.87 
1269.03 1792.44 504.244 -1026.04 22.1826 -590.826 -1026.04 22.1826 -590.826 
1265.22 1786.31 502.568 -1022.71 22.0789 -588.794 -1022.71 22.0789 -588.794 
1261.43 1780.22 500.902 -1019.39 21.9761 -586.777 -1019.39 21.9761 -586.777 
1257.67 1774.16 499.247 -1016.1 21.8742 -584.773 -1016.1 21.8742 -584.773 
1253.93 1768.15 497.603 -1012.83 21.773 -582.782 -1012.83 21.773 -582.782 
1250.21 1762.18 495.97 -1009.58 21.6728 -580.804 -1009.58 21.6728 -580.804 
1246.51 1756.24 494.346 -1006.35 21.5733 -578.839 -1006.35 21.5733 -578.839 
1242.84 1750.35 492.734 -1003.14 21.4746 -576.887 -1003.14 21.4746 -576.887 
1239.19 1744.49 491.131 -999.952 21.3767 -574.948 -999.952 21.3767 -574.948 
1235.55 1738.67 489.539 -996.783 21.2796 -573.021 -996.783 21.2796 -573.021 
1231.95 1732.89 487.957 -993.635 21.1833 -571.107 -993.635 21.1833 -571.107 
1228.36 1727.14 486.385 -990.505 21.0878 -569.205 -990.505 21.0878 -569.205 
1224.79 1721.44 484.823 -987.396 20.993 -567.316 -987.396 20.993 -567.316 
1221.25 1715.76 483.27 -984.305 20.899 -565.439 -984.305 20.899 -565.439 
1217.72 1710.13 481.727 -981.234 20.8057 -563.574 -981.234 20.8057 -563.574 
1214.22 1704.53 480.194 -978.182 20.7132 -561.72 -978.182 20.7132 -561.72 
1210.74 1698.96 478.671 -975.148 20.6214 -559.879 -975.148 20.6214 -559.879 
1207.27 1693.43 477.157 -972.133 20.5303 -558.049 -972.133 20.5303 -558.049 
1203.83 1687.94 475.652 -969.137 20.4399 -556.231 -969.137 20.4399 -556.231 
1200.41 1682.48 474.157 -966.159 20.3503 -554.425 -966.159 20.3503 -554.425 
1197 1677.05 472.67 -963.199 20.2613 -552.629 -963.199 20.2613 -552.629 
1193.62 1671.66 471.193 -960.257 20.1731 -550.845 -960.257 20.1731 -550.845 
1190.26 1666.3 469.725 -957.333 20.0855 -549.073 -957.333 20.0855 -549.073 
1186.91 1660.98 468.266 -954.426 19.9986 -547.311 -954.426 19.9986 -547.311 
1183.59 1655.69 466.816 -951.537 19.9123 -545.561 -951.537 19.9123 -545.561 
1180.28 1650.43 465.375 -948.666 19.8268 -543.821 -948.666 19.8268 -543.821 
1176.99 1645.2 463.942 -945.811 19.7419 -542.092 -945.811 19.7419 -542.092 
1173.72 1640.01 462.518 -942.974 19.6576 -540.374 -942.974 19.6576 -540.374 
1170.47 1634.84 461.102 -940.153 19.574 -538.666 -940.153 19.574 -538.666 
1167.24 1629.71 459.695 -937.349 19.491 -536.969 -937.349 19.491 -536.969 
1164.03 1624.61 458.297 -934.562 19.4087 -535.282 -934.562 19.4087 -535.282 
1160.83 1619.54 456.907 -931.791 19.327 -533.606 -931.791 19.327 -533.606 
1157.65 1614.5 455.525 -929.037 19.2458 -531.94 -929.037 19.2458 -531.94 
1154.49 1609.49 454.151 -926.299 19.1653 -530.283 -926.299 19.1653 -530.283 
1151.35 1604.52 452.786 -923.577 19.0855 -528.637 -923.577 19.0855 -528.637 
1148.22 1599.57 451.428 -920.87 19.0062 -527.001 -920.87 19.0062 -527.001 
1145.12 1594.65 450.079 -918.18 18.9275 -525.375 -918.18 18.9275 -525.375 
1142.02 1589.76 448.737 -915.505 18.8493 -523.759 -915.505 18.8493 -523.759 
1138.95 1584.9 447.403 -912.845 18.7718 -522.152 -912.845 18.7718 -522.152 
1135.89 1580.07 446.077 -910.201 18.6949 -520.555 -910.201 18.6949 -520.555 
1132.85 1575.27 444.759 -907.572 18.6185 -518.967 -907.572 18.6185 -518.967 
