 5534.69 5757.88 5772.07
 5668.95 5980.03 5819.01
 4935.58 6116.81 6946.63
 4578.07 6725.89 7463.41
 4464.5 6052.07 6369.97
 4563.57 6543.48 7487.38
 4238.52 7299.18 7509.9
 4373.87 6982.56 7963.72
 4898.06 6749.94 7854.88
 5408.92 6565.3 7813.21
 5897.09 6706.84 7417.67
 6399.5 6788.11 7156.99
 6091.89 6980.99 7257.2
 6092.2 6942.42 7618.95
 6359.28 6723.75 7628.13
 6651.51 6578.13 7381.07
 6766.91 6826.75 7112.25
 6834.52 6748.72 7129.73
 6790.73 7150.05 6970.17
 7213.65 6942.79 6608.79
 7386.51 7193.48 6300.69
 7607.87 6681.34 6560.82
 7795.85 6010.51 6774.73
 7775.93 6005.11 6791.07
 7875.29 5714.25 6877.97
 7900.41 5918.1 6835
 8035.85 5500.18 6864.49
 8038.59 5485.39 6911.88
 7817.27 6220.33 6743.77
 7800.51 6290.18 6719.44
 7793.45 6555.14 6521.44
 7692.17 6933.98 6350.39
 7702.7 6891.08 6355.43
 7653.97 7235.45 6243.94
 7768.93 7267.15 6058.47
 7861.98 7402.38 5862.9
 7906.81 7378.46 5801.47
 7863.17 7208.43 5960.91
 7868.02 7059.14 6070.02
 7857.66 6916.72 6184.7
 7919.58 6797.31 6197.93
 7887.82 6886.56 6176.12
 7921.62 7020.87 6140.99
 7945.49 6750.66 6347.92
 7964.16 6704.34 6375.09
 8012.76 6567.3 6463.7
 8046.15 6667.85 6377.21
 8100.02 6628.99 6382.32
 8132.74 6468.58 6521.79
 8271.98 6172.12 6596.46
 8333.85 6176.22 6519.93
 8265.07 6394.26 6444.04
 8255.31 6488.04 6404.25
 8267.48 6475.84 6403.87
 8254.09 6450.39 6446.87
 8254.66 6301.89 6537.07
 8273.35 6312.35 6525.15
 8246.16 6299.27 6588.21
 8237.07 6352.38 6583.27
 8265.01 6255.42 6608.54
 8257.84 6421.63 6504.38
 8314.06 6382.97 6473.31
 8320.96 6296.34 6530.47
 8325.13 6296.28 6536.56
 8336.56 6299.76 6533.08
 8371.02 6255.77 6512.77
 8420.78 6183.22 6506.39
 8438.49 6084.18 6569.78
 8436.81 6029.52 6610.67
 8473.15 5942.71 6661.2
 8479.61 5916.78 6689.41
 8486.09 5847.57 6727.86
 8555.07 5694.47 6786.64
 8565.73 5669.6 6815.45
 8556.75 5674.44 6838.88
 8583.97 5661.34 6834.49
 8594.56 5728.82 6804.93
 8613.06 5704.43 6799
 8621.56 5656.49 6818.02
 8698.64 5590.14 6805.35
 8680.47 5601.65 6826.67
 8717.94 5531.28 6858.25
 8726.23 5523.51 6850.81
 8744.25 5478.77 6859.91
 8768.62 5452.03 6855.73
 8769.46 5492.48 6829.11
 8762.02 5487.52 6837.81
 8766.19 5441.51 6873.83
 8768.01 5430.87 6867.42
 8765.61 5454.84 6850.14
 8778.96 5501.48 6816.95
 8759.42 5545.85 6803.52
 8772.31 5521.27 6796.19
 8763.43 5530.66 6786.35
 8777.25 5498.42 6807.4
 8755.51 5549.11 6797.78
 8780.25 5488.39 6824.75
 8786.4 5477.13 6824.92
 8801.2 5477.49 6821.69
 8830.2 5428.38 6836
 8831.13 5484.46 6818.01
 8829.76 5500.85 6814.15
 8835.18 5464.88 6831.2
 8847.2 5434.96 6855.22
 8865.52 5427.76 6843.27
 8837.83 5466.14 6843.73
 8840.08 5489.34 6825.33
 8826.41 5560.66 6809.39
 8850.83 5529.27 6803.15
 8842.79 5557.54 6798.53
 8834.49 5586.86 6787.65
 8827.97 5598.47 6791.51
 8828.62 5601.97 6795.63
 8835.27 5594.34 6800.02
 8871.79 5557.05 6791.41
 8881.83 5544.44 6797.18
 8905.8 5489.84 6812.16
 8915.32 5442.37 6839.11
 8904.94 5469.05 6831.71
 8917.08 5454.47 6824.92
 8930.93 5421.63 6833.55
 8943.45 5405.98 6842.01
 8955.66 5387.45 6848.92
 8971.13 5372.11 6850.13
 8976.79 5388.42 6840.01
 8984.57 5364.89 6849.02
 8978.54 5376.48 6841.44
 8966.36 5400 6845.57
 8972.31 5428.62 6832.17
 8972.96 5416.75 6837.92
 8976.98 5400.49 6851.03
 8977.43 5419.29 6842.69
 8975.86 5426.39 6844.4
 8977.88 5429.45 6842.76
 8984.81 5395.24 6851.37
 8984.72 5413.48 6833.32
 8992.04 5382.67 6844.14
 8998 5373.75 6845.69
 8987.8 5405.94 6832.3
 9002.17 5396.95 6820.81
 9005.5 5381.22 6827.65
 9004.56 5404.4 6820.82
 9026.51 5380.1 6813.02
 9020.94 5369.18 6826.43
 9022.83 5391.45 6813.78
 9025.73 5392.72 6813.87
 9030.1 5400.03 6810.5
 9035.97 5408.31 6809.86
 9022.82 5425.08 6812.64
 9029.02 5415.12 6825.28
 9037.16 5399.98 6826.94
 9040.05 5405.14 6825.49
 9062.51 5393.08 6816.07
 9079.73 5381.84 6812.17
 9073.43 5387.87 6808.81
 9092.26 5363.89 6810.86
 9099.51 5371.81 6809.22
 9106.2 5359.26 6812.38
 9104.05 5364.67 6810.12
 9115.94 5339.4 6818.13
 9112 5352.72 6809.41
 9102.25 5371.42 6807.45
 9106.75 5359.44 6811.82
 9116.93 5351.35 6812.73
 9117.26 5359.23 6807.75
 9137.21 5331.19 6804.01
 9140.73 5317.63 6815.96
 9142.48 5319.01 6810.17
 9141.9 5320.19 6805.06
 9140.27 5333.81 6801.77
 9140.11 5314.97 6815.29
 9151.63 5290.82 6822.78
 9148.53 5304.83 6817.79
 9157.47 5286.57 6826.45
 9164.78 5269.5 6827.38
 9166.01 5279.51 6829.17
 9180.4 5265.22 6834.58
 9178.11 5288.48 6824.21
 9172.58 5298.04 6815.78
 9175.61 5300.9 6817.43
 9169.28 5308.68 6819.73
 9175.88 5308.31 6823.18
 9176.45 5295.44 6833.31
 9183.85 5296.99 6832.18
 9185.36 5321.81 6810.12
 9193.5 5312.09 6808.06
 9204.35 5288.3 6816.49
 9211.35 5290.49 6812.73
 9216.35 5302.17 6803.48
 9226.24 5301.74 6798.73
 9218.91 5322.75 6797.99
 9217.25 5331.98 6794.14
 9216.17 5337.87 6800.58
 9220.99 5339.03 6796.67
 9221.25 5331.76 6801.17
 9232.64 5320.22 6804.71
 9218.81 5347.92 6800.57
 9219.51 5340.09 6803.32
 9223.03 5345.45 6805.8
 9235.18 5326.38 6811.42
 9234.99 5341.55 6804.09
 9233.96 5361.12 6791.63
 9237.01 5347.28 6804.44
 9241.7 5324.36 6811.08
 9240.56 5327.48 6819.03
 9242.89 5341.95 6816.24
 9236.93 5346.17 6822.19
 9235.16 5341.65 6830.27
 9238.52 5341.4 6827.82
 9243.97 5342.58 6826.16
 9245.06 5358.24 6818.84
 9245.6 5348.08 6821.21
 9247.79 5359.32 6813.56
 9248.92 5341.19 6821.11
 9252.52 5336.03 6821.43
 9260.06 5328.95 6819.74
 9263.76 5320.46 6827.18
 9275.07 5309.58 6827
 9278.74 5295.39 6830.13
 9289.41 5278.55 6832.14
 9292.3 5281.3 6830.67
 9292.96 5277.39 6828.38
 9313.56 5256.05 6823.94
 9309.67 5258.51 6828.76
 9307.81 5250.18 6836.43
 9296.82 5257.03 6839.18
 9300.94 5241.88 6845.23
 9308.39 5255.14 6831.5
 9315.65 5253.83 6830.82
 9325.64 5239.02 6835.21
 9319.17 5252.28 6831.16
 9318.33 5264.38 6829.02
 9321.86 5266.9 6825.33
 9312.15 5294.62 6816.36
 9313.03 5301.26 6812.88
 9307.48 5315.82 6812.62
 9315.12 5309.35 6813.09
 9314.4 5320.75 6808.3
 9314.47 5321.96 6813.48
 9308.41 5329.11 6814.59
 9310.79 5331.33 6813.03
 9306.9 5324.97 6818.18
 9315.15 5317.68 6818.5
 9319.05 5312.25 6820.26
 9325.78 5312.51 6814.83
 9325.16 5323.71 6811.41
 9317.62 5318.77 6822.3
 9319.21 5314.9 6825.84
 9316.88 5326.6 6817.67
 9326.48 5320.33 6816.85
 9326.24 5326.48 6815.5
 9326.44 5320.49 6817.67
 9331.39 5314.96 6815.49
 9342.5 5304.26 6815.09
 9346.01 5298.35 6816.83
 9348.62 5304.41 6815.82
 9345.81 5311.42 6812.6
 9345.52 5315.46 6813.12
 9343.76 5327.16 6811.91
 9341.52 5337.26 6806.88
 9342.91 5330.47 6811.54
 9353.72 5317.58 6811.53
 9353.27 5321.7 6811.38
 9355.15 5322.92 6812.06
 9358.27 5322.51 6815.33
 9349.25 5342.81 6809.38
 9352.43 5325.38 6819.24
 9357.79 5320.02 6818.3
 9356.3 5318.14 6818.09
 9355.09 5320.98 6818.78
 9354.19 5324.27 6819.52
 9358.94 5314.24 6825.25
 9372.89 5296.98 6832.31
 9368.35 5304.45 6831.5
 9371.9 5302.13 6830.78
 9370.33 5305.43 6831.03
 9366.41 5313.96 6832.22
 9359.58 5330.8 6832.24
 9365.17 5320.39 6835.95
 9364.24 5329.02 6832.71
 9371.74 5325.73 6828.65
 9373.63 5320.29 6831.66
 9378.98 5306.39 6833.25
 9380.6 5301.54 6834.81
 9384.53 5302.35 6836.04
 9386.15 5300.46 6839.17
 9388.3 5297.37 6840.61
 9388.68 5297.25 6840.86
 9380.81 5310.91 6837.4
 9384.08 5316.08 6835.47
 9381.9 5326.35 6832.2
 9383.18 5329.72 6834.58
 9384.08 5328.14 6835.72
 9383.87 5334.89 6836.25
 9390.94 5323.65 6839.43
 9398.28 5309.69 6843.67
 9390.59 5317.05 6843.72
 9394.5 5309.13 6845.84
 9400.82 5301.06 6845.02
 9398.49 5295.03 6851.08
 9403.74 5292.46 6852.81
 9405.33 5287.7 6856.19
 9407.97 5280.36 6856.11
 9405.97 5282.82 6854.28
 9403.76 5284.55 6856.36
 9406 5276.29 6861.07
 9409.99 5266.09 6865.59
 9412.73 5271.3 6862.14
 9414.55 5267.23 6863.72
 9412.78 5268.71 6863.3
 9414.36 5256.53 6871.73
 9406.89 5264.04 6871.74
 9412.35 5261.6 6870.9
 9413.59 5269.04 6870.58
 9417.33 5270.32 6869.88
 9421.21 5267.76 6870.48
 9416.81 5271.89 6873.79
 9419.06 5269.83 6873.12
 9417.12 5273.13 6871.39
 9419.5 5276.72 6870.9
 9414.49 5287.09 6867.82
 9416.31 5278.79 6871.5
 9418.05 5274.46 6875.31
 9418.03 5276.29 6874.87
 9423.98 5271.36 6874.78
 9420.82 5265.76 6879.76
 9421.27 5263 6880.99
 9423.46 5253.99 6886.22
 9421.34 5255.03 6886.63
 9426.36 5248.17 6887.07
 9431.85 5228.35 6895.93
 9429.61 5234.97 6896.67
 9433.94 5233.48 6892.75
 9432.35 5237.73 6890.5
 9433.03 5240 6889.88
 9438.71 5243.36 6884
 9438.42 5240.02 6886.57
 9435.77 5243.4 6885.23
 9432.19 5244.92 6887.22
 9435.33 5239.79 6888.66
 9443.31 5240.73 6882.65
 9441.27 5247.47 6880.11
 9440.92 5251.21 6879.53
 9449.58 5235.56 6881.96
 9446.84 5238.31 6884.3
 9444.23 5243.34 6885.74
 9448.73 5236.78 6888.66
 9449.25 5232.45 6888.32
 9452.36 5231.01 6882.64
 9456.65 5224.61 6884.11
 9450.3 5231.81 6883.45
 9457.98 5219.6 6888.09
 9453.38 5220.87 6888.87
 9451.65 5228.97 6885.56
 9451.65 5229.71 6884.95
 9455.14 5222.24 6887.38
 9454.39 5222.96 6890.45
 9456.74 5218.24 6892.75
 9458.45 5214.67 6891.59
 9462.97 5204.5 6894.18
 9462.78 5205.37 6894.46
 9462.54 5196.7 6899.71
 9462.54 5198.1 6900.32
 9458.31 5201.74 6905.27
 9457.65 5203.07 6907.34
 9455.2 5209.29 6904.64
 9452.43 5211.97 6905.62
 9453.45 5218.26 6899.01
 9448.95 5223.22 6897.5
 9447.22 5225.74 6895.56
 9451.47 5226.57 6890.41
 9452.95 5224.78 6892.32
 9456.28 5226.9 6889.45
 9449.99 5233.93 6891.71
 9458.9 5218.54 6896.54
 9460.28 5215.1 6899.4
 9457.34 5217.99 6900.86
 9458.85 5211.7 6901.87
 9461.18 5205.39 6906.78
 9461.16 5200.58 6909.59
 9463.73 5196.38 6910.67
 9461.1 5199.15 6908.88
 9462.03 5200 6907.54
 9469.51 5196.92 6906.21
 9470.87 5200.79 6904.84
 9474.35 5200.29 6904.51
 9473.62 5199.07 6905.34
 9479.52 5193.79 6905.77
 9482.37 5189.04 6910.19
 9481.71 5192.49 6907.07
 9486.22 5187.88 6908.56
 9493.33 5170.19 6915.49
 9491.13 5176.09 6914.14
 9490.73 5175.97 6914.8
 9488.19 5180.13 6913.73
 9485.66 5187.5 6913.16
 9483.44 5189.52 6913.76
 9481.65 5199.6 6909.55
 9480.68 5204.92 6906.18
 9486.51 5201.09 6903.18
 9487.16 5205.01 6902.24
 9484.72 5208.49 6902.28
 9485.81 5210.51 6901.83
 9488.56 5210.52 6901.55
 9492.55 5216.61 6895.38
 9492.76 5211.41 6901.83
 9492.85 5205.23 6904.96
 9499.43 5196.42 6907.25
 9504.89 5194.67 6906.5
 9500.44 5200.86 6906.65
 9498.42 5208.2 6904.51
 9500.98 5207.05 6902.97
 9503.88 5203.78 6903.26
 9507.33 5202.27 6903.7
 9511.23 5195.77 6906.2
 9514.01 5199.02 6902.75
 9514.36 5201.94 6899.6
 9513.24 5199.83 6901.57
 9513.75 5204.92 6899.53
 9508.89 5209.39 6900.14
 9510.24 5205.87 6901.94
 9510.46 5204.72 6903.26
 9504.87 5213.59 6901.22
 9507.75 5209.85 6901.84
 9510.91 5197.06 6906.47
 9513.17 5197.41 6904.42
 9512.59 5195.61 6908.95
 9510.65 5194.96 6911.39
 9510.34 5200.05 6910.4
 9513.63 5193.43 6914.5
