 6219.1 6184.4 6235.52
 6086.02 6065.26 6091.45
 6397.15 6333.02 6418.16
 6613.57 6522.08 6613.08
 7789.73 7534.84 7787.75
 7399.33 7217.44 7391.98
 8176.78 7901.44 8169.26
 7932.69 7686.56 7873.18
 7840.19 7603.19 7753.37
 7722.02 7496.9 7612.68
 7884.96 7637.63 7761.56
 7359.23 7185.21 7219.62
 7171.08 6990.03 6925.6
 7179.8 7017.81 6954.11
 7383.11 7187.74 7168.47
 7237.1 7040.64 6985.59
 7270.75 7011.34 6928.76
 7350.25 7067.02 7007.86
 7342.8 7082.18 7095.31
 7148.23 6891.86 6913.45
 7010.12 6849.77 7010.38
 6857.78 6853.87 7221.79
 7034.31 6981.02 7168.06
 7064.53 6951.57 7067.66
 7159.41 7072.74 7122.93
 7217.16 7126.94 7086.5
 7152.12 7089.64 7085.71
 7136.17 7071.34 7068
 7074.74 7097.9 7216.25
 7208.28 7100.48 7106.23
 7331.56 7068.59 6868.01
 7258.76 6946.84 6752.53
 7083.01 6892.94 6960
 7210.22 6916.39 6848.14
 7090.4 6925.14 7072.97
 7358.14 7012.52 6864.57
 7447.44 7084.35 6880.28
 7727.97 7171.52 6742.25
 7712.37 7155.18 6775.51
 7698.1 7083.82 6671.25
 7677.12 7031.05 6525.38
 7550.45 6984.43 6613.64
 7626.34 7034.04 6636.66
 7462.06 7006.49 6813.08
 7371.93 7038.39 6920.08
 7129.51 7070.49 7269.68
 7016.57 7018.23 7422.69
 7028.87 7005.81 7373.81
 7108.09 7038.07 7329.48
 7052.61 7062.48 7487.48
 6642.33 7051.8 7870.04
 7160.81 7052.06 7330.49
 7126.23 7053.27 7353.11
 7312.6 7048.4 7101.61
 7395.05 7014 6974.73
 7449.62 7025.65 6883.98
 7628.07 7067.27 6703.38
 7708.32 7056.32 6590.28
 7788.41 7056.38 6479.92
 7652.05 7069.03 6631.34
 7691.56 7060.44 6550.54
 7304.86 7018.11 6904.65
 7269.42 7010.51 6977.43
 7451.59 7013.88 6805.23
 7467.05 7038.73 6858.09
 7308.35 7029.34 7058.49
 7483.58 7072.98 6887.49
 7740.8 7104.54 6718.15
 7691.85 7100.47 6783.83
 7717.46 7089.14 6749.9
 7870.62 7110.04 6574.63
 7876.81 7098.15 6529.62
 7822.32 7056.7 6564.22
 7806.72 7078.4 6611.8
 7912.31 7103.05 6545.56
 7852.16 7104.29 6640.99
 7902.31 7100.01 6563.32
 7669.77 7085.1 6790.42
 7606.62 7088.71 6807.79
 7264.17 7057.44 7171.99
 7294.06 7053.12 7164.38
 7242.72 7061 7123.04
 7422.94 7065.75 6998.64
 7643.27 7089.63 6804.06
 7615.62 7094.41 6831.01
 7798.84 7123.63 6608.43
 7845.94 7127.63 6583.84
 7882.62 7113.84 6644.35
 7821.83 7103.65 6726.39
 7811.49 7094.13 6786.41
 7888.75 7112.25 6673
 7797.79 7099.99 6767.53
 7920.13 7109.35 6675.61
 7968.56 7117.77 6610.29
 7974.41 7126.32 6588.42
 7837.05 7095.27 6754.75
 7816.87 7094.12 6778.14
 7784.94 7082.44 6833.21
 7611.92 7062.51 7009.2
 7481.9 7012.22 7202.68
 7554.69 7010.63 7158.82
 7642.69 7021.64 7072.04
 7637.19 7037.89 7037.31
 7610.32 7003.18 7132.79
 7610.54 7002.54 7131.37
 7596.5 6995.67 7160.05
 7575.88 6993.81 7170.28
 7686.97 6993 7092.38
 7673.11 6984.5 7125.85
 7499.88 6957.91 7319.71
 7571.59 6945.38 7297.13
 7503.15 6944.77 7343.15
 7420.06 6936.53 7426.53
 7413.95 6932.67 7441.38
 7440.84 6924.02 7445.77
 7394.04 6916.89 7505.83
 7456.1 6924.53 7437.87
 7524.96 6931.44 7363.48
 7513.25 6935.98 7354.37
 7547.67 6940.07 7313.21
 7667.83 6945.23 7203.78
 7725.23 6938.66 7190.64
 7680.12 6935.24 7240.92
 7796.34 6937.47 7149.77
 7917.8 6942.3 7044.73
 7862.91 6937.7 7105.33
 7934.87 6940.8 7042.41
 8022.33 6946.92 6964.18
 7981.15 6947.17 6973.68
 8060.88 6950.5 6909.16
 8062.79 6953.09 6872.68
 8024.55 6951.16 6894.57
 8091.85 6959.9 6817.08
 8086.71 6959.97 6828.77
 8109.13 6964.99 6768.35
 8091.88 6965.14 6823.21
 8107.94 6966.85 6810.84
 8187.08 6976.05 6730.39
 8221.66 6983.48 6680.39
 8237.5 6982.13 6686.98
 8207.92 6982.19 6682.34
 8152.36 6974.18 6748.4
 8105.25 6972.78 6797.3
 8096.01 6969.85 6816.98
 8009.73 6955.84 6908.36
 8028.65 6960.56 6895.3
 8077.86 6962.55 6869.59
 8060.88 6963.13 6893.05
 8121.22 6964 6858.77
 8197.18 6972.02 6784.84
 8159.29 6960.89 6843.73
 8190 6964.47 6822.39
 8220.69 6970.53 6778.91
 8294.42 6982.7 6709.07
 8324.51 6993.09 6672.89
 8306.78 6982.86 6721.19
 8246.01 6969.18 6779.88
 8323.65 6984.55 6712.22
 8326.83 6983.08 6704.56
 8341.69 6968.41 6724.15
 8416.68 6981.55 6655.02
 8392.24 6971.22 6686.36
 8413.59 6978.61 6661.12
 8444.83 6991.5 6624.35
 8342.22 6963.34 6738.69
 8293.09 6951.65 6792.82
 8302.34 6958.56 6770.97
 8300.6 6961.77 6768.86
 8299.18 6959.37 6759.99
 8314.5 6968.27 6734.66
 8281.1 6965 6753.4
 8223.43 6945.45 6824.17
 8216.61 6936.84 6860.06
 8212.59 6929.58 6850.61
 8262.61 6947.51 6797.3
 8273.73 6940.4 6804.55
 8262.59 6931.38 6818.55
 8220.99 6919.13 6856.21
 8251.03 6922.19 6826.53
 8259.37 6918.13 6830.66
 8262.61 6920.07 6824.7
 8268.04 6922.67 6809.47
 8290.56 6934.24 6789.47
 8319.33 6942.82 6751.72
 8335.46 6940.86 6738.4
 8309.8 6924.8 6785.31
 8359.5 6947.06 6724.19
 8390.74 6967.69 6680.88
 8407.53 6974.33 6667.8
 8427.61 7000.04 6615.12
 8460.07 7021.09 6579.25
 8489.84 7037.57 6529.91
 8471.8 7030.15 6554.64
 8451.4 7013.59 6594.42
 8448.74 7011.27 6611.54
 8415.4 6996.39 6652.65
 8426.66 6982.22 6661.32
 8445.3 7007.39 6609.95
 8440.11 7009.37 6604.85
 8462.4 7000.24 6601.76
 8455.28 6989.22 6634.97
 8500.45 6997.83 6598.86
 8492.56 6987.82 6619.82
 8486.02 6984.29 6625.12
 8520.34 7019.96 6564.99
 8537.06 7025.63 6550.99
 8532.7 7052.72 6512.41
 8552.95 7066.92 6483.1
 8575.75 7093.32 6445.99
 8589.74 7111.35 6422.49
 8615.58 7125.59 6394.13
 8620.94 7095.74 6422.95
 8598.53 7055.51 6480.59
 8595.84 7045.73 6498.15
 8615.31 7066.6 6467.73
 8649.28 7093.27 6420.11
 8643.68 7123.45 6382.73
 8652.34 7128.98 6376.82
 8659.85 7165.16 6334.81
 8688.42 7157.82 6331.34
 8702.18 7117.98 6366.36
 8698.08 7106.49 6378.25
 8696.11 7067.66 6418.12
 8689.33 7045.73 6444.97
 8686.51 7046.06 6441.61
 8666.56 6978.2 6521.52
 8680.86 6977.83 6516.45
 8694.65 6949.26 6533.45
 8652.27 6892.31 6611.63
 8673.41 6923.53 6573.44
 8679.57 6923.31 6571.98
 8665.48 6887.45 6616.98
 8652.22 6873.45 6636.84
 8659.13 6905.73 6601.6
 8652.62 6933.19 6579.63
 8642.27 6974.49 6542.32
 8634.32 6952.66 6568.94
 8631.09 6881.2 6639.11
 8619.75 6832.98 6692.25
 8627.39 6845.03 6676.58
 8632.68 6852.21 6668.52
 8627.71 6845.15 6677.16
 8614.07 6823.02 6698.84
 8600.16 6798.81 6731.48
 8594.5 6777.16 6756.62
 8598.92 6793.3 6735.63
 8592.04 6791.06 6739.78
 8612.66 6821.31 6707.32
 8607.89 6822.75 6695.64
 8620.02 6828.61 6688.23
 8608.67 6802.24 6719.42
 8623.08 6843.61 6675.49
 8607.4 6811.91 6713.17
 8615.86 6836.69 6689.07
 8583.34 6753.84 6778.89
 8566.66 6694.27 6831.91
 8582.57 6743.98 6777.95
 8598.16 6801.13 6723.64
 8588.91 6797.61 6738.95
 8591.29 6765.55 6754.78
 8596.14 6795.76 6729.28
 8601.12 6837.23 6702.06
 8598.21 6845.25 6700.01
 8595.2 6875.67 6683.46
 8588.92 6847.73 6714.33
 8594.1 6877.6 6692.52
 8582.84 6861.81 6723.19
 8596.25 6909.64 6664.16
 8609.76 6940.6 6625.44
 8618.16 6964.03 6597.56
 8608.61 6976.12 6603.34
 8612.57 6984.7 6595.31
 8622.63 6976.5 6584.5
 8634.14 6998.31 6541.14
 8643.35 7038.96 6505.84
 8639.97 7011.74 6525.27
 8646.35 7013.39 6508.62
 8634.01 6992.96 6542.94
 8639.24 6992.99 6536.63
 8650.06 7026.15 6495.13
 8650.64 7017.18 6503.51
 8646.46 6999.69 6522.82
 8645.95 6971.26 6544.48
 8645.02 6995.74 6528.56
 8644.84 6993.02 6528.22
 8658.42 7066.2 6457.8
 8659.43 7087 6449.92
 8651.48 7046.09 6484.79
 8646.15 7019.58 6510.13
 8644.59 7027.5 6499.3
 8649.74 7062.7 6463.87
 8640.29 7010.58 6505.97
 8634.78 6936.43 6567.86
 8640.42 6941.32 6571.93
 8644.52 6988.26 6537.54
 8643.71 6984.09 6544.7
 8642.99 7026.11 6509.47
 8648.85 7059.52 6478.8
 8636.17 7020.36 6507.44
 8636.03 6992.38 6525.25
 8632.64 6991.23 6522.9
 8635.14 7024.17 6495.47
 8642.94 7100.52 6431.65
 8644.23 7093.61 6440.16
 8639.21 7100.31 6435.05
 8645.14 7069.51 6456.36
 8649.06 7095.41 6432.14
 8646.61 7077.36 6448.79
 8643 7038.99 6476.94
 8637.8 7035.88 6480.92
 8642.58 7081.64 6440.97
 8646.63 7022.46 6488.32
 8640.69 6971.66 6531.31
 8638.99 6950.64 6548.11
 8641.48 6902.66 6581.69
 8645.56 6961.09 6534.35
 8638.35 7042.75 6472.37
 8626.58 7130.98 6409.52
 8619.83 7205.32 6349.92
 8601.73 7244.37 6325.03
 8592.33 7304.36 6280.67
 8592.61 7292.59 6289.38
 8592.8 7334.62 6255.13
 8603.61 7301.58 6276.57
 8600.07 7317.87 6265.07
 8603.8 7349.31 6242.07
 8593.7 7406.96 6202.13
 8571.42 7456.81 6174.27
 8566.87 7482.24 6156.87
 8574.9 7463.68 6167.56
 8578.78 7465.11 6164.51
 8597.09 7447.69 6167.84
 8537.46 7611.35 6076.98
 8534.78 7575.59 6106.05
 8532.31 7552.75 6125.51
 8572.63 7430.92 6194.26
 8593.88 7394.74 6208.33
 8533.15 7560.91 6119.99
 8479.72 7728.78 6025.67
 8463.38 7772.3 6003.53
 8436.14 7832.1 5975.7
 8412.71 7930.7 5916.21
 8501.86 7756.63 5990.01
 8571.45 7572.9 6083.18
 8611.17 7472.42 6132.6
 8624.52 7489.12 6110.95
 8583.7 7555.38 6087.76
 8601.3 7518.06 6104.28
 8566.98 7608.01 6059.55
 8532.84 7630.11 6065.79
 8574.08 7552.94 6096.27
 8655.11 7341.98 6200.23
 8628.3 7442.28 6142.43
 8678.83 7366.96 6164.52
 8666.83 7390.94 6154.66
 8572.43 7625.16 6042.41
 8507.66 7715.87 6018.39
 8494.97 7739.62 6009.27
 8431.98 7865.9 5957.71
 8504.36 7701.83 6031.18
 8444.57 7836.49 5971.24
 8579.33 7552.06 6091.28
 8579.82 7609.27 6047.94
 8608.18 7573.87 6054.74
 8565.31 7704.97 5986.23
 8599.63 7640.68 6010.51
 8548.22 7719.64 5987.55
 8428.2 7960.78 5891.11
 8355.36 8087.55 5847.49
 8363.42 8103.37 5829.87
 8302.41 8201.28 5799.45
 8349.15 8105.13 5838.29
 8386.2 8057.92 5847.24
 8441.71 7927.43 5905.51
 8348.62 8073.12 5863.04
 8258.04 8290.42 5765.19
 8272.44 8262.03 5775.99
 8175.03 8472.49 5688.54
 8196.37 8416.58 5714.93
 8002.19 8772.18 5589.17
 7987.49 8778.44 5595.18
 7894.46 9015.43 5485.51
 7938.68 8942.2 5508
 7782.16 9216.25 5417.37
 7857.67 9086.82 5458.75
 7869.85 9091.6 5446.17
 8005.84 8858.01 5520.78
 7999.87 8847.17 5533.31
 8112.41 8549.99 5672.39
 8194.28 8391.08 5730.74
 8216.49 8352.05 5743.53
 8195.56 8402.58 5721.24
 8064.98 8659.76 5625.77
 8159.5 8462.92 5702.69
 8219.53 8330.95 5756.71
 8148.01 8493.17 5688.67
 8211.14 8336.4 5758.83
 8226.07 8296.84 5777.28
 8276.1 8195.02 5816.06
 8229.45 8295.72 5775.6
 8259.82 8237.94 5796.11
 8124.71 8510.47 5693.43
 8158.77 8455.29 5709.22
 8139.86 8469.24 5712.9
 8176.23 8397.64 5739.16
 8130.89 8512.9 5687.04
 8233.01 8317.78 5756.26
 8245.32 8311.14 5752.01
 8326.52 8207.69 5768.41
 8388.06 8098.12 5804.03
 8451.09 7986.28 5840.21
 8434.01 7995.5 5846.13
 8438.07 8027.17 5819.56
 8395.38 8106.36 5792.56
 8360.68 8195.71 5751.98
 8422.4 8085.2 5788.01
 8355.19 8252.07 5714.17
 8348.56 8248.56 5721.74
 8484.9 7991.04 5811.22
 8403.09 8168.95 5740.17
 8442.27 8096.5 5764.72
 8369.59 8211.16 5733.96
 8393.5 8158.82 5754.94
 8340.07 8280.02 5704.89
 8373 8224.35 5721.58
 8473.73 8037.18 5785.1
 8401.1 8203.42 5716.11
